#
# There is insufficient memory for the Java Runtime Environment to continue.
# Native memory allocation (malloc) failed to allocate 406576 bytes. Error detail: Chunk::new
# Possible reasons:
#   The system is out of physical RAM or swap space
#   This process is running with CompressedOops enabled, and the Java Heap may be blocking the growth of the native heap
# Possible solutions:
#   Reduce memory load on the system
#   Increase physical memory or swap space
#   Check if swap backing store is full
#   Decrease Java heap size (-Xmx/-Xms)
#   Decrease number of Java threads
#   Decrease Java thread stack sizes (-Xss)
#   Set larger code cache with -XX:ReservedCodeCacheSize=
#   JVM is running with Unscaled Compressed Oops mode in which the Java heap is
#     placed in the first 4GB address space. The Java Heap base address is the
#     maximum limit for the native heap growth. Please use -XX:HeapBaseMinAddress
#     to set the Java Heap base and to place the Java Heap above 4GB virtual address.
# This output file may be truncated or incomplete.
#
#  Out of Memory Error (arena.cpp:149), pid=25852, tid=33264
#
# JRE version: OpenJDK Runtime Environment Temurin-23+37 (23.0+37) (build 23+37)
# Java VM: OpenJDK 64-Bit Server VM Temurin-23+37 (23+37, mixed mode, sharing, tiered, compressed oops, compressed class ptrs, g1 gc, windows-amd64)
# No core dump will be written. Minidumps are not enabled by default on client versions of Windows
#

---------------  S U M M A R Y ------------

Command Line: -Dfile.encoding=UTF-8 -Dstdout.encoding=UTF-8 -Dstderr.encoding=UTF-8 -XX:+ShowCodeDetailsInExceptionMessages com.hamch.customerservice.CustomerServiceApplication

Host: Intel(R) Core(TM) i7-10700 CPU @ 2.90GHz, 16 cores, 7G,  Windows 11 , 64 bit Build 22000 (10.0.22000.1516)
Time: Fri Dec 20 11:42:07 2024 Maroc (heure d64 bit Build 22000 (10.0.22000.1516) elapsed time: 8910.873496 seconds (0d 2h 28m 30s)

---------------  T H R E A D  ---------------

Current thread (0x0000013c4eaa54e0):  JavaThread "C2 CompilerThread0" daemon [_thread_in_native, id=33264, stack(0x0000003a76c00000,0x0000003a76d00000) (1024K)]


Current CompileTask:
C2:8910873 14032       4       org.apache.http.impl.io.AbstractMessageWriter::write (82 bytes)

Stack: [0x0000003a76c00000,0x0000003a76d00000]
Native frames: (J=compiled Java code, j=interpreted, Vv=VM code, C=native code)
V  [jvm.dll+0x6e8c69]  (no source info available)
V  [jvm.dll+0x8d9073]  (no source info available)
V  [jvm.dll+0x8db4fe]  (no source info available)
V  [jvm.dll+0x8dbbd3]  (no source info available)
V  [jvm.dll+0x281aa6]  (no source info available)
V  [jvm.dll+0xbbb0f]  (no source info available)
V  [jvm.dll+0xbbd6b]  (no source info available)
V  [jvm.dll+0x2f54ed]  (no source info available)
V  [jvm.dll+0x60c819]  (no source info available)
V  [jvm.dll+0x2541f2]  (no source info available)
V  [jvm.dll+0x24c2fc]  (no source info available)
V  [jvm.dll+0x249f44]  (no source info available)
V  [jvm.dll+0x1c8ea0]  (no source info available)
V  [jvm.dll+0x25a13e]  (no source info available)
V  [jvm.dll+0x25840a]  (no source info available)
V  [jvm.dll+0x3f4706]  (no source info available)
V  [jvm.dll+0x88026b]  (no source info available)
V  [jvm.dll+0x6e7475]  (no source info available)
C  [ucrtbase.dll+0x26c0c]  (no source info available)
C  [KERNEL32.DLL+0x155a0]  (no source info available)
C  [ntdll.dll+0x485b]  (no source info available)

Lock stack of current Java thread (top to bottom):


---------------  P R O C E S S  ---------------

Threads class SMR info:
_java_thread_list=0x0000013c94e34280, length=35, elements={
0x0000013c4ea88a70, 0x0000013c4ea89570, 0x0000013c4ea8c9e0, 0x0000013c4ea8e450,
0x0000013c4ea91660, 0x0000013c4ea92380, 0x0000013c4eaa54e0, 0x0000013c4eaa7bb0,
0x0000013c4ea902b0, 0x0000013c4ea90940, 0x0000013c95518c80, 0x0000013c95515800,
0x0000013c95516bb0, 0x0000013c95512380, 0x0000013c95511cf0, 0x0000013c97a4ede0,
0x0000013c97a51540, 0x0000013c97a55d70, 0x0000013c97a4fb00, 0x0000013c97a52260,
0x0000013c97a50190, 0x0000013c97a51bd0, 0x0000013c97a528f0, 0x0000013c955185f0,
0x0000013c95513730, 0x0000013c95514450, 0x0000013c99efb500, 0x0000013c99ef8080,
0x0000013c99efae70, 0x0000013c95517f60, 0x0000013c97a53610, 0x0000013c984317c0,
0x0000013c9842f060, 0x0000013c98431e50, 0x0000013c9842f6f0
}

Java Threads: ( => current thread )
  0x0000013c4ea88a70 JavaThread "Reference Handler"          daemon [_thread_blocked, id=30492, stack(0x0000003a76600000,0x0000003a76700000) (1024K)]
  0x0000013c4ea89570 JavaThread "Finalizer"                  daemon [_thread_blocked, id=2296, stack(0x0000003a76700000,0x0000003a76800000) (1024K)]
  0x0000013c4ea8c9e0 JavaThread "Signal Dispatcher"          daemon [_thread_blocked, id=30972, stack(0x0000003a76800000,0x0000003a76900000) (1024K)]
  0x0000013c4ea8e450 JavaThread "Attach Listener"            daemon [_thread_blocked, id=1364, stack(0x0000003a76900000,0x0000003a76a00000) (1024K)]
  0x0000013c4ea91660 JavaThread "Service Thread"             daemon [_thread_blocked, id=25724, stack(0x0000003a76a00000,0x0000003a76b00000) (1024K)]
  0x0000013c4ea92380 JavaThread "Monitor Deflation Thread"   daemon [_thread_blocked, id=26736, stack(0x0000003a76b00000,0x0000003a76c00000) (1024K)]
=>0x0000013c4eaa54e0 JavaThread "C2 CompilerThread0"         daemon [_thread_in_native, id=33264, stack(0x0000003a76c00000,0x0000003a76d00000) (1024K)]
  0x0000013c4eaa7bb0 JavaThread "C1 CompilerThread0"         daemon [_thread_blocked, id=29948, stack(0x0000003a76d00000,0x0000003a76e00000) (1024K)]
  0x0000013c4ea902b0 JavaThread "Notification Thread"        daemon [_thread_blocked, id=30168, stack(0x0000003a76f00000,0x0000003a77000000) (1024K)]
  0x0000013c4ea90940 JavaThread "Common-Cleaner"             daemon [_thread_blocked, id=26324, stack(0x0000003a77000000,0x0000003a77100000) (1024K)]
  0x0000013c95518c80 JavaThread "Catalina-utility-1"                [_thread_blocked, id=33676, stack(0x0000003a77c00000,0x0000003a77d00000) (1024K)]
  0x0000013c95515800 JavaThread "Catalina-utility-2"                [_thread_blocked, id=27804, stack(0x0000003a78100000,0x0000003a78200000) (1024K)]
  0x0000013c95516bb0 JavaThread "container-0"                       [_thread_blocked, id=30072, stack(0x0000003a78200000,0x0000003a78300000) (1024K)]
  0x0000013c95512380 JavaThread "mysql-cj-abandoned-connection-cleanup" daemon [_thread_blocked, id=32052, stack(0x0000003a78300000,0x0000003a78400000) (1024K)]
  0x0000013c95511cf0 JavaThread "HikariPool-1 housekeeper"   daemon [_thread_blocked, id=25816, stack(0x0000003a78400000,0x0000003a78500000) (1024K)]
  0x0000013c97a4ede0 JavaThread "spring.cloud.inetutils"     daemon [_thread_blocked, id=24808, stack(0x0000003a78600000,0x0000003a78700000) (1024K)]
  0x0000013c97a51540 JavaThread "catalogWatchTaskScheduler-1"        [_thread_in_native, id=30096, stack(0x0000003a78700000,0x0000003a78800000) (1024K)]
  0x0000013c97a55d70 JavaThread "http-nio-auto-1-exec-1"     daemon [_thread_blocked, id=29548, stack(0x0000003a78800000,0x0000003a78900000) (1024K)]
  0x0000013c97a4fb00 JavaThread "http-nio-auto-1-exec-2"     daemon [_thread_blocked, id=17976, stack(0x0000003a78900000,0x0000003a78a00000) (1024K)]
  0x0000013c97a52260 JavaThread "http-nio-auto-1-exec-3"     daemon [_thread_blocked, id=11056, stack(0x0000003a78a00000,0x0000003a78b00000) (1024K)]
  0x0000013c97a50190 JavaThread "http-nio-auto-1-exec-4"     daemon [_thread_blocked, id=11092, stack(0x0000003a78b00000,0x0000003a78c00000) (1024K)]
  0x0000013c97a51bd0 JavaThread "http-nio-auto-1-exec-5"     daemon [_thread_blocked, id=32884, stack(0x0000003a78c00000,0x0000003a78d00000) (1024K)]
  0x0000013c97a528f0 JavaThread "http-nio-auto-1-exec-6"     daemon [_thread_blocked, id=33396, stack(0x0000003a78d00000,0x0000003a78e00000) (1024K)]
  0x0000013c955185f0 JavaThread "http-nio-auto-1-exec-7"     daemon [_thread_blocked, id=31136, stack(0x0000003a78e00000,0x0000003a78f00000) (1024K)]
  0x0000013c95513730 JavaThread "http-nio-auto-1-exec-8"     daemon [_thread_blocked, id=33700, stack(0x0000003a78f00000,0x0000003a79000000) (1024K)]
  0x0000013c95514450 JavaThread "http-nio-auto-1-exec-9"     daemon [_thread_blocked, id=23464, stack(0x0000003a79000000,0x0000003a79100000) (1024K)]
  0x0000013c99efb500 JavaThread "http-nio-auto-1-exec-10"    daemon [_thread_blocked, id=32580, stack(0x0000003a79100000,0x0000003a79200000) (1024K)]
  0x0000013c99ef8080 JavaThread "http-nio-auto-1-Poller"     daemon [_thread_in_native, id=31896, stack(0x0000003a79200000,0x0000003a79300000) (1024K)]
  0x0000013c99efae70 JavaThread "http-nio-auto-1-Acceptor"   daemon [_thread_in_native, id=10584, stack(0x0000003a79300000,0x0000003a79400000) (1024K)]
  0x0000013c95517f60 JavaThread "DestroyJavaVM"                     [_thread_blocked, id=30344, stack(0x0000003a75e00000,0x0000003a75f00000) (1024K)]
  0x0000013c97a53610 JavaThread "boundedElastic-evictor-1"   daemon [_thread_blocked, id=9636, stack(0x0000003a76e00000,0x0000003a76f00000) (1024K)]
  0x0000013c984317c0 JavaThread "springCloudBus.anonymous.LJBZRDg4Tn2QKYJn8cX3SA-6"        [_thread_blocked, id=364, stack(0x0000003a75b00000,0x0000003a75c00000) (1024K)]
  0x0000013c9842f060 JavaThread "AMQP Connection 127.0.0.1:5672"        [_thread_in_native, id=32464, stack(0x0000003a75d00000,0x0000003a75e00000) (1024K)]
  0x0000013c98431e50 JavaThread "pool-2-thread-8"                   [_thread_blocked, id=8328, stack(0x0000003a77b00000,0x0000003a77c00000) (1024K)]
  0x0000013c9842f6f0 JavaThread "pool-2-thread-9"                   [_thread_blocked, id=30952, stack(0x0000003a78500000,0x0000003a78600000) (1024K)]
Total: 35

Other Threads:
  0x0000013c4ea6d810 VMThread "VM Thread"                           [id=11048, stack(0x0000003a76500000,0x0000003a76600000) (1024K)]
  0x0000013c4ea59490 WatcherThread "VM Periodic Task Thread"        [id=22784, stack(0x0000003a76400000,0x0000003a76500000) (1024K)]
  0x0000013c35e219f0 WorkerThread "GC Thread#0"                     [id=9600, stack(0x0000003a75f00000,0x0000003a76000000) (1024K)]
  0x0000013c95027340 WorkerThread "GC Thread#1"                     [id=22748, stack(0x0000003a77100000,0x0000003a77200000) (1024K)]
  0x0000013c94e730b0 WorkerThread "GC Thread#2"                     [id=3100, stack(0x0000003a77200000,0x0000003a77300000) (1024K)]
  0x0000013c95144160 WorkerThread "GC Thread#3"                     [id=10476, stack(0x0000003a77300000,0x0000003a77400000) (1024K)]
  0x0000013c95144510 WorkerThread "GC Thread#4"                     [id=32400, stack(0x0000003a77400000,0x0000003a77500000) (1024K)]
  0x0000013c951e9cd0 WorkerThread "GC Thread#5"                     [id=31580, stack(0x0000003a77500000,0x0000003a77600000) (1024K)]
  0x0000013c951eab90 WorkerThread "GC Thread#6"                     [id=30468, stack(0x0000003a77600000,0x0000003a77700000) (1024K)]
  0x0000013c951ea080 WorkerThread "GC Thread#7"                     [id=15836, stack(0x0000003a77700000,0x0000003a77800000) (1024K)]
  0x0000013c951ea430 WorkerThread "GC Thread#8"                     [id=32532, stack(0x0000003a77800000,0x0000003a77900000) (1024K)]
  0x0000013c95a724f0 WorkerThread "GC Thread#9"                     [id=12660, stack(0x0000003a77900000,0x0000003a77a00000) (1024K)]
  0x0000013c95a719e0 WorkerThread "GC Thread#10"                    [id=26416, stack(0x0000003a77a00000,0x0000003a77b00000) (1024K)]
  0x0000013c95a70770 WorkerThread "GC Thread#11"                    [id=8372, stack(0x0000003a77d00000,0x0000003a77e00000) (1024K)]
  0x0000013c95a72c50 WorkerThread "GC Thread#12"                    [id=25976, stack(0x0000003a77e00000,0x0000003a77f00000) (1024K)]
  0x0000013c35e36b90 ConcurrentGCThread "G1 Main Marker"            [id=22972, stack(0x0000003a76000000,0x0000003a76100000) (1024K)]
  0x0000013c35e375b0 WorkerThread "G1 Conc#0"                       [id=30620, stack(0x0000003a76100000,0x0000003a76200000) (1024K)]
  0x0000013c95a70010 WorkerThread "G1 Conc#1"                       [id=23688, stack(0x0000003a77f00000,0x0000003a78000000) (1024K)]
  0x0000013c95a6f500 WorkerThread "G1 Conc#2"                       [id=29336, stack(0x0000003a78000000,0x0000003a78100000) (1024K)]
  0x0000013c4e928d40 ConcurrentGCThread "G1 Refine#0"               [id=27868, stack(0x0000003a76200000,0x0000003a76300000) (1024K)]
  0x0000013c4e9297d0 ConcurrentGCThread "G1 Service"                [id=13444, stack(0x0000003a76300000,0x0000003a76400000) (1024K)]
Total: 21

Threads with active compile tasks:
C2 CompilerThread0  8911371 14032       4       org.apache.http.impl.io.AbstractMessageWriter::write (82 bytes)
Total: 1

VM state: not at safepoint (normal execution)

VM Mutex/Monitor currently owned by a thread: None

Heap address: 0x0000000083600000, size: 1994 MB, Compressed Oops mode: 32-bit

CDS archive(s) mapped at: [0x0000013c4f000000-0x0000013c4fd70000-0x0000013c4fd70000), size 14090240, SharedBaseAddress: 0x0000013c4f000000, ArchiveRelocationMode: 1.
Compressed class space mapped at: 0x0000013c50000000-0x0000013c90000000, reserved size: 1073741824
Narrow klass base: 0x0000013c4f000000, Narrow klass shift: 0, Narrow klass range: 0x41000000

GC Precious Log:
 CardTable entry size: 512
 Card Set container configuration: InlinePtr #cards 5 size 8 Array Of Cards #cards 10 size 36 Howl #buckets 4 coarsen threshold 1843 Howl Bitmap #cards 512 size 80 coarsen threshold 460 Card regions per heap region 1 cards per card region 2048
 CPUs: 16 total, 16 available
 Memory: 7968M
 Large Page Support: Disabled
 NUMA Support: Disabled
 Compressed Oops: Enabled (32-bit)
 Heap Region Size: 1M
 Heap Min Capacity: 8M
 Heap Initial Capacity: 126M
 Heap Max Capacity: 1994M
 Pre-touch: Disabled
 Parallel Workers: 13
 Concurrent Workers: 3
 Concurrent Refinement Workers: 13
 Periodic GC: Disabled

Heap:
 garbage-first heap   total reserved 2041856K, committed 137216K, used 83343K [0x0000000083600000, 0x0000000100000000)
  region size 1024K, 16 young (16384K), 3 survivors (3072K)
 Metaspace       used 100504K, committed 102016K, reserved 1179648K
  class space    used 13791K, committed 14400K, reserved 1048576K

Heap Regions: E=young(eden), S=young(survivor), O=old, HS=humongous(starts), HC=humongous(continues), CS=collection set, F=free, TAMS=top-at-mark-start, PB=parsable bottom
|   0|0x0000000083600000, 0x0000000083700000, 0x0000000083700000|100%|HS|  |TAMS 0x0000000083600000| PB 0x0000000083600000| Complete |  0
|   1|0x0000000083700000, 0x0000000083800000, 0x0000000083800000|100%| O|  |TAMS 0x0000000083700000| PB 0x0000000083700000| Untracked |  0
|   2|0x0000000083800000, 0x0000000083900000, 0x0000000083900000|100%|HS|  |TAMS 0x0000000083800000| PB 0x0000000083800000| Complete |  0
|   3|0x0000000083900000, 0x0000000083a00000, 0x0000000083a00000|100%| O|  |TAMS 0x0000000083900000| PB 0x0000000083900000| Untracked |  0
|   4|0x0000000083a00000, 0x0000000083b00000, 0x0000000083b00000|100%| O|  |TAMS 0x0000000083a00000| PB 0x0000000083a00000| Untracked |  0
|   5|0x0000000083b00000, 0x0000000083c00000, 0x0000000083c00000|100%| O|  |TAMS 0x0000000083b00000| PB 0x0000000083b00000| Untracked |  0
|   6|0x0000000083c00000, 0x0000000083d00000, 0x0000000083d00000|100%| O|  |TAMS 0x0000000083c00000| PB 0x0000000083c00000| Untracked |  0
|   7|0x0000000083d00000, 0x0000000083e00000, 0x0000000083e00000|100%| O|  |TAMS 0x0000000083d00000| PB 0x0000000083d00000| Untracked |  0
|   8|0x0000000083e00000, 0x0000000083f00000, 0x0000000083f00000|100%| O|  |TAMS 0x0000000083e00000| PB 0x0000000083e00000| Untracked |  0
|   9|0x0000000083f00000, 0x0000000084000000, 0x0000000084000000|100%| O|  |TAMS 0x0000000083f00000| PB 0x0000000083f00000| Untracked |  0
|  10|0x0000000084000000, 0x0000000084100000, 0x0000000084100000|100%| O|  |TAMS 0x0000000084000000| PB 0x0000000084000000| Untracked |  0
|  11|0x0000000084100000, 0x00000000841f0018, 0x0000000084200000| 93%| O|  |TAMS 0x0000000084100000| PB 0x0000000084100000| Untracked |  0
|  12|0x0000000084200000, 0x0000000084300000, 0x0000000084300000|100%| O|  |TAMS 0x0000000084200000| PB 0x0000000084200000| Untracked |  0
|  13|0x0000000084300000, 0x0000000084400000, 0x0000000084400000|100%| O|Cm|TAMS 0x0000000084300000| PB 0x0000000084300000| Complete |  0
|  14|0x0000000084400000, 0x0000000084500000, 0x0000000084500000|100%| O|Cm|TAMS 0x0000000084400000| PB 0x0000000084400000| Complete |  0
|  15|0x0000000084500000, 0x0000000084600000, 0x0000000084600000|100%| O|  |TAMS 0x0000000084500000| PB 0x0000000084500000| Untracked |  0
|  16|0x0000000084600000, 0x0000000084700000, 0x0000000084700000|100%| O|Cm|TAMS 0x0000000084600000| PB 0x0000000084600000| Complete |  0
|  17|0x0000000084700000, 0x0000000084800000, 0x0000000084800000|100%| O|Cm|TAMS 0x0000000084700000| PB 0x0000000084700000| Complete |  0
|  18|0x0000000084800000, 0x0000000084900000, 0x0000000084900000|100%| O|Cm|TAMS 0x0000000084800000| PB 0x0000000084800000| Complete |  0
|  19|0x0000000084900000, 0x0000000084a00000, 0x0000000084a00000|100%| O|Cm|TAMS 0x0000000084900000| PB 0x0000000084900000| Complete |  0
|  20|0x0000000084a00000, 0x0000000084b00000, 0x0000000084b00000|100%| O|  |TAMS 0x0000000084a00000| PB 0x0000000084a00000| Untracked |  0
|  21|0x0000000084b00000, 0x0000000084c00000, 0x0000000084c00000|100%| O|Cm|TAMS 0x0000000084b00000| PB 0x0000000084b00000| Complete |  0
|  22|0x0000000084c00000, 0x0000000084d00000, 0x0000000084d00000|100%| O|  |TAMS 0x0000000084c00000| PB 0x0000000084c00000| Untracked |  0
|  23|0x0000000084d00000, 0x0000000084e00000, 0x0000000084e00000|100%| O|  |TAMS 0x0000000084d00000| PB 0x0000000084d00000| Untracked |  0
|  24|0x0000000084e00000, 0x0000000084f00000, 0x0000000084f00000|100%| O|  |TAMS 0x0000000084e00000| PB 0x0000000084e00000| Untracked |  0
|  25|0x0000000084f00000, 0x0000000085000000, 0x0000000085000000|100%| O|  |TAMS 0x0000000084f00000| PB 0x0000000084f00000| Untracked |  0
|  26|0x0000000085000000, 0x0000000085100000, 0x0000000085100000|100%| O|  |TAMS 0x0000000085000000| PB 0x0000000085000000| Untracked |  0
|  27|0x0000000085100000, 0x0000000085200000, 0x0000000085200000|100%| O|  |TAMS 0x0000000085100000| PB 0x0000000085100000| Untracked |  0
|  28|0x0000000085200000, 0x0000000085300000, 0x0000000085300000|100%| O|Cm|TAMS 0x0000000085200000| PB 0x0000000085200000| Complete |  0
|  29|0x0000000085300000, 0x0000000085400000, 0x0000000085400000|100%| O|  |TAMS 0x0000000085300000| PB 0x0000000085300000| Untracked |  0
|  30|0x0000000085400000, 0x0000000085500000, 0x0000000085500000|100%| O|  |TAMS 0x0000000085400000| PB 0x0000000085400000| Untracked |  0
|  31|0x0000000085500000, 0x0000000085600000, 0x0000000085600000|100%| O|  |TAMS 0x0000000085500000| PB 0x0000000085500000| Untracked |  0
|  32|0x0000000085600000, 0x0000000085700000, 0x0000000085700000|100%| O|  |TAMS 0x0000000085600000| PB 0x0000000085600000| Untracked |  0
|  33|0x0000000085700000, 0x0000000085800000, 0x0000000085800000|100%| O|  |TAMS 0x0000000085700000| PB 0x0000000085700000| Untracked |  0
|  34|0x0000000085800000, 0x0000000085900000, 0x0000000085900000|100%| O|  |TAMS 0x0000000085800000| PB 0x0000000085800000| Untracked |  0
|  35|0x0000000085900000, 0x0000000085a00000, 0x0000000085a00000|100%| O|Cm|TAMS 0x0000000085900000| PB 0x0000000085900000| Complete |  0
|  36|0x0000000085a00000, 0x0000000085b00000, 0x0000000085b00000|100%| O|  |TAMS 0x0000000085a00000| PB 0x0000000085a00000| Untracked |  0
|  37|0x0000000085b00000, 0x0000000085c00000, 0x0000000085c00000|100%| O|  |TAMS 0x0000000085b00000| PB 0x0000000085b00000| Untracked |  0
|  38|0x0000000085c00000, 0x0000000085d00000, 0x0000000085d00000|100%| O|  |TAMS 0x0000000085c00000| PB 0x0000000085c00000| Untracked |  0
|  39|0x0000000085d00000, 0x0000000085e00000, 0x0000000085e00000|100%| O|  |TAMS 0x0000000085d00000| PB 0x0000000085d00000| Untracked |  0
|  40|0x0000000085e00000, 0x0000000085f00000, 0x0000000085f00000|100%| O|  |TAMS 0x0000000085e00000| PB 0x0000000085e00000| Untracked |  0
|  41|0x0000000085f00000, 0x0000000086000000, 0x0000000086000000|100%| O|  |TAMS 0x0000000085f00000| PB 0x0000000085f00000| Untracked |  0
|  42|0x0000000086000000, 0x0000000086100000, 0x0000000086100000|100%| O|  |TAMS 0x0000000086000000| PB 0x0000000086000000| Untracked |  0
|  43|0x0000000086100000, 0x0000000086200000, 0x0000000086200000|100%| O|  |TAMS 0x0000000086100000| PB 0x0000000086100000| Untracked |  0
|  44|0x0000000086200000, 0x0000000086300000, 0x0000000086300000|100%| O|  |TAMS 0x0000000086200000| PB 0x0000000086200000| Untracked |  0
|  45|0x0000000086300000, 0x0000000086400000, 0x0000000086400000|100%| O|  |TAMS 0x0000000086300000| PB 0x0000000086300000| Untracked |  0
|  46|0x0000000086400000, 0x00000000864ea6b8, 0x0000000086500000| 91%| O|  |TAMS 0x0000000086400000| PB 0x0000000086400000| Untracked |  0
|  47|0x0000000086500000, 0x0000000086600000, 0x0000000086600000|100%| O|  |TAMS 0x0000000086500000| PB 0x0000000086500000| Untracked |  0
|  48|0x0000000086600000, 0x0000000086700000, 0x0000000086700000|100%| O|  |TAMS 0x0000000086600000| PB 0x0000000086600000| Untracked |  0
|  49|0x0000000086700000, 0x0000000086800000, 0x0000000086800000|100%| O|  |TAMS 0x0000000086700000| PB 0x0000000086700000| Untracked |  0
|  50|0x0000000086800000, 0x0000000086900000, 0x0000000086900000|100%| O|  |TAMS 0x0000000086800000| PB 0x0000000086800000| Untracked |  0
|  51|0x0000000086900000, 0x0000000086a00000, 0x0000000086a00000|100%| O|  |TAMS 0x0000000086900000| PB 0x0000000086900000| Untracked |  0
|  52|0x0000000086a00000, 0x0000000086b00000, 0x0000000086b00000|100%| O|Cm|TAMS 0x0000000086a00000| PB 0x0000000086a00000| Complete |  0
|  53|0x0000000086b00000, 0x0000000086c00000, 0x0000000086c00000|100%| O|  |TAMS 0x0000000086b00000| PB 0x0000000086b00000| Untracked |  0
|  54|0x0000000086c00000, 0x0000000086d00000, 0x0000000086d00000|100%| O|  |TAMS 0x0000000086c00000| PB 0x0000000086c00000| Untracked |  0
|  55|0x0000000086d00000, 0x0000000086e00000, 0x0000000086e00000|100%| O|Cm|TAMS 0x0000000086d00000| PB 0x0000000086d00000| Complete |  0
|  56|0x0000000086e00000, 0x0000000086f00000, 0x0000000086f00000|100%| O|  |TAMS 0x0000000086e00000| PB 0x0000000086e00000| Untracked |  0
|  57|0x0000000086f00000, 0x0000000087000000, 0x0000000087000000|100%| O|  |TAMS 0x0000000086f00000| PB 0x0000000086f00000| Untracked |  0
|  58|0x0000000087000000, 0x0000000087100000, 0x0000000087100000|100%| O|  |TAMS 0x0000000087000000| PB 0x0000000087000000| Untracked |  0
|  59|0x0000000087100000, 0x0000000087200000, 0x0000000087200000|100%| O|  |TAMS 0x0000000087100000| PB 0x0000000087100000| Untracked |  0
|  60|0x0000000087200000, 0x0000000087200000, 0x0000000087300000|  0%| F|  |TAMS 0x0000000087200000| PB 0x0000000087200000| Untracked |  0
|  61|0x0000000087300000, 0x0000000087300000, 0x0000000087400000|  0%| F|  |TAMS 0x0000000087300000| PB 0x0000000087300000| Untracked |  0
|  62|0x0000000087400000, 0x0000000087400000, 0x0000000087500000|  0%| F|  |TAMS 0x0000000087400000| PB 0x0000000087400000| Untracked |  0
|  63|0x0000000087500000, 0x0000000087500000, 0x0000000087600000|  0%| F|  |TAMS 0x0000000087500000| PB 0x0000000087500000| Untracked |  0
|  64|0x0000000087600000, 0x0000000087600000, 0x0000000087700000|  0%| F|  |TAMS 0x0000000087600000| PB 0x0000000087600000| Untracked |  0
|  65|0x0000000087700000, 0x0000000087700000, 0x0000000087800000|  0%| F|  |TAMS 0x0000000087700000| PB 0x0000000087700000| Untracked |  0
|  66|0x0000000087800000, 0x0000000087800000, 0x0000000087900000|  0%| F|  |TAMS 0x0000000087800000| PB 0x0000000087800000| Untracked |  0
|  67|0x0000000087900000, 0x0000000087900000, 0x0000000087a00000|  0%| F|  |TAMS 0x0000000087900000| PB 0x0000000087900000| Untracked |  0
|  68|0x0000000087a00000, 0x0000000087a00000, 0x0000000087b00000|  0%| F|  |TAMS 0x0000000087a00000| PB 0x0000000087a00000| Untracked |  0
|  69|0x0000000087b00000, 0x0000000087b00000, 0x0000000087c00000|  0%| F|  |TAMS 0x0000000087b00000| PB 0x0000000087b00000| Untracked |  0
|  70|0x0000000087c00000, 0x0000000087c00000, 0x0000000087d00000|  0%| F|  |TAMS 0x0000000087c00000| PB 0x0000000087c00000| Untracked |  0
|  71|0x0000000087d00000, 0x0000000087d00000, 0x0000000087e00000|  0%| F|  |TAMS 0x0000000087d00000| PB 0x0000000087d00000| Untracked |  0
|  72|0x0000000087e00000, 0x0000000087e00000, 0x0000000087f00000|  0%| F|  |TAMS 0x0000000087e00000| PB 0x0000000087e00000| Untracked |  0
|  73|0x0000000087f00000, 0x0000000087f89610, 0x0000000088000000| 53%| S|CS|TAMS 0x0000000087f00000| PB 0x0000000087f00000| Complete |  0
|  74|0x0000000088000000, 0x0000000088100000, 0x0000000088100000|100%| S|CS|TAMS 0x0000000088000000| PB 0x0000000088000000| Complete |  0
|  75|0x0000000088100000, 0x0000000088200000, 0x0000000088200000|100%| S|CS|TAMS 0x0000000088100000| PB 0x0000000088100000| Complete |  0
|  76|0x0000000088200000, 0x0000000088200000, 0x0000000088300000|  0%| F|  |TAMS 0x0000000088200000| PB 0x0000000088200000| Untracked |  0
|  77|0x0000000088300000, 0x0000000088300000, 0x0000000088400000|  0%| F|  |TAMS 0x0000000088300000| PB 0x0000000088300000| Untracked |  0
|  78|0x0000000088400000, 0x0000000088400000, 0x0000000088500000|  0%| F|  |TAMS 0x0000000088400000| PB 0x0000000088400000| Untracked |  0
|  79|0x0000000088500000, 0x0000000088500000, 0x0000000088600000|  0%| F|  |TAMS 0x0000000088500000| PB 0x0000000088500000| Untracked |  0
|  80|0x0000000088600000, 0x0000000088600000, 0x0000000088700000|  0%| F|  |TAMS 0x0000000088600000| PB 0x0000000088600000| Untracked |  0
|  81|0x0000000088700000, 0x0000000088700000, 0x0000000088800000|  0%| F|  |TAMS 0x0000000088700000| PB 0x0000000088700000| Untracked |  0
|  82|0x0000000088800000, 0x0000000088800000, 0x0000000088900000|  0%| F|  |TAMS 0x0000000088800000| PB 0x0000000088800000| Untracked |  0
|  83|0x0000000088900000, 0x0000000088900000, 0x0000000088a00000|  0%| F|  |TAMS 0x0000000088900000| PB 0x0000000088900000| Untracked |  0
|  84|0x0000000088a00000, 0x0000000088a00000, 0x0000000088b00000|  0%| F|  |TAMS 0x0000000088a00000| PB 0x0000000088a00000| Untracked |  0
|  85|0x0000000088b00000, 0x0000000088b00000, 0x0000000088c00000|  0%| F|  |TAMS 0x0000000088b00000| PB 0x0000000088b00000| Untracked |  0
|  86|0x0000000088c00000, 0x0000000088c00000, 0x0000000088d00000|  0%| F|  |TAMS 0x0000000088c00000| PB 0x0000000088c00000| Untracked |  0
|  87|0x0000000088d00000, 0x0000000088d00000, 0x0000000088e00000|  0%| F|  |TAMS 0x0000000088d00000| PB 0x0000000088d00000| Untracked |  0
|  88|0x0000000088e00000, 0x0000000088e00000, 0x0000000088f00000|  0%| F|  |TAMS 0x0000000088e00000| PB 0x0000000088e00000| Untracked |  0
|  89|0x0000000088f00000, 0x0000000088f00000, 0x0000000089000000|  0%| F|  |TAMS 0x0000000088f00000| PB 0x0000000088f00000| Untracked |  0
|  90|0x0000000089000000, 0x0000000089000000, 0x0000000089100000|  0%| F|  |TAMS 0x0000000089000000| PB 0x0000000089000000| Untracked |  0
|  91|0x0000000089100000, 0x0000000089100000, 0x0000000089200000|  0%| F|  |TAMS 0x0000000089100000| PB 0x0000000089100000| Untracked |  0
|  92|0x0000000089200000, 0x0000000089200000, 0x0000000089300000|  0%| F|  |TAMS 0x0000000089200000| PB 0x0000000089200000| Untracked |  0
|  93|0x0000000089300000, 0x0000000089300000, 0x0000000089400000|  0%| F|  |TAMS 0x0000000089300000| PB 0x0000000089300000| Untracked |  0
|  94|0x0000000089400000, 0x0000000089400000, 0x0000000089500000|  0%| F|  |TAMS 0x0000000089400000| PB 0x0000000089400000| Untracked |  0
|  95|0x0000000089500000, 0x0000000089500000, 0x0000000089600000|  0%| F|  |TAMS 0x0000000089500000| PB 0x0000000089500000| Untracked |  0
|  96|0x0000000089600000, 0x0000000089600000, 0x0000000089700000|  0%| F|  |TAMS 0x0000000089600000| PB 0x0000000089600000| Untracked |  0
|  97|0x0000000089700000, 0x0000000089700000, 0x0000000089800000|  0%| F|  |TAMS 0x0000000089700000| PB 0x0000000089700000| Untracked |  0
|  98|0x0000000089800000, 0x0000000089800000, 0x0000000089900000|  0%| F|  |TAMS 0x0000000089800000| PB 0x0000000089800000| Untracked |  0
|  99|0x0000000089900000, 0x0000000089900000, 0x0000000089a00000|  0%| F|  |TAMS 0x0000000089900000| PB 0x0000000089900000| Untracked |  0
| 100|0x0000000089a00000, 0x0000000089a00000, 0x0000000089b00000|  0%| F|  |TAMS 0x0000000089a00000| PB 0x0000000089a00000| Untracked |  0
| 101|0x0000000089b00000, 0x0000000089b00000, 0x0000000089c00000|  0%| F|  |TAMS 0x0000000089b00000| PB 0x0000000089b00000| Untracked |  0
| 102|0x0000000089c00000, 0x0000000089c00000, 0x0000000089d00000|  0%| F|  |TAMS 0x0000000089c00000| PB 0x0000000089c00000| Untracked |  0
| 103|0x0000000089d00000, 0x0000000089d00000, 0x0000000089e00000|  0%| F|  |TAMS 0x0000000089d00000| PB 0x0000000089d00000| Untracked |  0
| 104|0x0000000089e00000, 0x0000000089e00000, 0x0000000089f00000|  0%| F|  |TAMS 0x0000000089e00000| PB 0x0000000089e00000| Untracked |  0
| 105|0x0000000089f00000, 0x0000000089f00000, 0x000000008a000000|  0%| F|  |TAMS 0x0000000089f00000| PB 0x0000000089f00000| Untracked |  0
| 106|0x000000008a000000, 0x000000008a000000, 0x000000008a100000|  0%| F|  |TAMS 0x000000008a000000| PB 0x000000008a000000| Untracked |  0
| 107|0x000000008a100000, 0x000000008a100000, 0x000000008a200000|  0%| F|  |TAMS 0x000000008a100000| PB 0x000000008a100000| Untracked |  0
| 108|0x000000008a200000, 0x000000008a200000, 0x000000008a300000|  0%| F|  |TAMS 0x000000008a200000| PB 0x000000008a200000| Untracked |  0
| 109|0x000000008a300000, 0x000000008a300000, 0x000000008a400000|  0%| F|  |TAMS 0x000000008a300000| PB 0x000000008a300000| Untracked |  0
| 110|0x000000008a400000, 0x000000008a400000, 0x000000008a500000|  0%| F|  |TAMS 0x000000008a400000| PB 0x000000008a400000| Untracked |  0
| 111|0x000000008a500000, 0x000000008a500000, 0x000000008a600000|  0%| F|  |TAMS 0x000000008a500000| PB 0x000000008a500000| Untracked |  0
| 112|0x000000008a600000, 0x000000008a600000, 0x000000008a700000|  0%| F|  |TAMS 0x000000008a600000| PB 0x000000008a600000| Untracked |  0
| 113|0x000000008a700000, 0x000000008a700000, 0x000000008a800000|  0%| F|  |TAMS 0x000000008a700000| PB 0x000000008a700000| Untracked |  0
| 114|0x000000008a800000, 0x000000008a840690, 0x000000008a900000| 25%| E|  |TAMS 0x000000008a800000| PB 0x000000008a800000| Complete |  0
| 115|0x000000008a900000, 0x000000008aa00000, 0x000000008aa00000|100%| E|CS|TAMS 0x000000008a900000| PB 0x000000008a900000| Complete |  0
| 116|0x000000008aa00000, 0x000000008ab00000, 0x000000008ab00000|100%| E|CS|TAMS 0x000000008aa00000| PB 0x000000008aa00000| Complete |  0
| 117|0x000000008ab00000, 0x000000008ac00000, 0x000000008ac00000|100%| E|CS|TAMS 0x000000008ab00000| PB 0x000000008ab00000| Complete |  0
| 118|0x000000008ac00000, 0x000000008ad00000, 0x000000008ad00000|100%| E|CS|TAMS 0x000000008ac00000| PB 0x000000008ac00000| Complete |  0
| 119|0x000000008ad00000, 0x000000008ae00000, 0x000000008ae00000|100%| E|CS|TAMS 0x000000008ad00000| PB 0x000000008ad00000| Complete |  0
| 120|0x000000008ae00000, 0x000000008af00000, 0x000000008af00000|100%| E|CS|TAMS 0x000000008ae00000| PB 0x000000008ae00000| Complete |  0
| 121|0x000000008af00000, 0x000000008b000000, 0x000000008b000000|100%| E|CS|TAMS 0x000000008af00000| PB 0x000000008af00000| Complete |  0
| 122|0x000000008b000000, 0x000000008b100000, 0x000000008b100000|100%| E|CS|TAMS 0x000000008b000000| PB 0x000000008b000000| Complete |  0
| 123|0x000000008b100000, 0x000000008b200000, 0x000000008b200000|100%| E|CS|TAMS 0x000000008b100000| PB 0x000000008b100000| Complete |  0
| 124|0x000000008b200000, 0x000000008b300000, 0x000000008b300000|100%| E|CS|TAMS 0x000000008b200000| PB 0x000000008b200000| Complete |  0
| 125|0x000000008b300000, 0x000000008b400000, 0x000000008b400000|100%| E|CS|TAMS 0x000000008b300000| PB 0x000000008b300000| Complete |  0
| 126|0x000000008b400000, 0x000000008b500000, 0x000000008b500000|100%| E|CS|TAMS 0x000000008b400000| PB 0x000000008b400000| Complete |  0
|1987|0x00000000ff900000, 0x00000000ffa00000, 0x00000000ffa00000|100%| O|  |TAMS 0x00000000ff900000| PB 0x00000000ff900000| Untracked |  0
|1988|0x00000000ffa00000, 0x00000000ffb00000, 0x00000000ffb00000|100%| O|  |TAMS 0x00000000ffa00000| PB 0x00000000ffa00000| Untracked |  0
|1989|0x00000000ffb00000, 0x00000000ffc00000, 0x00000000ffc00000|100%| O|  |TAMS 0x00000000ffb00000| PB 0x00000000ffb00000| Untracked |  0
|1990|0x00000000ffc00000, 0x00000000ffd00000, 0x00000000ffd00000|100%| O|  |TAMS 0x00000000ffc00000| PB 0x00000000ffc00000| Untracked |  0
|1991|0x00000000ffd00000, 0x00000000ffe00000, 0x00000000ffe00000|100%| O|  |TAMS 0x00000000ffd00000| PB 0x00000000ffd00000| Untracked |  0
|1992|0x00000000ffe00000, 0x00000000fff00000, 0x00000000fff00000|100%| O|  |TAMS 0x00000000ffe00000| PB 0x00000000ffe00000| Untracked |  0
|1993|0x00000000fff00000, 0x0000000100000000, 0x0000000100000000|100%| O|  |TAMS 0x00000000fff00000| PB 0x00000000fff00000| Untracked |  0

Card table byte_map: [0x0000013c498c0000,0x0000013c49cb0000] _byte_map_base: 0x0000013c494a5000

Marking Bits: (CMBitMap*) 0x0000013c35e22010
 Bits: [0x0000013c49cb0000, 0x0000013c4bbd8000)

Polling page: 0x0000013c33a00000

Metaspace:

Usage:
  Non-class:     84.68 MB used.
      Class:     13.47 MB used.
       Both:     98.15 MB used.

Virtual space:
  Non-class space:      128.00 MB reserved,      85.56 MB ( 67%) committed,  2 nodes.
      Class space:        1.00 GB reserved,      14.06 MB (  1%) committed,  1 nodes.
             Both:        1.12 GB reserved,      99.62 MB (  9%) committed. 

Chunk freelists:
   Non-Class:  10.38 MB
       Class:  2.18 MB
        Both:  12.57 MB

MaxMetaspaceSize: unlimited
CompressedClassSpaceSize: 1.00 GB
Initial GC threshold: 21.00 MB
Current GC threshold: 165.88 MB
CDS: on
 - commit_granule_bytes: 65536.
 - commit_granule_words: 8192.
 - virtual_space_node_default_size: 8388608.
 - enlarge_chunks_in_place: 1.
 - use_allocation_guard: 0.


Internal statistics:

num_allocs_failed_limit: 12.
num_arena_births: 1798.
num_arena_deaths: 660.
num_vsnodes_births: 3.
num_vsnodes_deaths: 0.
num_space_committed: 1594.
num_space_uncommitted: 0.
num_chunks_returned_to_freelist: 727.
num_chunks_taken_from_freelist: 5394.
num_chunk_merges: 182.
num_chunk_splits: 3774.
num_chunks_enlarged: 2939.
num_inconsistent_stats: 0.

CodeHeap 'non-profiled nmethods': size=119232Kb used=5491Kb max_used=5491Kb free=113740Kb
 bounds [0x0000013c417e0000, 0x0000013c41d40000, 0x0000013c48c50000]
CodeHeap 'profiled nmethods': size=119104Kb used=17840Kb max_used=17840Kb free=101263Kb
 bounds [0x0000013c39c50000, 0x0000013c3adc0000, 0x0000013c410a0000]
CodeHeap 'non-nmethods': size=7424Kb used=1796Kb max_used=2929Kb free=5627Kb
 bounds [0x0000013c410a0000, 0x0000013c41390000, 0x0000013c417e0000]
CodeCache: size=245760Kb, used=25127Kb, max_used=26260Kb, free=220630Kb
 total_blobs=12880, nmethods=12057, adapters=727, full_count=0
Compilation: enabled, stopped_count=0, restarted_count=0

Compilation events (20 events):
Event: 8903.091 Thread 0x0000013c4eaa7bb0 nmethod 14022 0x0000013c3adb7108 code [0x0000013c3adb72c0, 0x0000013c3adb7a80]
Event: 8903.091 Thread 0x0000013c4eaa7bb0 14023       3       java.lang.invoke.VarHandleInts$FieldInstanceReadWrite::getAndBitwiseOr (28 bytes)
Event: 8903.094 Thread 0x0000013c4eaa7bb0 nmethod 14023 0x0000013c3adb7b08 code [0x0000013c3adb7ca0, 0x0000013c3adb83c0]
Event: 8903.094 Thread 0x0000013c4eaa7bb0 14024       3       jdk.internal.misc.Unsafe::getAndBitwiseOrInt (27 bytes)
Event: 8903.094 Thread 0x0000013c4eaa7bb0 nmethod 14024 0x0000013c3adb8408 code [0x0000013c3adb8540, 0x0000013c3adb8768]
Event: 8903.094 Thread 0x0000013c4eaa7bb0 14025       3       java.net.Socket$SocketInputStream::available (8 bytes)
Event: 8903.097 Thread 0x0000013c4eaa7bb0 nmethod 14025 0x0000013c3adb8788 code [0x0000013c3adb88a0, 0x0000013c3adb8a78]
Event: 8903.097 Thread 0x0000013c4eaa7bb0 14026       3       sun.nio.ch.NioSocketImpl$1::available (8 bytes)
Event: 8903.099 Thread 0x0000013c4eaa7bb0 nmethod 14026 0x0000013c3adb8a88 code [0x0000013c3adb8ba0, 0x0000013c3adb8ce0]
Event: 8903.099 Thread 0x0000013c4eaa7bb0 14027   !   3       sun.nio.ch.NioSocketImpl::available (37 bytes)
Event: 8903.102 Thread 0x0000013c4eaa7bb0 nmethod 14027 0x0000013c3adb8d88 code [0x0000013c3adb8ec0, 0x0000013c3adb92a0]
Event: 8903.163 Thread 0x0000013c4eaa7bb0 14028       3       sun.security.ec.point.ProjectivePoint$Immutable::<init> (8 bytes)
Event: 8903.164 Thread 0x0000013c4eaa7bb0 nmethod 14028 0x0000013c3adb9308 code [0x0000013c3adb9440, 0x0000013c3adb9718]
Event: 8903.200 Thread 0x0000013c4eaa7bb0 14029       3       java.math.MutableBigInteger::divideMagnitude (1225 bytes)
Event: 8903.208 Thread 0x0000013c4eaa7bb0 nmethod 14029 0x0000013c3adb9788 code [0x0000013c3adb9b00, 0x0000013c3adbb8f8]
Event: 8903.218 Thread 0x0000013c4eaa7bb0 14030       3       sun.security.jca.ProviderList$ServiceIterator::hasNext (17 bytes)
Event: 8903.220 Thread 0x0000013c4eaa7bb0 nmethod 14030 0x0000013c3adbb988 code [0x0000013c3adbbaa0, 0x0000013c3adbbc30]
Event: 8903.220 Thread 0x0000013c4eaa7bb0 14031       3       sun.security.jca.ProviderList$ServiceIterator::next (5 bytes)
Event: 8903.221 Thread 0x0000013c4eaa7bb0 nmethod 14031 0x0000013c3adbbc88 code [0x0000013c3adbbdc0, 0x0000013c3adbc080]
Event: 8910.748 Thread 0x0000013c4eaa54e0 14032       4       org.apache.http.impl.io.AbstractMessageWriter::write (82 bytes)

GC Heap History (20 events):
Event: 8.680 GC heap before
{Heap before GC invocations=20 (full 0):
 garbage-first heap   total reserved 2041856K, committed 113664K, used 99957K [0x0000000083600000, 0x0000000100000000)
  region size 1024K, 52 young (53248K), 6 survivors (6144K)
 Metaspace       used 84775K, committed 85568K, reserved 1179648K
  class space    used 11735K, committed 12096K, reserved 1048576K
}
Event: 8.688 GC heap after
{Heap after GC invocations=21 (full 0):
 garbage-first heap   total reserved 2041856K, committed 113664K, used 55571K [0x0000000083600000, 0x0000000100000000)
  region size 1024K, 6 young (6144K), 6 survivors (6144K)
 Metaspace       used 84775K, committed 85568K, reserved 1179648K
  class space    used 11735K, committed 12096K, reserved 1048576K
}
Event: 9.037 GC heap before
{Heap before GC invocations=21 (full 0):
 garbage-first heap   total reserved 2041856K, committed 113664K, used 99603K [0x0000000083600000, 0x0000000100000000)
  region size 1024K, 49 young (50176K), 6 survivors (6144K)
 Metaspace       used 86288K, committed 87104K, reserved 1179648K
  class space    used 11991K, committed 12352K, reserved 1048576K
}
Event: 9.046 GC heap after
{Heap after GC invocations=22 (full 0):
 garbage-first heap   total reserved 2041856K, committed 113664K, used 57535K [0x0000000083600000, 0x0000000100000000)
  region size 1024K, 6 young (6144K), 6 survivors (6144K)
 Metaspace       used 86288K, committed 87104K, reserved 1179648K
  class space    used 11991K, committed 12352K, reserved 1048576K
}
Event: 9.438 GC heap before
{Heap before GC invocations=22 (full 0):
 garbage-first heap   total reserved 2041856K, committed 113664K, used 99519K [0x0000000083600000, 0x0000000100000000)
  region size 1024K, 47 young (48128K), 6 survivors (6144K)
 Metaspace       used 86964K, committed 87808K, reserved 1179648K
  class space    used 12118K, committed 12480K, reserved 1048576K
}
Event: 9.446 GC heap after
{Heap after GC invocations=23 (full 0):
 garbage-first heap   total reserved 2041856K, committed 137216K, used 59768K [0x0000000083600000, 0x0000000100000000)
  region size 1024K, 5 young (5120K), 5 survivors (5120K)
 Metaspace       used 86964K, committed 87808K, reserved 1179648K
  class space    used 12118K, committed 12480K, reserved 1048576K
}
Event: 9.938 GC heap before
{Heap before GC invocations=24 (full 0):
 garbage-first heap   total reserved 2041856K, committed 137216K, used 121208K [0x0000000083600000, 0x0000000100000000)
  region size 1024K, 65 young (66560K), 5 survivors (5120K)
 Metaspace       used 88464K, committed 89344K, reserved 1179648K
  class space    used 12368K, committed 12800K, reserved 1048576K
}
Event: 9.944 GC heap after
{Heap after GC invocations=25 (full 0):
 garbage-first heap   total reserved 2041856K, committed 137216K, used 62238K [0x0000000083600000, 0x0000000100000000)
  region size 1024K, 7 young (7168K), 7 survivors (7168K)
 Metaspace       used 88464K, committed 89344K, reserved 1179648K
  class space    used 12368K, committed 12800K, reserved 1048576K
}
Event: 10.478 GC heap before
{Heap before GC invocations=25 (full 0):
 garbage-first heap   total reserved 2041856K, committed 137216K, used 121630K [0x0000000083600000, 0x0000000100000000)
  region size 1024K, 65 young (66560K), 7 survivors (7168K)
 Metaspace       used 91311K, committed 92160K, reserved 1179648K
  class space    used 12810K, committed 13184K, reserved 1048576K
}
Event: 10.486 GC heap after
{Heap after GC invocations=26 (full 0):
 garbage-first heap   total reserved 2041856K, committed 137216K, used 64347K [0x0000000083600000, 0x0000000100000000)
  region size 1024K, 8 young (8192K), 8 survivors (8192K)
 Metaspace       used 91311K, committed 92160K, reserved 1179648K
  class space    used 12810K, committed 13184K, reserved 1048576K
}
Event: 10.816 GC heap before
{Heap before GC invocations=26 (full 0):
 garbage-first heap   total reserved 2041856K, committed 137216K, used 119643K [0x0000000083600000, 0x0000000100000000)
  region size 1024K, 62 young (63488K), 8 survivors (8192K)
 Metaspace       used 92073K, committed 93056K, reserved 1179648K
  class space    used 12930K, committed 13376K, reserved 1048576K
}
Event: 10.826 GC heap after
{Heap after GC invocations=27 (full 0):
 garbage-first heap   total reserved 2041856K, committed 137216K, used 67595K [0x0000000083600000, 0x0000000100000000)
  region size 1024K, 7 young (7168K), 7 survivors (7168K)
 Metaspace       used 92073K, committed 93056K, reserved 1179648K
  class space    used 12930K, committed 13376K, reserved 1048576K
}
Event: 11.539 GC heap before
{Heap before GC invocations=28 (full 0):
 garbage-first heap   total reserved 2041856K, committed 137216K, used 120843K [0x0000000083600000, 0x0000000100000000)
  region size 1024K, 59 young (60416K), 7 survivors (7168K)
 Metaspace       used 96165K, committed 97216K, reserved 1179648K
  class space    used 13512K, committed 14016K, reserved 1048576K
}
Event: 11.544 GC heap after
{Heap after GC invocations=29 (full 0):
 garbage-first heap   total reserved 2041856K, committed 137216K, used 69552K [0x0000000083600000, 0x0000000100000000)
  region size 1024K, 6 young (6144K), 6 survivors (6144K)
 Metaspace       used 96165K, committed 97216K, reserved 1179648K
  class space    used 13512K, committed 14016K, reserved 1048576K
}
Event: 1096.208 GC heap before
{Heap before GC invocations=29 (full 0):
 garbage-first heap   total reserved 2041856K, committed 137216K, used 120752K [0x0000000083600000, 0x0000000100000000)
  region size 1024K, 57 young (58368K), 6 survivors (6144K)
 Metaspace       used 100383K, committed 101440K, reserved 1179648K
  class space    used 13909K, committed 14400K, reserved 1048576K
}
Event: 1096.292 GC heap after
{Heap after GC invocations=30 (full 0):
 garbage-first heap   total reserved 2041856K, committed 137216K, used 69888K [0x0000000083600000, 0x0000000100000000)
  region size 1024K, 4 young (4096K), 4 survivors (4096K)
 Metaspace       used 100383K, committed 101440K, reserved 1179648K
  class space    used 13909K, committed 14400K, reserved 1048576K
}
Event: 3868.915 GC heap before
{Heap before GC invocations=30 (full 0):
 garbage-first heap   total reserved 2041856K, committed 137216K, used 123136K [0x0000000083600000, 0x0000000100000000)
  region size 1024K, 57 young (58368K), 4 survivors (4096K)
 Metaspace       used 100815K, committed 101888K, reserved 1179648K
  class space    used 13919K, committed 14400K, reserved 1048576K
}
Event: 3869.065 GC heap after
{Heap after GC invocations=31 (full 0):
 garbage-first heap   total reserved 2041856K, committed 137216K, used 70776K [0x0000000083600000, 0x0000000100000000)
  region size 1024K, 5 young (5120K), 5 survivors (5120K)
 Metaspace       used 100815K, committed 101888K, reserved 1179648K
  class space    used 13919K, committed 14400K, reserved 1048576K
}
Event: 8016.985 GC heap before
{Heap before GC invocations=32 (full 0):
 garbage-first heap   total reserved 2041856K, committed 137216K, used 123000K [0x0000000083600000, 0x0000000100000000)
  region size 1024K, 56 young (57344K), 5 survivors (5120K)
 Metaspace       used 100445K, committed 101952K, reserved 1179648K
  class space    used 13791K, committed 14400K, reserved 1048576K
}
Event: 8017.168 GC heap after
{Heap after GC invocations=33 (full 0):
 garbage-first heap   total reserved 2041856K, committed 137216K, used 71055K [0x0000000083600000, 0x0000000100000000)
  region size 1024K, 3 young (3072K), 3 survivors (3072K)
 Metaspace       used 100445K, committed 101952K, reserved 1179648K
  class space    used 13791K, committed 14400K, reserved 1048576K
}

Dll operation events (11 events):
Event: 0.028 Loaded shared library C:\Users\Abdella Hamch\.p2\pool\plugins\org.eclipse.justj.openjdk.hotspot.jre.full.win32.x86_64_23.0.0.v20240919-1706\jre\bin\java.dll
Event: 0.217 Loaded shared library C:\Users\Abdella Hamch\.p2\pool\plugins\org.eclipse.justj.openjdk.hotspot.jre.full.win32.x86_64_23.0.0.v20240919-1706\jre\bin\zip.dll
Event: 0.230 Loaded shared library C:\Users\Abdella Hamch\.p2\pool\plugins\org.eclipse.justj.openjdk.hotspot.jre.full.win32.x86_64_23.0.0.v20240919-1706\jre\bin\net.dll
Event: 0.238 Loaded shared library C:\Users\Abdella Hamch\.p2\pool\plugins\org.eclipse.justj.openjdk.hotspot.jre.full.win32.x86_64_23.0.0.v20240919-1706\jre\bin\nio.dll
Event: 0.243 Loaded shared library C:\Users\Abdella Hamch\.p2\pool\plugins\org.eclipse.justj.openjdk.hotspot.jre.full.win32.x86_64_23.0.0.v20240919-1706\jre\bin\zip.dll
Event: 0.470 Loaded shared library C:\Users\Abdella Hamch\.p2\pool\plugins\org.eclipse.justj.openjdk.hotspot.jre.full.win32.x86_64_23.0.0.v20240919-1706\jre\bin\jimage.dll
Event: 1.502 Loaded shared library C:\Users\Abdella Hamch\.p2\pool\plugins\org.eclipse.justj.openjdk.hotspot.jre.full.win32.x86_64_23.0.0.v20240919-1706\jre\bin\extnet.dll
Event: 2.120 Loaded shared library C:\Users\Abdella Hamch\.p2\pool\plugins\org.eclipse.justj.openjdk.hotspot.jre.full.win32.x86_64_23.0.0.v20240919-1706\jre\bin\sunmscapi.dll
Event: 4.618 Loaded shared library C:\Users\Abdella Hamch\.p2\pool\plugins\org.eclipse.justj.openjdk.hotspot.jre.full.win32.x86_64_23.0.0.v20240919-1706\jre\bin\management.dll
Event: 4.626 Loaded shared library C:\Users\Abdella Hamch\.p2\pool\plugins\org.eclipse.justj.openjdk.hotspot.jre.full.win32.x86_64_23.0.0.v20240919-1706\jre\bin\management_ext.dll
Event: 5.369 Loaded shared library C:\Users\Abdella Hamch\.p2\pool\plugins\org.eclipse.justj.openjdk.hotspot.jre.full.win32.x86_64_23.0.0.v20240919-1706\jre\bin\verify.dll

Deoptimization events (20 events):
Event: 7611.812 Thread 0x0000013c98433890 Uncommon trap: trap_request=0xffffff45 fr.pc=0x0000013c41cf4e5c relative=0x000000000000005c
Event: 7611.813 Thread 0x0000013c98433890 Uncommon trap: reason=unstable_if action=reinterpret pc=0x0000013c41cf4e5c method=ch.qos.logback.classic.Level.fromLocationAwareLoggerInteger(I)Lch/qos/logback/classic/Level; @ 1 c2
Event: 7611.813 Thread 0x0000013c98433890 DEOPT PACKING pc=0x0000013c41cf4e5c sp=0x0000003a75bfeed0
Event: 7611.813 Thread 0x0000013c98433890 DEOPT UNPACKING pc=0x0000013c410f4402 sp=0x0000003a75bfee68 mode 2
Event: 7611.989 Thread 0x0000013c95518c80 Uncommon trap: trap_request=0xffffff45 fr.pc=0x0000013c41c24e74 relative=0x0000000000000074
Event: 7611.991 Thread 0x0000013c95518c80 Uncommon trap: reason=unstable_if action=reinterpret pc=0x0000013c41c24e74 method=java.util.concurrent.locks.AbstractQueuedSynchronizer$ConditionObject.canReacquire(Ljava/util/concurrent/locks/AbstractQueuedSynchronizer$ConditionNode;)Z @ 18 c2
Event: 7611.991 Thread 0x0000013c95518c80 DEOPT PACKING pc=0x0000013c41c24e74 sp=0x0000003a77cfedb0
Event: 7611.991 Thread 0x0000013c95518c80 DEOPT UNPACKING pc=0x0000013c410f4402 sp=0x0000003a77cfed50 mode 2
Event: 7612.012 Thread 0x0000013c98433890 Uncommon trap: trap_request=0xfffffff4 fr.pc=0x0000013c41b708b4 relative=0x0000000000002374
Event: 7612.013 Thread 0x0000013c98433890 Uncommon trap: reason=null_check action=make_not_entrant pc=0x0000013c41b708b4 method=java.util.jar.JarFile.getManifestFromReference()Ljava/util/jar/Manifest; @ 14 c2
Event: 7612.013 Thread 0x0000013c98433890 DEOPT PACKING pc=0x0000013c41b708b4 sp=0x0000003a75bfe040
Event: 7612.013 Thread 0x0000013c98433890 DEOPT UNPACKING pc=0x0000013c410f4402 sp=0x0000003a75bfe000 mode 2
Event: 7632.805 Thread 0x0000013c984317c0 Uncommon trap: trap_request=0xffffff45 fr.pc=0x0000013c41cb5b78 relative=0x0000000000000078
Event: 7632.806 Thread 0x0000013c984317c0 Uncommon trap: reason=unstable_if action=reinterpret pc=0x0000013c41cb5b78 method=java.util.concurrent.atomic.AtomicBoolean.compareAndSet(ZZ)Z @ 5 c2
Event: 7632.806 Thread 0x0000013c984317c0 DEOPT PACKING pc=0x0000013c41cb5b78 sp=0x0000003a75bfea10
Event: 7632.806 Thread 0x0000013c984317c0 DEOPT UNPACKING pc=0x0000013c410f4402 sp=0x0000003a75bfe9a0 mode 2
Event: 7633.170 Thread 0x0000013c9842f6f0 Uncommon trap: trap_request=0xffffffde fr.pc=0x0000013c41d069fc relative=0x000000000000033c
Event: 7633.170 Thread 0x0000013c9842f6f0 Uncommon trap: reason=class_check action=maybe_recompile pc=0x0000013c41d069fc method=java.util.concurrent.ThreadPoolExecutor.getTask()Ljava/lang/Runnable; @ 147 c2
Event: 7633.170 Thread 0x0000013c9842f6f0 DEOPT PACKING pc=0x0000013c41d069fc sp=0x0000003a785fefb0
Event: 7633.170 Thread 0x0000013c9842f6f0 DEOPT UNPACKING pc=0x0000013c410f4402 sp=0x0000003a785fef38 mode 2

Classes loaded (20 events):
Event: 20.734 Loading class java/time/Clock$FixedClock
Event: 20.735 Loading class java/time/Clock$FixedClock done
Event: 20.737 Loading class java/time/Clock$TickClock
Event: 20.737 Loading class java/time/Clock$TickClock done
Event: 20.808 Loading class org/w3c/dom/Node
Event: 20.809 Loading class org/w3c/dom/Node done
Event: 20.809 Loading class org/w3c/dom/Document
Event: 20.809 Loading class org/w3c/dom/Document done
Event: 1761.171 Loading class sun/security/ssl/Alert
Event: 1761.294 Loading class sun/security/ssl/Alert done
Event: 1761.321 Loading class sun/security/ssl/Alert$AlertConsumer
Event: 1761.376 Loading class sun/security/ssl/Alert$AlertConsumer done
Event: 1761.377 Loading class sun/security/ssl/Alert$Level
Event: 1761.390 Loading class sun/security/ssl/Alert$Level done
Event: 1761.419 Loading class sun/net/ConnectionResetException
Event: 1761.431 Loading class sun/net/ConnectionResetException done
Event: 7609.825 Loading class java/util/concurrent/ConcurrentHashMap$ValueSpliterator
Event: 7609.905 Loading class java/util/concurrent/ConcurrentHashMap$ValueSpliterator done
Event: 7611.886 Loading class sun/net/util/SocketExceptions
Event: 7611.966 Loading class sun/net/util/SocketExceptions done

Classes unloaded (20 events):
Event: 3869.393 Thread 0x0000013c4ea6d810 Unloading class 0x0000013c50091800 'java/lang/invoke/LambdaForm$MH+0x0000013c50091800'
Event: 3869.393 Thread 0x0000013c4ea6d810 Unloading class 0x0000013c50091400 'java/lang/invoke/LambdaForm$MH+0x0000013c50091400'
Event: 3869.393 Thread 0x0000013c4ea6d810 Unloading class 0x0000013c50091000 'java/lang/invoke/LambdaForm$MH+0x0000013c50091000'
Event: 3869.393 Thread 0x0000013c4ea6d810 Unloading class 0x0000013c50090800 'java/lang/invoke/LambdaForm$MH+0x0000013c50090800'
Event: 3869.393 Thread 0x0000013c4ea6d810 Unloading class 0x0000013c50090000 'java/lang/invoke/LambdaForm$MH+0x0000013c50090000'
Event: 3869.393 Thread 0x0000013c4ea6d810 Unloading class 0x0000013c50034400 'java/lang/invoke/LambdaForm$MH+0x0000013c50034400'
Event: 3869.393 Thread 0x0000013c4ea6d810 Unloading class 0x0000013c5001b400 'java/lang/invoke/LambdaForm$MH+0x0000013c5001b400'
Event: 3869.394 Thread 0x0000013c4ea6d810 Unloading class 0x0000013c5001ac00 'java/lang/invoke/LambdaForm$MH+0x0000013c5001ac00'
Event: 3869.394 Thread 0x0000013c4ea6d810 Unloading class 0x0000013c5001a400 'java/lang/invoke/LambdaForm$MH+0x0000013c5001a400'
Event: 3869.394 Thread 0x0000013c4ea6d810 Unloading class 0x0000013c5001a000 'java/lang/invoke/LambdaForm$MH+0x0000013c5001a000'
Event: 3869.394 Thread 0x0000013c4ea6d810 Unloading class 0x0000013c50019000 'java/lang/invoke/LambdaForm$MH+0x0000013c50019000'
Event: 3869.394 Thread 0x0000013c4ea6d810 Unloading class 0x0000013c50018400 'java/lang/invoke/LambdaForm$MH+0x0000013c50018400'
Event: 3869.394 Thread 0x0000013c4ea6d810 Unloading class 0x0000013c50018000 'java/lang/invoke/LambdaForm$MH+0x0000013c50018000'
Event: 3869.394 Thread 0x0000013c4ea6d810 Unloading class 0x0000013c50017800 'java/lang/invoke/LambdaForm$MH+0x0000013c50017800'
Event: 3869.394 Thread 0x0000013c4ea6d810 Unloading class 0x0000013c50017400 'java/lang/invoke/LambdaForm$MH+0x0000013c50017400'
Event: 3869.394 Thread 0x0000013c4ea6d810 Unloading class 0x0000013c50017000 'java/lang/invoke/LambdaForm$MH+0x0000013c50017000'
Event: 3869.394 Thread 0x0000013c4ea6d810 Unloading class 0x0000013c50016000 'java/lang/invoke/LambdaForm$MH+0x0000013c50016000'
Event: 3869.394 Thread 0x0000013c4ea6d810 Unloading class 0x0000013c50015000 'java/lang/invoke/LambdaForm$MH+0x0000013c50015000'
Event: 3869.394 Thread 0x0000013c4ea6d810 Unloading class 0x0000013c50014800 'java/lang/invoke/LambdaForm$MH+0x0000013c50014800'
Event: 3869.394 Thread 0x0000013c4ea6d810 Unloading class 0x0000013c50014000 'java/lang/invoke/LambdaForm$MH+0x0000013c50014000'

Classes redefined (0 events):
No events

Internal exceptions (20 events):
Event: 7607.888 Thread 0x0000013c99ef8da0 Implicit null exception at 0x0000013c41aa0b4c to 0x0000013c41aa7fec
Event: 7609.574 Thread 0x0000013c99ef9ac0 Implicit null exception at 0x0000013c41abcb58 to 0x0000013c41abd970
Event: 7610.405 Thread 0x0000013c99ef9ac0 Exception <a 'java/lang/NoSuchMethodError'{0x00000000887f1428}: 'java.lang.Object java.lang.invoke.Invokers$Holder.linkToTargetMethod(java.lang.Object, java.lang.Object, java.lang.Object, java.lang.Object, int, java.lang.Object)'> (0x00000000887f1428) 
thrown [s\src\hotspot\share\interpreter\linkResolver.cpp, line 796]
Event: 7611.878 Thread 0x0000013c98433890 Exception <a 'java/net/ConnectException'{0x00000000886421e0}: Connection refused: getsockopt> (0x00000000886421e0) 
thrown [s\src\hotspot\share\prims\jni.cpp, line 539]
Event: 7611.976 Thread 0x0000013c98433890 Exception <a 'java/net/ConnectException'{0x0000000088642b30}: Connection refused: getsockopt> (0x0000000088642b30) 
thrown [s\src\hotspot\share\prims\jni.cpp, line 539]
Event: 7612.012 Thread 0x0000013c98433890 Implicit null exception at 0x0000013c41b6e58b to 0x0000013c41b708a4
Event: 7617.294 Thread 0x0000013c984317c0 Exception <a 'java/net/ConnectException'{0x000000008865ceb0}: Connection refused: getsockopt> (0x000000008865ceb0) 
thrown [s\src\hotspot\share\prims\jni.cpp, line 539]
Event: 7617.294 Thread 0x0000013c984317c0 Exception <a 'java/net/ConnectException'{0x000000008865d730}: Connection refused: getsockopt> (0x000000008865d730) 
thrown [s\src\hotspot\share\prims\jni.cpp, line 539]
Event: 7622.403 Thread 0x0000013c9842f6f0 Exception <a 'java/net/ConnectException'{0x00000000886b0108}: Connection refused: getsockopt> (0x00000000886b0108) 
thrown [s\src\hotspot\share\prims\jni.cpp, line 539]
Event: 7622.403 Thread 0x0000013c9842f6f0 Exception <a 'java/net/ConnectException'{0x00000000886b0988}: Connection refused: getsockopt> (0x00000000886b0988) 
thrown [s\src\hotspot\share\prims\jni.cpp, line 539]
Event: 7627.502 Thread 0x0000013c98434c40 Exception <a 'java/net/ConnectException'{0x00000000886bdcf8}: Connection refused: getsockopt> (0x00000000886bdcf8) 
thrown [s\src\hotspot\share\prims\jni.cpp, line 539]
Event: 7627.503 Thread 0x0000013c98434c40 Exception <a 'java/net/ConnectException'{0x00000000886be578}: Connection refused: getsockopt> (0x00000000886be578) 
thrown [s\src\hotspot\share\prims\jni.cpp, line 539]
Event: 8841.607 Thread 0x0000013c984324e0 Exception <a 'java/io/IOException'{0x000000008ac79a78}> (0x000000008ac79a78) 
thrown [s\src\hotspot\share\prims\jni.cpp, line 520]
Event: 8841.647 Thread 0x0000013c984324e0 Exception <a 'java/io/IOException'{0x000000008ac7a9c0}> (0x000000008ac7a9c0) 
thrown [s\src\hotspot\share\prims\jni.cpp, line 520]
Event: 8854.880 Thread 0x0000013c98433890 Exception <a 'java/io/IOException'{0x000000008ace3490}> (0x000000008ace3490) 
thrown [s\src\hotspot\share\prims\jni.cpp, line 520]
Event: 8854.896 Thread 0x0000013c98433890 Exception <a 'java/io/IOException'{0x000000008ace40f8}> (0x000000008ace40f8) 
thrown [s\src\hotspot\share\prims\jni.cpp, line 520]
Event: 8861.426 Thread 0x0000013c984324e0 Exception <a 'java/io/IOException'{0x000000008ab4cb20}> (0x000000008ab4cb20) 
thrown [s\src\hotspot\share\prims\jni.cpp, line 520]
Event: 8861.440 Thread 0x0000013c984324e0 Exception <a 'java/io/IOException'{0x000000008ab4d788}> (0x000000008ab4d788) 
thrown [s\src\hotspot\share\prims\jni.cpp, line 520]
Event: 8903.056 Thread 0x0000013c984324e0 Exception <a 'java/io/IOException'{0x000000008a9cd088}> (0x000000008a9cd088) 
thrown [s\src\hotspot\share\prims\jni.cpp, line 520]
Event: 8903.070 Thread 0x0000013c984324e0 Exception <a 'java/io/IOException'{0x000000008a9cdcf0}> (0x000000008a9cdcf0) 
thrown [s\src\hotspot\share\prims\jni.cpp, line 520]

VM Operations (20 events):
Event: 20.780 Executing VM operation: HandshakeAllThreads (Deoptimize)
Event: 20.780 Executing VM operation: HandshakeAllThreads (Deoptimize) done
Event: 60.231 Executing VM operation: HandshakeAllThreads (HandshakeForDeflation)
Event: 60.232 Executing VM operation: HandshakeAllThreads (HandshakeForDeflation) done
Event: 60.232 Executing VM operation: RendezvousGCThreads
Event: 60.232 Executing VM operation: RendezvousGCThreads done
Event: 1096.205 Executing VM operation: G1CollectForAllocation (G1 Evacuation Pause)
Event: 1096.292 Executing VM operation: G1CollectForAllocation (G1 Evacuation Pause) done
Event: 3868.912 Executing VM operation: G1CollectForAllocation (G1 Evacuation Pause)
Event: 3869.066 Executing VM operation: G1CollectForAllocation (G1 Evacuation Pause) done
Event: 3869.351 Executing VM operation: G1PauseRemark
Event: 3869.987 Executing VM operation: G1PauseRemark done
Event: 3870.005 Executing VM operation: G1PauseCleanup
Event: 3870.011 Executing VM operation: G1PauseCleanup done
Event: 7637.437 Executing VM operation: HandshakeAllThreads (HandshakeForDeflation)
Event: 7637.438 Executing VM operation: HandshakeAllThreads (HandshakeForDeflation) done
Event: 7637.438 Executing VM operation: RendezvousGCThreads
Event: 7637.438 Executing VM operation: RendezvousGCThreads done
Event: 8016.981 Executing VM operation: G1CollectForAllocation (G1 Evacuation Pause)
Event: 8017.170 Executing VM operation: G1CollectForAllocation (G1 Evacuation Pause) done

Memory protections (0 events):
No events

Nmethod flushes (20 events):
Event: 3869.913 Thread 0x0000013c4ea6d810 flushing  nmethod 0x0000013c3a791e08
Event: 3869.914 Thread 0x0000013c4ea6d810 flushing  nmethod 0x0000013c3a792f88
Event: 3869.914 Thread 0x0000013c4ea6d810 flushing  nmethod 0x0000013c41922008
Event: 3869.914 Thread 0x0000013c4ea6d810 flushing  nmethod 0x0000013c41ab3908
Event: 3869.914 Thread 0x0000013c4ea6d810 flushing  nmethod 0x0000013c39ca1508
Event: 3869.914 Thread 0x0000013c4ea6d810 flushing  nmethod 0x0000013c39ceb508
Event: 3869.914 Thread 0x0000013c4ea6d810 flushing  nmethod 0x0000013c3a276208
Event: 3869.915 Thread 0x0000013c4ea6d810 flushing  nmethod 0x0000013c3a328a88
Event: 3869.915 Thread 0x0000013c4ea6d810 flushing  nmethod 0x0000013c3a4ea108
Event: 3869.915 Thread 0x0000013c4ea6d810 flushing  nmethod 0x0000013c3a4eb508
Event: 3869.916 Thread 0x0000013c4ea6d810 flushing  nmethod 0x0000013c3a592c88
Event: 3869.916 Thread 0x0000013c4ea6d810 flushing  nmethod 0x0000013c3a7cc788
Event: 3869.916 Thread 0x0000013c4ea6d810 flushing  nmethod 0x0000013c3a81d788
Event: 3869.916 Thread 0x0000013c4ea6d810 flushing  nmethod 0x0000013c41a8b208
Event: 3869.916 Thread 0x0000013c4ea6d810 flushing  nmethod 0x0000013c39ddaf08
Event: 3869.916 Thread 0x0000013c4ea6d810 flushing  nmethod 0x0000013c39fc3008
Event: 3869.916 Thread 0x0000013c4ea6d810 flushing  nmethod 0x0000013c3a1e7108
Event: 3869.916 Thread 0x0000013c4ea6d810 flushing  nmethod 0x0000013c3a4b6388
Event: 3869.916 Thread 0x0000013c4ea6d810 flushing  nmethod 0x0000013c3a4b6688
Event: 3869.916 Thread 0x0000013c4ea6d810 flushing  nmethod 0x0000013c3a50c708

Events (20 events):
Event: 8854.814 Thread 0x0000013c95511cf0 Thread added: 0x0000013c98433890
Event: 8854.816 Thread 0x0000013c95511cf0 Thread added: 0x0000013c984324e0
Event: 8859.929 Thread 0x0000013c98433890 Thread exited: 0x0000013c98433890
Event: 8860.196 Thread 0x0000013c984324e0 Thread exited: 0x0000013c984324e0
Event: 8861.371 Thread 0x0000013c95511cf0 Thread added: 0x0000013c984324e0
Event: 8861.373 Thread 0x0000013c95511cf0 Thread added: 0x0000013c98432b70
Event: 8867.810 Thread 0x0000013c984324e0 Thread exited: 0x0000013c984324e0
Event: 8867.847 Thread 0x0000013c98432b70 Thread exited: 0x0000013c98432b70
Event: 8869.676 Thread 0x0000013c95511cf0 Thread added: 0x0000013c984324e0
Event: 8869.677 Thread 0x0000013c95511cf0 Thread added: 0x0000013c98432b70
Event: 8878.732 Thread 0x0000013c984324e0 Thread exited: 0x0000013c984324e0
Event: 8878.778 Thread 0x0000013c98432b70 Thread exited: 0x0000013c98432b70
Event: 8880.962 Thread 0x0000013c95511cf0 Thread added: 0x0000013c98434c40
Event: 8880.962 Thread 0x0000013c95511cf0 Thread added: 0x0000013c98433890
Event: 8885.979 Thread 0x0000013c98434c40 Thread exited: 0x0000013c98434c40
Event: 8886.025 Thread 0x0000013c98433890 Thread exited: 0x0000013c98433890
Event: 8903.002 Thread 0x0000013c95511cf0 Thread added: 0x0000013c984324e0
Event: 8903.004 Thread 0x0000013c95511cf0 Thread added: 0x0000013c98432b70
Event: 8908.077 Thread 0x0000013c984324e0 Thread exited: 0x0000013c984324e0
Event: 8908.263 Thread 0x0000013c98432b70 Thread exited: 0x0000013c98432b70


Dynamic libraries:
0x00007ff72d980000 - 0x00007ff72d98e000 	C:\Users\Abdella Hamch\.p2\pool\plugins\org.eclipse.justj.openjdk.hotspot.jre.full.win32.x86_64_23.0.0.v20240919-1706\jre\bin\javaw.exe
0x00007ffd3b360000 - 0x00007ffd3b569000 	C:\windows\SYSTEM32\ntdll.dll
0x00007ffd3a440000 - 0x00007ffd3a4fe000 	C:\windows\System32\KERNEL32.DLL
0x00007ffd38a70000 - 0x00007ffd38dec000 	C:\windows\System32\KERNELBASE.dll
0x00007ffd38460000 - 0x00007ffd385ac000 	C:\Windows\system32\hmpalert.dll
0x00007ffd390c0000 - 0x00007ffd391d1000 	C:\windows\System32\ucrtbase.dll
0x00007ffd348d0000 - 0x00007ffd348eb000 	C:\Users\Abdella Hamch\.p2\pool\plugins\org.eclipse.justj.openjdk.hotspot.jre.full.win32.x86_64_23.0.0.v20240919-1706\jre\bin\VCRUNTIME140.dll
0x00007ffd0e180000 - 0x00007ffd0e197000 	C:\Users\Abdella Hamch\.p2\pool\plugins\org.eclipse.justj.openjdk.hotspot.jre.full.win32.x86_64_23.0.0.v20240919-1706\jre\bin\jli.dll
0x00007ffd393f0000 - 0x00007ffd3959d000 	C:\windows\System32\USER32.dll
0x00007ffd38eb0000 - 0x00007ffd38ed6000 	C:\windows\System32\win32u.dll
0x00007ffd39640000 - 0x00007ffd39669000 	C:\windows\System32\GDI32.dll
0x00007ffd388b0000 - 0x00007ffd389c8000 	C:\windows\System32\gdi32full.dll
0x00007ffd389d0000 - 0x00007ffd38a6d000 	C:\windows\System32\msvcp_win.dll
0x00007ffd378f0000 - 0x00007ffd37b95000 	C:\windows\WinSxS\amd64_microsoft.windows.common-controls_6595b64144ccf1df_6.0.22000.120_none_9d947278b86cc467\COMCTL32.dll
0x00007ffd3b190000 - 0x00007ffd3b233000 	C:\windows\System32\msvcrt.dll
0x00007ffd39830000 - 0x00007ffd39861000 	C:\windows\System32\IMM32.DLL
0x00007ffd35110000 - 0x00007ffd3511c000 	C:\Users\Abdella Hamch\.p2\pool\plugins\org.eclipse.justj.openjdk.hotspot.jre.full.win32.x86_64_23.0.0.v20240919-1706\jre\bin\vcruntime140_1.dll
0x00007ffd168f0000 - 0x00007ffd1697e000 	C:\Users\Abdella Hamch\.p2\pool\plugins\org.eclipse.justj.openjdk.hotspot.jre.full.win32.x86_64_23.0.0.v20240919-1706\jre\bin\msvcp140.dll
0x00007ffca3d80000 - 0x00007ffca4b4d000 	C:\Users\Abdella Hamch\.p2\pool\plugins\org.eclipse.justj.openjdk.hotspot.jre.full.win32.x86_64_23.0.0.v20240919-1706\jre\bin\server\jvm.dll
0x00007ffd3a7a0000 - 0x00007ffd3a84e000 	C:\windows\System32\ADVAPI32.dll
0x00007ffd3a8d0000 - 0x00007ffd3a96e000 	C:\windows\System32\sechost.dll
0x00007ffd3a680000 - 0x00007ffd3a7a0000 	C:\windows\System32\RPCRT4.dll
0x00007ffd395d0000 - 0x00007ffd3963f000 	C:\windows\System32\WS2_32.dll
0x00007ffd2c1a0000 - 0x00007ffd2c1d3000 	C:\windows\SYSTEM32\WINMM.dll
0x00007ffd38360000 - 0x00007ffd383ad000 	C:\windows\SYSTEM32\POWRPROF.dll
0x00007ffd33a30000 - 0x00007ffd33a3a000 	C:\windows\SYSTEM32\VERSION.dll
0x00007ffd38340000 - 0x00007ffd38353000 	C:\windows\SYSTEM32\UMPDC.dll
0x00007ffd370a0000 - 0x00007ffd370b8000 	C:\windows\SYSTEM32\kernel.appcore.dll
0x00007ffd0e9b0000 - 0x00007ffd0e9ba000 	C:\Users\Abdella Hamch\.p2\pool\plugins\org.eclipse.justj.openjdk.hotspot.jre.full.win32.x86_64_23.0.0.v20240919-1706\jre\bin\jimage.dll
0x00007ffd37f10000 - 0x00007ffd38131000 	C:\windows\SYSTEM32\DBGHELP.DLL
0x00007ffd37ed0000 - 0x00007ffd37f01000 	C:\windows\SYSTEM32\dbgcore.DLL
0x00007ffd38830000 - 0x00007ffd388af000 	C:\windows\System32\bcryptPrimitives.dll
0x00007ffd0e980000 - 0x00007ffd0e99e000 	C:\Users\Abdella Hamch\.p2\pool\plugins\org.eclipse.justj.openjdk.hotspot.jre.full.win32.x86_64_23.0.0.v20240919-1706\jre\bin\java.dll
0x00007ffd391e0000 - 0x00007ffd3937a000 	C:\windows\System32\ole32.dll
0x00007ffd3a9a0000 - 0x00007ffd3ad16000 	C:\windows\System32\combase.dll
0x00007ffd39a50000 - 0x00007ffd3a215000 	C:\windows\System32\SHELL32.dll
0x00007ffd36110000 - 0x00007ffd36975000 	C:\windows\SYSTEM32\windows.storage.dll
0x00007ffd35fa0000 - 0x00007ffd36106000 	C:\windows\SYSTEM32\wintypes.dll
0x00007ffd3a350000 - 0x00007ffd3a43a000 	C:\windows\System32\SHCORE.dll
0x00007ffd39880000 - 0x00007ffd398dd000 	C:\windows\System32\shlwapi.dll
0x00007ffd38760000 - 0x00007ffd38781000 	C:\windows\SYSTEM32\profapi.dll
0x00007ffd0ca10000 - 0x00007ffd0ca27000 	C:\Users\Abdella Hamch\.p2\pool\plugins\org.eclipse.justj.openjdk.hotspot.jre.full.win32.x86_64_23.0.0.v20240919-1706\jre\bin\zip.dll
0x00007ffd0ca00000 - 0x00007ffd0ca10000 	C:\Users\Abdella Hamch\.p2\pool\plugins\org.eclipse.justj.openjdk.hotspot.jre.full.win32.x86_64_23.0.0.v20240919-1706\jre\bin\net.dll
0x00007ffd374f0000 - 0x00007ffd37557000 	C:\windows\system32\mswsock.dll
0x00007ffd15f20000 - 0x00007ffd15f36000 	C:\Users\Abdella Hamch\.p2\pool\plugins\org.eclipse.justj.openjdk.hotspot.jre.full.win32.x86_64_23.0.0.v20240919-1706\jre\bin\nio.dll
0x00007ffd36bd0000 - 0x00007ffd36bfd000 	C:\windows\SYSTEM32\IPHLPAPI.DLL
0x00007ffd3a220000 - 0x00007ffd3a229000 	C:\windows\System32\NSI.dll
0x00007ffd36c00000 - 0x00007ffd36ce8000 	C:\windows\SYSTEM32\DNSAPI.dll
0x00007ffd32d00000 - 0x00007ffd32d0a000 	C:\Windows\System32\rasadhlp.dll
0x00007ffd33050000 - 0x00007ffd330d1000 	C:\windows\System32\fwpuclnt.dll
0x00007ffd38310000 - 0x00007ffd38328000 	C:\windows\SYSTEM32\CRYPTSP.dll
0x00007ffd37000000 - 0x00007ffd37035000 	C:\windows\system32\rsaenh.dll
0x00007ffd37590000 - 0x00007ffd375b9000 	C:\windows\SYSTEM32\USERENV.dll
0x00007ffd382e0000 - 0x00007ffd38307000 	C:\windows\SYSTEM32\bcrypt.dll
0x00007ffd37710000 - 0x00007ffd3771c000 	C:\windows\SYSTEM32\CRYPTBASE.dll
0x00007ffd15ed0000 - 0x00007ffd15ed9000 	C:\Users\Abdella Hamch\.p2\pool\plugins\org.eclipse.justj.openjdk.hotspot.jre.full.win32.x86_64_23.0.0.v20240919-1706\jre\bin\extnet.dll
0x00007ffd0e970000 - 0x00007ffd0e97e000 	C:\Users\Abdella Hamch\.p2\pool\plugins\org.eclipse.justj.openjdk.hotspot.jre.full.win32.x86_64_23.0.0.v20240919-1706\jre\bin\sunmscapi.dll
0x00007ffd38ee0000 - 0x00007ffd39042000 	C:\windows\System32\CRYPT32.dll
0x00007ffd378c0000 - 0x00007ffd378e8000 	C:\windows\SYSTEM32\ncrypt.dll
0x00007ffd37880000 - 0x00007ffd378b7000 	C:\windows\SYSTEM32\NTASN1.dll
0x00007ffd348c0000 - 0x00007ffd348ca000 	C:\Users\Abdella Hamch\.p2\pool\plugins\org.eclipse.justj.openjdk.hotspot.jre.full.win32.x86_64_23.0.0.v20240919-1706\jre\bin\management.dll
0x00007ffd32ec0000 - 0x00007ffd32ecb000 	C:\Users\Abdella Hamch\.p2\pool\plugins\org.eclipse.justj.openjdk.hotspot.jre.full.win32.x86_64_23.0.0.v20240919-1706\jre\bin\management_ext.dll
0x00007ffd3a990000 - 0x00007ffd3a998000 	C:\windows\System32\PSAPI.DLL
0x00007ffd2ec10000 - 0x00007ffd2ec20000 	C:\Users\Abdella Hamch\.p2\pool\plugins\org.eclipse.justj.openjdk.hotspot.jre.full.win32.x86_64_23.0.0.v20240919-1706\jre\bin\verify.dll
0x00007ffcd08e0000 - 0x00007ffcd08e8000 	C:\windows\system32\wshunix.dll

dbghelp: loaded successfully - version: 4.0.5 - missing functions: none
symbol engine: initialized successfully - sym options: 0x614 - pdb path: .;C:\Users\Abdella Hamch\.p2\pool\plugins\org.eclipse.justj.openjdk.hotspot.jre.full.win32.x86_64_23.0.0.v20240919-1706\jre\bin;C:\windows\SYSTEM32;C:\windows\WinSxS\amd64_microsoft.windows.common-controls_6595b64144ccf1df_6.0.22000.120_none_9d947278b86cc467;C:\Users\Abdella Hamch\.p2\pool\plugins\org.eclipse.justj.openjdk.hotspot.jre.full.win32.x86_64_23.0.0.v20240919-1706\jre\bin\server

VM Arguments:
jvm_args: -Dfile.encoding=UTF-8 -Dstdout.encoding=UTF-8 -Dstderr.encoding=UTF-8 -XX:+ShowCodeDetailsInExceptionMessages 
java_command: com.hamch.customerservice.CustomerServiceApplication
java_class_path (initial): B:\Java091024\myEcomm091024\customer-service\target\classes;C:\Users\Abdella Hamch\.p2\pool\plugins\org.junit_4.13.2.v20230809-1000.jar;C:\Users\Abdella Hamch\.p2\pool\plugins\org.hamcrest_3.0.0.jar;C:\Users\Abdella Hamch\.p2\pool\plugins\org.hamcrest.core_2.2.0.v20230809-1000.jar;C:\Users\Abdella Hamch\.m2\repository\org\modelmapper\modelmapper\3.2.0\modelmapper-3.2.0.jar;C:\Users\Abdella Hamch\.m2\repository\org\springframework\boot\spring-boot-autoconfigure\3.2.1\spring-boot-autoconfigure-3.2.1.jar;C:\Users\Abdella Hamch\.m2\repository\org\springframework\boot\spring-boot\3.2.1\spring-boot-3.2.1.jar;C:\Users\Abdella Hamch\.m2\repository\org\jetbrains\annotations\17.0.0\annotations-17.0.0.jar;C:\Users\Abdella Hamch\.m2\repository\org\springframework\boot\spring-boot-starter-validation\3.2.1\spring-boot-starter-validation-3.2.1.jar;C:\Users\Abdella Hamch\.m2\repository\org\springframework\boot\spring-boot-starter\3.2.1\spring-boot-starter-3.2.1.jar;C:\Users\Abdella Hamch\.m2\repository\org\springframework\boot\spring-boot-starter-logging\3.2.1\spring-boot-starter-logging-3.2.1.jar;C:\Users\Abdella Hamch\.m2\repository\ch\qos\logback\logback-classic\1.4.14\logback-classic-1.4.14.jar;C:\Users\Abdella Hamch\.m2\repository\ch\qos\logback\logback-core\1.4.14\logback-core-1.4.14.jar;C:\Users\Abdella Hamch\.m2\repository\org\apache\logging\log4j\log4j-to-slf4j\2.21.1\log4j-to-slf4j-2.21.1.jar;C:\Users\Abdella Hamch\.m2\repository\org\apache\logging\log4j\log4j-api\2.21.1\log4j-api-2.21.1.jar;C:\Users\Abdella Hamch\.m2\repository\org\slf4j\jul-to-slf4j\2.0.9\jul-to-slf4j-2.0.9.jar;C:\Users\Abdella Hamch\.m2\repository\jakarta\annotation\jakarta.annotation-api\2.1.1\jakarta.annotation-api-2.1.1.jar;C:\Users\Abdella Hamch\.m2\repository\org\yaml\snakeyaml\2.2\snakeyaml-2.2.jar;C:\Users\Abdella Hamch\.m2\repository\org\apache\tomcat\embed\tomcat-embed-el\10.1.17\tomcat-embed-el-10.1.17.jar;C:\Users\Abdella Hamch\.m2\repository\org\hibernate\validator\hibernate-validator\8.0.1.Final\hibernate-validator-8.0.1.Final.jar;C:\Users\Abdella Hamch\.m2\repository\jakarta\validation\jakarta.validation-api\3.0.2\jakarta.validation-api-3.0.2.jar;C:\Users\Abdella Hamch\.m2\repository\org\jboss\logging\jboss-logging\3.5.3.Final\jboss-logging-3.5.3.Final.jar;C:\Users\Abdella Hamch\.m2\repository\com\fasterxml\classmate\1.6.0\classmate-1.6.0.jar;C:\Users\Abdella Hamch\.m2\repository\org\springframework\boot\spring-boot-starter-jdbc\3.2.1\spring-boot-starter-jdbc-3.2.1.jar;C:\Users\Abdella Hamch\.m2\repository\com\zaxxer\HikariCP\5.0.1\HikariCP-5.0.1.jar;C:\Users\Abdella Hamch\.m2\repository\org\springframework\spring-jdbc\6.1.2\spring-jdbc-6.1.2.jar;C:\Users\Abdella Hamch\.m2\repository\org\springframework\spring-beans\6.1.2\spring-beans-6.1.2.jar;C:\Users\Abdella Hamch\.m2\repository\org\springdoc\springdoc-openapi-starter-webmvc-ui\2.3.0\springdoc-openapi-starter-webmvc-ui-2.3.0.jar;C:\Users\Abdella Hamch\.m2\repository\org\springdoc\springdoc-openapi-starter-webmvc-api\2.3.0\springdoc-openapi-starter-webmvc-api-2.3.0.jar;C:\Users\Abdella Hamch\.m2\repository\org\springdoc\springdoc-openapi-starter-common\2.3.0\springdoc-openapi-starter-common-2.3.0.jar;C:\Users\Abdella Hamch\.m2\repository\io\swagger\core\v3\swagger-core-jakarta\2.2.19\swagger-core-jakarta-2.2.19.jar;C:\Users\Abdella Hamch\.m2\repository\org\apache\commons\commons-lang3\3.13.0\commons-lang3-3.13.0.jar;C:\Users\Abdella Hamch\.m2\repository\io\swagger\core\v3\swagger-annotations-jakarta\2.2.19\swagger-annotations-jakarta-2.2.19.jar;C:\Users\Abdella Hamch\.m2\repository\io\swagger\core\v3\swagger-models-jakarta\2.2.19\swagger-models-jakarta-2.2.19.jar;C:\Users\Abdella Hamch\.m2\repository\com\fasterxml\jackson\dataformat\jackson-dataformat-yaml\2.15.3\jackson-dataformat-yaml-2.15.3.jar;C:\Users\Abdella Hamch\.m2\repository\org\webjars\swagger-ui\5.10.3\swagger-ui-5.10.3.jar;C:\Users\Abdella Hamch\.m2\repository\org\springframework\boot\spring-boot-starter-data-jpa\3.2.1\spring-boot-starter-data-jpa-3.2.1.jar;C:\Users\Abdella Hamch\.m2\repository\org\springframework\boot\spring-boot-starter-aop\3.2.1\spring-boot-starter-aop-3.2.1.jar;C:\Users\Abdella Hamch\.m2\repository\org\aspectj\aspectjweaver\1.9.21\aspectjweaver-1.9.21.jar;C:\Users\Abdella Hamch\.m2\repository\org\hibernate\orm\hibernate-core\6.4.1.Final\hibernate-core-6.4.1.Final.jar;C:\Users\Abdella Hamch\.m2\repository\jakarta\persistence\jakarta.persistence-api\3.1.0\jakarta.persistence-api-3.1.0.jar;C:\Users\Abdella Hamch\.m2\repository\jakarta\transaction\jakarta.transaction-api\2.0.1\jakarta.transaction-api-2.0.1.jar;C:\Users\Abdella Hamch\.m2\repository\org\hibernate\common\hibernate-commons-annotations\6.0.6.Final\hibernate-commons-annotations-6.0.6.Final.jar;C:\Users\Abdella Hamch\.m2\repository\io\smallrye\jandex\3.1.2\jandex-3.1.2.jar;C:\Users\Abdella Hamch\.m2\repository\net\bytebuddy\byte-buddy\1.14.10\byte-buddy-1.14.10.jar;C:\Users\Abdella Hamch\.m2\repository\org\glassfish\jaxb\jaxb-runtime\4.0.4\jaxb-runtime-4.0.4.jar;C:\Users\Abdella Hamch\.m2\repository\org\glassfish\jaxb\jaxb-core\4.0.4\jaxb-core-4.0.4.jar;C:\Users\Abdella Hamch\.m2\repository\org\eclipse\angus\angus-activation\2.0.1\angus-activation-2.0.1.jar;C:\Users\Abdella Hamch\.m2\repository\org\glassfish\jaxb\txw2\4.0.4\txw2-4.0.4.jar;C:\Users\Abdella Hamch\.m2\repository\com\sun\istack\istack-commons-runtime\4.1.2\istack-commons-runtime-4.1.2.jar;C:\Users\Abdella Hamch\.m2\repository\jakarta\inject\jakarta.inject-api\2.0.1\jakarta.inject-api-2.0.1.jar;C:\Users\Abdella Hamch\.m2\repository\org\antlr\antlr4-runtime\4.13.0\antlr4-runtime-4.13.0.jar;C:\Users\Abdella Hamch\.m2\repository\org\springframework\data\spring-data-jpa\3.2.1\spring-data-jpa-3.2.1.jar;C:\Users\Abdella Hamch\.m2\repository\org\springframework\spring-orm\6.1.2\spring-orm-6.1.2.jar;C:\Users\Abdella Hamch\.m2\repository\org\springframework\spring-context\6.1.2\spring-context-6.1.2.jar;C:\Users\Abdella Hamch\.m2\repository\org\springframework\spring-aspects\6.1.2\spring-aspects-6.1.2.jar;C:\Users\Abdella Hamch\.m2\repository\org\springframework\boot\spring-boot-starter-security\3.2.1\spring-boot-starter-security-3.2.1.jar;C:\Users\Abdella Hamch\.m2\repository\org\springframework\spring-aop\6.1.2\spring-aop-6.1.2.jar;C:\Users\Abdella Hamch\.m2\repository\org\springframework\security\spring-security-config\6.2.1\spring-security-config-6.2.1.jar;C:\Users\Abdella Hamch\.m2\repository\org\springframework\security\spring-security-core\6.2.1\spring-security-core-6.2.1.jar;C:\Users\Abdella Hamch\.m2\repository\org\springframework\security\spring-security-crypto\6.2.1\spring-security-crypto-6.2.1.jar;C:\Users\Abdella Hamch\.m2\repository\org\springframework\security\spring-security-web\6.2.1\spring-security-web-6.2.1.jar;C:\Users\Abdella Hamch\.m2\repository\org\springframework\spring-expression\6.1.2\spring-expression-6.1.2.jar;C:\Users\Abdella Hamch\.m2\repository\org\keycloak\keycloak-spring-boot-starter\21.0.2\keycloak-spring-boot-starter-21.0.2.jar;C:\Users\Abdella Hamch\.m2\repository\org\keycloak\keycloak-spring-boot-2-adapter\21.0.2\keycloak-spring-boot-2-adapter-21.0.2.jar;C:\Users\Abdella Hamch\.m2\repository\org\keycloak\keycloak-spring-boot-adapter-core\21.0.2\keycloak-spring-boot-adapter-core-21.0.2.jar;C:\Users\Abdella Hamch\.m2\repository\org\keycloak\keycloak-core\21.0.2\keycloak-core-21.0.2.jar;C:\Users\Abdella Hamch\.m2\repository\org\keycloak\keycloak-common\21.0.2\keycloak-common-21.0.2.jar;C:\Users\Abdella Hamch\.m2\repository\com\sun\activation\jakarta.activation\1.2.2\jakarta.activation-1.2.2.jar;C:\Users\Abdella Hamch\.m2\repository\org\keycloak\keycloak-authz-client\21.0.2\keycloak-authz-client-21.0.2.jar;C:\Users\Abdella Hamch\.m2\repository\org\apache\httpcomponents\httpclient\4.5.13\httpclient-4.5.13.jar;C:\Users\Abdella Hamch\.m2\repository\commons-codec\commons-codec\1.16.0\commons-codec-1.16.0.jar;C:\Users\Abdella Hamch\.m2\repository\org\keycloak\spring-boot-container-bundle\21.0.2\spring-boot-container-bundle-21.0.2.jar;C:\Users\Abdella Hamch\.m2\repository\org\keycloak\keycloak-adapter-core\21.0.2\keycloak-adapter-core-21.0.2.jar;C:\Users\Abdella Hamch\.m2\repository\org\keycloak\keycloak-crypto-default\21.0.2\keycloak-crypto-default-21.0.2.jar;C:\Users\Abdella Hamch\.m2\repository\org\keycloak\keycloak-server-spi\21.0.2\keycloak-server-spi-21.0.2.jar;C:\Users\Abdella Hamch\.m2\repository\org\keycloak\keycloak-server-spi-private\21.0.2\keycloak-server-spi-private-21.0.2.jar;C:\Users\Abdella Hamch\.m2\repository\org\bouncycastle\bcpkix-jdk15on\1.70\bcpkix-jdk15on-1.70.jar;C:\Users\Abdella Hamch\.m2\repository\org\bouncycastle\bcutil-jdk15on\1.70\bcutil-jdk15on-1.70.jar;C:\Users\Abdella Hamch\.m2\repository\org\keycloak\keycloak-spring-security-adapter\21.0.2\keycloak-spring-security-adapter-21.0.2.jar;C:\Users\Abdella Hamch\.m2\repository\org\keycloak\keycloak-adapter-spi\21.0.2\keycloak-adapter-spi-21.0.2.jar;C:\Users\Abdella Hamch\.m2\repository\org\bouncycastle\bcprov-jdk15on\1.70\bcprov-jdk15on-1.70.jar;C:\Users\Abdella Hamch\.m2\repository\com\fasterxml\jackson\core\jackson-core\2.15.3\jackson-core-2.15.3.jar;C:\Users\Abdella Hamch\.m2\repository\com\fasterxml\jackson\core\jackson-databind\2.15.3\jackson-databind-2.15.3.jar;C:\Users\Abdella Hamch\.m2\repository\org\springframework\boot\spring-boot-starter-web\3.2.1\spring-boot-starter-web-3.2.1.jar;C:\Users\Abdella Hamch\.m2\repository\org\springframework\boot\spring-boot-starter-json\3.2.1\spring-boot-starter-json-3.2.1.jar;C:\Users\Abdella Hamch\.m2\repository\com\fasterxml\jackson\datatype\jackson-datatype-jsr310\2.15.3\jackson-datatype-jsr310-2.15.3.jar;C:\Users\Abdella Hamch\.m2\repository\com\fasterxml\jackson\module\jackson-module-parameter-names\2.15.3\jackson-module-parameter-names-2.15.3.jar;C:\Users\Abdella Hamch\.m2\repository\org\springframework\boot\spring-boot-starter-tomcat\3.2.1\spring-boot-starter-tomcat-3.2.1.jar;C:\Users\Abdella Hamch\.m2\repository\org\apache\tomcat\embed\tomcat-embed-core\10.1.17\tomcat-embed-core-10.1.17.jar;C:\Users\Abdella Hamch\.m2\repository\org\apache\tomcat\embed\tomcat-embed-websocket\10.1.17\tomcat-embed-websocket-10.1.17.jar;C:\Users\Abdella Hamch\.m2\repository\org\springframework\spring-web\6.1.2\spring-web-6.1.2.jar;C:\Users\Abdella Hamch\.m2\repository\org\springframework\spring-webmvc\6.1.2\spring-webmvc-6.1.2.jar;C:\Users\Abdella Hamch\.m2\repository\org\springframework\cloud\spring-cloud-starter-bus-amqp\4.1.0\spring-cloud-starter-bus-amqp-4.1.0.jar;C:\Users\Abdella Hamch\.m2\repository\org\springframework\cloud\spring-cloud-starter-stream-rabbit\4.1.0\spring-cloud-starter-stream-rabbit-4.1.0.jar;C:\Users\Abdella Hamch\.m2\repository\org\springframework\cloud\spring-cloud-stream-binder-rabbit\4.1.0\spring-cloud-stream-binder-rabbit-4.1.0.jar;C:\Users\Abdella Hamch\.m2\repository\org\springframework\cloud\spring-cloud-stream-binder-rabbit-core\4.1.0\spring-cloud-stream-binder-rabbit-core-4.1.0.jar;C:\Users\Abdella Hamch\.m2\repository\org\springframework\boot\spring-boot-starter-webflux\3.2.1\spring-boot-starter-webflux-3.2.1.jar;C:\Users\Abdella Hamch\.m2\repository\org\springframework\boot\spring-boot-starter-reactor-netty\3.2.1\spring-boot-starter-reactor-netty-3.2.1.jar;C:\Users\Abdella Hamch\.m2\repository\org\springframework\spring-webflux\6.1.2\spring-webflux-6.1.2.jar;C:\Users\Abdella Hamch\.m2\repository\io\projectreactor\netty\reactor-netty\1.1.14\reactor-netty-1.1.14.jar;C:\Users\Abdella Hamch\.m2\repository\io\projectreactor\netty\reactor-netty-core\1.1.14\reactor-netty-core-1.1.14.jar;C:\Users\Abdella Hamch\.m2\repository\io\netty\netty-handler\4.1.104.Final\netty-handler-4.1.104.Final.jar;C:\Users\Abdella Hamch\.m2\repository\io\netty\netty-common\4.1.104.Final\netty-common-4.1.104.Final.jar;C:\Users\Abdella Hamch\.m2\repository\io\netty\netty-resolver\4.1.104.Final\netty-resolver-4.1.104.Final.jar;C:\Users\Abdella Hamch\.m2\repository\io\netty\netty-buffer\4.1.104.Final\netty-buffer-4.1.104.Final.jar;C:\Users\Abdella Hamch\.m2\repository\io\netty\netty-transport\4.1.104.Final\netty-transport-4.1.104.Final.jar;C:\Users\Abdella Hamch\.m2\repository\io\netty\netty-transport-native-unix-common\4.1.104.Final\netty-transport-native-unix-common-4.1.104.Final.jar;C:\Users\Abdella Hamch\.m2\repository\io\netty\netty-codec\4.1.104.Final\netty-codec-4.1.104.Final.jar;C:\Users\Abdella Hamch\.m2\repository\io\netty\netty-handler-proxy\4.1.104.Final\netty-handler-proxy-4.1.104.Final.jar;C:\Users\Abdella Hamch\.m2\repository\io\netty\netty-codec-socks\4.1.104.Final\netty-codec-socks-4.1.104.Final.jar;C:\Users\Abdella Hamch\.m2\repository\io\netty\netty-resolver-dns\4.1.104.Final\netty-resolver-dns-4.1.104.Final.jar;C:\Users\Abdella Hamch\.m2\repository\io\netty\netty-codec-dns\4.1.104.Final\netty-codec-dns-4.1.104.Final.jar;C:\Users\Abdella Hamch\.m2\repository\io\netty\netty-resolver-dns-native-macos\4.1.104.Final\netty-resolver-dns-native-macos-4.1.104.Final-osx-x86_64.jar;C:\Users\Abdella Hamch\.m2\repository\io\netty\netty-resolver-dns-classes-macos\4.1.104.Final\netty-resolver-dns-classes-macos-4.1.104.Final.jar;C:\Users\Abdella Hamch\.m2\repository\io\netty\netty-transport-native-epoll\4.1.104.Final\netty-transport-native-epoll-4.1.104.Final-linux-x86_64.jar;C:\Users\Abdella Hamch\.m2\repository\io\netty\netty-transport-classes-epoll\4.1.104.Final\netty-transport-classes-epoll-4.1.104.Final.jar;C:\Users\Abdella Hamch\.m2\repository\io\projectreactor\netty\reactor-netty-http\1.1.14\reactor-netty-http-1.1.14.jar;C:\Users\Abdella Hamch\.m2\repository\io\netty\netty-codec-http\4.1.104.Final\netty-codec-http-4.1.104.Final.jar;C:\Users\Abdella Hamch\.m2\repository\io\netty\netty-codec-http2\4.1.104.Final\netty-codec-http2-4.1.104.Final.jar;C:\Users\Abdella Hamch\.m2\repository\io\projectreactor\netty\incubator\reactor-netty-incubator-quic\0.1.14\reactor-netty-incubator-quic-0.1.14.jar;C:\Users\Abdella Hamch\.m2\repository\io\netty\incubator\netty-incubator-codec-native-quic\0.0.54.Final\netty-incubator-codec-native-quic-0.0.54.Final-linux-x86_64.jar;C:\Users\Abdella Hamch\.m2\repository\io\netty\incubator\netty-incubator-codec-classes-quic\0.0.54.Final\netty-incubator-codec-classes-quic-0.0.54.Final.jar;C:\Users\Abdella Hamch\.m2\repository\org\springframework\cloud\spring-cloud-stream\4.1.0\spring-cloud-stream-4.1.0.jar;C:\Users\Abdella Hamch\.m2\repository\org\springframework\cloud\spring-cloud-function-context\4.1.0\spring-cloud-function-context-4.1.0.jar;C:\Users\Abdella Hamch\.m2\repository\net\jodah\typetools\0.6.2\typetools-0.6.2.jar;C:\Users\Abdella Hamch\.m2\repository\org\springframework\cloud\spring-cloud-function-core\4.1.0\spring-cloud-function-core-4.1.0.jar;C:\Users\Abdella Hamch\.m2\repository\org\jetbrains\kotlin\kotlin-stdlib-jdk8\1.9.21\kotlin-stdlib-jdk8-1.9.21.jar;C:\Users\Abdella Hamch\.m2\repository\org\jetbrains\kotlin\kotlin-stdlib\1.9.21\kotlin-stdlib-1.9.21.jar;C:\Users\Abdella Hamch\.m2\repository\org\jetbrains\kotlin\kotlin-stdlib-jdk7\1.9.21\kotlin-stdlib-jdk7-1.9.21.jar;C:\Users\Abdella Hamch\.m2\repository\org\springframework\boot\spring-boot-starter-amqp\3.2.1\spring-boot-starter-amqp-3.2.1.jar;C:\Users\Abdella Hamch\.m2\repository\org\springframework\amqp\spring-rabbit\3.1.1\spring-rabbit-3.1.1.jar;C:\Users\Abdella Hamch\.m2\repository\org\springframework\amqp\spring-amqp\3.1.1\spring-amqp-3.1.1.jar;C:\Users\Abdella Hamch\.m2\repository\com\rabbitmq\amqp-client\5.19.0\amqp-client-5.19.0.jar;C:\Users\Abdella Hamch\.m2\repository\org\springframework\integration\spring-integration-amqp\6.2.1\spring-integration-amqp-6.2.1.jar;C:\Users\Abdella Hamch\.m2\repository\org\springframework\integration\spring-integration-jmx\6.2.1\spring-integration-jmx-6.2.1.jar;C:\Users\Abdella Hamch\.m2\repository\org\springframework\cloud\spring-cloud-bus\4.1.0\spring-cloud-bus-4.1.0.jar;C:\Users\Abdella Hamch\.m2\repository\org\springframework\integration\spring-integration-core\6.2.1\spring-integration-core-6.2.1.jar;C:\Users\Abdella Hamch\.m2\repository\org\springframework\spring-messaging\6.1.2\spring-messaging-6.1.2.jar;C:\Users\Abdella Hamch\.m2\repository\org\springframework\retry\spring-retry\2.0.5\spring-retry-2.0.5.jar;C:\Users\Abdella Hamch\.m2\repository\io\projectreactor\reactor-core\3.6.1\reactor-core-3.6.1.jar;C:\Users\Abdella Hamch\.m2\repository\org\reactivestreams\reactive-streams\1.0.4\reactive-streams-1.0.4.jar;C:\Users\Abdella Hamch\.m2\repository\org\springframework\cloud\spring-cloud-starter-consul-discovery\4.1.0\spring-cloud-starter-consul-discovery-4.1.0.jar;C:\Users\Abdella Hamch\.m2\repository\org\springframework\cloud\spring-cloud-starter-consul\4.1.0\spring-cloud-starter-consul-4.1.0.jar;C:\Users\Abdella Hamch\.m2\repository\org\springframework\cloud\spring-cloud-consul-core\4.1.0\spring-cloud-consul-core-4.1.0.jar;C:\Users\Abdella Hamch\.m2\repository\com\ecwid\consul\consul-api\1.4.5\consul-api-1.4.5.jar;C:\Users\Abdella Hamch\.m2\repository\com\google\code\gson\gson\2.10.1\gson-2.10.1.jar;C:\Users\Abdella Hamch\.m2\repository\org\apache\httpcomponents\httpcore\4.4.16\httpcore-4.4.16.jar;C:\Users\Abdella Hamch\.m2\repository\org\springframework\cloud\spring-cloud-consul-discovery\4.1.0\spring-cloud-consul-discovery-4.1.0.jar;C:\Users\Abdella Hamch\.m2\repository\org\springframework\cloud\spring-cloud-starter-loadbalancer\4.1.0\spring-cloud-starter-loadbalancer-4.1.0.jar;C:\Users\Abdella Hamch\.m2\repository\org\springframework\cloud\spring-cloud-loadbalancer\4.1.0\spring-cloud-loadbalancer-4.1.0.jar;C:\Users\Abdella Hamch\.m2\repository\io\projectreactor\addons\reactor-extra\3.5.1\reactor-extra-3.5.1.jar;C:\Users\Abdella Hamch\.m2\repository\org\springframework\boot\spring-boot-starter-cache\3.2.1\spring-boot-starter-cache-3.2.1.jar;C:\Users\Abdella Hamch\.m2\repository\org\springframework\spring-context-support\6.1.2\spring-context-support-6.1.2.jar;C:\Users\Abdella Hamch\.m2\repository\com\stoyanr\evictor\1.0.0\evictor-1.0.0.jar;C:\Users\Abdella Hamch\.m2\repository\org\springframework\cloud\spring-cloud-starter-consul-config\4.1.0\spring-cloud-starter-consul-config-4.1.0.jar;C:\Users\Abdella Hamch\.m2\repository\org\springframework\cloud\spring-cloud-consul-config\4.1.0\spring-cloud-consul-config-4.1.0.jar;C:\Users\Abdella Hamch\.m2\repository\org\springframework\cloud\spring-cloud-commons\4.1.0\spring-cloud-commons-4.1.0.jar;C:\Users\Abdella Hamch\.m2\repository\org\springframework\boot\spring-boot-starter-actuator\3.0.1\spring-boot-starter-actuator-3.0.1.jar;C:\Users\Abdella Hamch\.m2\repository\org\springframework\boot\spring-boot-actuator-autoconfigure\3.2.1\spring-boot-actuator-autoconfigure-3.2.1.jar;C:\Users\Abdella Hamch\.m2\repository\org\springframework\boot\spring-boot-actuator\3.2.1\spring-boot-actuator-3.2.1.jar;C:\Users\Abdella Hamch\.m2\repository\io\micrometer\micrometer-observation\1.12.1\micrometer-observation-1.12.1.jar;C:\Users\Abdella Hamch\.m2\repository\io\micrometer\micrometer-commons\1.12.1\micrometer-commons-1.12.1.jar;C:\Users\Abdella Hamch\.m2\repository\io\micrometer\micrometer-core\1.12.1\micrometer-core-1.12.1.jar;C:\Users\Abdella Hamch\.m2\repository\org\hdrhistogram\HdrHistogram\2.1.12\HdrHistogram-2.1.12.jar;C:\Users\Abdella Hamch\.m2\repository\org\latencyutils\LatencyUtils\2.0.3\LatencyUtils-2.0.3.jar;C:\Users\Abdella Hamch\.m2\repository\com\mysql\mysql-connector-j\8.0.31\mysql-connector-j-8.0.31.jar;C:\Users\Abdella Hamch\.m2\repository\org\projectlombok\lombok\1.18.30\lombok-1.18.30.jar;C:\Users\Abdella Hamch\.m2\repository\com\jayway\jsonpath\json-path\2.8.0\json-path-2.8.0.jar;C:\Users\Abdella Hamch\.m2\repository\jakarta\xml\bind\jakarta.xml.bind-api\4.0.1\jakarta.xml.bind-api-4.0.1.jar;C:\Users\Abdella Hamch\.m2\repository\jakarta\activation\jakarta.activation-api\2.1.2\jakarta.activation-api-2.1.2.jar;C:\Users\Abdella Hamch\.m2\repository\net\minidev\json-smart\2.5.0\json-smart-2.5.0.jar;C:\Users\Abdella Hamch\.m2\repository\net\minidev\accessors-smart\2.5.0\accessors-smart-2.5.0.jar;C:\Users\Abdella Hamch\.m2\repository\org\ow2\asm\asm\9.3\asm-9.3.jar;C:\Users\Abdella Hamch\.m2\repository\org\springframework\spring-core\6.1.2\spring-core-6.1.2.jar;C:\Users\Abdella Hamch\.m2\repository\org\springframework\spring-jcl\6.1.2\spring-jcl-6.1.2.jar;C:\Users\Abdella Hamch\.m2\repository\org\springframework\cloud\spring-cloud-starter-bootstrap\4.1.0\spring-cloud-starter-bootstrap-4.1.0.jar;C:\Users\Abdella Hamch\.m2\repository\org\springframework\cloud\spring-cloud-starter\4.1.0\spring-cloud-starter-4.1.0.jar;C:\Users\Abdella Hamch\.m2\repository\org\springframework\cloud\spring-cloud-context\4.1.0\spring-cloud-context-4.1.0.jar;C:\Users\Abdella Hamch\.m2\repository\org\springframework\security\spring-security-rsa\1.1.1\spring-security-rsa-1.1.1.jar;C:\Users\Abdella Hamch\.m2\repository\org\bouncycastle\bcprov-jdk18on\1.74\bcprov-jdk18on-1.74.jar;C:\Users\Abdella Hamch\.m2\repository\org\springframework\data\spring-data-rest-core\4.2.1\spring-data-rest-core-4.2.1.jar;C:\Users\Abdella Hamch\.m2\repository\org\springframework\spring-tx\6.1.2\spring-tx-6.1.2.jar;C:\Users\Abdella Hamch\.m2\repository\org\springframework\hateoas\spring-hateoas\2.2.0\spring-hateoas-2.2.0.jar;C:\Users\Abdella Hamch\.m2\repository\org\springframework\data\spring-data-commons\3.2.1\spring-data-commons-3.2.1.jar;C:\Users\Abdella Hamch\.m2\repository\org\springframework\plugin\spring-plugin-core\3.0.0\spring-plugin-core-3.0.0.jar;C:\Users\Abdella Hamch\.m2\repository\org\atteo\evo-inflector\1.3\evo-inflector-1.3.jar;C:\Users\Abdella Hamch\.m2\repository\com\fasterxml\jackson\core\jackson-annotations\2.15.3\jackson-annotations-2.15.3.jar;C:\Users\Abdella Hamch\.m2\repository\com\fasterxml\jackson\datatype\jackson-datatype-jdk8\2.15.3\jackson-datatype-jdk8-2.15.3.jar;C:\Users\Abdella Hamch\.m2\repository\org\slf4j\slf4j-api\2.0.9\slf4j-api-2.0.9.jar;C:\Users\Abdella Hamch\.m2\repository\org\springframework\boot\spring-boot-starter-data-rest\3.2.1\spring-boot-starter-data-rest-3.2.1.jar;C:\Users\Abdella Hamch\.m2\repository\org\springframework\data\spring-data-rest-webmvc\4.2.1\spring-data-rest-webmvc-4.2.1.jar
Launcher Type: SUN_STANDARD

[Global flags]
     intx CICompilerCount                          = 12                                        {product} {ergonomic}
     uint ConcGCThreads                            = 3                                         {product} {ergonomic}
     uint G1ConcRefinementThreads                  = 13                                        {product} {ergonomic}
   size_t G1HeapRegionSize                         = 1048576                                   {product} {ergonomic}
   size_t InitialHeapSize                          = 132120576                                 {product} {ergonomic}
   size_t MarkStackSize                            = 4194304                                   {product} {ergonomic}
   size_t MarkStackSizeMax                         = 536870912                                 {product} {ergonomic}
   size_t MaxHeapSize                              = 2090860544                                {product} {ergonomic}
   size_t MaxNewSize                               = 1254096896                                {product} {ergonomic}
   size_t MinHeapDeltaBytes                        = 1048576                                   {product} {ergonomic}
   size_t MinHeapSize                              = 8388608                                   {product} {ergonomic}
    uintx NonNMethodCodeHeapSize                   = 7602176                                {pd product} {ergonomic}
    uintx NonProfiledCodeHeapSize                  = 122093568                              {pd product} {ergonomic}
    uintx ProfiledCodeHeapSize                     = 121962496                              {pd product} {ergonomic}
    uintx ReservedCodeCacheSize                    = 251658240                              {pd product} {ergonomic}
     bool SegmentedCodeCache                       = true                                      {product} {ergonomic}
     bool ShowCodeDetailsInExceptionMessages       = true                                   {manageable} {command line}
   size_t SoftMaxHeapSize                          = 2090860544                             {manageable} {ergonomic}
     bool UseCompressedOops                        = true                           {product lp64_product} {ergonomic}
     bool UseG1GC                                  = true                                      {product} {ergonomic}
     bool UseLargePagesIndividualAllocation        = false                                  {pd product} {ergonomic}

Logging:
Log output configuration:
 #0: stdout all=warning uptime,level,tags foldmultilines=false
 #1: stderr all=off uptime,level,tags foldmultilines=false

Environment Variables:
JAVA_HOME=C:\Program Files\Java\jdk-23
PATH=C:/Users/Abdella Hamch/.p2/pool/plugins/org.eclipse.justj.openjdk.hotspot.jre.full.win32.x86_64_23.0.0.v20240919-1706/jre/bin/server;C:/Users/Abdella Hamch/.p2/pool/plugins/org.eclipse.justj.openjdk.hotspot.jre.full.win32.x86_64_23.0.0.v20240919-1706/jre/bin;C:\Program Files\Common Files\Oracle\Java\javapath;C:\Python312\Scripts\;C:\Python312\;C:\ProgramData\Oracle\Java\javapath;C:\Python311\Scripts\;C:\Python311\;C:\windows\system32;C:\windows;C:\windows\System32\Wbem;C:\windows\System32\WindowsPowerShell\v1.0\;C:\windows\System32\OpenSSH\;C:\Program Files (x86)\Microsoft SQL Server\160\DTS\Binn\;C:\Program Files\Azure Data Studio\bin;C:\Program Files\Git\cmd;C:\ProgramData\chocolatey\bin;C:\Program Files\Java\jdk-17\bin;C:\Program Files\PuTTY\;C:\Program Files\Microsoft SQL Server\Client SDK\ODBC\170\Tools\Binn\;C:\Program Files (x86)\Microsoft SQL Server\150\Tools\Binn\;C:\Program Files\Microsoft SQL Server\150\Tools\Binn\;C:\Program Files\Microsoft SQL Server\150\DTS\Binn\;C:\Program Files (x86)\Microsoft SQL Server\160\Tools\Binn\;C:\Program Files\Microsoft SQL Server\160\Tools\Binn\;C:\Program Files\Microsoft SQL Server\160\DTS\Binn\;C:\Program Files\Microsoft SQL Server\130\DTS\Binn\;C:\Program Files\Microsoft SQL Server\140\DTS\Binn\;C:\Program Files\nodejs\;;C:\Program Files\Docker\Docker\resources\bin;C:\Users\Abdella Hamch\AppData\Local\Microsoft\WindowsApps;C:\Program Files\Azure Data Studio\bin;C:\Users\Abdella Hamch\AppData\Local\GitHubDesktop\bin;C:\Program Files\Java\jdk-17\bin;C:\Program Files\nodejs;C:\Users\Abdella Hamch\AppData\Roaming\npm\ng.ps1;C:\Users\Abdella Hamch\AppData\Local\JetBrains\Toolbox\scripts;C:\Users\Abdella Hamch\AppData\Roaming\npm;C:\Program Files\Java\jdk-17;C:\Program Files\Erlang OTP\bin;C:\Program Files\RabbitMQ Server\rabbitmq_server-4.0.2\sbin;C:\Users\Abdella Hamch\AppData\Local\Programs\Microsoft VS Code\bin;B:\Java091024\pgsql\bin;;C:\windows\system32;
USERNAME=A.HAMCH
OS=Windows_NT
PROCESSOR_IDENTIFIER=Intel64 Family 6 Model 165 Stepping 5, GenuineIntel
TMP=C:\Users\ABDELL~1\AppData\Local\Temp
TEMP=C:\Users\ABDELL~1\AppData\Local\Temp




Periodic native trim disabled

---------------  S Y S T E M  ---------------

OS:
 Windows 11 , 64 bit Build 22000 (10.0.22000.1516)
OS uptime: 0 days 21:08 hours
Hyper-V role detected

CPU: total 16 (initial active 16) (8 cores per cpu, 2 threads per core) family 6 model 165 stepping 5 microcode 0xfc, cx8, cmov, fxsr, ht, mmx, 3dnowpref, sse, sse2, sse3, ssse3, sse4.1, sse4.2, popcnt, lzcnt, tsc, tscinvbit, avx, avx2, aes, erms, clmul, bmi1, bmi2, adx, fma, vzeroupper, clflush, clflushopt, hv, rdtscp, f16c
Processor Information for the first 16 processors :
  Max Mhz: 2904, Current Mhz: 2904, Mhz Limit: 2904

Memory: 4k page, system-wide physical 7968M (130M free)
TotalPageFile size 32544M (AvailPageFile size 296M)
current process WorkingSet (physical memory assigned to process): 45M, peak: 332M
current process commit charge ("private bytes"): 433M, peak: 445M

vm_info: OpenJDK 64-Bit Server VM (23+37) for windows-amd64 JRE (23+37), built on 2024-09-17T00:00:00Z with MS VC++ 17.7 (VS2022)

END.
