#
# There is insufficient memory for the Java Runtime Environment to continue.
# Native memory allocation (malloc) failed to allocate 1566240 bytes. Error detail: Chunk::new
# Possible reasons:
#   The system is out of physical RAM or swap space
#   This process is running with CompressedOops enabled, and the Java Heap may be blocking the growth of the native heap
# Possible solutions:
#   Reduce memory load on the system
#   Increase physical memory or swap space
#   Check if swap backing store is full
#   Decrease Java heap size (-Xmx/-Xms)
#   Decrease number of Java threads
#   Decrease Java thread stack sizes (-Xss)
#   Set larger code cache with -XX:ReservedCodeCacheSize=
#   JVM is running with Unscaled Compressed Oops mode in which the Java heap is
#     placed in the first 4GB address space. The Java Heap base address is the
#     maximum limit for the native heap growth. Please use -XX:HeapBaseMinAddress
#     to set the Java Heap base and to place the Java Heap above 4GB virtual address.
# This output file may be truncated or incomplete.
#
#  Out of Memory Error (arena.cpp:149), pid=28376, tid=24200
#
# JRE version: OpenJDK Runtime Environment Temurin-23+37 (23.0+37) (build 23+37)
# Java VM: OpenJDK 64-Bit Server VM Temurin-23+37 (23+37, mixed mode, sharing, tiered, compressed oops, compressed class ptrs, g1 gc, windows-amd64)
# No core dump will be written. Minidumps are not enabled by default on client versions of Windows
#

---------------  S U M M A R Y ------------

Command Line: -Dfile.encoding=UTF-8 -Dstdout.encoding=UTF-8 -Dstderr.encoding=UTF-8 -XX:+ShowCodeDetailsInExceptionMessages com.hamch.inventoryservice.InventoryServiceApplication

Host: Intel(R) Core(TM) i7-10700 CPU @ 2.90GHz, 16 cores, 7G,  Windows 11 , 64 bit Build 22000 (10.0.22000.1516)
Time: Wed Oct  9 14:23:51 2024 Maroc (heure d64 bit Build 22000 (10.0.22000.1516) elapsed time: 3.169814 seconds (0d 0h 0m 3s)

---------------  T H R E A D  ---------------

Current thread (0x000002000ee0d9e0):  JavaThread "C2 CompilerThread1" daemon [_thread_in_native, id=24200, stack(0x0000002be5100000,0x0000002be5200000) (1024K)]


Current CompileTask:
C2:3170 5473       4       java.lang.invoke.MethodType::methodType (69 bytes)

Stack: [0x0000002be5100000,0x0000002be5200000]
Native frames: (J=compiled Java code, j=interpreted, Vv=VM code, C=native code)
V  [jvm.dll+0x6e8c69]  (no source info available)
V  [jvm.dll+0x8d9073]  (no source info available)
V  [jvm.dll+0x8db4fe]  (no source info available)
V  [jvm.dll+0x8dbbd3]  (no source info available)
V  [jvm.dll+0x281aa6]  (no source info available)
V  [jvm.dll+0xbbb0f]  (no source info available)
V  [jvm.dll+0xbbd6b]  (no source info available)
V  [jvm.dll+0x3b9ecc]  (no source info available)
V  [jvm.dll+0x3905eb]  (no source info available)
V  [jvm.dll+0x38fa4a]  (no source info available)
V  [jvm.dll+0x24ace1]  (no source info available)
V  [jvm.dll+0x24a03f]  (no source info available)
V  [jvm.dll+0x1c8ea0]  (no source info available)
V  [jvm.dll+0x25a13e]  (no source info available)
V  [jvm.dll+0x25840a]  (no source info available)
V  [jvm.dll+0x3f4706]  (no source info available)
V  [jvm.dll+0x88026b]  (no source info available)
V  [jvm.dll+0x6e7475]  (no source info available)
C  [ucrtbase.dll+0x26c0c]  (no source info available)
C  [KERNEL32.DLL+0x155a0]  (no source info available)
C  [ntdll.dll+0x485b]  (no source info available)

Lock stack of current Java thread (top to bottom):


---------------  P R O C E S S  ---------------

Threads class SMR info:
_java_thread_list=0x000002000fe6d610, length=14, elements={
0x000001ffad496930, 0x000001ffc8938820, 0x000001ffc893aea0, 0x000001ffc893ed40,
0x000001ffc893f3b0, 0x000001ffc8947b60, 0x000001ffc8954190, 0x000001ffc8958e50,
0x000001ffc895b520, 0x000001ffc8c02680, 0x000001ffc8953470, 0x000001ffc8952de0,
0x000002000e5b7270, 0x000002000ee0d9e0
}

Java Threads: ( => current thread )
  0x000001ffad496930 JavaThread "main"                              [_thread_in_vm, id=8040, stack(0x0000002be3100000,0x0000002be3200000) (1024K)]
  0x000001ffc8938820 JavaThread "Reference Handler"          daemon [_thread_blocked, id=30808, stack(0x0000002be3900000,0x0000002be3a00000) (1024K)]
  0x000001ffc893aea0 JavaThread "Finalizer"                  daemon [_thread_blocked, id=17204, stack(0x0000002be3a00000,0x0000002be3b00000) (1024K)]
  0x000001ffc893ed40 JavaThread "Signal Dispatcher"          daemon [_thread_blocked, id=33524, stack(0x0000002be3b00000,0x0000002be3c00000) (1024K)]
  0x000001ffc893f3b0 JavaThread "Attach Listener"            daemon [_thread_blocked, id=16900, stack(0x0000002be3c00000,0x0000002be3d00000) (1024K)]
  0x000001ffc8947b60 JavaThread "Service Thread"             daemon [_thread_blocked, id=28564, stack(0x0000002be3d00000,0x0000002be3e00000) (1024K)]
  0x000001ffc8954190 JavaThread "Monitor Deflation Thread"   daemon [_thread_blocked, id=940, stack(0x0000002be3e00000,0x0000002be3f00000) (1024K)]
  0x000001ffc8958e50 JavaThread "C2 CompilerThread0"         daemon [_thread_in_native, id=19956, stack(0x0000002be3f00000,0x0000002be4000000) (1024K)]
  0x000001ffc895b520 JavaThread "C1 CompilerThread0"         daemon [_thread_blocked, id=25444, stack(0x0000002be4000000,0x0000002be4100000) (1024K)]
  0x000001ffc8c02680 JavaThread "C1 CompilerThread1"         daemon [_thread_blocked, id=26468, stack(0x0000002be4100000,0x0000002be4200000) (1024K)]
  0x000001ffc8953470 JavaThread "Notification Thread"        daemon [_thread_blocked, id=17464, stack(0x0000002be4200000,0x0000002be4300000) (1024K)]
  0x000001ffc8952de0 JavaThread "Common-Cleaner"             daemon [_thread_blocked, id=23220, stack(0x0000002be4300000,0x0000002be4400000) (1024K)]
  0x000002000e5b7270 JavaThread "C1 CompilerThread2"         daemon [_thread_blocked, id=27612, stack(0x0000002be4400000,0x0000002be4500000) (1024K)]
=>0x000002000ee0d9e0 JavaThread "C2 CompilerThread1"         daemon [_thread_in_native, id=24200, stack(0x0000002be5100000,0x0000002be5200000) (1024K)]
Total: 14

Other Threads:
  0x000001ffc8922150 VMThread "VM Thread"                           [id=33420, stack(0x0000002be3800000,0x0000002be3900000) (1024K)]
  0x000001ffc890cb40 WatcherThread "VM Periodic Task Thread"        [id=4548, stack(0x0000002be3700000,0x0000002be3800000) (1024K)]
  0x000001ffafbc64c0 WorkerThread "GC Thread#0"                     [id=13196, stack(0x0000002be3200000,0x0000002be3300000) (1024K)]
  0x000002000ec03fa0 WorkerThread "GC Thread#1"                     [id=1128, stack(0x0000002be4500000,0x0000002be4600000) (1024K)]
  0x000002000ec04350 WorkerThread "GC Thread#2"                     [id=27244, stack(0x0000002be4600000,0x0000002be4700000) (1024K)]
  0x000002000ec397c0 WorkerThread "GC Thread#3"                     [id=11712, stack(0x0000002be4700000,0x0000002be4800000) (1024K)]
  0x000002000ec39b70 WorkerThread "GC Thread#4"                     [id=25324, stack(0x0000002be4800000,0x0000002be4900000) (1024K)]
  0x000002000ec39f20 WorkerThread "GC Thread#5"                     [id=17492, stack(0x0000002be4900000,0x0000002be4a00000) (1024K)]
  0x000002000ec3a2d0 WorkerThread "GC Thread#6"                     [id=21972, stack(0x0000002be4a00000,0x0000002be4b00000) (1024K)]
  0x000002000ec3a680 WorkerThread "GC Thread#7"                     [id=17232, stack(0x0000002be4b00000,0x0000002be4c00000) (1024K)]
  0x000002000ef66810 WorkerThread "GC Thread#8"                     [id=21856, stack(0x0000002be4c00000,0x0000002be4d00000) (1024K)]
  0x000002000ef66f70 WorkerThread "GC Thread#9"                     [id=22184, stack(0x0000002be4d00000,0x0000002be4e00000) (1024K)]
  0x000002000ef67a80 WorkerThread "GC Thread#10"                    [id=18704, stack(0x0000002be4e00000,0x0000002be4f00000) (1024K)]
  0x000002000ef66bc0 WorkerThread "GC Thread#11"                    [id=25236, stack(0x0000002be4f00000,0x0000002be5000000) (1024K)]
  0x000002000f0f19d0 WorkerThread "GC Thread#12"                    [id=2960, stack(0x0000002be5000000,0x0000002be5100000) (1024K)]
  0x000001ffafbdd760 ConcurrentGCThread "G1 Main Marker"            [id=8704, stack(0x0000002be3300000,0x0000002be3400000) (1024K)]
  0x000001ffafbde270 WorkerThread "G1 Conc#0"                       [id=26268, stack(0x0000002be3400000,0x0000002be3500000) (1024K)]
  0x000002000f0f0000 WorkerThread "G1 Conc#1"                       [id=2040, stack(0x0000002be5400000,0x0000002be5500000) (1024K)]
  0x000002000f0f0ec0 WorkerThread "G1 Conc#2"                       [id=20644, stack(0x0000002be5500000,0x0000002be5600000) (1024K)]
  0x000001ffc87e05c0 ConcurrentGCThread "G1 Refine#0"               [id=32760, stack(0x0000002be3500000,0x0000002be3600000) (1024K)]
  0x000001ffc87e3a20 ConcurrentGCThread "G1 Service"                [id=31576, stack(0x0000002be3600000,0x0000002be3700000) (1024K)]
Total: 21

Threads with active compile tasks:
C2 CompilerThread0  3334 5492   !   4       org.springframework.beans.factory.support.DefaultListableBeanFactory::doGetBeanNamesForType (511 bytes)
C2 CompilerThread1  3334 5473       4       java.lang.invoke.MethodType::methodType (69 bytes)
Total: 2

VM state: not at safepoint (normal execution)

VM Mutex/Monitor currently owned by a thread: None

Heap address: 0x0000000083600000, size: 1994 MB, Compressed Oops mode: 32-bit

CDS archive(s) mapped at: [0x000001ffc9000000-0x000001ffc9d70000-0x000001ffc9d70000), size 14090240, SharedBaseAddress: 0x000001ffc9000000, ArchiveRelocationMode: 1.
Compressed class space mapped at: 0x000001ffca000000-0x000002000a000000, reserved size: 1073741824
Narrow klass base: 0x000001ffc9000000, Narrow klass shift: 0, Narrow klass range: 0x41000000

GC Precious Log:
 CardTable entry size: 512
 Card Set container configuration: InlinePtr #cards 5 size 8 Array Of Cards #cards 10 size 36 Howl #buckets 4 coarsen threshold 1843 Howl Bitmap #cards 512 size 80 coarsen threshold 460 Card regions per heap region 1 cards per card region 2048
 CPUs: 16 total, 16 available
 Memory: 7968M
 Large Page Support: Disabled
 NUMA Support: Disabled
 Compressed Oops: Enabled (32-bit)
 Heap Region Size: 1M
 Heap Min Capacity: 8M
 Heap Initial Capacity: 126M
 Heap Max Capacity: 1994M
 Pre-touch: Disabled
 Parallel Workers: 13
 Concurrent Workers: 3
 Concurrent Refinement Workers: 13
 Periodic GC: Disabled

Heap:
 garbage-first heap   total reserved 2041856K, committed 81920K, used 53837K [0x0000000083600000, 0x0000000100000000)
  region size 1024K, 33 young (33792K), 3 survivors (3072K)
 Metaspace       used 38723K, committed 39104K, reserved 1114112K
  class space    used 5216K, committed 5376K, reserved 1048576K

Heap Regions: E=young(eden), S=young(survivor), O=old, HS=humongous(starts), HC=humongous(continues), CS=collection set, F=free, TAMS=top-at-mark-start, PB=parsable bottom
|   0|0x0000000083600000, 0x0000000083700000, 0x0000000083700000|100%| O|  |TAMS 0x0000000083600000| PB 0x0000000083600000| Untracked |  0
|   1|0x0000000083700000, 0x0000000083800000, 0x0000000083800000|100%|HS|  |TAMS 0x0000000083700000| PB 0x0000000083700000| Complete |  0
|   2|0x0000000083800000, 0x0000000083900000, 0x0000000083900000|100%| O|  |TAMS 0x0000000083800000| PB 0x0000000083800000| Untracked |  0
|   3|0x0000000083900000, 0x0000000083a00000, 0x0000000083a00000|100%| O|  |TAMS 0x0000000083900000| PB 0x0000000083900000| Untracked |  0
|   4|0x0000000083a00000, 0x0000000083b00000, 0x0000000083b00000|100%| O|  |TAMS 0x0000000083a00000| PB 0x0000000083a00000| Untracked |  0
|   5|0x0000000083b00000, 0x0000000083c00000, 0x0000000083c00000|100%| O|  |TAMS 0x0000000083b00000| PB 0x0000000083b00000| Untracked |  0
|   6|0x0000000083c00000, 0x0000000083d00000, 0x0000000083d00000|100%| O|  |TAMS 0x0000000083c00000| PB 0x0000000083c00000| Untracked |  0
|   7|0x0000000083d00000, 0x0000000083e00000, 0x0000000083e00000|100%| O|  |TAMS 0x0000000083d00000| PB 0x0000000083d00000| Untracked |  0
|   8|0x0000000083e00000, 0x0000000083f00000, 0x0000000083f00000|100%| O|  |TAMS 0x0000000083e00000| PB 0x0000000083e00000| Untracked |  0
|   9|0x0000000083f00000, 0x0000000083f936e0, 0x0000000084000000| 57%| O|Cm|TAMS 0x0000000083f00000| PB 0x0000000083f00000| Complete |  0
|  10|0x0000000084000000, 0x0000000084100000, 0x0000000084100000|100%| O|  |TAMS 0x0000000084000000| PB 0x0000000084000000| Untracked |  0
|  11|0x0000000084100000, 0x0000000084200000, 0x0000000084200000|100%| O|  |TAMS 0x0000000084100000| PB 0x0000000084100000| Untracked |  0
|  12|0x0000000084200000, 0x0000000084300000, 0x0000000084300000|100%| O|  |TAMS 0x0000000084200000| PB 0x0000000084200000| Untracked |  0
|  13|0x0000000084300000, 0x0000000084400000, 0x0000000084400000|100%| O|  |TAMS 0x0000000084300000| PB 0x0000000084300000| Untracked |  0
|  14|0x0000000084400000, 0x0000000084500000, 0x0000000084500000|100%| O|  |TAMS 0x0000000084400000| PB 0x0000000084400000| Untracked |  0
|  15|0x0000000084500000, 0x0000000084600000, 0x0000000084600000|100%| O|  |TAMS 0x0000000084500000| PB 0x0000000084500000| Untracked |  0
|  16|0x0000000084600000, 0x0000000084700000, 0x0000000084700000|100%| O|  |TAMS 0x0000000084600000| PB 0x0000000084600000| Untracked |  0
|  17|0x0000000084700000, 0x0000000084800000, 0x0000000084800000|100%| O|  |TAMS 0x0000000084700000| PB 0x0000000084700000| Untracked |  0
|  18|0x0000000084800000, 0x0000000084800000, 0x0000000084900000|  0%| F|  |TAMS 0x0000000084800000| PB 0x0000000084800000| Untracked |  0
|  19|0x0000000084900000, 0x0000000084900000, 0x0000000084a00000|  0%| F|  |TAMS 0x0000000084900000| PB 0x0000000084900000| Untracked |  0
|  20|0x0000000084a00000, 0x0000000084a00000, 0x0000000084b00000|  0%| F|  |TAMS 0x0000000084a00000| PB 0x0000000084a00000| Untracked |  0
|  21|0x0000000084b00000, 0x0000000084b00000, 0x0000000084c00000|  0%| F|  |TAMS 0x0000000084b00000| PB 0x0000000084b00000| Untracked |  0
|  22|0x0000000084c00000, 0x0000000084c00000, 0x0000000084d00000|  0%| F|  |TAMS 0x0000000084c00000| PB 0x0000000084c00000| Untracked |  0
|  23|0x0000000084d00000, 0x0000000084d00000, 0x0000000084e00000|  0%| F|  |TAMS 0x0000000084d00000| PB 0x0000000084d00000| Untracked |  0
|  24|0x0000000084e00000, 0x0000000084e00000, 0x0000000084f00000|  0%| F|  |TAMS 0x0000000084e00000| PB 0x0000000084e00000| Untracked |  0
|  25|0x0000000084f00000, 0x0000000084f00000, 0x0000000085000000|  0%| F|  |TAMS 0x0000000084f00000| PB 0x0000000084f00000| Untracked |  0
|  26|0x0000000085000000, 0x0000000085000000, 0x0000000085100000|  0%| F|  |TAMS 0x0000000085000000| PB 0x0000000085000000| Untracked |  0
|  27|0x0000000085100000, 0x0000000085100000, 0x0000000085200000|  0%| F|  |TAMS 0x0000000085100000| PB 0x0000000085100000| Untracked |  0
|  28|0x0000000085200000, 0x0000000085200000, 0x0000000085300000|  0%| F|  |TAMS 0x0000000085200000| PB 0x0000000085200000| Untracked |  0
|  29|0x0000000085300000, 0x0000000085300000, 0x0000000085400000|  0%| F|  |TAMS 0x0000000085300000| PB 0x0000000085300000| Untracked |  0
|  30|0x0000000085400000, 0x0000000085400000, 0x0000000085500000|  0%| F|  |TAMS 0x0000000085400000| PB 0x0000000085400000| Untracked |  0
|  31|0x0000000085500000, 0x0000000085500000, 0x0000000085600000|  0%| F|  |TAMS 0x0000000085500000| PB 0x0000000085500000| Untracked |  0
|  32|0x0000000085600000, 0x0000000085600000, 0x0000000085700000|  0%| F|  |TAMS 0x0000000085600000| PB 0x0000000085600000| Untracked |  0
|  33|0x0000000085700000, 0x0000000085700000, 0x0000000085800000|  0%| F|  |TAMS 0x0000000085700000| PB 0x0000000085700000| Untracked |  0
|  34|0x0000000085800000, 0x0000000085800000, 0x0000000085900000|  0%| F|  |TAMS 0x0000000085800000| PB 0x0000000085800000| Untracked |  0
|  35|0x0000000085900000, 0x0000000085900000, 0x0000000085a00000|  0%| F|  |TAMS 0x0000000085900000| PB 0x0000000085900000| Untracked |  0
|  36|0x0000000085a00000, 0x0000000085a00000, 0x0000000085b00000|  0%| F|  |TAMS 0x0000000085a00000| PB 0x0000000085a00000| Untracked |  0
|  37|0x0000000085b00000, 0x0000000085b00000, 0x0000000085c00000|  0%| F|  |TAMS 0x0000000085b00000| PB 0x0000000085b00000| Untracked |  0
|  38|0x0000000085c00000, 0x0000000085c00000, 0x0000000085d00000|  0%| F|  |TAMS 0x0000000085c00000| PB 0x0000000085c00000| Untracked |  0
|  39|0x0000000085d00000, 0x0000000085d00000, 0x0000000085e00000|  0%| F|  |TAMS 0x0000000085d00000| PB 0x0000000085d00000| Untracked |  0
|  40|0x0000000085e00000, 0x0000000085e00000, 0x0000000085f00000|  0%| F|  |TAMS 0x0000000085e00000| PB 0x0000000085e00000| Untracked |  0
|  41|0x0000000085f00000, 0x0000000085f00000, 0x0000000086000000|  0%| F|  |TAMS 0x0000000085f00000| PB 0x0000000085f00000| Untracked |  0
|  42|0x0000000086000000, 0x0000000086000000, 0x0000000086100000|  0%| F|  |TAMS 0x0000000086000000| PB 0x0000000086000000| Untracked |  0
|  43|0x0000000086100000, 0x0000000086100000, 0x0000000086200000|  0%| F|  |TAMS 0x0000000086100000| PB 0x0000000086100000| Untracked |  0
|  44|0x0000000086200000, 0x0000000086300000, 0x0000000086300000|100%| E|  |TAMS 0x0000000086200000| PB 0x0000000086200000| Complete |  0
|  45|0x0000000086300000, 0x0000000086400000, 0x0000000086400000|100%| E|CS|TAMS 0x0000000086300000| PB 0x0000000086300000| Complete |  0
|  46|0x0000000086400000, 0x0000000086500000, 0x0000000086500000|100%| E|CS|TAMS 0x0000000086400000| PB 0x0000000086400000| Complete |  0
|  47|0x0000000086500000, 0x0000000086600000, 0x0000000086600000|100%| E|CS|TAMS 0x0000000086500000| PB 0x0000000086500000| Complete |  0
|  48|0x0000000086600000, 0x0000000086700000, 0x0000000086700000|100%| E|CS|TAMS 0x0000000086600000| PB 0x0000000086600000| Complete |  0
|  49|0x0000000086700000, 0x0000000086800000, 0x0000000086800000|100%| E|CS|TAMS 0x0000000086700000| PB 0x0000000086700000| Complete |  0
|  50|0x0000000086800000, 0x0000000086900000, 0x0000000086900000|100%| E|CS|TAMS 0x0000000086800000| PB 0x0000000086800000| Complete |  0
|  51|0x0000000086900000, 0x0000000086a00000, 0x0000000086a00000|100%| S|CS|TAMS 0x0000000086900000| PB 0x0000000086900000| Complete |  0
|  52|0x0000000086a00000, 0x0000000086b00000, 0x0000000086b00000|100%| S|CS|TAMS 0x0000000086a00000| PB 0x0000000086a00000| Complete |  0
|  53|0x0000000086b00000, 0x0000000086c00000, 0x0000000086c00000|100%| S|CS|TAMS 0x0000000086b00000| PB 0x0000000086b00000| Complete |  0
|  54|0x0000000086c00000, 0x0000000086d00000, 0x0000000086d00000|100%| E|CS|TAMS 0x0000000086c00000| PB 0x0000000086c00000| Complete |  0
|  55|0x0000000086d00000, 0x0000000086e00000, 0x0000000086e00000|100%| E|CS|TAMS 0x0000000086d00000| PB 0x0000000086d00000| Complete |  0
|  56|0x0000000086e00000, 0x0000000086f00000, 0x0000000086f00000|100%| E|CS|TAMS 0x0000000086e00000| PB 0x0000000086e00000| Complete |  0
|  57|0x0000000086f00000, 0x0000000087000000, 0x0000000087000000|100%| E|CS|TAMS 0x0000000086f00000| PB 0x0000000086f00000| Complete |  0
|  58|0x0000000087000000, 0x0000000087100000, 0x0000000087100000|100%| E|CS|TAMS 0x0000000087000000| PB 0x0000000087000000| Complete |  0
|  59|0x0000000087100000, 0x0000000087200000, 0x0000000087200000|100%| E|CS|TAMS 0x0000000087100000| PB 0x0000000087100000| Complete |  0
|  60|0x0000000087200000, 0x0000000087300000, 0x0000000087300000|100%| E|CS|TAMS 0x0000000087200000| PB 0x0000000087200000| Complete |  0
|  61|0x0000000087300000, 0x0000000087400000, 0x0000000087400000|100%| E|CS|TAMS 0x0000000087300000| PB 0x0000000087300000| Complete |  0
|  62|0x0000000087400000, 0x0000000087500000, 0x0000000087500000|100%| E|CS|TAMS 0x0000000087400000| PB 0x0000000087400000| Complete |  0
|  63|0x0000000087500000, 0x0000000087600000, 0x0000000087600000|100%| E|CS|TAMS 0x0000000087500000| PB 0x0000000087500000| Complete |  0
|  64|0x0000000087600000, 0x0000000087700000, 0x0000000087700000|100%| E|CS|TAMS 0x0000000087600000| PB 0x0000000087600000| Complete |  0
|  65|0x0000000087700000, 0x0000000087800000, 0x0000000087800000|100%| E|CS|TAMS 0x0000000087700000| PB 0x0000000087700000| Complete |  0
|  66|0x0000000087800000, 0x0000000087900000, 0x0000000087900000|100%| E|CS|TAMS 0x0000000087800000| PB 0x0000000087800000| Complete |  0
|  67|0x0000000087900000, 0x0000000087a00000, 0x0000000087a00000|100%| E|CS|TAMS 0x0000000087900000| PB 0x0000000087900000| Complete |  0
|  68|0x0000000087a00000, 0x0000000087b00000, 0x0000000087b00000|100%| E|CS|TAMS 0x0000000087a00000| PB 0x0000000087a00000| Complete |  0
|  69|0x0000000087b00000, 0x0000000087c00000, 0x0000000087c00000|100%| E|CS|TAMS 0x0000000087b00000| PB 0x0000000087b00000| Complete |  0
|  70|0x0000000087c00000, 0x0000000087d00000, 0x0000000087d00000|100%| E|CS|TAMS 0x0000000087c00000| PB 0x0000000087c00000| Complete |  0
|  77|0x0000000088300000, 0x0000000088400000, 0x0000000088400000|100%| E|CS|TAMS 0x0000000088300000| PB 0x0000000088300000| Complete |  0
|  78|0x0000000088400000, 0x0000000088500000, 0x0000000088500000|100%| E|CS|TAMS 0x0000000088400000| PB 0x0000000088400000| Complete |  0
|  79|0x0000000088500000, 0x0000000088600000, 0x0000000088600000|100%| E|CS|TAMS 0x0000000088500000| PB 0x0000000088500000| Complete |  0
|  80|0x0000000088600000, 0x0000000088700000, 0x0000000088700000|100%| E|CS|TAMS 0x0000000088600000| PB 0x0000000088600000| Complete |  0
|  81|0x0000000088700000, 0x0000000088800000, 0x0000000088800000|100%| E|CS|TAMS 0x0000000088700000| PB 0x0000000088700000| Complete |  0
| 125|0x000000008b300000, 0x000000008b400000, 0x000000008b400000|100%| E|CS|TAMS 0x000000008b300000| PB 0x000000008b300000| Complete |  0
|1991|0x00000000ffd00000, 0x00000000ffe00000, 0x00000000ffe00000|100%| O|  |TAMS 0x00000000ffd00000| PB 0x00000000ffd00000| Untracked |  0
|1992|0x00000000ffe00000, 0x00000000fff00000, 0x00000000fff00000|100%| O|  |TAMS 0x00000000ffe00000| PB 0x00000000ffe00000| Untracked |  0
|1993|0x00000000fff00000, 0x0000000100000000, 0x0000000100000000|100%| O|  |TAMS 0x00000000fff00000| PB 0x00000000fff00000| Untracked |  0

Card table byte_map: [0x000001ffc3670000,0x000001ffc3a60000] _byte_map_base: 0x000001ffc3255000

Marking Bits: (CMBitMap*) 0x000001ffafbc6bd0
 Bits: [0x000001ffc3a60000, 0x000001ffc5988000)

Polling page: 0x000001ffad970000

Metaspace:

Usage:
  Non-class:     32.73 MB used.
      Class:      5.10 MB used.
       Both:     37.83 MB used.

Virtual space:
  Non-class space:       64.00 MB reserved,      32.94 MB ( 51%) committed,  1 nodes.
      Class space:        1.00 GB reserved,       5.25 MB ( <1%) committed,  1 nodes.
             Both:        1.06 GB reserved,      38.19 MB (  4%) committed. 

Chunk freelists:
   Non-Class:  14.17 MB
       Class:  10.76 MB
        Both:  24.94 MB

MaxMetaspaceSize: unlimited
CompressedClassSpaceSize: 1.00 GB
Initial GC threshold: 21.00 MB
Current GC threshold: 58.75 MB
CDS: on
 - commit_granule_bytes: 65536.
 - commit_granule_words: 8192.
 - virtual_space_node_default_size: 8388608.
 - enlarge_chunks_in_place: 1.
 - use_allocation_guard: 0.


Internal statistics:

num_allocs_failed_limit: 6.
num_arena_births: 398.
num_arena_deaths: 0.
num_vsnodes_births: 2.
num_vsnodes_deaths: 0.
num_space_committed: 611.
num_space_uncommitted: 0.
num_chunks_returned_to_freelist: 6.
num_chunks_taken_from_freelist: 1629.
num_chunk_merges: 6.
num_chunk_splits: 1153.
num_chunks_enlarged: 949.
num_inconsistent_stats: 0.

CodeHeap 'non-profiled nmethods': size=119232Kb used=1978Kb max_used=1978Kb free=117253Kb
 bounds [0x000001ffbb590000, 0x000001ffbb800000, 0x000001ffc2a00000]
CodeHeap 'profiled nmethods': size=119104Kb used=8919Kb max_used=8919Kb free=110185Kb
 bounds [0x000001ffb3a00000, 0x000001ffb42c0000, 0x000001ffbae50000]
CodeHeap 'non-nmethods': size=7424Kb used=2617Kb max_used=2729Kb free=4806Kb
 bounds [0x000001ffbae50000, 0x000001ffbb100000, 0x000001ffbb590000]
CodeCache: size=245760Kb, used=13514Kb, max_used=13626Kb, free=232244Kb
 total_blobs=5891, nmethods=5313, adapters=481, full_count=0
Compilation: enabled, stopped_count=0, restarted_count=0

Compilation events (20 events):
Event: 3.142 Thread 0x000002000e5b7270 nmethod 5569 0x000001ffb3b82408 code [0x000001ffb3b825c0, 0x000001ffb3b82d08]
Event: 3.142 Thread 0x000001ffc895b520 nmethod 5565 0x000001ffb3a0c208 code [0x000001ffb3a0c5a0, 0x000001ffb3a0e130]
Event: 3.142 Thread 0x000001ffc895b520 5570       3       org.springframework.beans.factory.support.AbstractAutowireCapableBeanFactory$FactoryBeanMethodTypeFinder::<init> (17 bytes)
Event: 3.142 Thread 0x000001ffc8c02680 5571       3       org.springframework.beans.factory.support.AbstractAutowireCapableBeanFactory$FactoryBeanMethodTypeFinder::getResult (39 bytes)
Event: 3.142 Thread 0x000001ffc895b520 nmethod 5570 0x000001ffb3cf5508 code [0x000001ffb3cf5620, 0x000001ffb3cf5850]
Event: 3.142 Thread 0x000001ffc8c02680 nmethod 5571 0x000001ffb3a0be08 code [0x000001ffb3a0bf40, 0x000001ffb3a0c1d8]
Event: 3.145 Thread 0x000002000e5b7270 5573       3       org.springframework.aop.aspectj.annotation.AnnotationAwareAspectJAutoProxyCreator$BeanFactoryAspectJAdvisorsBuilderAdapter::isEligibleBean (9 bytes)
Event: 3.145 Thread 0x000001ffc895b520 5574       3       org.springframework.aop.aspectj.annotation.AnnotationAwareAspectJAutoProxyCreator::isEligibleAspectBean (56 bytes)
Event: 3.145 Thread 0x000002000e5b7270 nmethod 5573 0x000001ffb3a0b908 code [0x000001ffb3a0ba20, 0x000001ffb3a0bb80]
Event: 3.145 Thread 0x000001ffc895b520 nmethod 5574 0x000001ffb3b81b88 code [0x000001ffb3b81d20, 0x000001ffb3b823a8]
Event: 3.147 Thread 0x000001ffc895b520 5575       3       sun.reflect.annotation.AnnotationParser$$Lambda/0x000001ffca0d6568::get (16 bytes)
Event: 3.147 Thread 0x000002000e5b7270 5576       3       sun.reflect.annotation.AnnotationParser::lambda$parseClassArray$0 (7 bytes)
Event: 3.147 Thread 0x000002000e5b7270 nmethod 5576 0x000001ffb3b81888 code [0x000001ffb3b819a0, 0x000001ffb3b81ab8]
Event: 3.147 Thread 0x000001ffc895b520 nmethod 5575 0x000001ffb3b81588 code [0x000001ffb3b816c0, 0x000001ffb3b81868]
Event: 3.151 Thread 0x000001ffc895b520 5578       3       jdk.internal.classfile.impl.SplitConstantPool::writeTo (125 bytes)
Event: 3.153 Thread 0x000001ffc895b520 nmethod 5578 0x000001ffb3a87388 code [0x000001ffb3a87640, 0x000001ffb3a889d0]
Event: 3.153 Thread 0x000001ffc8c02680 5579   !   3       jdk.proxy2.$Proxy32::annotationType (28 bytes)
Event: 3.153 Thread 0x000001ffc895b520 5580   !   3       jdk.proxy2.$Proxy34::annotationType (28 bytes)
Event: 3.153 Thread 0x000001ffc8c02680 nmethod 5579 0x000001ffb3a86e08 code [0x000001ffb3a86f60, 0x000001ffb3a87340]
Event: 3.153 Thread 0x000001ffc895b520 nmethod 5580 0x000001ffb3a86888 code [0x000001ffb3a869e0, 0x000001ffb3a86dc0]

GC Heap History (14 events):
Event: 0.661 GC heap before
{Heap before GC invocations=0 (full 0):
 garbage-first heap   total reserved 2041856K, committed 129024K, used 25600K [0x0000000083600000, 0x0000000100000000)
  region size 1024K, 24 young (24576K), 0 survivors (0K)
 Metaspace       used 6005K, committed 6208K, reserved 1114112K
  class space    used 691K, committed 768K, reserved 1048576K
}
Event: 0.667 GC heap after
{Heap after GC invocations=1 (full 0):
 garbage-first heap   total reserved 2041856K, committed 129024K, used 9631K [0x0000000083600000, 0x0000000100000000)
  region size 1024K, 3 young (3072K), 3 survivors (3072K)
 Metaspace       used 6005K, committed 6208K, reserved 1114112K
  class space    used 691K, committed 768K, reserved 1048576K
}
Event: 1.016 GC heap before
{Heap before GC invocations=1 (full 0):
 garbage-first heap   total reserved 2041856K, committed 129024K, used 30111K [0x0000000083600000, 0x0000000100000000)
  region size 1024K, 23 young (23552K), 3 survivors (3072K)
 Metaspace       used 10751K, committed 11008K, reserved 1114112K
  class space    used 1274K, committed 1408K, reserved 1048576K
}
Event: 1.021 GC heap after
{Heap after GC invocations=2 (full 0):
 garbage-first heap   total reserved 2041856K, committed 129024K, used 12668K [0x0000000083600000, 0x0000000100000000)
  region size 1024K, 3 young (3072K), 3 survivors (3072K)
 Metaspace       used 10751K, committed 11008K, reserved 1114112K
  class space    used 1274K, committed 1408K, reserved 1048576K
}
Event: 1.532 GC heap before
{Heap before GC invocations=2 (full 0):
 garbage-first heap   total reserved 2041856K, committed 129024K, used 51580K [0x0000000083600000, 0x0000000100000000)
  region size 1024K, 42 young (43008K), 3 survivors (3072K)
 Metaspace       used 21213K, committed 21504K, reserved 1114112K
  class space    used 2749K, committed 2880K, reserved 1048576K
}
Event: 1.541 GC heap after
{Heap after GC invocations=3 (full 0):
 garbage-first heap   total reserved 2041856K, committed 129024K, used 16455K [0x0000000083600000, 0x0000000100000000)
  region size 1024K, 7 young (7168K), 7 survivors (7168K)
 Metaspace       used 21213K, committed 21504K, reserved 1114112K
  class space    used 2749K, committed 2880K, reserved 1048576K
}
Event: 2.056 GC heap before
{Heap before GC invocations=4 (full 0):
 garbage-first heap   total reserved 2041856K, committed 58368K, used 57415K [0x0000000083600000, 0x0000000100000000)
  region size 1024K, 47 young (48128K), 7 survivors (7168K)
 Metaspace       used 28391K, committed 28736K, reserved 1114112K
  class space    used 3675K, committed 3840K, reserved 1048576K
}
Event: 2.066 GC heap after
{Heap after GC invocations=5 (full 0):
 garbage-first heap   total reserved 2041856K, committed 69632K, used 19976K [0x0000000083600000, 0x0000000100000000)
  region size 1024K, 8 young (8192K), 8 survivors (8192K)
 Metaspace       used 28391K, committed 28736K, reserved 1114112K
  class space    used 3675K, committed 3840K, reserved 1048576K
}
Event: 2.350 GC heap before
{Heap before GC invocations=5 (full 0):
 garbage-first heap   total reserved 2041856K, committed 69632K, used 49672K [0x0000000083600000, 0x0000000100000000)
  region size 1024K, 37 young (37888K), 8 survivors (8192K)
 Metaspace       used 30733K, committed 31104K, reserved 1114112K
  class space    used 3915K, committed 4096K, reserved 1048576K
}
Event: 2.366 GC heap after
{Heap after GC invocations=6 (full 0):
 garbage-first heap   total reserved 2041856K, committed 69632K, used 21360K [0x0000000083600000, 0x0000000100000000)
  region size 1024K, 3 young (3072K), 3 survivors (3072K)
 Metaspace       used 30733K, committed 31104K, reserved 1114112K
  class space    used 3915K, committed 4096K, reserved 1048576K
}
Event: 2.714 GC heap before
{Heap before GC invocations=6 (full 0):
 garbage-first heap   total reserved 2041856K, committed 69632K, used 52080K [0x0000000083600000, 0x0000000100000000)
  region size 1024K, 33 young (33792K), 3 survivors (3072K)
 Metaspace       used 33644K, committed 34048K, reserved 1114112K
  class space    used 4344K, committed 4544K, reserved 1048576K
}
Event: 2.720 GC heap after
{Heap after GC invocations=7 (full 0):
 garbage-first heap   total reserved 2041856K, committed 69632K, used 23743K [0x0000000083600000, 0x0000000100000000)
  region size 1024K, 5 young (5120K), 5 survivors (5120K)
 Metaspace       used 33644K, committed 34048K, reserved 1114112K
  class space    used 4344K, committed 4544K, reserved 1048576K
}
Event: 2.885 GC heap before
{Heap before GC invocations=7 (full 0):
 garbage-first heap   total reserved 2041856K, committed 69632K, used 32959K [0x0000000083600000, 0x0000000100000000)
  region size 1024K, 16 young (16384K), 5 survivors (5120K)
 Metaspace       used 35669K, committed 35968K, reserved 1114112K
  class space    used 4725K, committed 4864K, reserved 1048576K
}
Event: 2.893 GC heap after
{Heap after GC invocations=8 (full 0):
 garbage-first heap   total reserved 2041856K, committed 83968K, used 24141K [0x0000000083600000, 0x0000000100000000)
  region size 1024K, 3 young (3072K), 3 survivors (3072K)
 Metaspace       used 35669K, committed 35968K, reserved 1114112K
  class space    used 4725K, committed 4864K, reserved 1048576K
}

Dll operation events (10 events):
Event: 0.024 Loaded shared library C:\Users\Abdella Hamch\.p2\pool\plugins\org.eclipse.justj.openjdk.hotspot.jre.full.win32.x86_64_23.0.0.v20240919-1706\jre\bin\java.dll
Event: 0.147 Loaded shared library C:\Users\Abdella Hamch\.p2\pool\plugins\org.eclipse.justj.openjdk.hotspot.jre.full.win32.x86_64_23.0.0.v20240919-1706\jre\bin\zip.dll
Event: 0.161 Loaded shared library C:\Users\Abdella Hamch\.p2\pool\plugins\org.eclipse.justj.openjdk.hotspot.jre.full.win32.x86_64_23.0.0.v20240919-1706\jre\bin\net.dll
Event: 0.166 Loaded shared library C:\Users\Abdella Hamch\.p2\pool\plugins\org.eclipse.justj.openjdk.hotspot.jre.full.win32.x86_64_23.0.0.v20240919-1706\jre\bin\nio.dll
Event: 0.169 Loaded shared library C:\Users\Abdella Hamch\.p2\pool\plugins\org.eclipse.justj.openjdk.hotspot.jre.full.win32.x86_64_23.0.0.v20240919-1706\jre\bin\zip.dll
Event: 0.312 Loaded shared library C:\Users\Abdella Hamch\.p2\pool\plugins\org.eclipse.justj.openjdk.hotspot.jre.full.win32.x86_64_23.0.0.v20240919-1706\jre\bin\verify.dll
Event: 0.315 Loaded shared library C:\Users\Abdella Hamch\.p2\pool\plugins\org.eclipse.justj.openjdk.hotspot.jre.full.win32.x86_64_23.0.0.v20240919-1706\jre\bin\jimage.dll
Event: 1.160 Loaded shared library C:\Users\Abdella Hamch\.p2\pool\plugins\org.eclipse.justj.openjdk.hotspot.jre.full.win32.x86_64_23.0.0.v20240919-1706\jre\bin\extnet.dll
Event: 1.221 Loaded shared library C:\Users\Abdella Hamch\.p2\pool\plugins\org.eclipse.justj.openjdk.hotspot.jre.full.win32.x86_64_23.0.0.v20240919-1706\jre\bin\management.dll
Event: 1.226 Loaded shared library C:\Users\Abdella Hamch\.p2\pool\plugins\org.eclipse.justj.openjdk.hotspot.jre.full.win32.x86_64_23.0.0.v20240919-1706\jre\bin\management_ext.dll

Deoptimization events (20 events):
Event: 3.052 Thread 0x000001ffad496930 Uncommon trap: trap_request=0xffffff45 fr.pc=0x000001ffbb73e9e8 relative=0x0000000000000588
Event: 3.052 Thread 0x000001ffad496930 Uncommon trap: reason=unstable_if action=reinterpret pc=0x000001ffbb73e9e8 method=org.springframework.beans.factory.support.AbstractAutowireCapableBeanFactory.predictBeanType(Ljava/lang/String;Lorg/springframework/beans/factory/support/RootBeanDefinition;
Event: 3.052 Thread 0x000001ffad496930 DEOPT PACKING pc=0x000001ffbb73e9e8 sp=0x0000002be31fdf10
Event: 3.052 Thread 0x000001ffad496930 DEOPT UNPACKING pc=0x000001ffbaea4402 sp=0x0000002be31fdeb0 mode 2
Event: 3.093 Thread 0x000001ffad496930 Uncommon trap: trap_request=0xffffffbe fr.pc=0x000001ffbb6090e4 relative=0x0000000000002a84
Event: 3.093 Thread 0x000001ffad496930 Uncommon trap: reason=profile_predicate action=maybe_recompile pc=0x000001ffbb6090e4 method=org.springframework.beans.factory.support.DefaultListableBeanFactory.doGetBeanNamesForType(Lorg/springframework/core/ResolvableType;ZZ)[Ljava/lang/String; @ 20 c2
Event: 3.093 Thread 0x000001ffad496930 DEOPT PACKING pc=0x000001ffbb6090e4 sp=0x0000002be31fe020
Event: 3.093 Thread 0x000001ffad496930 DEOPT UNPACKING pc=0x000001ffbaea4402 sp=0x0000002be31fdfe0 mode 2
Event: 3.117 Thread 0x000001ffad496930 Uncommon trap: trap_request=0xffffffbe fr.pc=0x000001ffbb6090e4 relative=0x0000000000002a84
Event: 3.117 Thread 0x000001ffad496930 Uncommon trap: reason=profile_predicate action=maybe_recompile pc=0x000001ffbb6090e4 method=org.springframework.beans.factory.support.DefaultListableBeanFactory.doGetBeanNamesForType(Lorg/springframework/core/ResolvableType;ZZ)[Ljava/lang/String; @ 20 c2
Event: 3.117 Thread 0x000001ffad496930 DEOPT PACKING pc=0x000001ffbb6090e4 sp=0x0000002be31fe020
Event: 3.117 Thread 0x000001ffad496930 DEOPT UNPACKING pc=0x000001ffbaea4402 sp=0x0000002be31fdfe0 mode 2
Event: 3.119 Thread 0x000001ffad496930 Uncommon trap: trap_request=0xffffffbe fr.pc=0x000001ffbb6090e4 relative=0x0000000000002a84
Event: 3.119 Thread 0x000001ffad496930 Uncommon trap: reason=profile_predicate action=maybe_recompile pc=0x000001ffbb6090e4 method=org.springframework.beans.factory.support.DefaultListableBeanFactory.doGetBeanNamesForType(Lorg/springframework/core/ResolvableType;ZZ)[Ljava/lang/String; @ 20 c2
Event: 3.119 Thread 0x000001ffad496930 DEOPT PACKING pc=0x000001ffbb6090e4 sp=0x0000002be31fe020
Event: 3.119 Thread 0x000001ffad496930 DEOPT UNPACKING pc=0x000001ffbaea4402 sp=0x0000002be31fdfe0 mode 2
Event: 3.125 Thread 0x000001ffad496930 Uncommon trap: trap_request=0xffffffbe fr.pc=0x000001ffbb6090e4 relative=0x0000000000002a84
Event: 3.125 Thread 0x000001ffad496930 Uncommon trap: reason=profile_predicate action=maybe_recompile pc=0x000001ffbb6090e4 method=org.springframework.beans.factory.support.DefaultListableBeanFactory.doGetBeanNamesForType(Lorg/springframework/core/ResolvableType;ZZ)[Ljava/lang/String; @ 20 c2
Event: 3.125 Thread 0x000001ffad496930 DEOPT PACKING pc=0x000001ffbb6090e4 sp=0x0000002be31fae90
Event: 3.125 Thread 0x000001ffad496930 DEOPT UNPACKING pc=0x000001ffbaea4402 sp=0x0000002be31fae50 mode 2

Classes loaded (20 events):
Event: 3.066 Loading class java/security/interfaces/RSAPrivateKey
Event: 3.066 Loading class java/security/PrivateKey
Event: 3.066 Loading class javax/security/auth/Destroyable
Event: 3.066 Loading class javax/security/auth/Destroyable done
Event: 3.066 Loading class java/security/PrivateKey done
Event: 3.066 Loading class java/security/interfaces/RSAPrivateKey done
Event: 3.074 Loading class java/util/concurrent/ThreadPoolExecutor$CallerRunsPolicy
Event: 3.075 Loading class java/util/concurrent/ThreadPoolExecutor$CallerRunsPolicy done
Event: 3.087 Loading class java/lang/ObjectCustomizer
Event: 3.087 Loading class java/lang/ObjectCustomizer done
Event: 3.087 Loading class java/lang/ObjectCustomizer
Event: 3.087 Loading class java/lang/ObjectCustomizer done
Event: 3.109 Loading class java/util/stream/SortedOps
Event: 3.109 Loading class java/util/stream/SortedOps done
Event: 3.109 Loading class java/util/stream/SortedOps$OfRef
Event: 3.109 Loading class java/util/stream/SortedOps$OfRef done
Event: 3.109 Loading class java/util/stream/SortedOps$RefSortingSink
Event: 3.109 Loading class java/util/stream/SortedOps$AbstractRefSortingSink
Event: 3.109 Loading class java/util/stream/SortedOps$AbstractRefSortingSink done
Event: 3.109 Loading class java/util/stream/SortedOps$RefSortingSink done

Classes unloaded (0 events):
No events

Classes redefined (0 events):
No events

Internal exceptions (20 events):
Event: 2.855 Thread 0x000001ffad496930 Implicit null exception at 0x000001ffbb76326d to 0x000001ffbb763324
Event: 3.087 Thread 0x000001ffad496930 Exception <a 'java/lang/ClassNotFoundException'{0x000000008736b298}: java/lang/ObjectCustomizer> (0x000000008736b298) 
thrown [s\src\hotspot\share\classfile\systemDictionary.cpp, line 313]
Event: 3.088 Thread 0x000001ffad496930 Exception <a 'java/lang/ClassNotFoundException'{0x0000000087370e20}: org/springframework/aop/framework/ProxyConfigCustomizer> (0x0000000087370e20) 
thrown [s\src\hotspot\share\classfile\systemDictionary.cpp, line 313]
Event: 3.088 Thread 0x000001ffad496930 Exception <a 'java/lang/ClassNotFoundException'{0x000000008737a290}: org/springframework/aop/framework/ProxyProcessorSupportCustomizer> (0x000000008737a290) 
thrown [s\src\hotspot\share\classfile\systemDictionary.cpp, line 313]
Event: 3.089 Thread 0x000001ffad496930 Exception <a 'java/lang/ClassNotFoundException'{0x00000000873808d0}: org/springframework/aop/framework/autoproxy/AbstractAutoProxyCreatorCustomizer> (0x00000000873808d0) 
thrown [s\src\hotspot\share\classfile\systemDictionary.cpp, line 313]
Event: 3.090 Thread 0x000001ffad496930 Exception <a 'java/lang/ClassNotFoundException'{0x00000000873998a0}: org/springframework/aop/framework/autoproxy/AbstractAdvisorAutoProxyCreatorCustomizer> (0x00000000873998a0) 
thrown [s\src\hotspot\share\classfile\systemDictionary.cpp, line 313]
Event: 3.090 Thread 0x000001ffad496930 Exception <a 'java/lang/ClassNotFoundException'{0x000000008739f688}: org/springframework/aop/aspectj/autoproxy/AspectJAwareAdvisorAutoProxyCreatorCustomizer> (0x000000008739f688) 
thrown [s\src\hotspot\share\classfile\systemDictionary.cpp, line 313]
Event: 3.090 Thread 0x000001ffad496930 Exception <a 'java/lang/ClassNotFoundException'{0x00000000873a3f20}: org/springframework/aop/aspectj/annotation/AnnotationAwareAspectJAutoProxyCreatorCustomizer> (0x00000000873a3f20) 
thrown [s\src\hotspot\share\classfile\systemDictionary.cpp, line 313]
Event: 3.091 Thread 0x000001ffad496930 Exception <a 'java/lang/ClassNotFoundException'{0x00000000873b8da0}: org/springframework/beans/factory/config/SmartInstantiationAwareBeanPostProcessorCustomizer> (0x00000000873b8da0) 
thrown [s\src\hotspot\share\classfile\systemDictionary.cpp, line 313]
Event: 3.091 Thread 0x000001ffad496930 Exception <a 'java/lang/ClassNotFoundException'{0x00000000873c1fc0}: org/springframework/beans/factory/config/InstantiationAwareBeanPostProcessorCustomizer> (0x00000000873c1fc0) 
thrown [s\src\hotspot\share\classfile\systemDictionary.cpp, line 313]
Event: 3.092 Thread 0x000001ffad496930 Exception <a 'java/lang/ClassNotFoundException'{0x00000000873c8b40}: org/springframework/beans/factory/config/BeanPostProcessorCustomizer> (0x00000000873c8b40) 
thrown [s\src\hotspot\share\classfile\systemDictionary.cpp, line 313]
Event: 3.092 Thread 0x000001ffad496930 Exception <a 'java/lang/ClassNotFoundException'{0x00000000873cc9a8}: org/springframework/beans/factory/BeanFactoryAwareCustomizer> (0x00000000873cc9a8) 
thrown [s\src\hotspot\share\classfile\systemDictionary.cpp, line 313]
Event: 3.092 Thread 0x000001ffad496930 Exception <a 'java/lang/ClassNotFoundException'{0x00000000873d06d0}: org/springframework/beans/factory/AwareCustomizer> (0x00000000873d06d0) 
thrown [s\src\hotspot\share\classfile\systemDictionary.cpp, line 313]
Event: 3.092 Thread 0x000001ffad496930 Exception <a 'java/lang/ClassNotFoundException'{0x00000000873d2da8}: org/springframework/core/OrderedCustomizer> (0x00000000873d2da8) 
thrown [s\src\hotspot\share\classfile\systemDictionary.cpp, line 313]
Event: 3.092 Thread 0x000001ffad496930 Exception <a 'java/lang/ClassNotFoundException'{0x00000000873d62f0}: org/springframework/beans/factory/BeanClassLoaderAwareCustomizer> (0x00000000873d62f0) 
thrown [s\src\hotspot\share\classfile\systemDictionary.cpp, line 313]
Event: 3.092 Thread 0x000001ffad496930 Exception <a 'java/lang/ClassNotFoundException'{0x00000000873d9948}: org/springframework/beans/factory/AwareCustomizer> (0x00000000873d9948) 
thrown [s\src\hotspot\share\classfile\systemDictionary.cpp, line 313]
Event: 3.092 Thread 0x000001ffad496930 Exception <a 'java/lang/ClassNotFoundException'{0x00000000873dc360}: org/springframework/aop/framework/AopInfrastructureBeanCustomizer> (0x00000000873dc360) 
thrown [s\src\hotspot\share\classfile\systemDictionary.cpp, line 313]
Event: 3.108 Thread 0x000001ffad496930 Exception <a 'java/lang/NoSuchMethodError'{0x00000000872bb0c0}: 'int java.lang.invoke.DirectMethodHandle$Holder.invokeSpecial(java.lang.Object, java.lang.Object, java.lang.Object, java.lang.Object, java.lang.Object)'> (0x00000000872bb0c0) 
thrown [s\src\hotspot\share\interpreter\linkResolver.cpp, line 796]
Event: 3.128 Thread 0x000001ffad496930 Exception <a 'java/lang/NoSuchMethodError'{0x00000000871ae3b8}: 'java.lang.Object java.lang.invoke.DirectMethodHandle$Holder.newInvokeSpecial(java.lang.Object, java.lang.Object, java.lang.Object, int, java.lang.Object)'> (0x00000000871ae3b8) 
thrown [s\src\hotspot\share\interpreter\linkResolver.cpp, line 796]
Event: 3.129 Thread 0x000001ffad496930 Exception <a 'java/lang/NoSuchMethodError'{0x00000000871b5dd8}: 'java.lang.Object java.lang.invoke.Invokers$Holder.linkToTargetMethod(java.lang.Object, java.lang.Object, int, java.lang.Object, java.lang.Object)'> (0x00000000871b5dd8) 
thrown [s\src\hotspot\share\interpreter\linkResolver.cpp, line 796]

VM Operations (20 events):
Event: 2.346 Executing VM operation: HandshakeAllThreads (Deoptimize)
Event: 2.346 Executing VM operation: HandshakeAllThreads (Deoptimize) done
Event: 2.350 Executing VM operation: G1CollectForAllocation (G1 Evacuation Pause)
Event: 2.366 Executing VM operation: G1CollectForAllocation (G1 Evacuation Pause) done
Event: 2.714 Executing VM operation: G1CollectForAllocation (G1 Evacuation Pause)
Event: 2.720 Executing VM operation: G1CollectForAllocation (G1 Evacuation Pause) done
Event: 2.748 Executing VM operation: HandshakeAllThreads (Deoptimize)
Event: 2.748 Executing VM operation: HandshakeAllThreads (Deoptimize) done
Event: 2.749 Executing VM operation: HandshakeAllThreads (Deoptimize)
Event: 2.749 Executing VM operation: HandshakeAllThreads (Deoptimize) done
Event: 2.760 Executing VM operation: HandshakeAllThreads (Deoptimize)
Event: 2.760 Executing VM operation: HandshakeAllThreads (Deoptimize) done
Event: 2.850 Executing VM operation: HandshakeAllThreads (Deoptimize)
Event: 2.851 Executing VM operation: HandshakeAllThreads (Deoptimize) done
Event: 2.885 Executing VM operation: CollectForMetadataAllocation (Metadata GC Threshold)
Event: 2.893 Executing VM operation: CollectForMetadataAllocation (Metadata GC Threshold) done
Event: 2.901 Executing VM operation: G1PauseRemark
Event: 2.905 Executing VM operation: G1PauseRemark done
Event: 2.908 Executing VM operation: G1PauseCleanup
Event: 2.908 Executing VM operation: G1PauseCleanup done

Memory protections (0 events):
No events

Nmethod flushes (20 events):
Event: 2.905 Thread 0x000001ffc8922150 flushing  nmethod 0x000001ffb3cf9a08
Event: 2.905 Thread 0x000001ffc8922150 flushing  nmethod 0x000001ffb3cfac88
Event: 2.905 Thread 0x000001ffc8922150 flushing  nmethod 0x000001ffb3cfaf88
Event: 2.905 Thread 0x000001ffc8922150 flushing  nmethod 0x000001ffb3cfb888
Event: 2.905 Thread 0x000001ffc8922150 flushing  nmethod 0x000001ffb3d01308
Event: 2.905 Thread 0x000001ffc8922150 flushing  nmethod 0x000001ffb3d03c88
Event: 2.905 Thread 0x000001ffc8922150 flushing  nmethod 0x000001ffb3d0e188
Event: 2.905 Thread 0x000001ffc8922150 flushing  nmethod 0x000001ffb3d3bb88
Event: 2.905 Thread 0x000001ffc8922150 flushing  nmethod 0x000001ffb3d5d688
Event: 2.905 Thread 0x000001ffc8922150 flushing  nmethod 0x000001ffb3d5e608
Event: 2.905 Thread 0x000001ffc8922150 flushing  nmethod 0x000001ffb3d5f888
Event: 2.905 Thread 0x000001ffc8922150 flushing  nmethod 0x000001ffb3d61488
Event: 2.905 Thread 0x000001ffc8922150 flushing  nmethod 0x000001ffb3d78588
Event: 2.905 Thread 0x000001ffc8922150 flushing  nmethod 0x000001ffb3d78908
Event: 2.905 Thread 0x000001ffc8922150 flushing  nmethod 0x000001ffb3d79a08
Event: 2.905 Thread 0x000001ffc8922150 flushing  nmethod 0x000001ffb3d7ad88
Event: 2.905 Thread 0x000001ffc8922150 flushing  nmethod 0x000001ffb3d7b088
Event: 2.905 Thread 0x000001ffc8922150 flushing  nmethod 0x000001ffb3d7b488
Event: 2.905 Thread 0x000001ffc8922150 flushing  nmethod 0x000001ffb3d9ab88
Event: 2.905 Thread 0x000001ffc8922150 flushing  nmethod 0x000001ffb3edd088

Events (20 events):
Event: 0.060 Thread 0x000001ffad496930 Thread added: 0x000001ffc893aea0
Event: 0.060 Thread 0x000001ffad496930 Thread added: 0x000001ffc893ed40
Event: 0.060 Thread 0x000001ffad496930 Thread added: 0x000001ffc893f3b0
Event: 0.060 Thread 0x000001ffad496930 Thread added: 0x000001ffc8947b60
Event: 0.060 Thread 0x000001ffad496930 Thread added: 0x000001ffc8954190
Event: 0.060 Thread 0x000001ffad496930 Thread added: 0x000001ffc8958e50
Event: 0.060 Thread 0x000001ffad496930 Thread added: 0x000001ffc895b520
Event: 0.139 Thread 0x000001ffc895b520 Thread added: 0x000001ffc8c02680
Event: 0.143 Thread 0x000001ffad496930 Thread added: 0x000001ffc8953470
Event: 0.153 Thread 0x000001ffad496930 Thread added: 0x000001ffc8952de0
Event: 0.385 Thread 0x000001ffc895b520 Thread added: 0x000002000e5b7270
Event: 0.721 Thread 0x000001ffad496930 Thread added: 0x000001ffc8955540
Event: 0.732 Thread 0x000001ffc8955540 Thread exited: 0x000001ffc8955540
Event: 1.097 Thread 0x000001ffc895b520 Thread added: 0x000002000ee0d9e0
Event: 1.269 Thread 0x000001ffad496930 Thread added: 0x000001ffc8954820
Event: 1.729 Thread 0x000001ffc8954820 Thread exited: 0x000001ffc8954820
Event: 1.863 Thread 0x000001ffad496930 Thread added: 0x000001ffc8953b00
Event: 1.864 Thread 0x000001ffc8953b00 Thread exited: 0x000001ffc8953b00
Event: 2.098 Thread 0x000001ffad496930 Thread added: 0x000001ffc8953b00
Event: 2.130 Thread 0x000001ffc8953b00 Thread exited: 0x000001ffc8953b00


Dynamic libraries:
0x00007ff7038a0000 - 0x00007ff7038ae000 	C:\Users\Abdella Hamch\.p2\pool\plugins\org.eclipse.justj.openjdk.hotspot.jre.full.win32.x86_64_23.0.0.v20240919-1706\jre\bin\javaw.exe
0x00007ff87a000000 - 0x00007ff87a209000 	C:\windows\SYSTEM32\ntdll.dll
0x00007ff879dc0000 - 0x00007ff879e7e000 	C:\windows\System32\KERNEL32.DLL
0x00007ff877590000 - 0x00007ff87790c000 	C:\windows\System32\KERNELBASE.dll
0x00007ff877100000 - 0x00007ff87724c000 	C:\Windows\system32\hmpalert.dll
0x00007ff877c70000 - 0x00007ff877d81000 	C:\windows\System32\ucrtbase.dll
0x00007ff866940000 - 0x00007ff86695b000 	C:\Users\Abdella Hamch\.p2\pool\plugins\org.eclipse.justj.openjdk.hotspot.jre.full.win32.x86_64_23.0.0.v20240919-1706\jre\bin\VCRUNTIME140.dll
0x00007ff867680000 - 0x00007ff867697000 	C:\Users\Abdella Hamch\.p2\pool\plugins\org.eclipse.justj.openjdk.hotspot.jre.full.win32.x86_64_23.0.0.v20240919-1706\jre\bin\jli.dll
0x00007ff878e30000 - 0x00007ff878fdd000 	C:\windows\System32\USER32.dll
0x00007ff8779b0000 - 0x00007ff8779d6000 	C:\windows\System32\win32u.dll
0x00007ff879870000 - 0x00007ff879899000 	C:\windows\System32\GDI32.dll
0x00007ff877b50000 - 0x00007ff877c68000 	C:\windows\System32\gdi32full.dll
0x00007ff877910000 - 0x00007ff8779ad000 	C:\windows\System32\msvcp_win.dll
0x00007ff8593f0000 - 0x00007ff859695000 	C:\windows\WinSxS\amd64_microsoft.windows.common-controls_6595b64144ccf1df_6.0.22000.120_none_9d947278b86cc467\COMCTL32.dll
0x00007ff8797c0000 - 0x00007ff879863000 	C:\windows\System32\msvcrt.dll
0x00007ff878df0000 - 0x00007ff878e21000 	C:\windows\System32\IMM32.DLL
0x00007ff86a7d0000 - 0x00007ff86a7dc000 	C:\Users\Abdella Hamch\.p2\pool\plugins\org.eclipse.justj.openjdk.hotspot.jre.full.win32.x86_64_23.0.0.v20240919-1706\jre\bin\vcruntime140_1.dll
0x00007ff85e4f0000 - 0x00007ff85e57e000 	C:\Users\Abdella Hamch\.p2\pool\plugins\org.eclipse.justj.openjdk.hotspot.jre.full.win32.x86_64_23.0.0.v20240919-1706\jre\bin\msvcp140.dll
0x00007fffeb150000 - 0x00007fffebf1d000 	C:\Users\Abdella Hamch\.p2\pool\plugins\org.eclipse.justj.openjdk.hotspot.jre.full.win32.x86_64_23.0.0.v20240919-1706\jre\bin\server\jvm.dll
0x00007ff8799e0000 - 0x00007ff879a8e000 	C:\windows\System32\ADVAPI32.dll
0x00007ff8784b0000 - 0x00007ff87854e000 	C:\windows\System32\sechost.dll
0x00007ff8788f0000 - 0x00007ff878a10000 	C:\windows\System32\RPCRT4.dll
0x00007ff878a80000 - 0x00007ff878aef000 	C:\windows\System32\WS2_32.dll
0x00007ff8770b0000 - 0x00007ff8770fd000 	C:\windows\SYSTEM32\POWRPROF.dll
0x00007ff86a760000 - 0x00007ff86a793000 	C:\windows\SYSTEM32\WINMM.dll
0x00007ff872ce0000 - 0x00007ff872cea000 	C:\windows\SYSTEM32\VERSION.dll
0x00007ff876fe0000 - 0x00007ff876ff3000 	C:\windows\SYSTEM32\UMPDC.dll
0x00007ff876400000 - 0x00007ff876418000 	C:\windows\SYSTEM32\kernel.appcore.dll
0x00007ff873d20000 - 0x00007ff873d2a000 	C:\Users\Abdella Hamch\.p2\pool\plugins\org.eclipse.justj.openjdk.hotspot.jre.full.win32.x86_64_23.0.0.v20240919-1706\jre\bin\jimage.dll
0x00007ff871e60000 - 0x00007ff872081000 	C:\windows\SYSTEM32\DBGHELP.DLL
0x00007ff871d50000 - 0x00007ff871d81000 	C:\windows\SYSTEM32\dbgcore.DLL
0x00007ff877e00000 - 0x00007ff877e7f000 	C:\windows\System32\bcryptPrimitives.dll
0x00007ff873c90000 - 0x00007ff873cae000 	C:\Users\Abdella Hamch\.p2\pool\plugins\org.eclipse.justj.openjdk.hotspot.jre.full.win32.x86_64_23.0.0.v20240919-1706\jre\bin\java.dll
0x00007ff878c40000 - 0x00007ff878dda000 	C:\windows\System32\ole32.dll
0x00007ff878550000 - 0x00007ff8788c6000 	C:\windows\System32\combase.dll
0x00007ff878ff0000 - 0x00007ff8797b5000 	C:\windows\System32\SHELL32.dll
0x00007ff875470000 - 0x00007ff875cd5000 	C:\windows\SYSTEM32\windows.storage.dll
0x00007ff875300000 - 0x00007ff875466000 	C:\windows\SYSTEM32\wintypes.dll
0x00007ff879b80000 - 0x00007ff879c6a000 	C:\windows\System32\SHCORE.dll
0x00007ff879d00000 - 0x00007ff879d5d000 	C:\windows\System32\shlwapi.dll
0x00007ff877400000 - 0x00007ff877421000 	C:\windows\SYSTEM32\profapi.dll
0x00007ff867320000 - 0x00007ff867337000 	C:\Users\Abdella Hamch\.p2\pool\plugins\org.eclipse.justj.openjdk.hotspot.jre.full.win32.x86_64_23.0.0.v20240919-1706\jre\bin\zip.dll
0x00007ff873c50000 - 0x00007ff873c60000 	C:\Users\Abdella Hamch\.p2\pool\plugins\org.eclipse.justj.openjdk.hotspot.jre.full.win32.x86_64_23.0.0.v20240919-1706\jre\bin\net.dll
0x00007ff8768a0000 - 0x00007ff876907000 	C:\windows\system32\mswsock.dll
0x00007ff866e50000 - 0x00007ff866e66000 	C:\Users\Abdella Hamch\.p2\pool\plugins\org.eclipse.justj.openjdk.hotspot.jre.full.win32.x86_64_23.0.0.v20240919-1706\jre\bin\nio.dll
0x00007ff86a7e0000 - 0x00007ff86a7f0000 	C:\Users\Abdella Hamch\.p2\pool\plugins\org.eclipse.justj.openjdk.hotspot.jre.full.win32.x86_64_23.0.0.v20240919-1706\jre\bin\verify.dll
0x00007ff875f30000 - 0x00007ff875f5d000 	C:\windows\SYSTEM32\IPHLPAPI.DLL
0x00007ff878fe0000 - 0x00007ff878fe9000 	C:\windows\System32\NSI.dll
0x00007ff875f60000 - 0x00007ff876048000 	C:\windows\SYSTEM32\DNSAPI.dll
0x00007ff867860000 - 0x00007ff86786a000 	C:\Windows\System32\rasadhlp.dll
0x00007ff876ae0000 - 0x00007ff876af8000 	C:\windows\SYSTEM32\CRYPTSP.dll
0x00007ff876360000 - 0x00007ff876395000 	C:\windows\system32\rsaenh.dll
0x00007ff876990000 - 0x00007ff8769b9000 	C:\windows\SYSTEM32\USERENV.dll
0x00007ff876ce0000 - 0x00007ff876d07000 	C:\windows\SYSTEM32\bcrypt.dll
0x00007ff876b00000 - 0x00007ff876b0c000 	C:\windows\SYSTEM32\CRYPTBASE.dll
0x00007ff872300000 - 0x00007ff872381000 	C:\windows\System32\fwpuclnt.dll
0x00007ff867170000 - 0x00007ff867179000 	C:\Users\Abdella Hamch\.p2\pool\plugins\org.eclipse.justj.openjdk.hotspot.jre.full.win32.x86_64_23.0.0.v20240919-1706\jre\bin\extnet.dll
0x00007ff869900000 - 0x00007ff86990a000 	C:\Users\Abdella Hamch\.p2\pool\plugins\org.eclipse.justj.openjdk.hotspot.jre.full.win32.x86_64_23.0.0.v20240919-1706\jre\bin\management.dll
0x00007ff867150000 - 0x00007ff86715b000 	C:\Users\Abdella Hamch\.p2\pool\plugins\org.eclipse.justj.openjdk.hotspot.jre.full.win32.x86_64_23.0.0.v20240919-1706\jre\bin\management_ext.dll
0x00007ff879e80000 - 0x00007ff879e88000 	C:\windows\System32\PSAPI.DLL
0x00007ff854540000 - 0x00007ff854557000 	C:\windows\system32\napinsp.dll
0x00007ff853230000 - 0x00007ff85324b000 	C:\windows\system32\pnrpnsp.dll
0x00007ff853210000 - 0x00007ff853222000 	C:\windows\System32\winrnr.dll
0x00007ff8531f0000 - 0x00007ff853205000 	C:\windows\system32\wshbth.dll
0x00007ff8531c0000 - 0x00007ff8531df000 	C:\windows\system32\nlansp_c.dll

dbghelp: loaded successfully - version: 4.0.5 - missing functions: none
symbol engine: initialized successfully - sym options: 0x614 - pdb path: .;C:\Users\Abdella Hamch\.p2\pool\plugins\org.eclipse.justj.openjdk.hotspot.jre.full.win32.x86_64_23.0.0.v20240919-1706\jre\bin;C:\windows\SYSTEM32;C:\windows\WinSxS\amd64_microsoft.windows.common-controls_6595b64144ccf1df_6.0.22000.120_none_9d947278b86cc467;C:\Users\Abdella Hamch\.p2\pool\plugins\org.eclipse.justj.openjdk.hotspot.jre.full.win32.x86_64_23.0.0.v20240919-1706\jre\bin\server

VM Arguments:
jvm_args: -Dfile.encoding=UTF-8 -Dstdout.encoding=UTF-8 -Dstderr.encoding=UTF-8 -XX:+ShowCodeDetailsInExceptionMessages 
java_command: com.hamch.inventoryservice.InventoryServiceApplication
java_class_path (initial): B:\Java091024\myEcomm091024\inventory-service\target\classes;C:\Users\Abdella Hamch\.m2\repository\org\springframework\boot\spring-boot-starter-actuator\2.4.3\spring-boot-starter-actuator-2.4.3.jar;C:\Users\Abdella Hamch\.m2\repository\org\springframework\boot\spring-boot-starter\2.4.3\spring-boot-starter-2.4.3.jar;C:\Users\Abdella Hamch\.m2\repository\org\springframework\boot\spring-boot\2.4.3\spring-boot-2.4.3.jar;C:\Users\Abdella Hamch\.m2\repository\org\springframework\boot\spring-boot-autoconfigure\2.4.3\spring-boot-autoconfigure-2.4.3.jar;C:\Users\Abdella Hamch\.m2\repository\org\springframework\boot\spring-boot-starter-logging\2.4.3\spring-boot-starter-logging-2.4.3.jar;C:\Users\Abdella Hamch\.m2\repository\ch\qos\logback\logback-classic\1.2.3\logback-classic-1.2.3.jar;C:\Users\Abdella Hamch\.m2\repository\ch\qos\logback\logback-core\1.2.3\logback-core-1.2.3.jar;C:\Users\Abdella Hamch\.m2\repository\org\apache\logging\log4j\log4j-to-slf4j\2.13.3\log4j-to-slf4j-2.13.3.jar;C:\Users\Abdella Hamch\.m2\repository\org\apache\logging\log4j\log4j-api\2.13.3\log4j-api-2.13.3.jar;C:\Users\Abdella Hamch\.m2\repository\org\slf4j\jul-to-slf4j\1.7.30\jul-to-slf4j-1.7.30.jar;C:\Users\Abdella Hamch\.m2\repository\jakarta\annotation\jakarta.annotation-api\1.3.5\jakarta.annotation-api-1.3.5.jar;C:\Users\Abdella Hamch\.m2\repository\org\yaml\snakeyaml\1.27\snakeyaml-1.27.jar;C:\Users\Abdella Hamch\.m2\repository\org\springframework\boot\spring-boot-actuator-autoconfigure\2.4.3\spring-boot-actuator-autoconfigure-2.4.3.jar;C:\Users\Abdella Hamch\.m2\repository\org\springframework\boot\spring-boot-actuator\2.4.3\spring-boot-actuator-2.4.3.jar;C:\Users\Abdella Hamch\.m2\repository\com\fasterxml\jackson\core\jackson-databind\2.11.4\jackson-databind-2.11.4.jar;C:\Users\Abdella Hamch\.m2\repository\com\fasterxml\jackson\datatype\jackson-datatype-jsr310\2.11.4\jackson-datatype-jsr310-2.11.4.jar;C:\Users\Abdella Hamch\.m2\repository\io\micrometer\micrometer-core\1.6.4\micrometer-core-1.6.4.jar;C:\Users\Abdella Hamch\.m2\repository\org\hdrhistogram\HdrHistogram\2.1.12\HdrHistogram-2.1.12.jar;C:\Users\Abdella Hamch\.m2\repository\org\latencyutils\LatencyUtils\2.0.3\LatencyUtils-2.0.3.jar;C:\Users\Abdella Hamch\.m2\repository\org\springframework\cloud\spring-cloud-starter-consul-discovery\3.0.1\spring-cloud-starter-consul-discovery-3.0.1.jar;C:\Users\Abdella Hamch\.m2\repository\org\springframework\cloud\spring-cloud-starter-consul\3.0.1\spring-cloud-starter-consul-3.0.1.jar;C:\Users\Abdella Hamch\.m2\repository\org\springframework\cloud\spring-cloud-consul-core\3.0.1\spring-cloud-consul-core-3.0.1.jar;C:\Users\Abdella Hamch\.m2\repository\com\ecwid\consul\consul-api\1.4.5\consul-api-1.4.5.jar;C:\Users\Abdella Hamch\.m2\repository\com\google\code\gson\gson\2.8.6\gson-2.8.6.jar;C:\Users\Abdella Hamch\.m2\repository\org\apache\httpcomponents\httpcore\4.4.14\httpcore-4.4.14.jar;C:\Users\Abdella Hamch\.m2\repository\org\springframework\cloud\spring-cloud-consul-discovery\3.0.1\spring-cloud-consul-discovery-3.0.1.jar;C:\Users\Abdella Hamch\.m2\repository\org\springframework\cloud\spring-cloud-starter-loadbalancer\3.0.1\spring-cloud-starter-loadbalancer-3.0.1.jar;C:\Users\Abdella Hamch\.m2\repository\org\springframework\cloud\spring-cloud-loadbalancer\3.0.1\spring-cloud-loadbalancer-3.0.1.jar;C:\Users\Abdella Hamch\.m2\repository\io\projectreactor\reactor-core\3.4.3\reactor-core-3.4.3.jar;C:\Users\Abdella Hamch\.m2\repository\org\reactivestreams\reactive-streams\1.0.3\reactive-streams-1.0.3.jar;C:\Users\Abdella Hamch\.m2\repository\io\projectreactor\addons\reactor-extra\3.4.2\reactor-extra-3.4.2.jar;C:\Users\Abdella Hamch\.m2\repository\org\springframework\boot\spring-boot-starter-cache\2.4.3\spring-boot-starter-cache-2.4.3.jar;C:\Users\Abdella Hamch\.m2\repository\org\springframework\spring-context-support\5.3.4\spring-context-support-5.3.4.jar;C:\Users\Abdella Hamch\.m2\repository\com\stoyanr\evictor\1.0.0\evictor-1.0.0.jar;C:\Users\Abdella Hamch\.m2\repository\org\springframework\cloud\spring-cloud-starter-consul-config\3.0.1\spring-cloud-starter-consul-config-3.0.1.jar;C:\Users\Abdella Hamch\.m2\repository\org\springframework\cloud\spring-cloud-consul-config\3.0.1\spring-cloud-consul-config-3.0.1.jar;C:\Users\Abdella Hamch\.m2\repository\org\springframework\boot\spring-boot-starter-security\2.4.3\spring-boot-starter-security-2.4.3.jar;C:\Users\Abdella Hamch\.m2\repository\org\springframework\spring-aop\5.3.4\spring-aop-5.3.4.jar;C:\Users\Abdella Hamch\.m2\repository\org\springframework\spring-beans\5.3.4\spring-beans-5.3.4.jar;C:\Users\Abdella Hamch\.m2\repository\org\springframework\security\spring-security-config\5.4.5\spring-security-config-5.4.5.jar;C:\Users\Abdella Hamch\.m2\repository\org\springframework\spring-context\5.3.4\spring-context-5.3.4.jar;C:\Users\Abdella Hamch\.m2\repository\org\springframework\security\spring-security-web\5.4.5\spring-security-web-5.4.5.jar;C:\Users\Abdella Hamch\.m2\repository\org\springframework\spring-expression\5.3.4\spring-expression-5.3.4.jar;C:\Users\Abdella Hamch\.m2\repository\org\keycloak\keycloak-spring-boot-starter\21.0.2\keycloak-spring-boot-starter-21.0.2.jar;C:\Users\Abdella Hamch\.m2\repository\org\keycloak\keycloak-spring-boot-2-adapter\21.0.2\keycloak-spring-boot-2-adapter-21.0.2.jar;C:\Users\Abdella Hamch\.m2\repository\org\keycloak\keycloak-spring-boot-adapter-core\21.0.2\keycloak-spring-boot-adapter-core-21.0.2.jar;C:\Users\Abdella Hamch\.m2\repository\org\jboss\logging\jboss-logging\3.4.1.Final\jboss-logging-3.4.1.Final.jar;C:\Users\Abdella Hamch\.m2\repository\org\keycloak\keycloak-core\21.0.2\keycloak-core-21.0.2.jar;C:\Users\Abdella Hamch\.m2\repository\org\keycloak\keycloak-common\21.0.2\keycloak-common-21.0.2.jar;C:\Users\Abdella Hamch\.m2\repository\org\keycloak\keycloak-authz-client\21.0.2\keycloak-authz-client-21.0.2.jar;C:\Users\Abdella Hamch\.m2\repository\org\keycloak\spring-boot-container-bundle\21.0.2\spring-boot-container-bundle-21.0.2.jar;C:\Users\Abdella Hamch\.m2\repository\org\keycloak\keycloak-adapter-core\21.0.2\keycloak-adapter-core-21.0.2.jar;C:\Users\Abdella Hamch\.m2\repository\org\keycloak\keycloak-crypto-default\21.0.2\keycloak-crypto-default-21.0.2.jar;C:\Users\Abdella Hamch\.m2\repository\org\keycloak\keycloak-server-spi\21.0.2\keycloak-server-spi-21.0.2.jar;C:\Users\Abdella Hamch\.m2\repository\org\keycloak\keycloak-server-spi-private\21.0.2\keycloak-server-spi-private-21.0.2.jar;C:\Users\Abdella Hamch\.m2\repository\org\keycloak\keycloak-spring-security-adapter\21.0.2\keycloak-spring-security-adapter-21.0.2.jar;C:\Users\Abdella Hamch\.m2\repository\org\keycloak\keycloak-adapter-spi\21.0.2\keycloak-adapter-spi-21.0.2.jar;C:\Users\Abdella Hamch\.m2\repository\org\slf4j\slf4j-api\1.7.30\slf4j-api-1.7.30.jar;C:\Users\Abdella Hamch\.m2\repository\org\bouncycastle\bcprov-jdk15on\1.70\bcprov-jdk15on-1.70.jar;C:\Users\Abdella Hamch\.m2\repository\com\fasterxml\jackson\core\jackson-core\2.11.4\jackson-core-2.11.4.jar;C:\Users\Abdella Hamch\.m2\repository\com\fasterxml\jackson\core\jackson-annotations\2.11.4\jackson-annotations-2.11.4.jar;C:\Users\Abdella Hamch\.m2\repository\org\springframework\boot\spring-boot-starter-data-jpa\2.4.3\spring-boot-starter-data-jpa-2.4.3.jar;C:\Users\Abdella Hamch\.m2\repository\org\springframework\boot\spring-boot-starter-aop\2.4.3\spring-boot-starter-aop-2.4.3.jar;C:\Users\Abdella Hamch\.m2\repository\org\aspectj\aspectjweaver\1.9.6\aspectjweaver-1.9.6.jar;C:\Users\Abdella Hamch\.m2\repository\org\springframework\boot\spring-boot-starter-jdbc\2.4.3\spring-boot-starter-jdbc-2.4.3.jar;C:\Users\Abdella Hamch\.m2\repository\com\zaxxer\HikariCP\3.4.5\HikariCP-3.4.5.jar;C:\Users\Abdella Hamch\.m2\repository\org\springframework\spring-jdbc\5.3.4\spring-jdbc-5.3.4.jar;C:\Users\Abdella Hamch\.m2\repository\jakarta\transaction\jakarta.transaction-api\1.3.3\jakarta.transaction-api-1.3.3.jar;C:\Users\Abdella Hamch\.m2\repository\jakarta\persistence\jakarta.persistence-api\2.2.3\jakarta.persistence-api-2.2.3.jar;C:\Users\Abdella Hamch\.m2\repository\org\hibernate\hibernate-core\5.4.28.Final\hibernate-core-5.4.28.Final.jar;C:\Users\Abdella Hamch\.m2\repository\org\javassist\javassist\3.27.0-GA\javassist-3.27.0-GA.jar;C:\Users\Abdella Hamch\.m2\repository\net\bytebuddy\byte-buddy\1.10.20\byte-buddy-1.10.20.jar;C:\Users\Abdella Hamch\.m2\repository\antlr\antlr\2.7.7\antlr-2.7.7.jar;C:\Users\Abdella Hamch\.m2\repository\org\jboss\jandex\2.2.3.Final\jandex-2.2.3.Final.jar;C:\Users\Abdella Hamch\.m2\repository\com\fasterxml\classmate\1.5.1\classmate-1.5.1.jar;C:\Users\Abdella Hamch\.m2\repository\org\dom4j\dom4j\2.1.3\dom4j-2.1.3.jar;C:\Users\Abdella Hamch\.m2\repository\org\hibernate\common\hibernate-commons-annotations\5.1.2.Final\hibernate-commons-annotations-5.1.2.Final.jar;C:\Users\Abdella Hamch\.m2\repository\org\glassfish\jaxb\jaxb-runtime\2.3.3\jaxb-runtime-2.3.3.jar;C:\Users\Abdella Hamch\.m2\repository\org\glassfish\jaxb\txw2\2.3.3\txw2-2.3.3.jar;C:\Users\Abdella Hamch\.m2\repository\com\sun\istack\istack-commons-runtime\3.0.11\istack-commons-runtime-3.0.11.jar;C:\Users\Abdella Hamch\.m2\repository\com\sun\activation\jakarta.activation\1.2.2\jakarta.activation-1.2.2.jar;C:\Users\Abdella Hamch\.m2\repository\org\springframework\data\spring-data-jpa\2.4.5\spring-data-jpa-2.4.5.jar;C:\Users\Abdella Hamch\.m2\repository\org\springframework\data\spring-data-commons\2.4.5\spring-data-commons-2.4.5.jar;C:\Users\Abdella Hamch\.m2\repository\org\springframework\spring-orm\5.3.4\spring-orm-5.3.4.jar;C:\Users\Abdella Hamch\.m2\repository\org\springframework\spring-tx\5.3.4\spring-tx-5.3.4.jar;C:\Users\Abdella Hamch\.m2\repository\org\springframework\spring-aspects\5.3.4\spring-aspects-5.3.4.jar;C:\Users\Abdella Hamch\.m2\repository\org\springframework\boot\spring-boot-starter-web\2.4.3\spring-boot-starter-web-2.4.3.jar;C:\Users\Abdella Hamch\.m2\repository\org\springframework\boot\spring-boot-starter-json\2.4.3\spring-boot-starter-json-2.4.3.jar;C:\Users\Abdella Hamch\.m2\repository\com\fasterxml\jackson\datatype\jackson-datatype-jdk8\2.11.4\jackson-datatype-jdk8-2.11.4.jar;C:\Users\Abdella Hamch\.m2\repository\com\fasterxml\jackson\module\jackson-module-parameter-names\2.11.4\jackson-module-parameter-names-2.11.4.jar;C:\Users\Abdella Hamch\.m2\repository\org\springframework\boot\spring-boot-starter-tomcat\2.4.3\spring-boot-starter-tomcat-2.4.3.jar;C:\Users\Abdella Hamch\.m2\repository\org\apache\tomcat\embed\tomcat-embed-core\9.0.43\tomcat-embed-core-9.0.43.jar;C:\Users\Abdella Hamch\.m2\repository\org\glassfish\jakarta.el\3.0.3\jakarta.el-3.0.3.jar;C:\Users\Abdella Hamch\.m2\repository\org\apache\tomcat\embed\tomcat-embed-websocket\9.0.43\tomcat-embed-websocket-9.0.43.jar;C:\Users\Abdella Hamch\.m2\repository\org\springframework\spring-web\5.3.4\spring-web-5.3.4.jar;C:\Users\Abdella Hamch\.m2\repository\org\springframework\spring-webmvc\5.3.4\spring-webmvc-5.3.4.jar;C:\Users\Abdella Hamch\.m2\repository\org\springframework\cloud\spring-cloud-starter-bus-amqp\3.0.1\spring-cloud-starter-bus-amqp-3.0.1.jar;C:\Users\Abdella Hamch\.m2\repository\org\springframework\cloud\spring-cloud-starter-stream-rabbit\3.1.1\spring-cloud-starter-stream-rabbit-3.1.1.jar;C:\Users\Abdella Hamch\.m2\repository\org\springframework\cloud\spring-cloud-bus\3.0.1\spring-cloud-bus-3.0.1.jar;C:\Users\Abdella Hamch\.m2\repository\org\springframework\integration\spring-integration-core\5.4.4\spring-integration-core-5.4.4.jar;C:\Users\Abdella Hamch\.m2\repository\org\springframework\cloud\spring-cloud-stream-binder-rabbit\3.1.1\spring-cloud-stream-binder-rabbit-3.1.1.jar;C:\Users\Abdella Hamch\.m2\repository\org\springframework\cloud\spring-cloud-stream-binder-rabbit-core\3.1.1\spring-cloud-stream-binder-rabbit-core-3.1.1.jar;C:\Users\Abdella Hamch\.m2\repository\org\springframework\integration\spring-integration-amqp\5.4.4\spring-integration-amqp-5.4.4.jar;C:\Users\Abdella Hamch\.m2\repository\com\rabbitmq\http-client\2.1.0.RELEASE\http-client-2.1.0.RELEASE.jar;C:\Users\Abdella Hamch\.m2\repository\org\springframework\cloud\spring-cloud-stream\3.1.1\spring-cloud-stream-3.1.1.jar;C:\Users\Abdella Hamch\.m2\repository\org\springframework\boot\spring-boot-starter-validation\2.4.3\spring-boot-starter-validation-2.4.3.jar;C:\Users\Abdella Hamch\.m2\repository\org\hibernate\validator\hibernate-validator\6.1.7.Final\hibernate-validator-6.1.7.Final.jar;C:\Users\Abdella Hamch\.m2\repository\jakarta\validation\jakarta.validation-api\2.0.2\jakarta.validation-api-2.0.2.jar;C:\Users\Abdella Hamch\.m2\repository\org\springframework\spring-messaging\5.3.4\spring-messaging-5.3.4.jar;C:\Users\Abdella Hamch\.m2\repository\org\springframework\retry\spring-retry\1.3.1\spring-retry-1.3.1.jar;C:\Users\Abdella Hamch\.m2\repository\javax\annotation\javax.annotation-api\1.3.2\javax.annotation-api-1.3.2.jar;C:\Users\Abdella Hamch\.m2\repository\org\springframework\cloud\spring-cloud-function-context\3.1.1\spring-cloud-function-context-3.1.1.jar;C:\Users\Abdella Hamch\.m2\repository\net\jodah\typetools\0.6.2\typetools-0.6.2.jar;C:\Users\Abdella Hamch\.m2\repository\org\springframework\cloud\spring-cloud-function-core\3.1.1\spring-cloud-function-core-3.1.1.jar;C:\Users\Abdella Hamch\.m2\repository\org\springframework\boot\spring-boot-starter-amqp\2.4.3\spring-boot-starter-amqp-2.4.3.jar;C:\Users\Abdella Hamch\.m2\repository\org\springframework\amqp\spring-rabbit\2.3.5\spring-rabbit-2.3.5.jar;C:\Users\Abdella Hamch\.m2\repository\org\springframework\amqp\spring-amqp\2.3.5\spring-amqp-2.3.5.jar;C:\Users\Abdella Hamch\.m2\repository\com\rabbitmq\amqp-client\5.10.0\amqp-client-5.10.0.jar;C:\Users\Abdella Hamch\.m2\repository\org\springframework\integration\spring-integration-jmx\5.4.4\spring-integration-jmx-5.4.4.jar;C:\Users\Abdella Hamch\.m2\repository\org\apache\httpcomponents\httpclient\4.5.13\httpclient-4.5.13.jar;C:\Users\Abdella Hamch\.m2\repository\commons-codec\commons-codec\1.15\commons-codec-1.15.jar;C:\Users\Abdella Hamch\.m2\repository\mysql\mysql-connector-java\8.0.23\mysql-connector-java-8.0.23.jar;C:\Users\Abdella Hamch\.m2\repository\org\projectlombok\lombok\1.18.18\lombok-1.18.18.jar;C:\Users\Abdella Hamch\.m2\repository\net\minidev\json-smart\2.3\json-smart-2.3.jar;C:\Users\Abdella Hamch\.m2\repository\net\minidev\accessors-smart\1.2\accessors-smart-1.2.jar;C:\Users\Abdella Hamch\.m2\repository\org\ow2\asm\asm\5.0.4\asm-5.0.4.jar;C:\Users\Abdella Hamch\.m2\repository\jakarta\xml\bind\jakarta.xml.bind-api\2.3.3\jakarta.xml.bind-api-2.3.3.jar;C:\Users\Abdella Hamch\.m2\repository\jakarta\activation\jakarta.activation-api\1.2.2\jakarta.activation-api-1.2.2.jar;C:\Users\Abdella Hamch\.m2\repository\org\springframework\spring-core\5.3.4\spring-core-5.3.4.jar;C:\Users\Abdella Hamch\.m2\repository\org\springframework\spring-jcl\5.3.4\spring-jcl-5.3.4.jar;C:\Users\Abdella Hamch\.m2\repository\org\springframework\cloud\spring-cloud-starter-bootstrap\3.0.1\spring-cloud-starter-bootstrap-3.0.1.jar;C:\Users\Abdella Hamch\.m2\repository\org\springframework\cloud\spring-cloud-starter\3.0.1\spring-cloud-starter-3.0.1.jar;C:\Users\Abdella Hamch\.m2\repository\org\springframework\cloud\spring-cloud-context\3.0.1\spring-cloud-context-3.0.1.jar;C:\Users\Abdella Hamch\.m2\repository\org\springframework\security\spring-security-crypto\5.4.5\spring-security-crypto-5.4.5.jar;C:\Users\Abdella Hamch\.m2\repository\org\springframework\cloud\spring-cloud-commons\3.0.1\spring-cloud-commons-3.0.1.jar;C:\Users\Abdella Hamch\.m2\repository\org\springframework\security\spring-security-rsa\1.0.9.RELEASE\spring-security-rsa-1.0.9.RELEASE.jar;C:\Users\Abdella Hamch\.m2\repository\org\bouncycastle\bcpkix-jdk15on\1.64\bcpkix-jdk15on-1.64.jar;C:\Users\Abdella Hamch\.m2\repository\org\springframework\security\spring-security-oauth2-jose\5.4.5\spring-security-oauth2-jose-5.4.5.jar;C:\Users\Abdella Hamch\.m2\repository\com\nimbusds\nimbus-jose-jwt\8.20.2\nimbus-jose-jwt-8.20.2.jar;C:\Users\Abdella Hamch\.m2\repository\com\github\stephenc\jcip\jcip-annotations\1.0-1\jcip-annotations-1.0-1.jar;C:\Users\Abdella Hamch\.m2\repository\org\springframework\security\spring-security-core\5.4.5\spring-security-core-5.4.5.jar;C:\Users\Abdella Hamch\.m2\repository\org\springframework\security\spring-security-oauth2-core\5.4.5\spring-security-oauth2-core-5.4.5.jar
Launcher Type: SUN_STANDARD

[Global flags]
     intx CICompilerCount                          = 12                                        {product} {ergonomic}
     uint ConcGCThreads                            = 3                                         {product} {ergonomic}
     uint G1ConcRefinementThreads                  = 13                                        {product} {ergonomic}
   size_t G1HeapRegionSize                         = 1048576                                   {product} {ergonomic}
   size_t InitialHeapSize                          = 132120576                                 {product} {ergonomic}
   size_t MarkStackSize                            = 4194304                                   {product} {ergonomic}
   size_t MarkStackSizeMax                         = 536870912                                 {product} {ergonomic}
   size_t MaxHeapSize                              = 2090860544                                {product} {ergonomic}
   size_t MaxNewSize                               = 1254096896                                {product} {ergonomic}
   size_t MinHeapDeltaBytes                        = 1048576                                   {product} {ergonomic}
   size_t MinHeapSize                              = 8388608                                   {product} {ergonomic}
    uintx NonNMethodCodeHeapSize                   = 7602176                                {pd product} {ergonomic}
    uintx NonProfiledCodeHeapSize                  = 122093568                              {pd product} {ergonomic}
    uintx ProfiledCodeHeapSize                     = 121962496                              {pd product} {ergonomic}
    uintx ReservedCodeCacheSize                    = 251658240                              {pd product} {ergonomic}
     bool SegmentedCodeCache                       = true                                      {product} {ergonomic}
     bool ShowCodeDetailsInExceptionMessages       = true                                   {manageable} {command line}
   size_t SoftMaxHeapSize                          = 2090860544                             {manageable} {ergonomic}
     bool UseCompressedOops                        = true                           {product lp64_product} {ergonomic}
     bool UseG1GC                                  = true                                      {product} {ergonomic}
     bool UseLargePagesIndividualAllocation        = false                                  {pd product} {ergonomic}

Logging:
Log output configuration:
 #0: stdout all=warning uptime,level,tags foldmultilines=false
 #1: stderr all=off uptime,level,tags foldmultilines=false

Environment Variables:
JAVA_HOME=C:\Program Files\Java\jdk-17
PATH=C:/Users/Abdella Hamch/.p2/pool/plugins/org.eclipse.justj.openjdk.hotspot.jre.full.win32.x86_64_23.0.0.v20240919-1706/jre/bin/server;C:/Users/Abdella Hamch/.p2/pool/plugins/org.eclipse.justj.openjdk.hotspot.jre.full.win32.x86_64_23.0.0.v20240919-1706/jre/bin;C:\ProgramData\Oracle\Java\javapath;C:\Python311\Scripts\;C:\Python311\;C:\windows\system32;C:\windows;C:\windows\System32\Wbem;C:\windows\System32\WindowsPowerShell\v1.0\;C:\windows\System32\OpenSSH\;C:\Program Files (x86)\Microsoft SQL Server\160\DTS\Binn\;C:\Program Files\Azure Data Studio\bin;C:\Program Files\Git\cmd;C:\Program Files\nodejs\;C:\ProgramData\chocolatey\bin;C:\Program Files\Java\jdk-17\bin;C:\Program Files\PuTTY\;C:\Program Files\Microsoft SQL Server\Client SDK\ODBC\170\Tools\Binn\;C:\Program Files (x86)\Microsoft SQL Server\150\Tools\Binn\;C:\Program Files\Microsoft SQL Server\150\Tools\Binn\;C:\Program Files\Microsoft SQL Server\150\DTS\Binn\;C:\Program Files (x86)\Microsoft SQL Server\160\Tools\Binn\;C:\Program Files\Microsoft SQL Server\160\Tools\Binn\;C:\Program Files\Microsoft SQL Server\160\DTS\Binn\;C:\Program Files\Microsoft SQL Server\130\DTS\Binn\;C:\Program Files\Microsoft SQL Server\140\DTS\Binn\;C:\Users\Abdella Hamch\AppData\Local\Microsoft\WindowsApps;C:\Program Files\Azure Data Studio\bin;C:\Users\Abdella Hamch\AppData\Local\GitHubDesktop\bin;C:\Program Files\Java\jdk-17\bin;C:\Users\Abdella Hamch\AppData\Roaming\npm;C:\Program Files\nodejs;C:\Users\Abdella Hamch\AppData\Roaming\npm\ng.ps1;C:\Users\Abdella Hamch\AppData\Local\JetBrains\Toolbox\scripts;;C:\windows\system32;
USERNAME=A.HAMCH
OS=Windows_NT
PROCESSOR_IDENTIFIER=Intel64 Family 6 Model 165 Stepping 5, GenuineIntel
TMP=C:\Users\ABDELL~1\AppData\Local\Temp
TEMP=C:\Users\ABDELL~1\AppData\Local\Temp




Periodic native trim disabled

---------------  S Y S T E M  ---------------

OS:
 Windows 11 , 64 bit Build 22000 (10.0.22000.1516)
OS uptime: 8 days 23:49 hours

CPU: total 16 (initial active 16) (8 cores per cpu, 2 threads per core) family 6 model 165 stepping 5 microcode 0xfa, cx8, cmov, fxsr, ht, mmx, 3dnowpref, sse, sse2, sse3, ssse3, sse4.1, sse4.2, popcnt, lzcnt, tsc, tscinvbit, avx, avx2, aes, erms, clmul, bmi1, bmi2, adx, fma, vzeroupper, clflush, clflushopt, rdtscp, f16c, pku
Processor Information for the first 16 processors :
  Max Mhz: 2904, Current Mhz: 2904, Mhz Limit: 2904

Memory: 4k page, system-wide physical 7968M (402M free)
TotalPageFile size 32544M (AvailPageFile size 3M)
current process WorkingSet (physical memory assigned to process): 237M, peak: 237M
current process commit charge ("private bytes"): 285M, peak: 291M

vm_info: OpenJDK 64-Bit Server VM (23+37) for windows-amd64 JRE (23+37), built on 2024-09-17T00:00:00Z with MS VC++ 17.7 (VS2022)

END.
