#
# There is insufficient memory for the Java Runtime Environment to continue.
# Native memory allocation (mmap) failed to map 132120576 bytes. Error detail: G1 virtual space
# Possible reasons:
#   The system is out of physical RAM or swap space
#   This process is running with CompressedOops enabled, and the Java Heap may be blocking the growth of the native heap
# Possible solutions:
#   Reduce memory load on the system
#   Increase physical memory or swap space
#   Check if swap backing store is full
#   Decrease Java heap size (-Xmx/-Xms)
#   Decrease number of Java threads
#   Decrease Java thread stack sizes (-Xss)
#   Set larger code cache with -XX:ReservedCodeCacheSize=
#   JVM is running with Unscaled Compressed Oops mode in which the Java heap is
#     placed in the first 4GB address space. The Java Heap base address is the
#     maximum limit for the native heap growth. Please use -XX:HeapBaseMinAddress
#     to set the Java Heap base and to place the Java Heap above 4GB virtual address.
# This output file may be truncated or incomplete.
#
#  Out of Memory Error (os_windows.cpp:3703), pid=14148, tid=45276
#
# JRE version:  (23.0+37) (build )
# Java VM: OpenJDK 64-Bit Server VM (23+37, mixed mode, sharing, tiered, compressed oops, compressed class ptrs, g1 gc, windows-amd64)
# No core dump will be written. Minidumps are not enabled by default on client versions of Windows
#

---------------  S U M M A R Y ------------

Command Line: -Dfile.encoding=UTF-8 -Dstdout.encoding=UTF-8 -Dstderr.encoding=UTF-8 -XX:+ShowCodeDetailsInExceptionMessages com.hamch.paymentservice.PaymentServiceApplication

Host: Intel(R) Core(TM) i7-10700 CPU @ 2.90GHz, 16 cores, 7G,  Windows 11 , 64 bit Build 22000 (10.0.22000.1516)
Time: Thu Nov 14 11:53:10 2024 Maroc (heure d64 bit Build 22000 (10.0.22000.1516) elapsed time: 0.084688 seconds (0d 0h 0m 0s)

---------------  T H R E A D  ---------------

Current thread (0x0000020c1fd88df0):  JavaThread "Unknown thread" [_thread_in_vm, id=45276, stack(0x000000f57ed00000,0x000000f57ee00000) (1024K)]

Stack: [0x000000f57ed00000,0x000000f57ee00000]
Native frames: (J=compiled Java code, j=interpreted, Vv=VM code, C=native code)
V  [jvm.dll+0x6e8c69]  (no source info available)
V  [jvm.dll+0x8d9073]  (no source info available)
V  [jvm.dll+0x8db4fe]  (no source info available)
V  [jvm.dll+0x8dbbd3]  (no source info available)
V  [jvm.dll+0x281aa6]  (no source info available)
V  [jvm.dll+0x6e5565]  (no source info available)
V  [jvm.dll+0x6d957a]  (no source info available)
V  [jvm.dll+0x3625fa]  (no source info available)
V  [jvm.dll+0x36aa26]  (no source info available)
V  [jvm.dll+0x356fce]  (no source info available)
V  [jvm.dll+0x357268]  (no source info available)
V  [jvm.dll+0x32fbfc]  (no source info available)
V  [jvm.dll+0x33089e]  (no source info available)
V  [jvm.dll+0x89f915]  (no source info available)
V  [jvm.dll+0x3bfe88]  (no source info available)
V  [jvm.dll+0x88845c]  (no source info available)
V  [jvm.dll+0x45a16e]  (no source info available)
V  [jvm.dll+0x45bf81]  (no source info available)
C  [jli.dll+0x5278]  (no source info available)
C  [ucrtbase.dll+0x26c0c]  (no source info available)
C  [KERNEL32.DLL+0x155a0]  (no source info available)
C  [ntdll.dll+0x485b]  (no source info available)

Lock stack of current Java thread (top to bottom):


---------------  P R O C E S S  ---------------

Threads class SMR info:
_java_thread_list=0x00007ffdcfdf8ad8, length=0, elements={
}

Java Threads: ( => current thread )
Total: 0

Other Threads:
  0x0000020c2241aa30 WorkerThread "GC Thread#0"                     [id=9076, stack(0x000000f57ee00000,0x000000f57ef00000) (1024K)]
  0x0000020c2242fcc0 ConcurrentGCThread "G1 Main Marker"            [id=20488, stack(0x000000f57ef00000,0x000000f57f000000) (1024K)]
  0x0000020c224307d0 WorkerThread "G1 Conc#0"                       [id=60892, stack(0x000000f57f000000,0x000000f57f100000) (1024K)]

[error occurred during error reporting (printing all threads), id 0xc0000005, EXCEPTION_ACCESS_VIOLATION (0xc0000005) at pc=0x00007ffdcf4d326a]
VM state: not at safepoint (not fully initialized)

VM Mutex/Monitor currently owned by a thread:  ([mutex/lock_event])
[0x00007ffdcfe7be70] Heap_lock - owner thread: 0x0000020c1fd88df0

Heap address: 0x0000000083600000, size: 1994 MB, Compressed Oops mode: 32-bit

CDS archive(s) mapped at: [0x0000000000000000-0x0000000000000000-0x0000000000000000), size 0, SharedBaseAddress: 0x0000000800000000, ArchiveRelocationMode: 1.
Narrow klass base: 0x0000000000000000, Narrow klass shift: 0, Narrow klass range: 0x0

GC Precious Log:
 CardTable entry size: 512
 Card Set container configuration: InlinePtr #cards 5 size 8 Array Of Cards #cards 10 size 36 Howl #buckets 4 coarsen threshold 1843 Howl Bitmap #cards 512 size 80 coarsen threshold 460 Card regions per heap region 1 cards per card region 2048

Heap:
 garbage-first heap   total reserved 2041856K, committed 0K, used 0K [0x0000000083600000, 0x0000000100000000)
  region size 1024K, 0 young (0K), 0 survivors (0K)

[error occurred during error reporting (printing heap information), id 0xc0000005, EXCEPTION_ACCESS_VIOLATION (0xc0000005) at pc=0x00007ffdcf8d51e9]
GC Heap History (0 events):
No events

Dll operation events (1 events):
Event: 0.069 Loaded shared library C:\Users\Abdella Hamch\.p2\pool\plugins\org.eclipse.justj.openjdk.hotspot.jre.full.win32.x86_64_23.0.0.v20240919-1706\jre\bin\java.dll

Deoptimization events (0 events):
No events

Classes loaded (0 events):
No events

Classes unloaded (0 events):
No events

Classes redefined (0 events):
No events

Internal exceptions (0 events):
No events

VM Operations (0 events):
No events

Memory protections (0 events):
No events

Nmethod flushes (0 events):
No events

Events (0 events):
No events


Dynamic libraries:
0x00007ff752d10000 - 0x00007ff752d1e000 	C:\Users\Abdella Hamch\.p2\pool\plugins\org.eclipse.justj.openjdk.hotspot.jre.full.win32.x86_64_23.0.0.v20240919-1706\jre\bin\javaw.exe
0x00007ffe29bc0000 - 0x00007ffe29dc9000 	C:\windows\SYSTEM32\ntdll.dll
0x00007ffe28260000 - 0x00007ffe2831e000 	C:\windows\System32\KERNEL32.DLL
0x00007ffe273b0000 - 0x00007ffe2772c000 	C:\windows\System32\KERNELBASE.dll
0x00007ffe26e60000 - 0x00007ffe26fac000 	C:\Windows\system32\hmpalert.dll
0x00007ffe27730000 - 0x00007ffe27841000 	C:\windows\System32\ucrtbase.dll
0x00007ffe16430000 - 0x00007ffe1644b000 	C:\Users\Abdella Hamch\.p2\pool\plugins\org.eclipse.justj.openjdk.hotspot.jre.full.win32.x86_64_23.0.0.v20240919-1706\jre\bin\VCRUNTIME140.dll
0x00007ffe23da0000 - 0x00007ffe23db7000 	C:\Users\Abdella Hamch\.p2\pool\plugins\org.eclipse.justj.openjdk.hotspot.jre.full.win32.x86_64_23.0.0.v20240919-1706\jre\bin\jli.dll
0x00007ffe27b50000 - 0x00007ffe27cfd000 	C:\windows\System32\USER32.dll
0x00007ffe27150000 - 0x00007ffe27176000 	C:\windows\System32\win32u.dll
0x00007ffe27f20000 - 0x00007ffe27f49000 	C:\windows\System32\GDI32.dll
0x00007ffe27290000 - 0x00007ffe273a8000 	C:\windows\System32\gdi32full.dll
0x00007ffe271f0000 - 0x00007ffe2728d000 	C:\windows\System32\msvcp_win.dll
0x00007ffe04e70000 - 0x00007ffe05115000 	C:\windows\WinSxS\amd64_microsoft.windows.common-controls_6595b64144ccf1df_6.0.22000.120_none_9d947278b86cc467\COMCTL32.dll
0x00007ffe28530000 - 0x00007ffe285d3000 	C:\windows\System32\msvcrt.dll
0x00007ffe285e0000 - 0x00007ffe28611000 	C:\windows\System32\IMM32.DLL
0x00007ffe24080000 - 0x00007ffe2408c000 	C:\Users\Abdella Hamch\.p2\pool\plugins\org.eclipse.justj.openjdk.hotspot.jre.full.win32.x86_64_23.0.0.v20240919-1706\jre\bin\vcruntime140_1.dll
0x00007ffe03e50000 - 0x00007ffe03ede000 	C:\Users\Abdella Hamch\.p2\pool\plugins\org.eclipse.justj.openjdk.hotspot.jre.full.win32.x86_64_23.0.0.v20240919-1706\jre\bin\msvcp140.dll
0x00007ffdcf190000 - 0x00007ffdcff5d000 	C:\Users\Abdella Hamch\.p2\pool\plugins\org.eclipse.justj.openjdk.hotspot.jre.full.win32.x86_64_23.0.0.v20240919-1706\jre\bin\server\jvm.dll
0x00007ffe299a0000 - 0x00007ffe29a4e000 	C:\windows\System32\ADVAPI32.dll
0x00007ffe28f90000 - 0x00007ffe2902e000 	C:\windows\System32\sechost.dll
0x00007ffe29a60000 - 0x00007ffe29b80000 	C:\windows\System32\RPCRT4.dll
0x00007ffe28650000 - 0x00007ffe286bf000 	C:\windows\System32\WS2_32.dll
0x00007ffe26e10000 - 0x00007ffe26e5d000 	C:\windows\SYSTEM32\POWRPROF.dll
0x00007ffe22280000 - 0x00007ffe2228a000 	C:\windows\SYSTEM32\VERSION.dll
0x00007ffe1a5c0000 - 0x00007ffe1a5f3000 	C:\windows\SYSTEM32\WINMM.dll
0x00007ffe26df0000 - 0x00007ffe26e03000 	C:\windows\SYSTEM32\UMPDC.dll
0x00007ffe25fc0000 - 0x00007ffe25fd8000 	C:\windows\SYSTEM32\kernel.appcore.dll
0x00007ffe240d0000 - 0x00007ffe240da000 	C:\Users\Abdella Hamch\.p2\pool\plugins\org.eclipse.justj.openjdk.hotspot.jre.full.win32.x86_64_23.0.0.v20240919-1706\jre\bin\jimage.dll
0x00007ffe219a0000 - 0x00007ffe21bc1000 	C:\windows\SYSTEM32\DBGHELP.DLL
0x00007ffe21910000 - 0x00007ffe21941000 	C:\windows\SYSTEM32\dbgcore.DLL
0x00007ffe279c0000 - 0x00007ffe27a3f000 	C:\windows\System32\bcryptPrimitives.dll
0x00007ffe23fe0000 - 0x00007ffe23ffe000 	C:\Users\Abdella Hamch\.p2\pool\plugins\org.eclipse.justj.openjdk.hotspot.jre.full.win32.x86_64_23.0.0.v20240919-1706\jre\bin\java.dll
0x00007ffe27d80000 - 0x00007ffe27f1a000 	C:\windows\System32\ole32.dll
0x00007ffe28c10000 - 0x00007ffe28f86000 	C:\windows\System32\combase.dll
0x00007ffe29120000 - 0x00007ffe298e5000 	C:\windows\System32\SHELL32.dll

dbghelp: loaded successfully - version: 4.0.5 - missing functions: none
symbol engine: initialized successfully - sym options: 0x614 - pdb path: .;C:\Users\Abdella Hamch\.p2\pool\plugins\org.eclipse.justj.openjdk.hotspot.jre.full.win32.x86_64_23.0.0.v20240919-1706\jre\bin;C:\windows\SYSTEM32;C:\windows\WinSxS\amd64_microsoft.windows.common-controls_6595b64144ccf1df_6.0.22000.120_none_9d947278b86cc467;C:\Users\Abdella Hamch\.p2\pool\plugins\org.eclipse.justj.openjdk.hotspot.jre.full.win32.x86_64_23.0.0.v20240919-1706\jre\bin\server

VM Arguments:
jvm_args: -Dfile.encoding=UTF-8 -Dstdout.encoding=UTF-8 -Dstderr.encoding=UTF-8 -XX:+ShowCodeDetailsInExceptionMessages 
java_command: com.hamch.paymentservice.PaymentServiceApplication
java_class_path (initial): B:\Java091024\myEcomm091024\payment-service\target\classes;C:\Users\Abdella Hamch\.m2\repository\org\springframework\boot\spring-boot-starter-data-jpa\2.7.5\spring-boot-starter-data-jpa-2.7.5.jar;C:\Users\Abdella Hamch\.m2\repository\org\springframework\boot\spring-boot-starter-aop\2.7.5\spring-boot-starter-aop-2.7.5.jar;C:\Users\Abdella Hamch\.m2\repository\org\aspectj\aspectjweaver\1.9.7\aspectjweaver-1.9.7.jar;C:\Users\Abdella Hamch\.m2\repository\org\springframework\boot\spring-boot-starter-jdbc\2.7.5\spring-boot-starter-jdbc-2.7.5.jar;C:\Users\Abdella Hamch\.m2\repository\com\zaxxer\HikariCP\4.0.3\HikariCP-4.0.3.jar;C:\Users\Abdella Hamch\.m2\repository\org\springframework\spring-jdbc\5.3.23\spring-jdbc-5.3.23.jar;C:\Users\Abdella Hamch\.m2\repository\jakarta\transaction\jakarta.transaction-api\1.3.3\jakarta.transaction-api-1.3.3.jar;C:\Users\Abdella Hamch\.m2\repository\jakarta\persistence\jakarta.persistence-api\2.2.3\jakarta.persistence-api-2.2.3.jar;C:\Users\Abdella Hamch\.m2\repository\org\hibernate\hibernate-core\5.6.12.Final\hibernate-core-5.6.12.Final.jar;C:\Users\Abdella Hamch\.m2\repository\org\jboss\logging\jboss-logging\3.4.3.Final\jboss-logging-3.4.3.Final.jar;C:\Users\Abdella Hamch\.m2\repository\net\bytebuddy\byte-buddy\1.12.18\byte-buddy-1.12.18.jar;C:\Users\Abdella Hamch\.m2\repository\antlr\antlr\2.7.7\antlr-2.7.7.jar;C:\Users\Abdella Hamch\.m2\repository\org\jboss\jandex\2.4.2.Final\jandex-2.4.2.Final.jar;C:\Users\Abdella Hamch\.m2\repository\com\fasterxml\classmate\1.5.1\classmate-1.5.1.jar;C:\Users\Abdella Hamch\.m2\repository\org\hibernate\common\hibernate-commons-annotations\5.1.2.Final\hibernate-commons-annotations-5.1.2.Final.jar;C:\Users\Abdella Hamch\.m2\repository\org\glassfish\jaxb\jaxb-runtime\2.3.7\jaxb-runtime-2.3.7.jar;C:\Users\Abdella Hamch\.m2\repository\org\glassfish\jaxb\txw2\2.3.7\txw2-2.3.7.jar;C:\Users\Abdella Hamch\.m2\repository\com\sun\istack\istack-commons-runtime\3.0.12\istack-commons-runtime-3.0.12.jar;C:\Users\Abdella Hamch\.m2\repository\com\sun\activation\jakarta.activation\1.2.2\jakarta.activation-1.2.2.jar;C:\Users\Abdella Hamch\.m2\repository\org\springframework\data\spring-data-jpa\2.7.5\spring-data-jpa-2.7.5.jar;C:\Users\Abdella Hamch\.m2\repository\org\springframework\spring-orm\5.3.23\spring-orm-5.3.23.jar;C:\Users\Abdella Hamch\.m2\repository\org\springframework\spring-context\5.3.23\spring-context-5.3.23.jar;C:\Users\Abdella Hamch\.m2\repository\org\springframework\spring-beans\5.3.23\spring-beans-5.3.23.jar;C:\Users\Abdella Hamch\.m2\repository\org\springframework\spring-aspects\5.3.23\spring-aspects-5.3.23.jar;C:\Users\Abdella Hamch\.m2\repository\org\springframework\boot\spring-boot-starter-security\2.7.5\spring-boot-starter-security-2.7.5.jar;C:\Users\Abdella Hamch\.m2\repository\org\springframework\boot\spring-boot-starter\2.7.5\spring-boot-starter-2.7.5.jar;C:\Users\Abdella Hamch\.m2\repository\org\springframework\boot\spring-boot\2.7.5\spring-boot-2.7.5.jar;C:\Users\Abdella Hamch\.m2\repository\org\springframework\boot\spring-boot-autoconfigure\2.7.5\spring-boot-autoconfigure-2.7.5.jar;C:\Users\Abdella Hamch\.m2\repository\org\springframework\boot\spring-boot-starter-logging\2.7.5\spring-boot-starter-logging-2.7.5.jar;C:\Users\Abdella Hamch\.m2\repository\ch\qos\logback\logback-classic\1.2.11\logback-classic-1.2.11.jar;C:\Users\Abdella Hamch\.m2\repository\ch\qos\logback\logback-core\1.2.11\logback-core-1.2.11.jar;C:\Users\Abdella Hamch\.m2\repository\org\apache\logging\log4j\log4j-to-slf4j\2.17.2\log4j-to-slf4j-2.17.2.jar;C:\Users\Abdella Hamch\.m2\repository\org\apache\logging\log4j\log4j-api\2.17.2\log4j-api-2.17.2.jar;C:\Users\Abdella Hamch\.m2\repository\org\slf4j\jul-to-slf4j\1.7.36\jul-to-slf4j-1.7.36.jar;C:\Users\Abdella Hamch\.m2\repository\jakarta\annotation\jakarta.annotation-api\1.3.5\jakarta.annotation-api-1.3.5.jar;C:\Users\Abdella Hamch\.m2\repository\org\yaml\snakeyaml\1.30\snakeyaml-1.30.jar;C:\Users\Abdella Hamch\.m2\repository\org\springframework\spring-aop\5.3.23\spring-aop-5.3.23.jar;C:\Users\Abdella Hamch\.m2\repository\org\springframework\security\spring-security-config\5.7.4\spring-security-config-5.7.4.jar;C:\Users\Abdella Hamch\.m2\repository\org\springframework\security\spring-security-core\5.7.4\spring-security-core-5.7.4.jar;C:\Users\Abdella Hamch\.m2\repository\org\springframework\security\spring-security-crypto\5.7.4\spring-security-crypto-5.7.4.jar;C:\Users\Abdella Hamch\.m2\repository\org\springframework\security\spring-security-web\5.7.4\spring-security-web-5.7.4.jar;C:\Users\Abdella Hamch\.m2\repository\org\springframework\spring-expression\5.3.23\spring-expression-5.3.23.jar;C:\Users\Abdella Hamch\.m2\repository\org\keycloak\keycloak-spring-boot-starter\21.0.2\keycloak-spring-boot-starter-21.0.2.jar;C:\Users\Abdella Hamch\.m2\repository\org\keycloak\keycloak-spring-boot-2-adapter\21.0.2\keycloak-spring-boot-2-adapter-21.0.2.jar;C:\Users\Abdella Hamch\.m2\repository\org\keycloak\keycloak-spring-boot-adapter-core\21.0.2\keycloak-spring-boot-adapter-core-21.0.2.jar;C:\Users\Abdella Hamch\.m2\repository\org\keycloak\keycloak-core\21.0.2\keycloak-core-21.0.2.jar;C:\Users\Abdella Hamch\.m2\repository\org\keycloak\keycloak-common\21.0.2\keycloak-common-21.0.2.jar;C:\Users\Abdella Hamch\.m2\repository\org\keycloak\keycloak-authz-client\21.0.2\keycloak-authz-client-21.0.2.jar;C:\Users\Abdella Hamch\.m2\repository\org\apache\httpcomponents\httpclient\4.5.13\httpclient-4.5.13.jar;C:\Users\Abdella Hamch\.m2\repository\commons-codec\commons-codec\1.15\commons-codec-1.15.jar;C:\Users\Abdella Hamch\.m2\repository\org\keycloak\spring-boot-container-bundle\21.0.2\spring-boot-container-bundle-21.0.2.jar;C:\Users\Abdella Hamch\.m2\repository\org\keycloak\keycloak-adapter-core\21.0.2\keycloak-adapter-core-21.0.2.jar;C:\Users\Abdella Hamch\.m2\repository\org\keycloak\keycloak-crypto-default\21.0.2\keycloak-crypto-default-21.0.2.jar;C:\Users\Abdella Hamch\.m2\repository\org\keycloak\keycloak-server-spi\21.0.2\keycloak-server-spi-21.0.2.jar;C:\Users\Abdella Hamch\.m2\repository\org\keycloak\keycloak-server-spi-private\21.0.2\keycloak-server-spi-private-21.0.2.jar;C:\Users\Abdella Hamch\.m2\repository\org\keycloak\keycloak-spring-security-adapter\21.0.2\keycloak-spring-security-adapter-21.0.2.jar;C:\Users\Abdella Hamch\.m2\repository\org\keycloak\keycloak-adapter-spi\21.0.2\keycloak-adapter-spi-21.0.2.jar;C:\Users\Abdella Hamch\.m2\repository\org\bouncycastle\bcprov-jdk15on\1.70\bcprov-jdk15on-1.70.jar;C:\Users\Abdella Hamch\.m2\repository\com\fasterxml\jackson\core\jackson-core\2.13.4\jackson-core-2.13.4.jar;C:\Users\Abdella Hamch\.m2\repository\com\fasterxml\jackson\core\jackson-databind\2.13.4.2\jackson-databind-2.13.4.2.jar;C:\Users\Abdella Hamch\.m2\repository\org\springframework\boot\spring-boot-starter-web\2.7.5\spring-boot-starter-web-2.7.5.jar;C:\Users\Abdella Hamch\.m2\repository\org\springframework\boot\spring-boot-starter-json\2.7.5\spring-boot-starter-json-2.7.5.jar;C:\Users\Abdella Hamch\.m2\repository\com\fasterxml\jackson\datatype\jackson-datatype-jsr310\2.13.4\jackson-datatype-jsr310-2.13.4.jar;C:\Users\Abdella Hamch\.m2\repository\com\fasterxml\jackson\module\jackson-module-parameter-names\2.13.4\jackson-module-parameter-names-2.13.4.jar;C:\Users\Abdella Hamch\.m2\repository\org\springframework\boot\spring-boot-starter-tomcat\2.7.5\spring-boot-starter-tomcat-2.7.5.jar;C:\Users\Abdella Hamch\.m2\repository\org\apache\tomcat\embed\tomcat-embed-core\9.0.68\tomcat-embed-core-9.0.68.jar;C:\Users\Abdella Hamch\.m2\repository\org\apache\tomcat\embed\tomcat-embed-el\9.0.68\tomcat-embed-el-9.0.68.jar;C:\Users\Abdella Hamch\.m2\repository\org\apache\tomcat\embed\tomcat-embed-websocket\9.0.68\tomcat-embed-websocket-9.0.68.jar;C:\Users\Abdella Hamch\.m2\repository\org\springframework\spring-web\5.3.23\spring-web-5.3.23.jar;C:\Users\Abdella Hamch\.m2\repository\org\springframework\spring-webmvc\5.3.23\spring-webmvc-5.3.23.jar;C:\Users\Abdella Hamch\.m2\repository\org\springframework\cloud\spring-cloud-starter-bus-amqp\3.1.2\spring-cloud-starter-bus-amqp-3.1.2.jar;C:\Users\Abdella Hamch\.m2\repository\org\springframework\cloud\spring-cloud-starter-stream-rabbit\3.2.5\spring-cloud-starter-stream-rabbit-3.2.5.jar;C:\Users\Abdella Hamch\.m2\repository\org\springframework\cloud\spring-cloud-stream-binder-rabbit\3.2.5\spring-cloud-stream-binder-rabbit-3.2.5.jar;C:\Users\Abdella Hamch\.m2\repository\org\springframework\cloud\spring-cloud-stream-binder-rabbit-core\3.2.5\spring-cloud-stream-binder-rabbit-core-3.2.5.jar;C:\Users\Abdella Hamch\.m2\repository\org\springframework\integration\spring-integration-amqp\5.5.15\spring-integration-amqp-5.5.15.jar;C:\Users\Abdella Hamch\.m2\repository\com\rabbitmq\http-client\2.1.0.RELEASE\http-client-2.1.0.RELEASE.jar;C:\Users\Abdella Hamch\.m2\repository\org\springframework\cloud\spring-cloud-stream\3.2.5\spring-cloud-stream-3.2.5.jar;C:\Users\Abdella Hamch\.m2\repository\org\springframework\cloud\spring-cloud-function-context\3.2.7\spring-cloud-function-context-3.2.7.jar;C:\Users\Abdella Hamch\.m2\repository\net\jodah\typetools\0.6.2\typetools-0.6.2.jar;C:\Users\Abdella Hamch\.m2\repository\org\springframework\cloud\spring-cloud-function-core\3.2.7\spring-cloud-function-core-3.2.7.jar;C:\Users\Abdella Hamch\.m2\repository\javax\annotation\javax.annotation-api\1.3.2\javax.annotation-api-1.3.2.jar;C:\Users\Abdella Hamch\.m2\repository\org\jetbrains\kotlin\kotlin-stdlib-jdk8\1.6.21\kotlin-stdlib-jdk8-1.6.21.jar;C:\Users\Abdella Hamch\.m2\repository\org\jetbrains\kotlin\kotlin-stdlib\1.6.21\kotlin-stdlib-1.6.21.jar;C:\Users\Abdella Hamch\.m2\repository\org\jetbrains\kotlin\kotlin-stdlib-common\1.6.21\kotlin-stdlib-common-1.6.21.jar;C:\Users\Abdella Hamch\.m2\repository\org\jetbrains\annotations\13.0\annotations-13.0.jar;C:\Users\Abdella Hamch\.m2\repository\org\jetbrains\kotlin\kotlin-stdlib-jdk7\1.6.21\kotlin-stdlib-jdk7-1.6.21.jar;C:\Users\Abdella Hamch\.m2\repository\org\springframework\boot\spring-boot-starter-amqp\2.7.5\spring-boot-starter-amqp-2.7.5.jar;C:\Users\Abdella Hamch\.m2\repository\org\springframework\amqp\spring-rabbit\2.4.7\spring-rabbit-2.4.7.jar;C:\Users\Abdella Hamch\.m2\repository\org\springframework\amqp\spring-amqp\2.4.7\spring-amqp-2.4.7.jar;C:\Users\Abdella Hamch\.m2\repository\com\rabbitmq\amqp-client\5.14.2\amqp-client-5.14.2.jar;C:\Users\Abdella Hamch\.m2\repository\org\springframework\integration\spring-integration-jmx\5.5.15\spring-integration-jmx-5.5.15.jar;C:\Users\Abdella Hamch\.m2\repository\org\springframework\cloud\spring-cloud-bus\3.1.2\spring-cloud-bus-3.1.2.jar;C:\Users\Abdella Hamch\.m2\repository\org\springframework\integration\spring-integration-core\5.5.15\spring-integration-core-5.5.15.jar;C:\Users\Abdella Hamch\.m2\repository\org\springframework\spring-messaging\5.3.23\spring-messaging-5.3.23.jar;C:\Users\Abdella Hamch\.m2\repository\org\springframework\retry\spring-retry\1.3.4\spring-retry-1.3.4.jar;C:\Users\Abdella Hamch\.m2\repository\io\projectreactor\reactor-core\3.4.24\reactor-core-3.4.24.jar;C:\Users\Abdella Hamch\.m2\repository\org\reactivestreams\reactive-streams\1.0.4\reactive-streams-1.0.4.jar;C:\Users\Abdella Hamch\.m2\repository\org\springframework\cloud\spring-cloud-starter-consul-discovery\3.1.2\spring-cloud-starter-consul-discovery-3.1.2.jar;C:\Users\Abdella Hamch\.m2\repository\org\springframework\cloud\spring-cloud-starter-consul\3.1.2\spring-cloud-starter-consul-3.1.2.jar;C:\Users\Abdella Hamch\.m2\repository\org\springframework\cloud\spring-cloud-consul-core\3.1.2\spring-cloud-consul-core-3.1.2.jar;C:\Users\Abdella Hamch\.m2\repository\org\springframework\boot\spring-boot-starter-validation\2.7.5\spring-boot-starter-validation-2.7.5.jar;C:\Users\Abdella Hamch\.m2\repository\org\hibernate\validator\hibernate-validator\6.2.5.Final\hibernate-validator-6.2.5.Final.jar;C:\Users\Abdella Hamch\.m2\repository\jakarta\validation\jakarta.validation-api\2.0.2\jakarta.validation-api-2.0.2.jar;C:\Users\Abdella Hamch\.m2\repository\com\ecwid\consul\consul-api\1.4.5\consul-api-1.4.5.jar;C:\Users\Abdella Hamch\.m2\repository\com\google\code\gson\gson\2.9.1\gson-2.9.1.jar;C:\Users\Abdella Hamch\.m2\repository\org\apache\httpcomponents\httpcore\4.4.15\httpcore-4.4.15.jar;C:\Users\Abdella Hamch\.m2\repository\org\springframework\cloud\spring-cloud-consul-discovery\3.1.2\spring-cloud-consul-discovery-3.1.2.jar;C:\Users\Abdella Hamch\.m2\repository\org\springframework\cloud\spring-cloud-starter-loadbalancer\3.1.4\spring-cloud-starter-loadbalancer-3.1.4.jar;C:\Users\Abdella Hamch\.m2\repository\org\springframework\cloud\spring-cloud-loadbalancer\3.1.4\spring-cloud-loadbalancer-3.1.4.jar;C:\Users\Abdella Hamch\.m2\repository\io\projectreactor\addons\reactor-extra\3.4.8\reactor-extra-3.4.8.jar;C:\Users\Abdella Hamch\.m2\repository\org\springframework\boot\spring-boot-starter-cache\2.7.5\spring-boot-starter-cache-2.7.5.jar;C:\Users\Abdella Hamch\.m2\repository\org\springframework\spring-context-support\5.3.23\spring-context-support-5.3.23.jar;C:\Users\Abdella Hamch\.m2\repository\com\stoyanr\evictor\1.0.0\evictor-1.0.0.jar;C:\Users\Abdella Hamch\.m2\repository\org\springframework\cloud\spring-cloud-starter-consul-config\3.1.2\spring-cloud-starter-consul-config-3.1.2.jar;C:\Users\Abdella Hamch\.m2\repository\org\springframework\cloud\spring-cloud-consul-config\3.1.2\spring-cloud-consul-config-3.1.2.jar;C:\Users\Abdella Hamch\.m2\repository\org\springframework\cloud\spring-cloud-commons\3.1.4\spring-cloud-commons-3.1.4.jar;C:\Users\Abdella Hamch\.m2\repository\org\springframework\boot\spring-boot-starter-actuator\3.0.1\spring-boot-starter-actuator-3.0.1.jar;C:\Users\Abdella Hamch\.m2\repository\org\springframework\boot\spring-boot-actuator-autoconfigure\2.7.5\spring-boot-actuator-autoconfigure-2.7.5.jar;C:\Users\Abdella Hamch\.m2\repository\org\springframework\boot\spring-boot-actuator\2.7.5\spring-boot-actuator-2.7.5.jar;C:\Users\Abdella Hamch\.m2\repository\io\micrometer\micrometer-observation\1.10.2\micrometer-observation-1.10.2.jar;C:\Users\Abdella Hamch\.m2\repository\io\micrometer\micrometer-commons\1.10.2\micrometer-commons-1.10.2.jar;C:\Users\Abdella Hamch\.m2\repository\io\micrometer\micrometer-core\1.9.5\micrometer-core-1.9.5.jar;C:\Users\Abdella Hamch\.m2\repository\org\hdrhistogram\HdrHistogram\2.1.12\HdrHistogram-2.1.12.jar;C:\Users\Abdella Hamch\.m2\repository\org\latencyutils\LatencyUtils\2.0.3\LatencyUtils-2.0.3.jar;C:\Users\Abdella Hamch\.m2\repository\com\mysql\mysql-connector-j\8.0.31\mysql-connector-j-8.0.31.jar;C:\Users\Abdella Hamch\.m2\repository\org\projectlombok\lombok\1.18.24\lombok-1.18.24.jar;C:\Users\Abdella Hamch\.m2\repository\com\jayway\jsonpath\json-path\2.7.0\json-path-2.7.0.jar;C:\Users\Abdella Hamch\.m2\repository\net\minidev\json-smart\2.4.8\json-smart-2.4.8.jar;C:\Users\Abdella Hamch\.m2\repository\net\minidev\accessors-smart\2.4.8\accessors-smart-2.4.8.jar;C:\Users\Abdella Hamch\.m2\repository\org\ow2\asm\asm\9.1\asm-9.1.jar;C:\Users\Abdella Hamch\.m2\repository\jakarta\xml\bind\jakarta.xml.bind-api\2.3.3\jakarta.xml.bind-api-2.3.3.jar;C:\Users\Abdella Hamch\.m2\repository\jakarta\activation\jakarta.activation-api\1.2.2\jakarta.activation-api-1.2.2.jar;C:\Users\Abdella Hamch\.m2\repository\org\springframework\spring-core\5.3.23\spring-core-5.3.23.jar;C:\Users\Abdella Hamch\.m2\repository\org\springframework\spring-jcl\5.3.23\spring-jcl-5.3.23.jar;C:\Users\Abdella Hamch\.m2\repository\org\springframework\cloud\spring-cloud-starter-bootstrap\3.1.4\spring-cloud-starter-bootstrap-3.1.4.jar;C:\Users\Abdella Hamch\.m2\repository\org\springframework\cloud\spring-cloud-starter\3.1.4\spring-cloud-starter-3.1.4.jar;C:\Users\Abdella Hamch\.m2\repository\org\springframework\cloud\spring-cloud-context\3.1.4\spring-cloud-context-3.1.4.jar;C:\Users\Abdella Hamch\.m2\repository\org\springframework\security\spring-security-rsa\1.0.11.RELEASE\spring-security-rsa-1.0.11.RELEASE.jar;C:\Users\Abdella Hamch\.m2\repository\org\bouncycastle\bcpkix-jdk15on\1.69\bcpkix-jdk15on-1.69.jar;C:\Users\Abdella Hamch\.m2\repository\org\bouncycastle\bcutil-jdk15on\1.69\bcutil-jdk15on-1.69.jar;C:\Users\Abdella Hamch\.m2\repository\org\springframework\data\spring-data-rest-core\3.7.5\spring-data-rest-core-3.7.5.jar;C:\Users\Abdella Hamch\.m2\repository\org\springframework\spring-tx\5.3.23\spring-tx-5.3.23.jar;C:\Users\Abdella Hamch\.m2\repository\org\springframework\hateoas\spring-hateoas\1.5.2\spring-hateoas-1.5.2.jar;C:\Users\Abdella Hamch\.m2\repository\org\springframework\data\spring-data-commons\2.7.5\spring-data-commons-2.7.5.jar;C:\Users\Abdella Hamch\.m2\repository\org\springframework\plugin\spring-plugin-core\2.0.0.RELEASE\spring-plugin-core-2.0.0.RELEASE.jar;C:\Users\Abdella Hamch\.m2\repository\org\atteo\evo-inflector\1.3\evo-inflector-1.3.jar;C:\Users\Abdella Hamch\.m2\repository\com\fasterxml\jackson\core\jackson-annotations\2.13.4\jackson-annotations-2.13.4.jar;C:\Users\Abdella Hamch\.m2\repository\com\fasterxml\jackson\datatype\jackson-datatype-jdk8\2.13.4\jackson-datatype-jdk8-2.13.4.jar;C:\Users\Abdella Hamch\.m2\repository\org\slf4j\slf4j-api\1.7.36\slf4j-api-1.7.36.jar;C:\Users\Abdella Hamch\.m2\repository\org\springframework\boot\spring-boot-starter-data-rest\2.7.5\spring-boot-starter-data-rest-2.7.5.jar;C:\Users\Abdella Hamch\.m2\repository\org\springframework\data\spring-data-rest-webmvc\3.7.5\spring-data-rest-webmvc-3.7.5.jar
Launcher Type: SUN_STANDARD

[Global flags]
     intx CICompilerCount                          = 12                                        {product} {ergonomic}
     uint ConcGCThreads                            = 3                                         {product} {ergonomic}
     uint G1ConcRefinementThreads                  = 13                                        {product} {ergonomic}
   size_t G1HeapRegionSize                         = 1048576                                   {product} {ergonomic}
   size_t InitialHeapSize                          = 132120576                                 {product} {ergonomic}
   size_t MarkStackSize                            = 4194304                                   {product} {ergonomic}
   size_t MarkStackSizeMax                         = 536870912                                 {product} {ergonomic}
   size_t MaxHeapSize                              = 2090860544                                {product} {ergonomic}
   size_t MinHeapDeltaBytes                        = 1048576                                   {product} {ergonomic}
   size_t MinHeapSize                              = 8388608                                   {product} {ergonomic}
    uintx NonNMethodCodeHeapSize                   = 7602176                                {pd product} {ergonomic}
    uintx NonProfiledCodeHeapSize                  = 122093568                              {pd product} {ergonomic}
    uintx ProfiledCodeHeapSize                     = 121962496                              {pd product} {ergonomic}
    uintx ReservedCodeCacheSize                    = 251658240                              {pd product} {ergonomic}
     bool SegmentedCodeCache                       = true                                      {product} {ergonomic}
     bool ShowCodeDetailsInExceptionMessages       = true                                   {manageable} {command line}
   size_t SoftMaxHeapSize                          = 2090860544                             {manageable} {ergonomic}
     bool UseCompressedOops                        = true                           {product lp64_product} {ergonomic}
     bool UseG1GC                                  = true                                      {product} {ergonomic}
     bool UseLargePagesIndividualAllocation        = false                                  {pd product} {ergonomic}

Logging:
Log output configuration:
 #0: stdout all=warning uptime,level,tags foldmultilines=false
 #1: stderr all=off uptime,level,tags foldmultilines=false

Environment Variables:
JAVA_HOME=C:\Program Files\Java\jdk-23
PATH=C:/Users/Abdella Hamch/.p2/pool/plugins/org.eclipse.justj.openjdk.hotspot.jre.full.win32.x86_64_23.0.0.v20240919-1706/jre/bin/server;C:/Users/Abdella Hamch/.p2/pool/plugins/org.eclipse.justj.openjdk.hotspot.jre.full.win32.x86_64_23.0.0.v20240919-1706/jre/bin;C:\Program Files\Common Files\Oracle\Java\javapath;C:\Python312\Scripts\;C:\Python312\;C:\ProgramData\Oracle\Java\javapath;C:\Python311\Scripts\;C:\Python311\;C:\windows\system32;C:\windows;C:\windows\System32\Wbem;C:\windows\System32\WindowsPowerShell\v1.0\;C:\windows\System32\OpenSSH\;C:\Program Files (x86)\Microsoft SQL Server\160\DTS\Binn\;C:\Program Files\Azure Data Studio\bin;C:\Program Files\Git\cmd;C:\ProgramData\chocolatey\bin;C:\Program Files\Java\jdk-17\bin;C:\Program Files\PuTTY\;C:\Program Files\Microsoft SQL Server\Client SDK\ODBC\170\Tools\Binn\;C:\Program Files (x86)\Microsoft SQL Server\150\Tools\Binn\;C:\Program Files\Microsoft SQL Server\150\Tools\Binn\;C:\Program Files\Microsoft SQL Server\150\DTS\Binn\;C:\Program Files (x86)\Microsoft SQL Server\160\Tools\Binn\;C:\Program Files\Microsoft SQL Server\160\Tools\Binn\;C:\Program Files\Microsoft SQL Server\160\DTS\Binn\;C:\Program Files\Microsoft SQL Server\130\DTS\Binn\;C:\Program Files\Microsoft SQL Server\140\DTS\Binn\;C:\Program Files\nodejs\;C:\Users\Abdella Hamch\AppData\Local\Microsoft\WindowsApps;C:\Program Files\Azure Data Studio\bin;C:\Users\Abdella Hamch\AppData\Local\GitHubDesktop\bin;C:\Program Files\Java\jdk-17\bin;C:\Program Files\nodejs;C:\Users\Abdella Hamch\AppData\Roaming\npm\ng.ps1;C:\Users\Abdella Hamch\AppData\Local\JetBrains\Toolbox\scripts;C:\Users\Abdella Hamch\AppData\Roaming\npm;C:\Program Files\Java\jdk-17;C:\Program Files\Erlang OTP\bin;C:\Program Files\RabbitMQ Server\rabbitmq_server-4.0.2\sbin;C:\Users\Abdella Hamch\AppData\Local\Programs\Microsoft VS Code\bin;C:\windows\system32;
USERNAME=A.HAMCH
OS=Windows_NT
PROCESSOR_IDENTIFIER=Intel64 Family 6 Model 165 Stepping 5, GenuineIntel
TMP=C:\Users\ABDELL~1\AppData\Local\Temp
TEMP=C:\Users\ABDELL~1\AppData\Local\Temp




Periodic native trim disabled

---------------  S Y S T E M  ---------------

OS:
 Windows 11 , 64 bit Build 22000 (10.0.22000.1516)
OS uptime: 34 days 2:19 hours

CPU: total 16 (initial active 16) (8 cores per cpu, 2 threads per core) family 6 model 165 stepping 5 microcode 0xfa, cx8, cmov, fxsr, ht, mmx, 3dnowpref, sse, sse2, sse3, ssse3, sse4.1, sse4.2, popcnt, lzcnt, tsc, tscinvbit, avx, avx2, aes, erms, clmul, bmi1, bmi2, adx, fma, vzeroupper, clflush, clflushopt, rdtscp, f16c, pku
Processor Information for the first 16 processors :
  Max Mhz: 2904, Current Mhz: 2904, Mhz Limit: 2904

Memory: 4k page, system-wide physical 7968M (498M free)
TotalPageFile size 32544M (AvailPageFile size 14M)
current process WorkingSet (physical memory assigned to process): 12M, peak: 12M
current process commit charge ("private bytes"): 73M, peak: 199M

vm_info: OpenJDK 64-Bit Server VM (23+37) for windows-amd64 JRE (23+37), built on 2024-09-17T00:00:00Z with MS VC++ 17.7 (VS2022)

END.
