#
# There is insufficient memory for the Java Runtime Environment to continue.
# Native memory allocation (malloc) failed to allocate 1156656 bytes. Error detail: Chunk::new
# Possible reasons:
#   The system is out of physical RAM or swap space
#   This process is running with CompressedOops enabled, and the Java Heap may be blocking the growth of the native heap
# Possible solutions:
#   Reduce memory load on the system
#   Increase physical memory or swap space
#   Check if swap backing store is full
#   Decrease Java heap size (-Xmx/-Xms)
#   Decrease number of Java threads
#   Decrease Java thread stack sizes (-Xss)
#   Set larger code cache with -XX:ReservedCodeCacheSize=
#   JVM is running with Unscaled Compressed Oops mode in which the Java heap is
#     placed in the first 4GB address space. The Java Heap base address is the
#     maximum limit for the native heap growth. Please use -XX:HeapBaseMinAddress
#     to set the Java Heap base and to place the Java Heap above 4GB virtual address.
# This output file may be truncated or incomplete.
#
#  Out of Memory Error (arena.cpp:149), pid=24332, tid=32488
#
# JRE version: OpenJDK Runtime Environment Temurin-23+37 (23.0+37) (build 23+37)
# Java VM: OpenJDK 64-Bit Server VM Temurin-23+37 (23+37, mixed mode, sharing, tiered, compressed oops, compressed class ptrs, g1 gc, windows-amd64)
# No core dump will be written. Minidumps are not enabled by default on client versions of Windows
#

---------------  S U M M A R Y ------------

Command Line: -ea -Dfile.encoding=UTF-8 -Dstdout.encoding=UTF-8 -Dstderr.encoding=UTF-8 -XX:+ShowCodeDetailsInExceptionMessages org.eclipse.jdt.internal.junit.runner.RemoteTestRunner -version 3 -port 62177 -testLoaderClass org.eclipse.jdt.internal.junit5.runner.JUnit5TestLoader -loaderpluginname org.eclipse.jdt.junit5.runtime -classNames com.hamch.customerservice.repository.CustomerRepositoryWithContainerTest

Host: Intel(R) Core(TM) i7-10700 CPU @ 2.90GHz, 16 cores, 7G,  Windows 11 , 64 bit Build 22000 (10.0.22000.1516)
Time: Fri Dec 20 11:49:14 2024 Maroc (heure d64 bit Build 22000 (10.0.22000.1516) elapsed time: 15.343759 seconds (0d 0h 0m 15s)

---------------  T H R E A D  ---------------

Current thread (0x0000022a38e16200):  JavaThread "C2 CompilerThread0" daemon [_thread_in_native, id=32488, stack(0x000000f178500000,0x000000f178600000) (1024K)]


Current CompileTask:
C2:15344 6752   !   4       org.springframework.core.annotation.AnnotationsScanner::processMethodHierarchy (276 bytes)

Stack: [0x000000f178500000,0x000000f178600000]
Native frames: (J=compiled Java code, j=interpreted, Vv=VM code, C=native code)
V  [jvm.dll+0x6e8c69]  (no source info available)
V  [jvm.dll+0x8d9073]  (no source info available)
V  [jvm.dll+0x8db4fe]  (no source info available)
V  [jvm.dll+0x8dbbd3]  (no source info available)
V  [jvm.dll+0x281aa6]  (no source info available)
V  [jvm.dll+0xbbb0f]  (no source info available)
V  [jvm.dll+0xbbd6b]  (no source info available)
V  [jvm.dll+0x2f54ed]  (no source info available)
V  [jvm.dll+0x60c819]  (no source info available)
V  [jvm.dll+0x2541f2]  (no source info available)
V  [jvm.dll+0x24c95d]  (no source info available)
V  [jvm.dll+0x249f44]  (no source info available)
V  [jvm.dll+0x1c8ea0]  (no source info available)
V  [jvm.dll+0x25a13e]  (no source info available)
V  [jvm.dll+0x25840a]  (no source info available)
V  [jvm.dll+0x3f4706]  (no source info available)
V  [jvm.dll+0x88026b]  (no source info available)
V  [jvm.dll+0x6e7475]  (no source info available)
C  [ucrtbase.dll+0x26c0c]  (no source info available)
C  [KERNEL32.DLL+0x155a0]  (no source info available)
C  [ntdll.dll+0x485b]  (no source info available)

Lock stack of current Java thread (top to bottom):


---------------  P R O C E S S  ---------------

Threads class SMR info:
_java_thread_list=0x0000022a01e9e670, length=33, elements={
0x0000022a2022ede0, 0x0000022a38dfde90, 0x0000022a38e00ab0, 0x0000022a38e03950,
0x0000022a38e04570, 0x0000022a38e08680, 0x0000022a38e09290, 0x0000022a38e16200,
0x0000022a38e16e60, 0x0000022a392d5410, 0x0000022a392db2c0, 0x0000022a7f0ef8f0,
0x0000022a7faac5c0, 0x0000022a7faab8a0, 0x0000022a7faaab80, 0x0000022a7faacc50,
0x0000022a7faad2e0, 0x0000022a7faad970, 0x0000022a7faae000, 0x0000022a7faab210,
0x0000022a7fb94b90, 0x0000022a7fb958b0, 0x0000022a7fb99a50, 0x0000022a7fb9a0e0,
0x0000022a7fb93e70, 0x0000022a7fb95220, 0x0000022a7fb93150, 0x0000022a7fb972f0,
0x0000022a7fb986a0, 0x0000022a7fb937e0, 0x0000022a7fb965d0, 0x0000022a7fb9a770,
0x0000022a01fde910
}

Java Threads: ( => current thread )
  0x0000022a2022ede0 JavaThread "main"                              [_thread_in_native, id=7640, stack(0x000000f177700000,0x000000f177800000) (1024K)]
  0x0000022a38dfde90 JavaThread "Reference Handler"          daemon [_thread_blocked, id=27332, stack(0x000000f177f00000,0x000000f178000000) (1024K)]
  0x0000022a38e00ab0 JavaThread "Finalizer"                  daemon [_thread_blocked, id=28728, stack(0x000000f178000000,0x000000f178100000) (1024K)]
  0x0000022a38e03950 JavaThread "Signal Dispatcher"          daemon [_thread_blocked, id=3184, stack(0x000000f178100000,0x000000f178200000) (1024K)]
  0x0000022a38e04570 JavaThread "Attach Listener"            daemon [_thread_blocked, id=22348, stack(0x000000f178200000,0x000000f178300000) (1024K)]
  0x0000022a38e08680 JavaThread "Service Thread"             daemon [_thread_blocked, id=11044, stack(0x000000f178300000,0x000000f178400000) (1024K)]
  0x0000022a38e09290 JavaThread "Monitor Deflation Thread"   daemon [_thread_blocked, id=16604, stack(0x000000f178400000,0x000000f178500000) (1024K)]
=>0x0000022a38e16200 JavaThread "C2 CompilerThread0"         daemon [_thread_in_native, id=32488, stack(0x000000f178500000,0x000000f178600000) (1024K)]
  0x0000022a38e16e60 JavaThread "C1 CompilerThread0"         daemon [_thread_blocked, id=24236, stack(0x000000f178600000,0x000000f178700000) (1024K)]
  0x0000022a392d5410 JavaThread "Notification Thread"        daemon [_thread_blocked, id=28228, stack(0x000000f178700000,0x000000f178800000) (1024K)]
  0x0000022a392db2c0 JavaThread "Common-Cleaner"             daemon [_thread_blocked, id=31972, stack(0x000000f178800000,0x000000f178900000) (1024K)]
  0x0000022a7f0ef8f0 JavaThread "ReaderThread"                      [_thread_in_native, id=13760, stack(0x000000f178900000,0x000000f178a00000) (1024K)]
  0x0000022a7faac5c0 JavaThread "Thread-0"                   daemon [_thread_in_native, id=30384, stack(0x000000f179300000,0x000000f179400000) (1024K)]
  0x0000022a7faab8a0 JavaThread "Thread-1"                   daemon [_thread_in_native, id=33280, stack(0x000000f179400000,0x000000f179500000) (1024K)]
  0x0000022a7faaab80 JavaThread "Thread-2"                   daemon [_thread_in_native, id=5088, stack(0x000000f179500000,0x000000f179600000) (1024K)]
  0x0000022a7faacc50 JavaThread "Thread-3"                   daemon [_thread_in_native, id=32132, stack(0x000000f179600000,0x000000f179700000) (1024K)]
  0x0000022a7faad2e0 JavaThread "Thread-4"                   daemon [_thread_in_native, id=19736, stack(0x000000f179700000,0x000000f179800000) (1024K)]
  0x0000022a7faad970 JavaThread "Thread-5"                   daemon [_thread_in_native, id=32268, stack(0x000000f179800000,0x000000f179900000) (1024K)]
  0x0000022a7faae000 JavaThread "Thread-6"                   daemon [_thread_in_native, id=8200, stack(0x000000f179900000,0x000000f179a00000) (1024K)]
  0x0000022a7faab210 JavaThread "Thread-7"                   daemon [_thread_in_native, id=23596, stack(0x000000f179a00000,0x000000f179b00000) (1024K)]
  0x0000022a7fb94b90 JavaThread "Thread-8"                   daemon [_thread_in_native, id=30924, stack(0x000000f179b00000,0x000000f179c00000) (1024K)]
  0x0000022a7fb958b0 JavaThread "Thread-9"                   daemon [_thread_in_native, id=22380, stack(0x000000f179c00000,0x000000f179d00000) (1024K)]
  0x0000022a7fb99a50 JavaThread "Thread-10"                  daemon [_thread_in_native, id=14800, stack(0x000000f179d00000,0x000000f179e00000) (1024K)]
  0x0000022a7fb9a0e0 JavaThread "Thread-11"                  daemon [_thread_in_native, id=22820, stack(0x000000f179e00000,0x000000f179f00000) (1024K)]
  0x0000022a7fb93e70 JavaThread "Thread-12"                  daemon [_thread_in_native, id=27056, stack(0x000000f179f00000,0x000000f17a000000) (1024K)]
  0x0000022a7fb95220 JavaThread "Thread-13"                  daemon [_thread_in_native, id=32096, stack(0x000000f17a000000,0x000000f17a100000) (1024K)]
  0x0000022a7fb93150 JavaThread "Thread-14"                  daemon [_thread_in_native, id=24808, stack(0x000000f17a100000,0x000000f17a200000) (1024K)]
  0x0000022a7fb972f0 JavaThread "Thread-15"                  daemon [_thread_in_native, id=13924, stack(0x000000f17a200000,0x000000f17a300000) (1024K)]
  0x0000022a7fb986a0 JavaThread "Thread-16"                  daemon [_thread_in_native, id=16896, stack(0x000000f17a300000,0x000000f17a400000) (1024K)]
  0x0000022a7fb937e0 JavaThread "Thread-19"                  daemon [_thread_blocked, id=17200, stack(0x000000f17a800000,0x000000f17a900000) (1024K)]
  0x0000022a7fb965d0 JavaThread "Thread-20"                  daemon [_thread_blocked, id=33544, stack(0x000000f17a900000,0x000000f17aa00000) (1024K)]
  0x0000022a7fb9a770 JavaThread "testcontainers-ryuk"        daemon [_thread_blocked, id=28464, stack(0x000000f17a700000,0x000000f17a800000) (1024K)]
  0x0000022a01fde910 JavaThread "C1 CompilerThread1"         daemon [_thread_blocked, id=23160, stack(0x000000f17ad00000,0x000000f17ae00000) (1024K)]
Total: 33

Other Threads:
  0x0000022a38de48d0 VMThread "VM Thread"                           [id=31672, stack(0x000000f177e00000,0x000000f177f00000) (1024K)]
  0x0000022a38dcf1a0 WatcherThread "VM Periodic Task Thread"        [id=3448, stack(0x000000f177d00000,0x000000f177e00000) (1024K)]
  0x0000022a2028a600 WorkerThread "GC Thread#0"                     [id=25552, stack(0x000000f177800000,0x000000f177900000) (1024K)]
  0x0000022a7f5b9e40 WorkerThread "GC Thread#1"                     [id=8172, stack(0x000000f178a00000,0x000000f178b00000) (1024K)]
  0x0000022a7f5ba1f0 WorkerThread "GC Thread#2"                     [id=31076, stack(0x000000f178b00000,0x000000f178c00000) (1024K)]
  0x0000022a7f5ba5a0 WorkerThread "GC Thread#3"                     [id=13512, stack(0x000000f178c00000,0x000000f178d00000) (1024K)]
  0x0000022a7f5c3840 WorkerThread "GC Thread#4"                     [id=33208, stack(0x000000f178d00000,0x000000f178e00000) (1024K)]
  0x0000022a7f5d24e0 WorkerThread "GC Thread#5"                     [id=14484, stack(0x000000f178e00000,0x000000f178f00000) (1024K)]
  0x0000022a7f5d46b0 WorkerThread "GC Thread#6"                     [id=28796, stack(0x000000f178f00000,0x000000f179000000) (1024K)]
  0x0000022a7f5d3440 WorkerThread "GC Thread#7"                     [id=24400, stack(0x000000f179000000,0x000000f179100000) (1024K)]
  0x0000022a7f5d4300 WorkerThread "GC Thread#8"                     [id=23240, stack(0x000000f179100000,0x000000f179200000) (1024K)]
  0x0000022a7f927f80 WorkerThread "GC Thread#9"                     [id=26952, stack(0x000000f179200000,0x000000f179300000) (1024K)]
  0x0000022a7f926200 WorkerThread "GC Thread#10"                    [id=27928, stack(0x000000f17a400000,0x000000f17a500000) (1024K)]
  0x0000022a7fd8f4f0 WorkerThread "GC Thread#11"                    [id=31312, stack(0x000000f17a500000,0x000000f17a600000) (1024K)]
  0x0000022a7fd90000 WorkerThread "GC Thread#12"                    [id=27468, stack(0x000000f17a600000,0x000000f17a700000) (1024K)]
  0x0000022a2029f7a0 ConcurrentGCThread "G1 Main Marker"            [id=32184, stack(0x000000f177900000,0x000000f177a00000) (1024K)]
  0x0000022a202a01c0 WorkerThread "G1 Conc#0"                       [id=9040, stack(0x000000f177a00000,0x000000f177b00000) (1024K)]
  0x0000022a7fd90760 WorkerThread "G1 Conc#1"                       [id=14696, stack(0x000000f17ab00000,0x000000f17ac00000) (1024K)]
  0x0000022a7fd8f8a0 WorkerThread "G1 Conc#2"                       [id=27108, stack(0x000000f17ac00000,0x000000f17ad00000) (1024K)]
  0x0000022a38c9fdf0 ConcurrentGCThread "G1 Refine#0"               [id=9596, stack(0x000000f177b00000,0x000000f177c00000) (1024K)]
  0x0000022a38ca0880 ConcurrentGCThread "G1 Service"                [id=27416, stack(0x000000f177c00000,0x000000f177d00000) (1024K)]
Total: 21

Threads with active compile tasks:
C2 CompilerThread0  16020 6752   !   4       org.springframework.core.annotation.AnnotationsScanner::processMethodHierarchy (276 bytes)
Total: 1

VM state: not at safepoint (normal execution)

VM Mutex/Monitor currently owned by a thread: None

Heap address: 0x0000000083600000, size: 1994 MB, Compressed Oops mode: 32-bit

CDS archive(s) mapped at: [0x0000022a3a000000-0x0000022a3ad70000-0x0000022a3ad70000), size 14090240, SharedBaseAddress: 0x0000022a3a000000, ArchiveRelocationMode: 1.
Compressed class space mapped at: 0x0000022a3b000000-0x0000022a7b000000, reserved size: 1073741824
Narrow klass base: 0x0000022a3a000000, Narrow klass shift: 0, Narrow klass range: 0x41000000

GC Precious Log:
 CardTable entry size: 512
 Card Set container configuration: InlinePtr #cards 5 size 8 Array Of Cards #cards 10 size 36 Howl #buckets 4 coarsen threshold 1843 Howl Bitmap #cards 512 size 80 coarsen threshold 460 Card regions per heap region 1 cards per card region 2048
 CPUs: 16 total, 16 available
 Memory: 7968M
 Large Page Support: Disabled
 NUMA Support: Disabled
 Compressed Oops: Enabled (32-bit)
 Heap Region Size: 1M
 Heap Min Capacity: 8M
 Heap Initial Capacity: 126M
 Heap Max Capacity: 1994M
 Pre-touch: Disabled
 Parallel Workers: 13
 Concurrent Workers: 3
 Concurrent Refinement Workers: 13
 Periodic GC: Disabled

Heap:
 garbage-first heap   total reserved 2041856K, committed 91136K, used 72782K [0x0000000083600000, 0x0000000100000000)
  region size 1024K, 37 young (37888K), 4 survivors (4096K)
 Metaspace       used 75983K, committed 76480K, reserved 1179648K
  class space    used 10607K, committed 10816K, reserved 1048576K

Heap Regions: E=young(eden), S=young(survivor), O=old, HS=humongous(starts), HC=humongous(continues), CS=collection set, F=free, TAMS=top-at-mark-start, PB=parsable bottom
|   0|0x0000000083600000, 0x0000000083700000, 0x0000000083700000|100%|HS|  |TAMS 0x0000000083600000| PB 0x0000000083600000| Complete |  0
|   1|0x0000000083700000, 0x0000000083800000, 0x0000000083800000|100%|HC|  |TAMS 0x0000000083700000| PB 0x0000000083700000| Complete |  0
|   2|0x0000000083800000, 0x0000000083900000, 0x0000000083900000|100%|HS|  |TAMS 0x0000000083800000| PB 0x0000000083800000| Complete |  0
|   3|0x0000000083900000, 0x0000000083a00000, 0x0000000083a00000|100%| O|  |TAMS 0x0000000083900000| PB 0x0000000083900000| Untracked |  0
|   4|0x0000000083a00000, 0x0000000083b00000, 0x0000000083b00000|100%|HS|  |TAMS 0x0000000083a00000| PB 0x0000000083a00000| Complete |  0
|   5|0x0000000083b00000, 0x0000000083c00000, 0x0000000083c00000|100%| O|  |TAMS 0x0000000083b00000| PB 0x0000000083b00000| Untracked |  0
|   6|0x0000000083c00000, 0x0000000083d00000, 0x0000000083d00000|100%| O|  |TAMS 0x0000000083c00000| PB 0x0000000083c00000| Untracked |  0
|   7|0x0000000083d00000, 0x0000000083e00000, 0x0000000083e00000|100%| O|  |TAMS 0x0000000083d00000| PB 0x0000000083d00000| Untracked |  0
|   8|0x0000000083e00000, 0x0000000083f00000, 0x0000000083f00000|100%| O|  |TAMS 0x0000000083e00000| PB 0x0000000083e00000| Untracked |  0
|   9|0x0000000083f00000, 0x0000000084000000, 0x0000000084000000|100%| O|  |TAMS 0x0000000083f00000| PB 0x0000000083f00000| Untracked |  0
|  10|0x0000000084000000, 0x0000000084100000, 0x0000000084100000|100%| O|  |TAMS 0x0000000084000000| PB 0x0000000084000000| Untracked |  0
|  11|0x0000000084100000, 0x0000000084200000, 0x0000000084200000|100%| O|  |TAMS 0x0000000084100000| PB 0x0000000084100000| Untracked |  0
|  12|0x0000000084200000, 0x0000000084300000, 0x0000000084300000|100%| O|  |TAMS 0x0000000084200000| PB 0x0000000084200000| Untracked |  0
|  13|0x0000000084300000, 0x0000000084400000, 0x0000000084400000|100%| O|  |TAMS 0x0000000084300000| PB 0x0000000084300000| Untracked |  0
|  14|0x0000000084400000, 0x0000000084500000, 0x0000000084500000|100%| O|  |TAMS 0x0000000084400000| PB 0x0000000084400000| Untracked |  0
|  15|0x0000000084500000, 0x0000000084600000, 0x0000000084600000|100%| O|Cm|TAMS 0x0000000084500000| PB 0x0000000084500000| Complete |  0
|  16|0x0000000084600000, 0x0000000084700000, 0x0000000084700000|100%| O|  |TAMS 0x0000000084600000| PB 0x0000000084600000| Untracked |  0
|  17|0x0000000084700000, 0x0000000084800000, 0x0000000084800000|100%| O|  |TAMS 0x0000000084700000| PB 0x0000000084700000| Untracked |  0
|  18|0x0000000084800000, 0x0000000084900000, 0x0000000084900000|100%| O|  |TAMS 0x0000000084800000| PB 0x0000000084800000| Untracked |  0
|  19|0x0000000084900000, 0x0000000084a00000, 0x0000000084a00000|100%| O|  |TAMS 0x0000000084900000| PB 0x0000000084900000| Untracked |  0
|  20|0x0000000084a00000, 0x0000000084b00000, 0x0000000084b00000|100%| O|  |TAMS 0x0000000084a00000| PB 0x0000000084a00000| Untracked |  0
|  21|0x0000000084b00000, 0x0000000084c00000, 0x0000000084c00000|100%| O|  |TAMS 0x0000000084b00000| PB 0x0000000084b00000| Untracked |  0
|  22|0x0000000084c00000, 0x0000000084d00000, 0x0000000084d00000|100%| O|  |TAMS 0x0000000084c00000| PB 0x0000000084c00000| Untracked |  0
|  23|0x0000000084d00000, 0x0000000084e00000, 0x0000000084e00000|100%| O|  |TAMS 0x0000000084d00000| PB 0x0000000084d00000| Untracked |  0
|  24|0x0000000084e00000, 0x0000000084f00000, 0x0000000084f00000|100%| O|  |TAMS 0x0000000084e00000| PB 0x0000000084e00000| Untracked |  0
|  25|0x0000000084f00000, 0x0000000085000000, 0x0000000085000000|100%| O|  |TAMS 0x0000000084f00000| PB 0x0000000084f00000| Untracked |  0
|  26|0x0000000085000000, 0x0000000085100000, 0x0000000085100000|100%| O|  |TAMS 0x0000000085000000| PB 0x0000000085000000| Untracked |  0
|  27|0x0000000085100000, 0x0000000085200000, 0x0000000085200000|100%| O|  |TAMS 0x0000000085100000| PB 0x0000000085100000| Untracked |  0
|  28|0x0000000085200000, 0x0000000085300000, 0x0000000085300000|100%| O|  |TAMS 0x0000000085200000| PB 0x0000000085200000| Untracked |  0
|  29|0x0000000085300000, 0x0000000085400000, 0x0000000085400000|100%| O|  |TAMS 0x0000000085300000| PB 0x0000000085300000| Untracked |  0
|  30|0x0000000085400000, 0x0000000085500000, 0x0000000085500000|100%| O|  |TAMS 0x0000000085400000| PB 0x0000000085400000| Untracked |  0
|  31|0x0000000085500000, 0x0000000085600000, 0x0000000085600000|100%| O|  |TAMS 0x0000000085500000| PB 0x0000000085500000| Untracked |  0
|  32|0x0000000085600000, 0x0000000085700000, 0x0000000085700000|100%| O|  |TAMS 0x0000000085600000| PB 0x0000000085600000| Untracked |  0
|  33|0x0000000085700000, 0x0000000085800000, 0x0000000085800000|100%| O|  |TAMS 0x0000000085700000| PB 0x0000000085700000| Untracked |  0
|  34|0x0000000085800000, 0x0000000085900000, 0x0000000085900000|100%| O|  |TAMS 0x0000000085800000| PB 0x0000000085800000| Untracked |  0
|  35|0x0000000085900000, 0x0000000085971960, 0x0000000085a00000| 44%| O|  |TAMS 0x0000000085900000| PB 0x0000000085900000| Untracked |  0
|  36|0x0000000085a00000, 0x0000000085a00000, 0x0000000085b00000|  0%| F|  |TAMS 0x0000000085a00000| PB 0x0000000085a00000| Untracked |  0
|  37|0x0000000085b00000, 0x0000000085b00000, 0x0000000085c00000|  0%| F|  |TAMS 0x0000000085b00000| PB 0x0000000085b00000| Untracked |  0
|  38|0x0000000085c00000, 0x0000000085c00000, 0x0000000085d00000|  0%| F|  |TAMS 0x0000000085c00000| PB 0x0000000085c00000| Untracked |  0
|  39|0x0000000085d00000, 0x0000000085d00000, 0x0000000085e00000|  0%| F|  |TAMS 0x0000000085d00000| PB 0x0000000085d00000| Untracked |  0
|  40|0x0000000085e00000, 0x0000000085e00000, 0x0000000085f00000|  0%| F|  |TAMS 0x0000000085e00000| PB 0x0000000085e00000| Untracked |  0
|  41|0x0000000085f00000, 0x0000000085f00000, 0x0000000086000000|  0%| F|  |TAMS 0x0000000085f00000| PB 0x0000000085f00000| Untracked |  0
|  42|0x0000000086000000, 0x00000000860a2000, 0x0000000086100000| 63%| S|CS|TAMS 0x0000000086000000| PB 0x0000000086000000| Complete |  0
|  43|0x0000000086100000, 0x0000000086200000, 0x0000000086200000|100%| S|CS|TAMS 0x0000000086100000| PB 0x0000000086100000| Complete |  0
|  44|0x0000000086200000, 0x0000000086300000, 0x0000000086300000|100%| S|CS|TAMS 0x0000000086200000| PB 0x0000000086200000| Complete |  0
|  45|0x0000000086300000, 0x0000000086300000, 0x0000000086400000|  0%| F|  |TAMS 0x0000000086300000| PB 0x0000000086300000| Untracked |  0
|  46|0x0000000086400000, 0x0000000086400000, 0x0000000086500000|  0%| F|  |TAMS 0x0000000086400000| PB 0x0000000086400000| Untracked |  0
|  47|0x0000000086500000, 0x0000000086500000, 0x0000000086600000|  0%| F|  |TAMS 0x0000000086500000| PB 0x0000000086500000| Untracked |  0
|  48|0x0000000086600000, 0x0000000086600000, 0x0000000086700000|  0%| F|  |TAMS 0x0000000086600000| PB 0x0000000086600000| Untracked |  0
|  49|0x0000000086700000, 0x0000000086800000, 0x0000000086800000|100%| S|CS|TAMS 0x0000000086700000| PB 0x0000000086700000| Complete |  0
|  50|0x0000000086800000, 0x0000000086800000, 0x0000000086900000|  0%| F|  |TAMS 0x0000000086800000| PB 0x0000000086800000| Untracked |  0
|  51|0x0000000086900000, 0x0000000086900000, 0x0000000086a00000|  0%| F|  |TAMS 0x0000000086900000| PB 0x0000000086900000| Untracked |  0
|  52|0x0000000086a00000, 0x0000000086a00000, 0x0000000086b00000|  0%| F|  |TAMS 0x0000000086a00000| PB 0x0000000086a00000| Untracked |  0
|  53|0x0000000086b00000, 0x0000000086b00000, 0x0000000086c00000|  0%| F|  |TAMS 0x0000000086b00000| PB 0x0000000086b00000| Untracked |  0
|  54|0x0000000086c00000, 0x0000000086c00000, 0x0000000086d00000|  0%| F|  |TAMS 0x0000000086c00000| PB 0x0000000086c00000| Untracked |  0
|  55|0x0000000086d00000, 0x0000000086d00000, 0x0000000086e00000|  0%| F|  |TAMS 0x0000000086d00000| PB 0x0000000086d00000| Untracked |  0
|  56|0x0000000086e00000, 0x0000000086f00000, 0x0000000086f00000|100%| E|  |TAMS 0x0000000086e00000| PB 0x0000000086e00000| Complete |  0
|  57|0x0000000086f00000, 0x0000000087000000, 0x0000000087000000|100%| E|CS|TAMS 0x0000000086f00000| PB 0x0000000086f00000| Complete |  0
|  58|0x0000000087000000, 0x0000000087100000, 0x0000000087100000|100%| E|CS|TAMS 0x0000000087000000| PB 0x0000000087000000| Complete |  0
|  59|0x0000000087100000, 0x0000000087200000, 0x0000000087200000|100%| E|CS|TAMS 0x0000000087100000| PB 0x0000000087100000| Complete |  0
|  60|0x0000000087200000, 0x0000000087300000, 0x0000000087300000|100%| E|CS|TAMS 0x0000000087200000| PB 0x0000000087200000| Complete |  0
|  61|0x0000000087300000, 0x0000000087400000, 0x0000000087400000|100%| E|CS|TAMS 0x0000000087300000| PB 0x0000000087300000| Complete |  0
|  62|0x0000000087400000, 0x0000000087500000, 0x0000000087500000|100%| E|CS|TAMS 0x0000000087400000| PB 0x0000000087400000| Complete |  0
|  63|0x0000000087500000, 0x0000000087600000, 0x0000000087600000|100%| E|CS|TAMS 0x0000000087500000| PB 0x0000000087500000| Complete |  0
|  64|0x0000000087600000, 0x0000000087700000, 0x0000000087700000|100%| E|CS|TAMS 0x0000000087600000| PB 0x0000000087600000| Complete |  0
|  65|0x0000000087700000, 0x0000000087800000, 0x0000000087800000|100%| E|CS|TAMS 0x0000000087700000| PB 0x0000000087700000| Complete |  0
|  66|0x0000000087800000, 0x0000000087900000, 0x0000000087900000|100%| E|CS|TAMS 0x0000000087800000| PB 0x0000000087800000| Complete |  0
|  67|0x0000000087900000, 0x0000000087a00000, 0x0000000087a00000|100%| E|CS|TAMS 0x0000000087900000| PB 0x0000000087900000| Complete |  0
|  68|0x0000000087a00000, 0x0000000087b00000, 0x0000000087b00000|100%| E|CS|TAMS 0x0000000087a00000| PB 0x0000000087a00000| Complete |  0
|  69|0x0000000087b00000, 0x0000000087c00000, 0x0000000087c00000|100%| E|CS|TAMS 0x0000000087b00000| PB 0x0000000087b00000| Complete |  0
|  70|0x0000000087c00000, 0x0000000087d00000, 0x0000000087d00000|100%| E|CS|TAMS 0x0000000087c00000| PB 0x0000000087c00000| Complete |  0
|  71|0x0000000087d00000, 0x0000000087e00000, 0x0000000087e00000|100%| E|CS|TAMS 0x0000000087d00000| PB 0x0000000087d00000| Complete |  0
|  72|0x0000000087e00000, 0x0000000087f00000, 0x0000000087f00000|100%| E|CS|TAMS 0x0000000087e00000| PB 0x0000000087e00000| Complete |  0
|  73|0x0000000087f00000, 0x0000000088000000, 0x0000000088000000|100%| E|CS|TAMS 0x0000000087f00000| PB 0x0000000087f00000| Complete |  0
|  74|0x0000000088000000, 0x0000000088100000, 0x0000000088100000|100%| E|CS|TAMS 0x0000000088000000| PB 0x0000000088000000| Complete |  0
|  75|0x0000000088100000, 0x0000000088200000, 0x0000000088200000|100%| E|CS|TAMS 0x0000000088100000| PB 0x0000000088100000| Complete |  0
|  76|0x0000000088200000, 0x0000000088300000, 0x0000000088300000|100%| E|CS|TAMS 0x0000000088200000| PB 0x0000000088200000| Complete |  0
|  77|0x0000000088300000, 0x0000000088400000, 0x0000000088400000|100%| E|CS|TAMS 0x0000000088300000| PB 0x0000000088300000| Complete |  0
|  78|0x0000000088400000, 0x0000000088500000, 0x0000000088500000|100%| E|CS|TAMS 0x0000000088400000| PB 0x0000000088400000| Complete |  0
|  79|0x0000000088500000, 0x0000000088600000, 0x0000000088600000|100%| E|CS|TAMS 0x0000000088500000| PB 0x0000000088500000| Complete |  0
|  80|0x0000000088600000, 0x0000000088700000, 0x0000000088700000|100%| E|CS|TAMS 0x0000000088600000| PB 0x0000000088600000| Complete |  0
|  81|0x0000000088700000, 0x0000000088800000, 0x0000000088800000|100%| E|CS|TAMS 0x0000000088700000| PB 0x0000000088700000| Complete |  0
|  82|0x0000000088800000, 0x0000000088900000, 0x0000000088900000|100%| E|CS|TAMS 0x0000000088800000| PB 0x0000000088800000| Complete |  0
|  83|0x0000000088900000, 0x0000000088a00000, 0x0000000088a00000|100%| E|CS|TAMS 0x0000000088900000| PB 0x0000000088900000| Complete |  0
|  84|0x0000000088a00000, 0x0000000088b00000, 0x0000000088b00000|100%| E|CS|TAMS 0x0000000088a00000| PB 0x0000000088a00000| Complete |  0
|  85|0x0000000088b00000, 0x0000000088c00000, 0x0000000088c00000|100%| E|CS|TAMS 0x0000000088b00000| PB 0x0000000088b00000| Complete |  0
| 111|0x000000008a500000, 0x000000008a600000, 0x000000008a600000|100%| E|CS|TAMS 0x000000008a500000| PB 0x000000008a500000| Complete |  0
| 112|0x000000008a600000, 0x000000008a700000, 0x000000008a700000|100%| E|CS|TAMS 0x000000008a600000| PB 0x000000008a600000| Complete |  0
| 125|0x000000008b300000, 0x000000008b400000, 0x000000008b400000|100%| E|CS|TAMS 0x000000008b300000| PB 0x000000008b300000| Complete |  0

Card table byte_map: [0x0000022a33d20000,0x0000022a34110000] _byte_map_base: 0x0000022a33905000

Marking Bits: (CMBitMap*) 0x0000022a2028ac20
 Bits: [0x0000022a34110000, 0x0000022a36038000)

Polling page: 0x0000022a1dc10000

Metaspace:

Usage:
  Non-class:     63.84 MB used.
      Class:     10.36 MB used.
       Both:     74.20 MB used.

Virtual space:
  Non-class space:      128.00 MB reserved,      64.12 MB ( 50%) committed,  2 nodes.
      Class space:        1.00 GB reserved,      10.56 MB (  1%) committed,  1 nodes.
             Both:        1.12 GB reserved,      74.69 MB (  6%) committed. 

Chunk freelists:
   Non-Class:  15.62 MB
       Class:  5.27 MB
        Both:  20.89 MB

MaxMetaspaceSize: unlimited
CompressedClassSpaceSize: 1.00 GB
Initial GC threshold: 21.00 MB
Current GC threshold: 99.38 MB
CDS: on
 - commit_granule_bytes: 65536.
 - commit_granule_words: 8192.
 - virtual_space_node_default_size: 8388608.
 - enlarge_chunks_in_place: 1.
 - use_allocation_guard: 0.


Internal statistics:

num_allocs_failed_limit: 12.
num_arena_births: 720.
num_arena_deaths: 0.
num_vsnodes_births: 3.
num_vsnodes_deaths: 0.
num_space_committed: 1195.
num_space_uncommitted: 0.
num_chunks_returned_to_freelist: 12.
num_chunks_taken_from_freelist: 3281.
num_chunk_merges: 9.
num_chunk_splits: 2468.
num_chunks_enlarged: 2053.
num_inconsistent_stats: 0.

CodeHeap 'non-profiled nmethods': size=119232Kb used=2552Kb max_used=2552Kb free=116680Kb
 bounds [0x0000022a2bc40000, 0x0000022a2bec0000, 0x0000022a330b0000]
CodeHeap 'profiled nmethods': size=119104Kb used=9588Kb max_used=9588Kb free=109515Kb
 bounds [0x0000022a240b0000, 0x0000022a24a10000, 0x0000022a2b500000]
CodeHeap 'non-nmethods': size=7424Kb used=2263Kb max_used=2278Kb free=5160Kb
 bounds [0x0000022a2b500000, 0x0000022a2b770000, 0x0000022a2bc40000]
CodeCache: size=245760Kb, used=14403Kb, max_used=14418Kb, free=231355Kb
 total_blobs=6944, nmethods=6190, adapters=658, full_count=0
Compilation: enabled, stopped_count=0, restarted_count=0

Compilation events (20 events):
Event: 15.303 Thread 0x0000022a01fde910 nmethod 6783 0x0000022a2415e408 code [0x0000022a2415e5c0, 0x0000022a2415ecc0]
Event: 15.303 Thread 0x0000022a01fde910 6789       3       sun.invoke.util.VerifyType::isNullType (18 bytes)
Event: 15.303 Thread 0x0000022a01fde910 nmethod 6789 0x0000022a2415e108 code [0x0000022a2415e240, 0x0000022a2415e3f8]
Event: 15.303 Thread 0x0000022a01fde910 6785       3       jdk.internal.reflect.MethodHandleAccessorFactory::specializedMethodType (216 bytes)
Event: 15.303 Thread 0x0000022a38e16e60 nmethod 6784 0x0000022a2464b388 code [0x0000022a2464b580, 0x0000022a2464c180]
Event: 15.303 Thread 0x0000022a38e16e60 6786       3       jdk.internal.reflect.DirectMethodHandleAccessor::methodAccessor (35 bytes)
Event: 15.303 Thread 0x0000022a38e16e60 nmethod 6786 0x0000022a2415dc08 code [0x0000022a2415dd20, 0x0000022a2415dec8]
Event: 15.303 Thread 0x0000022a38e16e60 6787       3       jdk.internal.reflect.DirectMethodHandleAccessor::<init> (59 bytes)
Event: 15.303 Thread 0x0000022a38e16e60 nmethod 6787 0x0000022a2464ad08 code [0x0000022a2464ae60, 0x0000022a2464b320]
Event: 15.303 Thread 0x0000022a01fde910 nmethod 6785 0x0000022a24648d88 code [0x0000022a24649060, 0x0000022a2464ac70]
Event: 15.303 Thread 0x0000022a38e16e60 6788       3       jdk.internal.reflect.MethodAccessorImpl::<init> (5 bytes)
Event: 15.304 Thread 0x0000022a38e16e60 nmethod 6788 0x0000022a24648a08 code [0x0000022a24648b20, 0x0000022a24648ce8]
Event: 15.308 Thread 0x0000022a38e16e60 6790       3       org.springframework.core.convert.support.GenericConversionService$ConverterAdapter::<init> (41 bytes)
Event: 15.308 Thread 0x0000022a01fde910 6791       3       org.springframework.core.convert.support.GenericConversionService$ConverterAdapter::getConvertibleTypes (8 bytes)
Event: 15.308 Thread 0x0000022a01fde910 nmethod 6791 0x0000022a24648488 code [0x0000022a246485c0, 0x0000022a24648960]
Event: 15.308 Thread 0x0000022a38e16e60 nmethod 6790 0x0000022a2451cd08 code [0x0000022a2451cec0, 0x0000022a2451da60]
Event: 15.324 Thread 0x0000022a38e16e60 6792       3       org.springframework.core.convert.support.GenericConversionService::getRequiredTypeInfo (57 bytes)
Event: 15.324 Thread 0x0000022a38e16e60 nmethod 6792 0x0000022a2451c508 code [0x0000022a2451c680, 0x0000022a2451cc88]
Event: 15.325 Thread 0x0000022a38e16e60 6793       2       sun.invoke.util.VerifyType::isNullConversion (157 bytes)
Event: 15.325 Thread 0x0000022a38e16e60 nmethod 6793 0x0000022a2451bc08 code [0x0000022a2451bdc0, 0x0000022a2451c440]

GC Heap History (20 events):
Event: 1.982 GC heap before
{Heap before GC invocations=1 (full 0):
 garbage-first heap   total reserved 2041856K, committed 129024K, used 35506K [0x0000000083600000, 0x0000000100000000)
  region size 1024K, 22 young (22528K), 3 survivors (3072K)
 Metaspace       used 9729K, committed 9984K, reserved 1114112K
  class space    used 1203K, committed 1344K, reserved 1048576K
}
Event: 1.985 GC heap after
{Heap after GC invocations=2 (full 0):
 garbage-first heap   total reserved 2041856K, committed 129024K, used 18072K [0x0000000083600000, 0x0000000100000000)
  region size 1024K, 2 young (2048K), 2 survivors (2048K)
 Metaspace       used 9729K, committed 9984K, reserved 1114112K
  class space    used 1203K, committed 1344K, reserved 1048576K
}
Event: 6.282 GC heap before
{Heap before GC invocations=2 (full 0):
 garbage-first heap   total reserved 2041856K, committed 129024K, used 67224K [0x0000000083600000, 0x0000000100000000)
  region size 1024K, 50 young (51200K), 2 survivors (2048K)
 Metaspace       used 18847K, committed 19136K, reserved 1114112K
  class space    used 2348K, committed 2496K, reserved 1048576K
}
Event: 6.290 GC heap after
{Heap after GC invocations=3 (full 0):
 garbage-first heap   total reserved 2041856K, committed 129024K, used 22773K [0x0000000083600000, 0x0000000100000000)
  region size 1024K, 7 young (7168K), 7 survivors (7168K)
 Metaspace       used 18847K, committed 19136K, reserved 1114112K
  class space    used 2348K, committed 2496K, reserved 1048576K
}
Event: 9.761 GC heap before
{Heap before GC invocations=3 (full 0):
 garbage-first heap   total reserved 2041856K, committed 129024K, used 35061K [0x0000000083600000, 0x0000000100000000)
  region size 1024K, 20 young (20480K), 7 survivors (7168K)
 Metaspace       used 21219K, committed 21504K, reserved 1114112K
  class space    used 2632K, committed 2752K, reserved 1048576K
}
Event: 9.777 GC heap after
{Heap after GC invocations=4 (full 0):
 garbage-first heap   total reserved 2041856K, committed 129024K, used 24853K [0x0000000083600000, 0x0000000100000000)
  region size 1024K, 2 young (2048K), 2 survivors (2048K)
 Metaspace       used 21219K, committed 21504K, reserved 1114112K
  class space    used 2632K, committed 2752K, reserved 1048576K
}
Event: 11.105 GC heap before
{Heap before GC invocations=5 (full 0):
 garbage-first heap   total reserved 2041856K, committed 86016K, used 82197K [0x0000000083600000, 0x0000000100000000)
  region size 1024K, 59 young (60416K), 2 survivors (2048K)
 Metaspace       used 31796K, committed 32192K, reserved 1114112K
  class space    used 4171K, committed 4352K, reserved 1048576K
}
Event: 11.113 GC heap after
{Heap after GC invocations=6 (full 0):
 garbage-first heap   total reserved 2041856K, committed 91136K, used 30185K [0x0000000083600000, 0x0000000100000000)
  region size 1024K, 7 young (7168K), 7 survivors (7168K)
 Metaspace       used 31796K, committed 32192K, reserved 1114112K
  class space    used 4171K, committed 4352K, reserved 1048576K
}
Event: 11.423 GC heap before
{Heap before GC invocations=6 (full 0):
 garbage-first heap   total reserved 2041856K, committed 91136K, used 50665K [0x0000000083600000, 0x0000000100000000)
  region size 1024K, 29 young (29696K), 7 survivors (7168K)
 Metaspace       used 35695K, committed 36096K, reserved 1114112K
  class space    used 4769K, committed 4992K, reserved 1048576K
}
Event: 11.431 GC heap after
{Heap after GC invocations=7 (full 0):
 garbage-first heap   total reserved 2041856K, committed 91136K, used 31364K [0x0000000083600000, 0x0000000100000000)
  region size 1024K, 2 young (2048K), 2 survivors (2048K)
 Metaspace       used 35695K, committed 36096K, reserved 1114112K
  class space    used 4769K, committed 4992K, reserved 1048576K
}
Event: 11.475 GC heap before
{Heap before GC invocations=7 (full 0):
 garbage-first heap   total reserved 2041856K, committed 91136K, used 33412K [0x0000000083600000, 0x0000000100000000)
  region size 1024K, 5 young (5120K), 2 survivors (2048K)
 Metaspace       used 36015K, committed 36416K, reserved 1114112K
  class space    used 4830K, committed 4992K, reserved 1048576K
}
Event: 11.477 GC heap after
{Heap after GC invocations=8 (full 0):
 garbage-first heap   total reserved 2041856K, committed 91136K, used 31328K [0x0000000083600000, 0x0000000100000000)
  region size 1024K, 2 young (2048K), 2 survivors (2048K)
 Metaspace       used 36015K, committed 36416K, reserved 1114112K
  class space    used 4830K, committed 4992K, reserved 1048576K
}
Event: 12.917 GC heap before
{Heap before GC invocations=9 (full 0):
 garbage-first heap   total reserved 2041856K, committed 91136K, used 69216K [0x0000000083600000, 0x0000000100000000)
  region size 1024K, 40 young (40960K), 2 survivors (2048K)
 Metaspace       used 43753K, committed 44224K, reserved 1114112K
  class space    used 5813K, committed 6016K, reserved 1048576K
}
Event: 12.921 GC heap after
{Heap after GC invocations=10 (full 0):
 garbage-first heap   total reserved 2041856K, committed 91136K, used 34274K [0x0000000083600000, 0x0000000100000000)
  region size 1024K, 5 young (5120K), 5 survivors (5120K)
 Metaspace       used 43753K, committed 44224K, reserved 1114112K
  class space    used 5813K, committed 6016K, reserved 1048576K
}
Event: 13.647 GC heap before
{Heap before GC invocations=10 (full 0):
 garbage-first heap   total reserved 2041856K, committed 91136K, used 72162K [0x0000000083600000, 0x0000000100000000)
  region size 1024K, 43 young (44032K), 5 survivors (5120K)
 Metaspace       used 51067K, committed 51520K, reserved 1114112K
  class space    used 6788K, committed 6976K, reserved 1048576K
}
Event: 13.652 GC heap after
{Heap after GC invocations=11 (full 0):
 garbage-first heap   total reserved 2041856K, committed 91136K, used 36596K [0x0000000083600000, 0x0000000100000000)
  region size 1024K, 6 young (6144K), 6 survivors (6144K)
 Metaspace       used 51067K, committed 51520K, reserved 1114112K
  class space    used 6788K, committed 6976K, reserved 1048576K
}
Event: 14.364 GC heap before
{Heap before GC invocations=11 (full 0):
 garbage-first heap   total reserved 2041856K, committed 91136K, used 73460K [0x0000000083600000, 0x0000000100000000)
  region size 1024K, 43 young (44032K), 6 survivors (6144K)
 Metaspace       used 60412K, committed 60928K, reserved 1114112K
  class space    used 8220K, committed 8448K, reserved 1048576K
}
Event: 14.369 GC heap after
{Heap after GC invocations=12 (full 0):
 garbage-first heap   total reserved 2041856K, committed 91136K, used 38578K [0x0000000083600000, 0x0000000100000000)
  region size 1024K, 5 young (5120K), 5 survivors (5120K)
 Metaspace       used 60412K, committed 60928K, reserved 1114112K
  class space    used 8220K, committed 8448K, reserved 1048576K
}
Event: 15.110 GC heap before
{Heap before GC invocations=13 (full 0):
 garbage-first heap   total reserved 2041856K, committed 91136K, used 77490K [0x0000000083600000, 0x0000000100000000)
  region size 1024K, 43 young (44032K), 5 survivors (5120K)
 Metaspace       used 71079K, committed 71680K, reserved 1114112K
  class space    used 9951K, committed 10176K, reserved 1048576K
}
Event: 15.119 GC heap after
{Heap after GC invocations=14 (full 0):
 garbage-first heap   total reserved 2041856K, committed 91136K, used 40014K [0x0000000083600000, 0x0000000100000000)
  region size 1024K, 4 young (4096K), 4 survivors (4096K)
 Metaspace       used 71079K, committed 71680K, reserved 1114112K
  class space    used 9951K, committed 10176K, reserved 1048576K
}

Dll operation events (9 events):
Event: 0.102 Loaded shared library C:\Users\Abdella Hamch\.p2\pool\plugins\org.eclipse.justj.openjdk.hotspot.jre.full.win32.x86_64_23.0.0.v20240919-1706\jre\bin\java.dll
Event: 0.482 Loaded shared library C:\Users\Abdella Hamch\.p2\pool\plugins\org.eclipse.justj.openjdk.hotspot.jre.full.win32.x86_64_23.0.0.v20240919-1706\jre\bin\zip.dll
Event: 0.513 Loaded shared library C:\Users\Abdella Hamch\.p2\pool\plugins\org.eclipse.justj.openjdk.hotspot.jre.full.win32.x86_64_23.0.0.v20240919-1706\jre\bin\net.dll
Event: 0.535 Loaded shared library C:\Users\Abdella Hamch\.p2\pool\plugins\org.eclipse.justj.openjdk.hotspot.jre.full.win32.x86_64_23.0.0.v20240919-1706\jre\bin\nio.dll
Event: 0.545 Loaded shared library C:\Users\Abdella Hamch\.p2\pool\plugins\org.eclipse.justj.openjdk.hotspot.jre.full.win32.x86_64_23.0.0.v20240919-1706\jre\bin\zip.dll
Event: 1.002 Loaded shared library C:\Users\Abdella Hamch\.p2\pool\plugins\org.eclipse.justj.openjdk.hotspot.jre.full.win32.x86_64_23.0.0.v20240919-1706\jre\bin\jimage.dll
Event: 1.067 Loaded shared library C:\Users\Abdella Hamch\.p2\pool\plugins\org.eclipse.justj.openjdk.hotspot.jre.full.win32.x86_64_23.0.0.v20240919-1706\jre\bin\extnet.dll
Event: 1.455 Loaded shared library C:\Users\Abdella Hamch\.p2\pool\plugins\org.eclipse.justj.openjdk.hotspot.jre.full.win32.x86_64_23.0.0.v20240919-1706\jre\bin\verify.dll
Event: 12.764 Loaded shared library C:\Users\Abdella Hamch\.p2\pool\plugins\org.eclipse.justj.openjdk.hotspot.jre.full.win32.x86_64_23.0.0.v20240919-1706\jre\bin\sunmscapi.dll

Deoptimization events (20 events):
Event: 15.240 Thread 0x0000022a2022ede0 Uncommon trap: trap_request=0xffffffc6 fr.pc=0x0000022a2bdcf644 relative=0x0000000000000c64
Event: 15.240 Thread 0x0000022a2022ede0 Uncommon trap: reason=bimorphic_or_optimized_type_check action=maybe_recompile pc=0x0000022a2bdcf644 method=jdk.internal.classfile.impl.SplitConstantPool.findEntry(ILjdk/internal/classfile/impl/AbstractPoolEntry;Ljdk/internal/classfile/impl/AbstractPoolEn
Event: 15.240 Thread 0x0000022a2022ede0 DEOPT PACKING pc=0x0000022a2bdcf644 sp=0x000000f1777fa330
Event: 15.240 Thread 0x0000022a2022ede0 DEOPT UNPACKING pc=0x0000022a2b554402 sp=0x000000f1777fa2e8 mode 2
Event: 15.240 Thread 0x0000022a2022ede0 Uncommon trap: trap_request=0xffffff45 fr.pc=0x0000022a2be98e20 relative=0x0000000000000b60
Event: 15.240 Thread 0x0000022a2022ede0 Uncommon trap: reason=unstable_if action=reinterpret pc=0x0000022a2be98e20 method=jdk.internal.classfile.impl.SplitConstantPool.internalAdd(Ljava/lang/classfile/constantpool/PoolEntry;I)Ljava/lang/classfile/constantpool/PoolEntry; @ 18 c2
Event: 15.240 Thread 0x0000022a2022ede0 DEOPT PACKING pc=0x0000022a2be98e20 sp=0x000000f1777fa2f0
Event: 15.240 Thread 0x0000022a2022ede0 DEOPT UNPACKING pc=0x0000022a2b554402 sp=0x000000f1777fa2b8 mode 2
Event: 15.255 Thread 0x0000022a2022ede0 Uncommon trap: trap_request=0xfffffff4 fr.pc=0x0000022a2be66d70 relative=0x00000000000002b0
Event: 15.255 Thread 0x0000022a2022ede0 Uncommon trap: reason=null_check action=make_not_entrant pc=0x0000022a2be66d70 method=org.springframework.util.ClassUtils.isAssignable(Ljava/lang/Class;Ljava/lang/Class;)Z @ 14 c2
Event: 15.255 Thread 0x0000022a2022ede0 DEOPT PACKING pc=0x0000022a2be66d70 sp=0x000000f1777fbb50
Event: 15.255 Thread 0x0000022a2022ede0 DEOPT UNPACKING pc=0x0000022a2b554402 sp=0x000000f1777fbaf0 mode 2
Event: 15.255 Thread 0x0000022a2022ede0 Uncommon trap: trap_request=0xfffffff4 fr.pc=0x0000022a2be9402c relative=0x000000000000036c
Event: 15.255 Thread 0x0000022a2022ede0 Uncommon trap: reason=null_check action=make_not_entrant pc=0x0000022a2be9402c method=sun.invoke.util.VerifyType.isNullConversion(Ljava/lang/Class;Ljava/lang/Class;Z)Z @ 67 c2
Event: 15.255 Thread 0x0000022a2022ede0 DEOPT PACKING pc=0x0000022a2be9402c sp=0x000000f1777fb420
Event: 15.255 Thread 0x0000022a2022ede0 DEOPT UNPACKING pc=0x0000022a2b554402 sp=0x000000f1777fb3a0 mode 2
Event: 15.282 Thread 0x0000022a2022ede0 Uncommon trap: trap_request=0xffffff45 fr.pc=0x0000022a2bdf570c relative=0x00000000000009ec
Event: 15.282 Thread 0x0000022a2022ede0 Uncommon trap: reason=unstable_if action=reinterpret pc=0x0000022a2bdf570c method=java.util.WeakHashMap.put(Ljava/lang/Object;Ljava/lang/Object;)Ljava/lang/Object; @ 146 c2
Event: 15.282 Thread 0x0000022a2022ede0 DEOPT PACKING pc=0x0000022a2bdf570c sp=0x000000f1777fa450
Event: 15.282 Thread 0x0000022a2022ede0 DEOPT UNPACKING pc=0x0000022a2b554402 sp=0x000000f1777fa428 mode 2

Classes loaded (20 events):
Event: 14.228 Loading class java/util/regex/Pattern$1MatcherIterator
Event: 14.228 Loading class java/util/regex/Pattern$1MatcherIterator done
Event: 14.243 Loading class java/lang/AbstractMethodError
Event: 14.243 Loading class java/lang/AbstractMethodError done
Event: 14.247 Loading class java/io/PipedOutputStream
Event: 14.247 Loading class java/io/PipedOutputStream done
Event: 14.485 Loading class javax/naming/RefAddr
Event: 14.485 Loading class javax/naming/RefAddr done
Event: 14.485 Loading class javax/naming/StringRefAddr
Event: 14.486 Loading class javax/naming/StringRefAddr done
Event: 14.838 Loading class java/util/AbstractList$SubList
Event: 14.838 Loading class java/util/AbstractList$SubList done
Event: 15.178 Loading class sun/security/provider/SecureRandom
Event: 15.178 Loading class sun/security/provider/SecureRandom done
Event: 15.208 Loading class javax/naming/Reference
Event: 15.208 Loading class javax/naming/Reference done
Event: 15.225 Loading class sun/reflect/generics/reflectiveObjects/GenericArrayTypeImpl
Event: 15.225 Loading class sun/reflect/generics/reflectiveObjects/GenericArrayTypeImpl done
Event: 15.274 Loading class java/lang/SafeVarargs
Event: 15.274 Loading class java/lang/SafeVarargs done

Classes unloaded (0 events):
No events

Classes redefined (0 events):
No events

Internal exceptions (20 events):
Event: 14.586 Thread 0x0000022a2022ede0 Exception <a 'java/lang/NoSuchMethodError'{0x00000000885fb1c0}: 'java.lang.Object java.lang.invoke.DirectMethodHandle$Holder.invokeStatic(java.lang.Object, java.lang.Object, int, java.lang.Object)'> (0x00000000885fb1c0) 
thrown [s\src\hotspot\share\interpreter\linkResolver.cpp, line 796]
Event: 14.586 Thread 0x0000022a2022ede0 Exception <a 'java/lang/NoSuchMethodError'{0x00000000885feee8}: 'java.lang.Object java.lang.invoke.DirectMethodHandle$Holder.invokeStaticInit(java.lang.Object, java.lang.Object, int, java.lang.Object)'> (0x00000000885feee8) 
thrown [s\src\hotspot\share\interpreter\linkResolver.cpp, line 796]
Event: 14.995 Thread 0x0000022a2022ede0 Exception <a 'java/lang/NoSuchMethodError'{0x0000000086f5dea0}: 'void java.lang.invoke.DirectMethodHandle$Holder.invokeStatic(java.lang.Object, java.lang.Object, java.lang.Object, int, java.lang.Object)'> (0x0000000086f5dea0) 
thrown [s\src\hotspot\share\interpreter\linkResolver.cpp, line 796]
Event: 14.996 Thread 0x0000022a2022ede0 Exception <a 'java/lang/NoSuchMethodError'{0x0000000086f6a9b8}: 'void java.lang.invoke.DirectMethodHandle$Holder.invokeInterface(java.lang.Object, java.lang.Object, int, java.lang.Object)'> (0x0000000086f6a9b8) 
thrown [s\src\hotspot\share\interpreter\linkResolver.cpp, line 796]
Event: 15.007 Thread 0x0000022a2022ede0 Exception <a 'java/lang/NoSuchMethodError'{0x0000000086e05590}: 'void java.lang.invoke.DirectMethodHandle$Holder.invokeSpecial(java.lang.Object, java.lang.Object, java.lang.Object, java.lang.Object, java.lang.Object, java.lang.Object, java.lang.Object, java.lang.Object)'> (0x0000000086e05590) 
thrown [s\src\hotspot\share\interpreter\linkResolver.cpp, line 796]
Event: 15.010 Thread 0x0000022a2022ede0 Exception <a 'java/lang/NoSuchMethodError'{0x0000000086e2af48}: 'java.lang.Object java.lang.invoke.DirectMethodHandle$Holder.newInvokeSpecial(java.lang.Object, java.lang.Object, int)'> (0x0000000086e2af48) 
thrown [s\src\hotspot\share\interpreter\linkResolver.cpp, line 796]
Event: 15.032 Thread 0x0000022a2022ede0 Exception <a 'java/lang/NoSuchMethodError'{0x0000000086d7d358}: 'int java.lang.invoke.DirectMethodHandle$Holder.invokeSpecial(java.lang.Object, java.lang.Object, int, java.lang.Object)'> (0x0000000086d7d358) 
thrown [s\src\hotspot\share\interpreter\linkResolver.cpp, line 796]
Event: 15.033 Thread 0x0000022a2022ede0 Exception <a 'java/lang/NoSuchMethodError'{0x0000000086da1a78}: 'java.lang.Object java.lang.invoke.DirectMethodHandle$Holder.newInvokeSpecial(java.lang.Object, java.lang.Object, java.lang.Object, java.lang.Object, java.lang.Object, int, java.lang.Object)'> (0x0000000086da1a78) 
thrown [s\src\hotspot\share\interpreter\linkResolver.cpp, line 796]
Event: 15.036 Thread 0x0000022a2022ede0 Exception <a 'java/lang/NoSuchMethodError'{0x0000000086dd5538}: 'java.lang.Object java.lang.invoke.DirectMethodHandle$Holder.newInvokeSpecial(java.lang.Object, java.lang.Object, java.lang.Object, java.lang.Object, java.lang.Object, java.lang.Object, java.lang.Object, java.lang.Object, java.lang.Object, java.lang.Object, java.lang.Object, java.lang.Object)'> (0x0000000086dd5538) 
thrown [s\src\hotspot\share\interpreter\linkResolver.cpp, line 796]
Event: 15.036 Thread 0x0000022a2022ede0 Exception <a 'java/lang/NoSuchMethodError'{0x0000000086ddec40}: 'java.lang.Object java.lang.invoke.Invokers$Holder.linkToTargetMethod(java.lang.Object, java.lang.Object, java.lang.Object, java.lang.Object, java.lang.Object, java.lang.Object, java.lang.Object, java.lang.Object, java.lang.Object, java.lang.Object, java.lang.Object, java.lang.Object)'> (0x0000000086ddec40) 
thrown [s\src\hotspot\share\interpreter\linkResolver.cpp, line 796]
Event: 15.069 Thread 0x0000022a2022ede0 Exception <a 'java/lang/NoSuchMethodError'{0x0000000086be6068}: 'java.lang.Object java.lang.invoke.DirectMethodHandle$Holder.newInvokeSpecial(java.lang.Object, java.lang.Object, java.lang.Object, java.lang.Object, java.lang.Object, java.lang.Object, java.lang.Object, int)'> (0x0000000086be6068) 
thrown [s\src\hotspot\share\interpreter\linkResolver.cpp, line 796]
Event: 15.070 Thread 0x0000022a2022ede0 Exception <a 'java/lang/NoSuchMethodError'{0x0000000086beadd8}: 'java.lang.Object java.lang.invoke.DirectMethodHandle$Holder.invokeSpecial(java.lang.Object, java.lang.Object, java.lang.Object, java.lang.Object, java.lang.Object, java.lang.Object, java.lang.Object, java.lang.Object, int)'> (0x0000000086beadd8) 
thrown [s\src\hotspot\share\interpreter\linkResolver.cpp, line 796]
Event: 15.070 Thread 0x0000022a2022ede0 Exception <a 'java/lang/NoSuchMethodError'{0x0000000086bef5d0}: 'java.lang.Object java.lang.invoke.Invokers$Holder.linkToTargetMethod(java.lang.Object, java.lang.Object, java.lang.Object, java.lang.Object, java.lang.Object, java.lang.Object, int, java.lang.Object)'> (0x0000000086bef5d0) 
thrown [s\src\hotspot\share\interpreter\linkResolver.cpp, line 796]
Event: 15.201 Thread 0x0000022a02141010 Implicit null exception at 0x0000022a2bce9ef4 to 0x0000022a2bcea8e4
Event: 15.253 Thread 0x0000022a2022ede0 Exception <a 'java/lang/IncompatibleClassChangeError'{0x0000000088898540}: Found class java.lang.Object, but interface was expected> (0x0000000088898540) 
thrown [s\src\hotspot\share\interpreter\linkResolver.cpp, line 863]
Event: 15.255 Thread 0x0000022a2022ede0 Implicit null exception at 0x0000022a2be66aeb to 0x0000022a2be66d5c
Event: 15.255 Thread 0x0000022a2022ede0 Implicit null exception at 0x0000022a2be93d80 to 0x0000022a2be94018
Event: 15.281 Thread 0x0000022a2022ede0 Exception <a 'java/lang/IncompatibleClassChangeError'{0x0000000088683a30}: Found class java.lang.Object, but interface was expected> (0x0000000088683a30) 
thrown [s\src\hotspot\share\interpreter\linkResolver.cpp, line 863]
Event: 15.314 Thread 0x0000022a2022ede0 Exception <a 'java/lang/IncompatibleClassChangeError'{0x000000008841c440}: Found class java.lang.Object, but interface was expected> (0x000000008841c440) 
thrown [s\src\hotspot\share\interpreter\linkResolver.cpp, line 863]
Event: 15.320 Thread 0x0000022a2022ede0 Exception <a 'java/lang/NoSuchMethodError'{0x0000000088467750}: 'java.lang.Object java.lang.invoke.DirectMethodHandle$Holder.invokeSpecialIFC(java.lang.Object, java.lang.Object, java.lang.Object)'> (0x0000000088467750) 
thrown [s\src\hotspot\share\interpreter\linkResolver.cpp, line 796]

VM Operations (20 events):
Event: 13.178 Executing VM operation: HandshakeAllThreads (Deoptimize)
Event: 13.179 Executing VM operation: HandshakeAllThreads (Deoptimize) done
Event: 13.333 Executing VM operation: HandshakeAllThreads (Deoptimize)
Event: 13.333 Executing VM operation: HandshakeAllThreads (Deoptimize) done
Event: 13.551 Executing VM operation: HandshakeAllThreads (Deoptimize)
Event: 13.551 Executing VM operation: HandshakeAllThreads (Deoptimize) done
Event: 13.647 Executing VM operation: G1CollectForAllocation (G1 Evacuation Pause)
Event: 13.652 Executing VM operation: G1CollectForAllocation (G1 Evacuation Pause) done
Event: 13.982 Executing VM operation: HandshakeAllThreads (Deoptimize)
Event: 13.982 Executing VM operation: HandshakeAllThreads (Deoptimize) done
Event: 14.364 Executing VM operation: CollectForMetadataAllocation (Metadata GC Threshold)
Event: 14.369 Executing VM operation: CollectForMetadataAllocation (Metadata GC Threshold) done
Event: 14.384 Executing VM operation: G1PauseRemark
Event: 14.391 Executing VM operation: G1PauseRemark done
Event: 14.397 Executing VM operation: G1PauseCleanup
Event: 14.397 Executing VM operation: G1PauseCleanup done
Event: 14.929 Executing VM operation: HandshakeAllThreads (Deoptimize)
Event: 14.929 Executing VM operation: HandshakeAllThreads (Deoptimize) done
Event: 15.110 Executing VM operation: G1CollectForAllocation (G1 Evacuation Pause)
Event: 15.119 Executing VM operation: G1CollectForAllocation (G1 Evacuation Pause) done

Memory protections (0 events):
No events

Nmethod flushes (20 events):
Event: 14.390 Thread 0x0000022a38de48d0 flushing  nmethod 0x0000022a24419388
Event: 14.390 Thread 0x0000022a38de48d0 flushing  nmethod 0x0000022a244af288
Event: 14.390 Thread 0x0000022a38de48d0 flushing  nmethod 0x0000022a245fd188
Event: 14.390 Thread 0x0000022a38de48d0 flushing  nmethod 0x0000022a245ff188
Event: 14.390 Thread 0x0000022a38de48d0 flushing  nmethod 0x0000022a24618508
Event: 14.390 Thread 0x0000022a38de48d0 flushing  nmethod 0x0000022a2461a088
Event: 14.390 Thread 0x0000022a38de48d0 flushing  nmethod 0x0000022a24636088
Event: 14.390 Thread 0x0000022a38de48d0 flushing  nmethod 0x0000022a24636488
Event: 14.390 Thread 0x0000022a38de48d0 flushing  nmethod 0x0000022a24636788
Event: 14.390 Thread 0x0000022a38de48d0 flushing  nmethod 0x0000022a2464f688
Event: 14.390 Thread 0x0000022a38de48d0 flushing  nmethod 0x0000022a246c4d08
Event: 14.390 Thread 0x0000022a38de48d0 flushing  nmethod 0x0000022a246c8808
Event: 14.390 Thread 0x0000022a38de48d0 flushing  nmethod 0x0000022a246c8d88
Event: 14.390 Thread 0x0000022a38de48d0 flushing  nmethod 0x0000022a2471a008
Event: 14.390 Thread 0x0000022a38de48d0 flushing  nmethod 0x0000022a2471d008
Event: 14.390 Thread 0x0000022a38de48d0 flushing  nmethod 0x0000022a2473ca88
Event: 14.390 Thread 0x0000022a38de48d0 flushing  nmethod 0x0000022a247b5288
Event: 14.390 Thread 0x0000022a38de48d0 flushing osr nmethod 0x0000022a247d6988
Event: 14.390 Thread 0x0000022a38de48d0 flushing  nmethod 0x0000022a247da408
Event: 14.390 Thread 0x0000022a38de48d0 flushing  nmethod 0x0000022a24811a88

Events (20 events):
Event: 4.034 Thread 0x0000022a7fb9a770 Thread exited: 0x0000022a7fb9a770
Event: 4.037 Thread 0x0000022a7fb937e0 Thread exited: 0x0000022a7fb937e0
Event: 6.402 Thread 0x0000022a2022ede0 Thread added: 0x0000022a7fb9a770
Event: 6.413 Thread 0x0000022a2022ede0 Thread added: 0x0000022a7fb937e0
Event: 6.413 Thread 0x0000022a7fb9a770 Thread added: 0x0000022a7fb965d0
Event: 6.413 Thread 0x0000022a7fb9a770 Thread exited: 0x0000022a7fb9a770
Event: 6.415 Thread 0x0000022a2022ede0 Thread added: 0x0000022a7fb9a770
Event: 7.256 Thread 0x0000022a2022ede0 Thread added: 0x0000022a7fb94500
Event: 9.209 Thread 0x0000022a7fb94500 Thread exited: 0x0000022a7fb94500
Event: 10.310 Thread 0x0000022a2022ede0 Thread added: 0x0000022a7fb96c60
Event: 10.326 Thread 0x0000022a7fb96c60 Thread exited: 0x0000022a7fb96c60
Event: 10.994 Thread 0x0000022a2022ede0 Thread added: 0x0000022a7fb98d30
Event: 12.778 Thread 0x0000022a7fb98d30 Thread exited: 0x0000022a7fb98d30
Event: 12.783 Thread 0x0000022a38e16e60 Thread added: 0x0000022a01fde910
Event: 12.787 Thread 0x0000022a2022ede0 Thread added: 0x0000022a7faabf30
Event: 12.788 Thread 0x0000022a7faabf30 Thread exited: 0x0000022a7faabf30
Event: 13.033 Thread 0x0000022a2022ede0 Thread added: 0x0000022a7faabf30
Event: 13.038 Thread 0x0000022a7faabf30 Thread exited: 0x0000022a7faabf30
Event: 15.179 Thread 0x0000022a2022ede0 Thread added: 0x0000022a02141010
Event: 15.201 Thread 0x0000022a02141010 Thread exited: 0x0000022a02141010


Dynamic libraries:
0x00007ff72d980000 - 0x00007ff72d98e000 	C:\Users\Abdella Hamch\.p2\pool\plugins\org.eclipse.justj.openjdk.hotspot.jre.full.win32.x86_64_23.0.0.v20240919-1706\jre\bin\javaw.exe
0x00007ffd3b360000 - 0x00007ffd3b569000 	C:\windows\SYSTEM32\ntdll.dll
0x00007ffd3a440000 - 0x00007ffd3a4fe000 	C:\windows\System32\KERNEL32.DLL
0x00007ffd38a70000 - 0x00007ffd38dec000 	C:\windows\System32\KERNELBASE.dll
0x00007ffd38460000 - 0x00007ffd385ac000 	C:\Windows\system32\hmpalert.dll
0x00007ffd390c0000 - 0x00007ffd391d1000 	C:\windows\System32\ucrtbase.dll
0x00007ffd348d0000 - 0x00007ffd348eb000 	C:\Users\Abdella Hamch\.p2\pool\plugins\org.eclipse.justj.openjdk.hotspot.jre.full.win32.x86_64_23.0.0.v20240919-1706\jre\bin\VCRUNTIME140.dll
0x00007ffd0e180000 - 0x00007ffd0e197000 	C:\Users\Abdella Hamch\.p2\pool\plugins\org.eclipse.justj.openjdk.hotspot.jre.full.win32.x86_64_23.0.0.v20240919-1706\jre\bin\jli.dll
0x00007ffd393f0000 - 0x00007ffd3959d000 	C:\windows\System32\USER32.dll
0x00007ffd38eb0000 - 0x00007ffd38ed6000 	C:\windows\System32\win32u.dll
0x00007ffd39640000 - 0x00007ffd39669000 	C:\windows\System32\GDI32.dll
0x00007ffd388b0000 - 0x00007ffd389c8000 	C:\windows\System32\gdi32full.dll
0x00007ffd389d0000 - 0x00007ffd38a6d000 	C:\windows\System32\msvcp_win.dll
0x00007ffd378f0000 - 0x00007ffd37b95000 	C:\windows\WinSxS\amd64_microsoft.windows.common-controls_6595b64144ccf1df_6.0.22000.120_none_9d947278b86cc467\COMCTL32.dll
0x00007ffd3b190000 - 0x00007ffd3b233000 	C:\windows\System32\msvcrt.dll
0x00007ffd39830000 - 0x00007ffd39861000 	C:\windows\System32\IMM32.DLL
0x00007ffd35110000 - 0x00007ffd3511c000 	C:\Users\Abdella Hamch\.p2\pool\plugins\org.eclipse.justj.openjdk.hotspot.jre.full.win32.x86_64_23.0.0.v20240919-1706\jre\bin\vcruntime140_1.dll
0x00007ffd168f0000 - 0x00007ffd1697e000 	C:\Users\Abdella Hamch\.p2\pool\plugins\org.eclipse.justj.openjdk.hotspot.jre.full.win32.x86_64_23.0.0.v20240919-1706\jre\bin\msvcp140.dll
0x00007ffca3d80000 - 0x00007ffca4b4d000 	C:\Users\Abdella Hamch\.p2\pool\plugins\org.eclipse.justj.openjdk.hotspot.jre.full.win32.x86_64_23.0.0.v20240919-1706\jre\bin\server\jvm.dll
0x00007ffd3a7a0000 - 0x00007ffd3a84e000 	C:\windows\System32\ADVAPI32.dll
0x00007ffd3a8d0000 - 0x00007ffd3a96e000 	C:\windows\System32\sechost.dll
0x00007ffd3a680000 - 0x00007ffd3a7a0000 	C:\windows\System32\RPCRT4.dll
0x00007ffd395d0000 - 0x00007ffd3963f000 	C:\windows\System32\WS2_32.dll
0x00007ffd38360000 - 0x00007ffd383ad000 	C:\windows\SYSTEM32\POWRPROF.dll
0x00007ffd2c1a0000 - 0x00007ffd2c1d3000 	C:\windows\SYSTEM32\WINMM.dll
0x00007ffd33a30000 - 0x00007ffd33a3a000 	C:\windows\SYSTEM32\VERSION.dll
0x00007ffd38340000 - 0x00007ffd38353000 	C:\windows\SYSTEM32\UMPDC.dll
0x00007ffd370a0000 - 0x00007ffd370b8000 	C:\windows\SYSTEM32\kernel.appcore.dll
0x00007ffd0e9b0000 - 0x00007ffd0e9ba000 	C:\Users\Abdella Hamch\.p2\pool\plugins\org.eclipse.justj.openjdk.hotspot.jre.full.win32.x86_64_23.0.0.v20240919-1706\jre\bin\jimage.dll
0x00007ffd37f10000 - 0x00007ffd38131000 	C:\windows\SYSTEM32\DBGHELP.DLL
0x00007ffd37ed0000 - 0x00007ffd37f01000 	C:\windows\SYSTEM32\dbgcore.DLL
0x00007ffd38830000 - 0x00007ffd388af000 	C:\windows\System32\bcryptPrimitives.dll
0x00007ffd0e980000 - 0x00007ffd0e99e000 	C:\Users\Abdella Hamch\.p2\pool\plugins\org.eclipse.justj.openjdk.hotspot.jre.full.win32.x86_64_23.0.0.v20240919-1706\jre\bin\java.dll
0x00007ffd391e0000 - 0x00007ffd3937a000 	C:\windows\System32\ole32.dll
0x00007ffd3a9a0000 - 0x00007ffd3ad16000 	C:\windows\System32\combase.dll
0x00007ffd39a50000 - 0x00007ffd3a215000 	C:\windows\System32\SHELL32.dll
0x00007ffd36110000 - 0x00007ffd36975000 	C:\windows\SYSTEM32\windows.storage.dll
0x00007ffd35fa0000 - 0x00007ffd36106000 	C:\windows\SYSTEM32\wintypes.dll
0x00007ffd3a350000 - 0x00007ffd3a43a000 	C:\windows\System32\SHCORE.dll
0x00007ffd39880000 - 0x00007ffd398dd000 	C:\windows\System32\shlwapi.dll
0x00007ffd38760000 - 0x00007ffd38781000 	C:\windows\SYSTEM32\profapi.dll
0x00007ffd0ca10000 - 0x00007ffd0ca27000 	C:\Users\Abdella Hamch\.p2\pool\plugins\org.eclipse.justj.openjdk.hotspot.jre.full.win32.x86_64_23.0.0.v20240919-1706\jre\bin\zip.dll
0x00007ffd0ca00000 - 0x00007ffd0ca10000 	C:\Users\Abdella Hamch\.p2\pool\plugins\org.eclipse.justj.openjdk.hotspot.jre.full.win32.x86_64_23.0.0.v20240919-1706\jre\bin\net.dll
0x00007ffd374f0000 - 0x00007ffd37557000 	C:\windows\system32\mswsock.dll
0x00007ffd15f20000 - 0x00007ffd15f36000 	C:\Users\Abdella Hamch\.p2\pool\plugins\org.eclipse.justj.openjdk.hotspot.jre.full.win32.x86_64_23.0.0.v20240919-1706\jre\bin\nio.dll
0x00007ffd36bd0000 - 0x00007ffd36bfd000 	C:\windows\SYSTEM32\IPHLPAPI.DLL
0x00007ffd3a220000 - 0x00007ffd3a229000 	C:\windows\System32\NSI.dll
0x00007ffd15ed0000 - 0x00007ffd15ed9000 	C:\Users\Abdella Hamch\.p2\pool\plugins\org.eclipse.justj.openjdk.hotspot.jre.full.win32.x86_64_23.0.0.v20240919-1706\jre\bin\extnet.dll
0x00007ffd2ec10000 - 0x00007ffd2ec20000 	C:\Users\Abdella Hamch\.p2\pool\plugins\org.eclipse.justj.openjdk.hotspot.jre.full.win32.x86_64_23.0.0.v20240919-1706\jre\bin\verify.dll
0x00007ffd38310000 - 0x00007ffd38328000 	C:\windows\SYSTEM32\CRYPTSP.dll
0x00007ffd37000000 - 0x00007ffd37035000 	C:\windows\system32\rsaenh.dll
0x00007ffd37590000 - 0x00007ffd375b9000 	C:\windows\SYSTEM32\USERENV.dll
0x00007ffd382e0000 - 0x00007ffd38307000 	C:\windows\SYSTEM32\bcrypt.dll
0x00007ffd37710000 - 0x00007ffd3771c000 	C:\windows\SYSTEM32\CRYPTBASE.dll
0x00007ffd36c00000 - 0x00007ffd36ce8000 	C:\windows\SYSTEM32\DNSAPI.dll
0x00007ffd32d00000 - 0x00007ffd32d0a000 	C:\Windows\System32\rasadhlp.dll
0x00007ffd33050000 - 0x00007ffd330d1000 	C:\windows\System32\fwpuclnt.dll
0x00007ffd0e970000 - 0x00007ffd0e97e000 	C:\Users\Abdella Hamch\.p2\pool\plugins\org.eclipse.justj.openjdk.hotspot.jre.full.win32.x86_64_23.0.0.v20240919-1706\jre\bin\sunmscapi.dll
0x00007ffd38ee0000 - 0x00007ffd39042000 	C:\windows\System32\CRYPT32.dll
0x00007ffd378c0000 - 0x00007ffd378e8000 	C:\windows\SYSTEM32\ncrypt.dll
0x00007ffd37880000 - 0x00007ffd378b7000 	C:\windows\SYSTEM32\NTASN1.dll
0x00007ffd348c0000 - 0x00007ffd348ca000 	C:\Users\Abdella Hamch\.p2\pool\plugins\org.eclipse.justj.openjdk.hotspot.jre.full.win32.x86_64_23.0.0.v20240919-1706\jre\bin\management.dll

dbghelp: loaded successfully - version: 4.0.5 - missing functions: none
symbol engine: initialized successfully - sym options: 0x614 - pdb path: .;C:\Users\Abdella Hamch\.p2\pool\plugins\org.eclipse.justj.openjdk.hotspot.jre.full.win32.x86_64_23.0.0.v20240919-1706\jre\bin;C:\windows\SYSTEM32;C:\windows\WinSxS\amd64_microsoft.windows.common-controls_6595b64144ccf1df_6.0.22000.120_none_9d947278b86cc467;C:\Users\Abdella Hamch\.p2\pool\plugins\org.eclipse.justj.openjdk.hotspot.jre.full.win32.x86_64_23.0.0.v20240919-1706\jre\bin\server

VM Arguments:
jvm_args: -ea -Dfile.encoding=UTF-8 -Dstdout.encoding=UTF-8 -Dstderr.encoding=UTF-8 -XX:+ShowCodeDetailsInExceptionMessages 
java_command: org.eclipse.jdt.internal.junit.runner.RemoteTestRunner -version 3 -port 62177 -testLoaderClass org.eclipse.jdt.internal.junit5.runner.JUnit5TestLoader -loaderpluginname org.eclipse.jdt.junit5.runtime -classNames com.hamch.customerservice.repository.CustomerRepositoryWithContainerTest
java_class_path (initial): B:\Java091024\myEcomm091024\customer-service\target\test-classes;B:\Java091024\myEcomm091024\customer-service\target\classes;C:\Users\Abdella Hamch\.p2\pool\plugins\org.junit_4.13.2.v20230809-1000.jar;C:\Users\Abdella Hamch\.p2\pool\plugins\org.hamcrest_3.0.0.jar;C:\Users\Abdella Hamch\.p2\pool\plugins\org.hamcrest.core_2.2.0.v20230809-1000.jar;C:\Users\Abdella Hamch\.m2\repository\org\modelmapper\modelmapper\3.2.0\modelmapper-3.2.0.jar;C:\Users\Abdella Hamch\.m2\repository\org\springframework\boot\spring-boot-docker-compose\3.2.1\spring-boot-docker-compose-3.2.1.jar;C:\Users\Abdella Hamch\.m2\repository\org\springframework\boot\spring-boot\3.2.1\spring-boot-3.2.1.jar;C:\Users\Abdella Hamch\.m2\repository\org\springframework\spring-context\6.1.2\spring-context-6.1.2.jar;C:\Users\Abdella Hamch\.m2\repository\com\fasterxml\jackson\core\jackson-databind\2.15.3\jackson-databind-2.15.3.jar;C:\Users\Abdella Hamch\.m2\repository\com\fasterxml\jackson\core\jackson-core\2.15.3\jackson-core-2.15.3.jar;C:\Users\Abdella Hamch\.m2\repository\com\fasterxml\jackson\module\jackson-module-parameter-names\2.15.3\jackson-module-parameter-names-2.15.3.jar;C:\Users\Abdella Hamch\.m2\repository\org\springframework\boot\spring-boot-testcontainers\3.2.1\spring-boot-testcontainers-3.2.1.jar;C:\Users\Abdella Hamch\.m2\repository\org\springframework\boot\spring-boot-autoconfigure\3.2.1\spring-boot-autoconfigure-3.2.1.jar;C:\Users\Abdella Hamch\.m2\repository\org\testcontainers\testcontainers\1.19.3\testcontainers-1.19.3.jar;C:\Users\Abdella Hamch\.m2\repository\junit\junit\4.13.2\junit-4.13.2.jar;C:\Users\Abdella Hamch\.m2\repository\org\hamcrest\hamcrest-core\2.2\hamcrest-core-2.2.jar;C:\Users\Abdella Hamch\.m2\repository\org\apache\commons\commons-compress\1.24.0\commons-compress-1.24.0.jar;C:\Users\Abdella Hamch\.m2\repository\org\rnorth\duct-tape\duct-tape\1.0.8\duct-tape-1.0.8.jar;C:\Users\Abdella Hamch\.m2\repository\org\jetbrains\annotations\17.0.0\annotations-17.0.0.jar;C:\Users\Abdella Hamch\.m2\repository\com\github\docker-java\docker-java-api\3.3.4\docker-java-api-3.3.4.jar;C:\Users\Abdella Hamch\.m2\repository\com\github\docker-java\docker-java-transport-zerodep\3.3.4\docker-java-transport-zerodep-3.3.4.jar;C:\Users\Abdella Hamch\.m2\repository\com\github\docker-java\docker-java-transport\3.3.4\docker-java-transport-3.3.4.jar;C:\Users\Abdella Hamch\.m2\repository\org\springframework\boot\spring-boot-starter-validation\3.2.1\spring-boot-starter-validation-3.2.1.jar;C:\Users\Abdella Hamch\.m2\repository\org\springframework\boot\spring-boot-starter\3.2.1\spring-boot-starter-3.2.1.jar;C:\Users\Abdella Hamch\.m2\repository\org\springframework\boot\spring-boot-starter-logging\3.2.1\spring-boot-starter-logging-3.2.1.jar;C:\Users\Abdella Hamch\.m2\repository\ch\qos\logback\logback-classic\1.4.14\logback-classic-1.4.14.jar;C:\Users\Abdella Hamch\.m2\repository\ch\qos\logback\logback-core\1.4.14\logback-core-1.4.14.jar;C:\Users\Abdella Hamch\.m2\repository\org\apache\logging\log4j\log4j-to-slf4j\2.21.1\log4j-to-slf4j-2.21.1.jar;C:\Users\Abdella Hamch\.m2\repository\org\apache\logging\log4j\log4j-api\2.21.1\log4j-api-2.21.1.jar;C:\Users\Abdella Hamch\.m2\repository\org\slf4j\jul-to-slf4j\2.0.9\jul-to-slf4j-2.0.9.jar;C:\Users\Abdella Hamch\.m2\repository\jakarta\annotation\jakarta.annotation-api\2.1.1\jakarta.annotation-api-2.1.1.jar;C:\Users\Abdella Hamch\.m2\repository\org\yaml\snakeyaml\2.2\snakeyaml-2.2.jar;C:\Users\Abdella Hamch\.m2\repository\org\apache\tomcat\embed\tomcat-embed-el\10.1.17\tomcat-embed-el-10.1.17.jar;C:\Users\Abdella Hamch\.m2\repository\org\hibernate\validator\hibernate-validator\8.0.1.Final\hibernate-validator-8.0.1.Final.jar;C:\Users\Abdella Hamch\.m2\repository\jakarta\validation\jakarta.validation-api\3.0.2\jakarta.validation-api-3.0.2.jar;C:\Users\Abdella Hamch\.m2\repository\org\jboss\logging\jboss-logging\3.5.3.Final\jboss-logging-3.5.3.Final.jar;C:\Users\Abdella Hamch\.m2\repository\com\fasterxml\classmate\1.6.0\classmate-1.6.0.jar;C:\Users\Abdella Hamch\.m2\repository\org\testcontainers\junit-jupiter\1.19.3\junit-jupiter-1.19.3.jar;C:\Users\Abdella Hamch\.m2\repository\net\java\dev\jna\jna\5.7.0\jna-5.7.0.jar;C:\Users\Abdella Hamch\.m2\repository\org\springframework\boot\spring-boot-starter-jdbc\3.2.1\spring-boot-starter-jdbc-3.2.1.jar;C:\Users\Abdella Hamch\.m2\repository\com\zaxxer\HikariCP\5.0.1\HikariCP-5.0.1.jar;C:\Users\Abdella Hamch\.m2\repository\org\springframework\spring-jdbc\6.1.2\spring-jdbc-6.1.2.jar;C:\Users\Abdella Hamch\.m2\repository\org\springframework\spring-beans\6.1.2\spring-beans-6.1.2.jar;C:\Users\Abdella Hamch\.m2\repository\org\postgresql\postgresql\42.6.0\postgresql-42.6.0.jar;C:\Users\Abdella Hamch\.m2\repository\org\checkerframework\checker-qual\3.31.0\checker-qual-3.31.0.jar;C:\Users\Abdella Hamch\.m2\repository\org\testcontainers\postgresql\1.19.3\postgresql-1.19.3.jar;C:\Users\Abdella Hamch\.m2\repository\org\testcontainers\jdbc\1.19.3\jdbc-1.19.3.jar;C:\Users\Abdella Hamch\.m2\repository\org\testcontainers\database-commons\1.19.3\database-commons-1.19.3.jar;C:\Users\Abdella Hamch\.m2\repository\org\springdoc\springdoc-openapi-starter-webmvc-ui\2.3.0\springdoc-openapi-starter-webmvc-ui-2.3.0.jar;C:\Users\Abdella Hamch\.m2\repository\org\springdoc\springdoc-openapi-starter-webmvc-api\2.3.0\springdoc-openapi-starter-webmvc-api-2.3.0.jar;C:\Users\Abdella Hamch\.m2\repository\org\springdoc\springdoc-openapi-starter-common\2.3.0\springdoc-openapi-starter-common-2.3.0.jar;C:\Users\Abdella Hamch\.m2\repository\io\swagger\core\v3\swagger-core-jakarta\2.2.19\swagger-core-jakarta-2.2.19.jar;C:\Users\Abdella Hamch\.m2\repository\org\apache\commons\commons-lang3\3.13.0\commons-lang3-3.13.0.jar;C:\Users\Abdella Hamch\.m2\repository\io\swagger\core\v3\swagger-annotations-jakarta\2.2.19\swagger-annotations-jakarta-2.2.19.jar;C:\Users\Abdella Hamch\.m2\repository\io\swagger\core\v3\swagger-models-jakarta\2.2.19\swagger-models-jakarta-2.2.19.jar;C:\Users\Abdella Hamch\.m2\repository\com\fasterxml\jackson\dataformat\jackson-dataformat-yaml\2.15.3\jackson-dataformat-yaml-2.15.3.jar;C:\Users\Abdella Hamch\.m2\repository\org\webjars\swagger-ui\5.10.3\swagger-ui-5.10.3.jar;C:\Users\Abdella Hamch\.m2\repository\org\springframework\boot\spring-boot-starter-data-jpa\3.2.1\spring-boot-starter-data-jpa-3.2.1.jar;C:\Users\Abdella Hamch\.m2\repository\org\springframework\boot\spring-boot-starter-aop\3.2.1\spring-boot-starter-aop-3.2.1.jar;C:\Users\Abdella Hamch\.m2\repository\org\aspectj\aspectjweaver\1.9.21\aspectjweaver-1.9.21.jar;C:\Users\Abdella Hamch\.m2\repository\org\hibernate\orm\hibernate-core\6.4.1.Final\hibernate-core-6.4.1.Final.jar;C:\Users\Abdella Hamch\.m2\repository\jakarta\persistence\jakarta.persistence-api\3.1.0\jakarta.persistence-api-3.1.0.jar;C:\Users\Abdella Hamch\.m2\repository\jakarta\transaction\jakarta.transaction-api\2.0.1\jakarta.transaction-api-2.0.1.jar;C:\Users\Abdella Hamch\.m2\repository\org\hibernate\common\hibernate-commons-annotations\6.0.6.Final\hibernate-commons-annotations-6.0.6.Final.jar;C:\Users\Abdella Hamch\.m2\repository\io\smallrye\jandex\3.1.2\jandex-3.1.2.jar;C:\Users\Abdella Hamch\.m2\repository\net\bytebuddy\byte-buddy\1.14.10\byte-buddy-1.14.10.jar;C:\Users\Abdella Hamch\.m2\repository\org\glassfish\jaxb\jaxb-runtime\4.0.4\jaxb-runtime-4.0.4.jar;C:\Users\Abdella Hamch\.m2\repository\org\glassfish\jaxb\jaxb-core\4.0.4\jaxb-core-4.0.4.jar;C:\Users\Abdella Hamch\.m2\repository\org\eclipse\angus\angus-activation\2.0.1\angus-activation-2.0.1.jar;C:\Users\Abdella Hamch\.m2\repository\org\glassfish\jaxb\txw2\4.0.4\txw2-4.0.4.jar;C:\Users\Abdella Hamch\.m2\repository\com\sun\istack\istack-commons-runtime\4.1.2\istack-commons-runtime-4.1.2.jar;C:\Users\Abdella Hamch\.m2\repository\jakarta\inject\jakarta.inject-api\2.0.1\jakarta.inject-api-2.0.1.jar;C:\Users\Abdella Hamch\.m2\repository\org\antlr\antlr4-runtime\4.13.0\antlr4-runtime-4.13.0.jar;C:\Users\Abdella Hamch\.m2\repository\org\springframework\data\spring-data-jpa\3.2.1\spring-data-jpa-3.2.1.jar;C:\Users\Abdella Hamch\.m2\repository\org\springframework\spring-orm\6.1.2\spring-orm-6.1.2.jar;C:\Users\Abdella Hamch\.m2\repository\org\springframework\spring-aspects\6.1.2\spring-aspects-6.1.2.jar;C:\Users\Abdella Hamch\.m2\repository\org\springframework\boot\spring-boot-starter-security\3.2.1\spring-boot-starter-security-3.2.1.jar;C:\Users\Abdella Hamch\.m2\repository\org\springframework\spring-aop\6.1.2\spring-aop-6.1.2.jar;C:\Users\Abdella Hamch\.m2\repository\org\springframework\security\spring-security-config\6.2.1\spring-security-config-6.2.1.jar;C:\Users\Abdella Hamch\.m2\repository\org\springframework\security\spring-security-core\6.2.1\spring-security-core-6.2.1.jar;C:\Users\Abdella Hamch\.m2\repository\org\springframework\security\spring-security-crypto\6.2.1\spring-security-crypto-6.2.1.jar;C:\Users\Abdella Hamch\.m2\repository\org\springframework\security\spring-security-web\6.2.1\spring-security-web-6.2.1.jar;C:\Users\Abdella Hamch\.m2\repository\org\springframework\spring-expression\6.1.2\spring-expression-6.1.2.jar;C:\Users\Abdella Hamch\.m2\repository\org\keycloak\keycloak-spring-boot-starter\21.0.2\keycloak-spring-boot-starter-21.0.2.jar;C:\Users\Abdella Hamch\.m2\repository\org\keycloak\keycloak-spring-boot-2-adapter\21.0.2\keycloak-spring-boot-2-adapter-21.0.2.jar;C:\Users\Abdella Hamch\.m2\repository\org\keycloak\keycloak-spring-boot-adapter-core\21.0.2\keycloak-spring-boot-adapter-core-21.0.2.jar;C:\Users\Abdella Hamch\.m2\repository\org\keycloak\keycloak-core\21.0.2\keycloak-core-21.0.2.jar;C:\Users\Abdella Hamch\.m2\repository\org\keycloak\keycloak-common\21.0.2\keycloak-common-21.0.2.jar;C:\Users\Abdella Hamch\.m2\repository\com\sun\activation\jakarta.activation\1.2.2\jakarta.activation-1.2.2.jar;C:\Users\Abdella Hamch\.m2\repository\org\keycloak\keycloak-authz-client\21.0.2\keycloak-authz-client-21.0.2.jar;C:\Users\Abdella Hamch\.m2\repository\org\apache\httpcomponents\httpclient\4.5.13\httpclient-4.5.13.jar;C:\Users\Abdella Hamch\.m2\repository\commons-codec\commons-codec\1.16.0\commons-codec-1.16.0.jar;C:\Users\Abdella Hamch\.m2\repository\org\keycloak\spring-boot-container-bundle\21.0.2\spring-boot-container-bundle-21.0.2.jar;C:\Users\Abdella Hamch\.m2\repository\org\keycloak\keycloak-adapter-core\21.0.2\keycloak-adapter-core-21.0.2.jar;C:\Users\Abdella Hamch\.m2\repository\org\keycloak\keycloak-crypto-default\21.0.2\keycloak-crypto-default-21.0.2.jar;C:\Users\Abdella Hamch\.m2\repository\org\keycloak\keycloak-server-spi\21.0.2\keycloak-server-spi-21.0.2.jar;C:\Users\Abdella Hamch\.m2\repository\org\keycloak\keycloak-server-spi-private\21.0.2\keycloak-server-spi-private-21.0.2.jar;C:\Users\Abdella Hamch\.m2\repository\org\bouncycastle\bcpkix-jdk15on\1.70\bcpkix-jdk15on-1.70.jar;C:\Users\Abdella Hamch\.m2\repository\org\bouncycastle\bcutil-jdk15on\1.70\bcutil-jdk15on-1.70.jar;C:\Users\Abdella Hamch\.m2\repository\org\keycloak\keycloak-spring-security-adapter\21.0.2\keycloak-spring-security-adapter-21.0.2.jar;C:\Users\Abdella Hamch\.m2\repository\org\keycloak\keycloak-adapter-spi\21.0.2\keycloak-adapter-spi-21.0.2.jar;C:\Users\Abdella Hamch\.m2\repository\org\bouncycastle\bcprov-jdk15on\1.70\bcprov-jdk15on-1.70.jar;C:\Users\Abdella Hamch\.m2\repository\org\springframework\boot\spring-boot-starter-web\3.2.1\spring-boot-starter-web-3.2.1.jar;C:\Users\Abdella Hamch\.m2\repository\org\springframework\boot\spring-boot-starter-json\3.2.1\spring-boot-starter-json-3.2.1.jar;C:\Users\Abdella Hamch\.m2\repository\com\fasterxml\jackson\datatype\jackson-datatype-jsr310\2.15.3\jackson-datatype-jsr310-2.15.3.jar;C:\Users\Abdella Hamch\.m2\repository\org\springframework\boot\spring-boot-starter-tomcat\3.2.1\spring-boot-starter-tomcat-3.2.1.jar;C:\Users\Abdella Hamch\.m2\repository\org\apache\tomcat\embed\tomcat-embed-core\10.1.17\tomcat-embed-core-10.1.17.jar;C:\Users\Abdella Hamch\.m2\repository\org\apache\tomcat\embed\tomcat-embed-websocket\10.1.17\tomcat-embed-websocket-10.1.17.jar;C:\Users\Abdella Hamch\.m2\repository\org\springframework\spring-web\6.1.2\spring-web-6.1.2.jar;C:\Users\Abdella Hamch\.m2\repository\org\springframework\spring-webmvc\6.1.2\spring-webmvc-6.1.2.jar;C:\Users\Abdella Hamch\.m2\repository\org\springframework\cloud\spring-cloud-starter-bus-amqp\4.1.0\spring-cloud-starter-bus-amqp-4.1.0.jar;C:\Users\Abdella Hamch\.m2\repository\org\springframework\cloud\spring-cloud-starter-stream-rabbit\4.1.0\spring-cloud-starter-stream-rabbit-4.1.0.jar;C:\Users\Abdella Hamch\.m2\repository\org\springframework\cloud\spring-cloud-stream-binder-rabbit\4.1.0\spring-cloud-stream-binder-rabbit-4.1.0.jar;C:\Users\Abdella Hamch\.m2\repository\org\springframework\cloud\spring-cloud-stream-binder-rabbit-core\4.1.0\spring-cloud-stream-binder-rabbit-core-4.1.0.jar;C:\Users\Abdella Hamch\.m2\repository\org\springframework\boot\spring-boot-starter-webflux\3.2.1\spring-boot-starter-webflux-3.2.1.jar;C:\Users\Abdella Hamch\.m2\repository\org\springframework\boot\spring-boot-starter-reactor-netty\3.2.1\spring-boot-starter-reactor-netty-3.2.1.jar;C:\Users\Abdella Hamch\.m2\repository\org\springframework\spring-webflux\6.1.2\spring-webflux-6.1.2.jar;C:\Users\Abdella Hamch\.m2\repository\io\projectreactor\netty\reactor-netty\1.1.14\reactor-netty-1.1.14.jar;C:\Users\Abdella Hamch\.m2\repository\io\projectreactor\netty\reactor-netty-core\1.1.14\reactor-netty-core-1.1.14.jar;C:\Users\Abdella Hamch\.m2\repository\io\netty\netty-handler\4.1.104.Final\netty-handler-4.1.104.Final.jar;C:\Users\Abdella Hamch\.m2\repository\io\netty\netty-common\4.1.104.Final\netty-common-4.1.104.Final.jar;C:\Users\Abdella Hamch\.m2\repository\io\netty\netty-resolver\4.1.104.Final\netty-resolver-4.1.104.Final.jar;C:\Users\Abdella Hamch\.m2\repository\io\netty\netty-buffer\4.1.104.Final\netty-buffer-4.1.104.Final.jar;C:\Users\Abdella Hamch\.m2\repository\io\netty\netty-transport\4.1.104.Final\netty-transport-4.1.104.Final.jar;C:\Users\Abdella Hamch\.m2\repository\io\netty\netty-transport-native-unix-common\4.1.104.Final\netty-transport-native-unix-common-4.1.104.Final.jar;C:\Users\Abdella Hamch\.m2\repository\io\netty\netty-codec\4.1.104.Final\netty-codec-4.1.104.Final.jar;C:\Users\Abdella Hamch\.m2\repository\io\netty\netty-handler-proxy\4.1.104.Final\netty-handler-proxy-4.1.104.Final.jar;C:\Users\Abdella Hamch\.m2\repository\io\netty\netty-codec-socks\4.1.104.Final\netty-codec-socks-4.1.104.Final.jar;C:\Users\Abdella Hamch\.m2\repository\io\netty\netty-resolver-dns\4.1.104.Final\netty-resolver-dns-4.1.104.Final.jar;C:\Users\Abdella Hamch\.m2\repository\io\netty\netty-codec-dns\4.1.104.Final\netty-codec-dns-4.1.104.Final.jar;C:\Users\Abdella Hamch\.m2\repository\io\netty\netty-resolver-dns-native-macos\4.1.104.Final\netty-resolver-dns-native-macos-4.1.104.Final-osx-x86_64.jar;C:\Users\Abdella Hamch\.m2\repository\io\netty\netty-resolver-dns-classes-macos\4.1.104.Final\netty-resolver-dns-classes-macos-4.1.104.Final.jar;C:\Users\Abdella Hamch\.m2\repository\io\netty\netty-transport-native-epoll\4.1.104.Final\netty-transport-native-epoll-4.1.104.Final-linux-x86_64.jar;C:\Users\Abdella Hamch\.m2\repository\io\netty\netty-transport-classes-epoll\4.1.104.Final\netty-transport-classes-epoll-4.1.104.Final.jar;C:\Users\Abdella Hamch\.m2\repository\io\projectreactor\netty\reactor-netty-http\1.1.14\reactor-netty-http-1.1.14.jar;C:\Users\Abdella Hamch\.m2\repository\io\netty\netty-codec-http\4.1.104.Final\netty-codec-http-4.1.104.Final.jar;C:\Users\Abdella Hamch\.m2\repository\io\netty\netty-codec-http2\4.1.104.Final\netty-codec-http2-4.1.104.Final.jar;C:\Users\Abdella Hamch\.m2\repository\io\projectreactor\netty\incubator\reactor-netty-incubator-quic\0.1.14\reactor-netty-incubator-quic-0.1.14.jar;C:\Users\Abdella Hamch\.m2\repository\io\netty\incubator\netty-incubator-codec-native-quic\0.0.54.Final\netty-incubator-codec-native-quic-0.0.54.Final-linux-x86_64.jar;C:\Users\Abdella Hamch\.m2\repository\io\netty\incubator\netty-incubator-codec-classes-quic\0.0.54.Final\netty-incubator-codec-classes-quic-0.0.54.Final.jar;C:\Users\Abdella Hamch\.m2\repository\org\springframework\cloud\spring-cloud-stream\4.1.0\spring-cloud-stream-4.1.0.jar;C:\Users\Abdella Hamch\.m2\repository\org\springframework\cloud\spring-cloud-function-context\4.1.0\spring-cloud-function-context-4.1.0.jar;C:\Users\Abdella Hamch\.m2\repository\net\jodah\typetools\0.6.2\typetools-0.6.2.jar;C:\Users\Abdella Hamch\.m2\repository\org\springframework\cloud\spring-cloud-function-core\4.1.0\spring-cloud-function-core-4.1.0.jar;C:\Users\Abdella Hamch\.m2\repository\org\jetbrains\kotlin\kotlin-stdlib-jdk8\1.9.21\kotlin-stdlib-jdk8-1.9.21.jar;C:\Users\Abdella Hamch\.m2\repository\org\jetbrains\kotlin\kotlin-stdlib\1.9.21\kotlin-stdlib-1.9.21.jar;C:\Users\Abdella Hamch\.m2\repository\org\jetbrains\kotlin\kotlin-stdlib-jdk7\1.9.21\kotlin-stdlib-jdk7-1.9.21.jar;C:\Users\Abdella Hamch\.m2\repository\org\springframework\boot\spring-boot-starter-amqp\3.2.1\spring-boot-starter-amqp-3.2.1.jar;C:\Users\Abdella Hamch\.m2\repository\org\springframework\amqp\spring-rabbit\3.1.1\spring-rabbit-3.1.1.jar;C:\Users\Abdella Hamch\.m2\repository\org\springframework\amqp\spring-amqp\3.1.1\spring-amqp-3.1.1.jar;C:\Users\Abdella Hamch\.m2\repository\com\rabbitmq\amqp-client\5.19.0\amqp-client-5.19.0.jar;C:\Users\Abdella Hamch\.m2\repository\org\springframework\integration\spring-integration-amqp\6.2.1\spring-integration-amqp-6.2.1.jar;C:\Users\Abdella Hamch\.m2\repository\org\springframework\integration\spring-integration-jmx\6.2.1\spring-integration-jmx-6.2.1.jar;C:\Users\Abdella Hamch\.m2\repository\org\springframework\cloud\spring-cloud-bus\4.1.0\spring-cloud-bus-4.1.0.jar;C:\Users\Abdella Hamch\.m2\repository\org\springframework\integration\spring-integration-core\6.2.1\spring-integration-core-6.2.1.jar;C:\Users\Abdella Hamch\.m2\repository\org\springframework\spring-messaging\6.1.2\spring-messaging-6.1.2.jar;C:\Users\Abdella Hamch\.m2\repository\org\springframework\retry\spring-retry\2.0.5\spring-retry-2.0.5.jar;C:\Users\Abdella Hamch\.m2\repository\io\projectreactor\reactor-core\3.6.1\reactor-core-3.6.1.jar;C:\Users\Abdella Hamch\.m2\repository\org\reactivestreams\reactive-streams\1.0.4\reactive-streams-1.0.4.jar;C:\Users\Abdella Hamch\.m2\repository\org\springframework\cloud\spring-cloud-starter-consul-discovery\4.1.0\spring-cloud-starter-consul-discovery-4.1.0.jar;C:\Users\Abdella Hamch\.m2\repository\org\springframework\cloud\spring-cloud-starter-consul\4.1.0\spring-cloud-starter-consul-4.1.0.jar;C:\Users\Abdella Hamch\.m2\repository\org\springframework\cloud\spring-cloud-consul-core\4.1.0\spring-cloud-consul-core-4.1.0.jar;C:\Users\Abdella Hamch\.m2\repository\com\ecwid\consul\consul-api\1.4.5\consul-api-1.4.5.jar;C:\Users\Abdella Hamch\.m2\repository\com\google\code\gson\gson\2.10.1\gson-2.10.1.jar;C:\Users\Abdella Hamch\.m2\repository\org\apache\httpcomponents\httpcore\4.4.16\httpcore-4.4.16.jar;C:\Users\Abdella Hamch\.m2\repository\org\springframework\cloud\spring-cloud-consul-discovery\4.1.0\spring-cloud-consul-discovery-4.1.0.jar;C:\Users\Abdella Hamch\.m2\repository\org\springframework\cloud\spring-cloud-starter-loadbalancer\4.1.0\spring-cloud-starter-loadbalancer-4.1.0.jar;C:\Users\Abdella Hamch\.m2\repository\org\springframework\cloud\spring-cloud-loadbalancer\4.1.0\spring-cloud-loadbalancer-4.1.0.jar;C:\Users\Abdella Hamch\.m2\repository\io\projectreactor\addons\reactor-extra\3.5.1\reactor-extra-3.5.1.jar;C:\Users\Abdella Hamch\.m2\repository\org\springframework\boot\spring-boot-starter-cache\3.2.1\spring-boot-starter-cache-3.2.1.jar;C:\Users\Abdella Hamch\.m2\repository\org\springframework\spring-context-support\6.1.2\spring-context-support-6.1.2.jar;C:\Users\Abdella Hamch\.m2\repository\com\stoyanr\evictor\1.0.0\evictor-1.0.0.jar;C:\Users\Abdella Hamch\.m2\repository\org\springframework\cloud\spring-cloud-starter-consul-config\4.1.0\spring-cloud-starter-consul-config-4.1.0.jar;C:\Users\Abdella Hamch\.m2\repository\org\springframework\cloud\spring-cloud-consul-config\4.1.0\spring-cloud-consul-config-4.1.0.jar;C:\Users\Abdella Hamch\.m2\repository\org\springframework\cloud\spring-cloud-commons\4.1.0\spring-cloud-commons-4.1.0.jar;C:\Users\Abdella Hamch\.m2\repository\org\springframework\boot\spring-boot-starter-actuator\3.0.1\spring-boot-starter-actuator-3.0.1.jar;C:\Users\Abdella Hamch\.m2\repository\org\springframework\boot\spring-boot-actuator-autoconfigure\3.2.1\spring-boot-actuator-autoconfigure-3.2.1.jar;C:\Users\Abdella Hamch\.m2\repository\org\springframework\boot\spring-boot-actuator\3.2.1\spring-boot-actuator-3.2.1.jar;C:\Users\Abdella Hamch\.m2\repository\io\micrometer\micrometer-observation\1.12.1\micrometer-observation-1.12.1.jar;C:\Users\Abdella Hamch\.m2\repository\io\micrometer\micrometer-commons\1.12.1\micrometer-commons-1.12.1.jar;C:\Users\Abdella Hamch\.m2\repository\io\micrometer\micrometer-core\1.12.1\micrometer-core-1.12.1.jar;C:\Users\Abdella Hamch\.m2\repository\org\hdrhistogram\HdrHistogram\2.1.12\HdrHistogram-2.1.12.jar;C:\Users\Abdella Hamch\.m2\repository\org\latencyutils\LatencyUtils\2.0.3\LatencyUtils-2.0.3.jar;C:\Users\Abdella Hamch\.m2\repository\com\mysql\mysql-connector-j\8.0.31\mysql-connector-j-8.0.31.jar;C:\Users\Abdella Hamch\.m2\repository\org\projectlombok\lombok\1.18.30\lombok-1.18.30.jar;C:\Users\Abdella Hamch\.m2\repository\org\springframework\boot\spring-boot-starter-test\3.2.1\spring-boot-starter-test-3.2.1.jar;C:\Users\Abdella Hamch\.m2\repository\org\springframework\boot\spring-boot-test\3.2.1\spring-boot-test-3.2.1.jar;C:\Users\Abdella Hamch\.m2\repository\org\springframework\boot\spring-boot-test-autoconfigure\3.2.1\spring-boot-test-autoconfigure-3.2.1.jar;C:\Users\Abdella Hamch\.m2\repository\com\jayway\jsonpath\json-path\2.8.0\json-path-2.8.0.jar;C:\Users\Abdella Hamch\.m2\repository\jakarta\xml\bind\jakarta.xml.bind-api\4.0.1\jakarta.xml.bind-api-4.0.1.jar;C:\Users\Abdella Hamch\.m2\repository\jakarta\activation\jakarta.activation-api\2.1.2\jakarta.activation-api-2.1.2.jar;C:\Users\Abdella Hamch\.m2\repository\net\minidev\json-smart\2.5.0\json-smart-2.5.0.jar;C:\Users\Abdella Hamch\.m2\repository\net\minidev\accessors-smart\2.5.0\accessors-smart-2.5.0.jar;C:\Users\Abdella Hamch\.m2\repository\org\ow2\asm\asm\9.3\asm-9.3.jar;C:\Users\Abdella Hamch\.m2\repository\org\assertj\assertj-core\3.24.2\assertj-core-3.24.2.jar;C:\Users\Abdella Hamch\.m2\repository\org\awaitility\awaitility\4.2.0\awaitility-4.2.0.jar;C:\Users\Abdella Hamch\.m2\repository\org\hamcrest\hamcrest\2.2\hamcrest-2.2.jar;C:\Users\Abdella Hamch\.m2\repository\org\junit\jupiter\junit-jupiter\5.10.1\junit-jupiter-5.10.1.jar;C:\Users\Abdella Hamch\.m2\repository\org\junit\jupiter\junit-jupiter-api\5.10.1\junit-jupiter-api-5.10.1.jar;C:\Users\Abdella Hamch\.m2\repository\org\opentest4j\opentest4j\1.3.0\opentest4j-1.3.0.jar;C:\Users\Abdella Hamch\.m2\repository\org\junit\platform\junit-platform-commons\1.10.1\junit-platform-commons-1.10.1.jar;C:\Users\Abdella Hamch\.m2\repository\org\apiguardian\apiguardian-api\1.1.2\apiguardian-api-1.1.2.jar;C:\Users\Abdella Hamch\.m2\repository\org\junit\jupiter\junit-jupiter-params\5.10.1\junit-jupiter-params-5.10.1.jar;C:\Users\Abdella Hamch\.m2\repository\org\junit\jupiter\junit-jupiter-engine\5.10.1\junit-jupiter-engine-5.10.1.jar;C:\Users\Abdella Hamch\.m2\repository\org\junit\platform\junit-platform-engine\1.10.1\junit-platform-engine-1.10.1.jar;C:\Users\Abdella Hamch\.m2\repository\org\mockito\mockito-core\5.7.0\mockito-core-5.7.0.jar;C:\Users\Abdella Hamch\.m2\repository\net\bytebuddy\byte-buddy-agent\1.14.10\byte-buddy-agent-1.14.10.jar;C:\Users\Abdella Hamch\.m2\repository\org\objenesis\objenesis\3.3\objenesis-3.3.jar;C:\Users\Abdella Hamch\.m2\repository\org\mockito\mockito-junit-jupiter\5.7.0\mockito-junit-jupiter-5.7.0.jar;C:\Users\Abdella Hamch\.m2\repository\org\skyscreamer\jsonassert\1.5.1\jsonassert-1.5.1.jar;C:\Users\Abdella Hamch\.m2\repository\com\vaadin\external\google\android-json\0.0.20131108.vaadin1\android-json-0.0.20131108.vaadin1.jar;C:\Users\Abdella Hamch\.m2\repository\org\springframework\spring-core\6.1.2\spring-core-6.1.2.jar;C:\Users\Abdella Hamch\.m2\repository\org\springframework\spring-jcl\6.1.2\spring-jcl-6.1.2.jar;C:\Users\Abdella Hamch\.m2\repository\org\springframework\spring-test\6.1.2\spring-test-6.1.2.jar;C:\Users\Abdella Hamch\.m2\repository\org\xmlunit\xmlunit-core\2.9.1\xmlunit-core-2.9.1.jar;C:\Users\Abdella Hamch\.m2\repository\com\h2database\h2\2.2.224\h2-2.2.224.jar;C:\Users\Abdella Hamch\.m2\repository\org\springframework\cloud\spring-cloud-starter-bootstrap\4.1.0\spring-cloud-starter-bootstrap-4.1.0.jar;C:\Users\Abdella Hamch\.m2\repository\org\springframework\cloud\spring-cloud-starter\4.1.0\spring-cloud-starter-4.1.0.jar;C:\Users\Abdella Hamch\.m2\repository\org\springframework\cloud\spring-cloud-context\4.1.0\spring-cloud-context-4.1.0.jar;C:\Users\Abdella Hamch\.m2\repository\org\springframework\security\spring-security-rsa\1.1.1\spring-security-rsa-1.1.1.jar;C:\Users\Abdella Hamch\.m2\repository\org\bouncycastle\bcprov-jdk18on\1.74\bcprov-jdk18on-1.74.jar;C:\Users\Abdella Hamch\.m2\repository\org\springframework\data\spring-data-rest-core\4.2.1\spring-data-rest-core-4.2.1.jar;C:\Users\Abdella Hamch\.m2\repository\org\springframework\spring-tx\6.1.2\spring-tx-6.1.2.jar;C:\Users\Abdella Hamch\.m2\repository\org\springframework\hateoas\spring-hateoas\2.2.0\spring-hateoas-2.2.0.jar;C:\Users\Abdella Hamch\.m2\repository\org\springframework\data\spring-data-commons\3.2.1\spring-data-commons-3.2.1.jar;C:\Users\Abdella Hamch\.m2\repository\org\springframework\plugin\spring-plugin-core\3.0.0\spring-plugin-core-3.0.0.jar;C:\Users\Abdella Hamch\.m2\repository\org\atteo\evo-inflector\1.3\evo-inflector-1.3.jar;C:\Users\Abdella Hamch\.m2\repository\com\fasterxml\jackson\core\jackson-annotations\2.15.3\jackson-annotations-2.15.3.jar;C:\Users\Abdella Hamch\.m2\repository\com\fasterxml\jackson\datatype\jackson-datatype-jdk8\2.15.3\jackson-datatype-jdk8-2.15.3.jar;C:\Users\Abdella Hamch\.m2\repository\org\slf4j\slf4j-api\2.0.9\slf4j-api-2.0.9.jar;C:\Users\Abdella Hamch\.m2\repository\org\springframework\boot\spring-boot-starter-data-rest\3.2.1\spring-boot-starter-data-rest-3.2.1.jar;C:\Users\Abdella Hamch\.m2\repository\org\springframework\data\spring-data-rest-webmvc\4.2.1\spring-data-rest-webmvc-4.2.1.jar;C:\Users\Abdella Hamch\.m2\repository\org\junit\platform\junit-platform-launcher\1.10.1\junit-platform-launcher-1.10.1.jar;C:\Users\Abdella Hamch\eclipse\java-2024-09\eclipse\configuration\org.eclipse.osgi\250\0\.cp;C:\Users\Abdella Hamch\eclipse\java-2024-09\eclipse\configuration\org.eclipse.osgi\248\0\.cp
Launcher Type: SUN_STANDARD

[Global flags]
     intx CICompilerCount                          = 12                                        {product} {ergonomic}
     uint ConcGCThreads                            = 3                                         {product} {ergonomic}
     uint G1ConcRefinementThreads                  = 13                                        {product} {ergonomic}
   size_t G1HeapRegionSize                         = 1048576                                   {product} {ergonomic}
   size_t InitialHeapSize                          = 132120576                                 {product} {ergonomic}
   size_t MarkStackSize                            = 4194304                                   {product} {ergonomic}
   size_t MarkStackSizeMax                         = 536870912                                 {product} {ergonomic}
   size_t MaxHeapSize                              = 2090860544                                {product} {ergonomic}
   size_t MaxNewSize                               = 1254096896                                {product} {ergonomic}
   size_t MinHeapDeltaBytes                        = 1048576                                   {product} {ergonomic}
   size_t MinHeapSize                              = 8388608                                   {product} {ergonomic}
    uintx NonNMethodCodeHeapSize                   = 7602176                                {pd product} {ergonomic}
    uintx NonProfiledCodeHeapSize                  = 122093568                              {pd product} {ergonomic}
    uintx ProfiledCodeHeapSize                     = 121962496                              {pd product} {ergonomic}
    uintx ReservedCodeCacheSize                    = 251658240                              {pd product} {ergonomic}
     bool SegmentedCodeCache                       = true                                      {product} {ergonomic}
     bool ShowCodeDetailsInExceptionMessages       = true                                   {manageable} {command line}
   size_t SoftMaxHeapSize                          = 2090860544                             {manageable} {ergonomic}
     bool UseCompressedOops                        = true                           {product lp64_product} {ergonomic}
     bool UseG1GC                                  = true                                      {product} {ergonomic}
     bool UseLargePagesIndividualAllocation        = false                                  {pd product} {ergonomic}

Logging:
Log output configuration:
 #0: stdout all=warning uptime,level,tags foldmultilines=false
 #1: stderr all=off uptime,level,tags foldmultilines=false

Environment Variables:
JAVA_HOME=C:\Program Files\Java\jdk-23
PATH=C:/Users/Abdella Hamch/.p2/pool/plugins/org.eclipse.justj.openjdk.hotspot.jre.full.win32.x86_64_23.0.0.v20240919-1706/jre/bin/server;C:/Users/Abdella Hamch/.p2/pool/plugins/org.eclipse.justj.openjdk.hotspot.jre.full.win32.x86_64_23.0.0.v20240919-1706/jre/bin;C:\Program Files\Common Files\Oracle\Java\javapath;C:\Python312\Scripts\;C:\Python312\;C:\ProgramData\Oracle\Java\javapath;C:\Python311\Scripts\;C:\Python311\;C:\windows\system32;C:\windows;C:\windows\System32\Wbem;C:\windows\System32\WindowsPowerShell\v1.0\;C:\windows\System32\OpenSSH\;C:\Program Files (x86)\Microsoft SQL Server\160\DTS\Binn\;C:\Program Files\Azure Data Studio\bin;C:\Program Files\Git\cmd;C:\ProgramData\chocolatey\bin;C:\Program Files\Java\jdk-17\bin;C:\Program Files\PuTTY\;C:\Program Files\Microsoft SQL Server\Client SDK\ODBC\170\Tools\Binn\;C:\Program Files (x86)\Microsoft SQL Server\150\Tools\Binn\;C:\Program Files\Microsoft SQL Server\150\Tools\Binn\;C:\Program Files\Microsoft SQL Server\150\DTS\Binn\;C:\Program Files (x86)\Microsoft SQL Server\160\Tools\Binn\;C:\Program Files\Microsoft SQL Server\160\Tools\Binn\;C:\Program Files\Microsoft SQL Server\160\DTS\Binn\;C:\Program Files\Microsoft SQL Server\130\DTS\Binn\;C:\Program Files\Microsoft SQL Server\140\DTS\Binn\;C:\Program Files\nodejs\;;C:\Program Files\Docker\Docker\resources\bin;C:\Users\Abdella Hamch\AppData\Local\Microsoft\WindowsApps;C:\Program Files\Azure Data Studio\bin;C:\Users\Abdella Hamch\AppData\Local\GitHubDesktop\bin;C:\Program Files\Java\jdk-17\bin;C:\Program Files\nodejs;C:\Users\Abdella Hamch\AppData\Roaming\npm\ng.ps1;C:\Users\Abdella Hamch\AppData\Local\JetBrains\Toolbox\scripts;C:\Users\Abdella Hamch\AppData\Roaming\npm;C:\Program Files\Java\jdk-17;C:\Program Files\Erlang OTP\bin;C:\Program Files\RabbitMQ Server\rabbitmq_server-4.0.2\sbin;C:\Users\Abdella Hamch\AppData\Local\Programs\Microsoft VS Code\bin;B:\Java091024\pgsql\bin;;C:\windows\system32;
USERNAME=A.HAMCH
OS=Windows_NT
PROCESSOR_IDENTIFIER=Intel64 Family 6 Model 165 Stepping 5, GenuineIntel
TMP=C:\Users\ABDELL~1\AppData\Local\Temp
TEMP=C:\Users\ABDELL~1\AppData\Local\Temp




Periodic native trim disabled

---------------  S Y S T E M  ---------------

OS:
 Windows 11 , 64 bit Build 22000 (10.0.22000.1516)
OS uptime: 0 days 21:15 hours
Hyper-V role detected

CPU: total 16 (initial active 16) (8 cores per cpu, 2 threads per core) family 6 model 165 stepping 5 microcode 0xfc, cx8, cmov, fxsr, ht, mmx, 3dnowpref, sse, sse2, sse3, ssse3, sse4.1, sse4.2, popcnt, lzcnt, tsc, tscinvbit, avx, avx2, aes, erms, clmul, bmi1, bmi2, adx, fma, vzeroupper, clflush, clflushopt, hv, rdtscp, f16c
Processor Information for the first 16 processors :
  Max Mhz: 2904, Current Mhz: 2904, Mhz Limit: 2904

Memory: 4k page, system-wide physical 7968M (182M free)
TotalPageFile size 32544M (AvailPageFile size 208M)
current process WorkingSet (physical memory assigned to process): 267M, peak: 267M
current process commit charge ("private bytes"): 344M, peak: 344M

vm_info: OpenJDK 64-Bit Server VM (23+37) for windows-amd64 JRE (23+37), built on 2024-09-17T00:00:00Z with MS VC++ 17.7 (VS2022)

END.
