#
# There is insufficient memory for the Java Runtime Environment to continue.
# Native memory allocation (malloc) failed to allocate 32744 bytes. Error detail: Chunk::new
# Possible reasons:
#   The system is out of physical RAM or swap space
#   This process is running with CompressedOops enabled, and the Java Heap may be blocking the growth of the native heap
# Possible solutions:
#   Reduce memory load on the system
#   Increase physical memory or swap space
#   Check if swap backing store is full
#   Decrease Java heap size (-Xmx/-Xms)
#   Decrease number of Java threads
#   Decrease Java thread stack sizes (-Xss)
#   Set larger code cache with -XX:ReservedCodeCacheSize=
#   JVM is running with Unscaled Compressed Oops mode in which the Java heap is
#     placed in the first 4GB address space. The Java Heap base address is the
#     maximum limit for the native heap growth. Please use -XX:HeapBaseMinAddress
#     to set the Java Heap base and to place the Java Heap above 4GB virtual address.
# This output file may be truncated or incomplete.
#
#  Out of Memory Error (arena.cpp:149), pid=18036, tid=22592
#
# JRE version: OpenJDK Runtime Environment Temurin-23+37 (23.0+37) (build 23+37)
# Java VM: OpenJDK 64-Bit Server VM Temurin-23+37 (23+37, mixed mode, sharing, tiered, compressed oops, compressed class ptrs, g1 gc, windows-amd64)
# No core dump will be written. Minidumps are not enabled by default on client versions of Windows
#

---------------  S U M M A R Y ------------

Command Line: -Dfile.encoding=UTF-8 -Dstdout.encoding=UTF-8 -Dstderr.encoding=UTF-8 -XX:+ShowCodeDetailsInExceptionMessages com.programming.techie.notificationservice.NotificationServiceApplication

Host: Intel(R) Core(TM) i7-10700 CPU @ 2.90GHz, 16 cores, 7G,  Windows 11 , 64 bit Build 22000 (10.0.22000.1516)
Time: Mon Oct 21 09:33:15 2024 Maroc (heure d64 bit Build 22000 (10.0.22000.1516) elapsed time: 855456.908954 seconds (9d 21h 37m 36s)

---------------  T H R E A D  ---------------

Current thread (0x0000026461721180):  JavaThread "C2 CompilerThread0" daemon [_thread_in_native, id=22592, stack(0x000000ea9c700000,0x000000ea9c800000) (1024K)]


Current CompileTask:
C2:855456909 6920       4       org.springframework.core.ResolvableType::resolveType (151 bytes)

Stack: [0x000000ea9c700000,0x000000ea9c800000]
Native frames: (J=compiled Java code, j=interpreted, Vv=VM code, C=native code)
V  [jvm.dll+0x6e8c69]  (no source info available)
V  [jvm.dll+0x8d9073]  (no source info available)
V  [jvm.dll+0x8db4fe]  (no source info available)
V  [jvm.dll+0x8dbbd3]  (no source info available)
V  [jvm.dll+0x281aa6]  (no source info available)
V  [jvm.dll+0xbbb0f]  (no source info available)
V  [jvm.dll+0xbbefb]  (no source info available)
V  [jvm.dll+0xbb9bb]  (no source info available)
V  [jvm.dll+0x6c47ed]  (no source info available)
V  [jvm.dll+0x1d65dc]  (no source info available)
V  [jvm.dll+0x7045be]  (no source info available)
V  [jvm.dll+0x6fcf14]  (no source info available)
V  [jvm.dll+0x6fe8af]  (no source info available)
V  [jvm.dll+0x701cf2]  (no source info available)
V  [jvm.dll+0x6f9ff4]  (no source info available)
V  [jvm.dll+0x6f9677]  (no source info available)
V  [jvm.dll+0x6f7775]  (no source info available)
V  [jvm.dll+0x1cbf3c]  (no source info available)
V  [jvm.dll+0x1ccabb]  (no source info available)
V  [jvm.dll+0x2f46fc]  (no source info available)
V  [jvm.dll+0x701ee6]  (no source info available)
V  [jvm.dll+0x6f9ff4]  (no source info available)
V  [jvm.dll+0x6f9677]  (no source info available)
V  [jvm.dll+0x6f7775]  (no source info available)
V  [jvm.dll+0x1cbf3c]  (no source info available)
V  [jvm.dll+0x1ccabb]  (no source info available)
V  [jvm.dll+0x2f46fc]  (no source info available)
V  [jvm.dll+0x701ee6]  (no source info available)
V  [jvm.dll+0x6f9ff4]  (no source info available)
V  [jvm.dll+0x6f9677]  (no source info available)
V  [jvm.dll+0x6f7775]  (no source info available)
V  [jvm.dll+0x1cbf3c]  (no source info available)
V  [jvm.dll+0x1ccabb]  (no source info available)
V  [jvm.dll+0x1ccabb]  (no source info available)
V  [jvm.dll+0x2f46fc]  (no source info available)
V  [jvm.dll+0x701ee6]  (no source info available)
V  [jvm.dll+0x6f9ff4]  (no source info available)
V  [jvm.dll+0x6f9677]  (no source info available)
V  [jvm.dll+0x6f7775]  (no source info available)
V  [jvm.dll+0x1cbf3c]  (no source info available)
V  [jvm.dll+0x2f46fc]  (no source info available)
V  [jvm.dll+0x701ee6]  (no source info available)
V  [jvm.dll+0x6f9ff4]  (no source info available)
V  [jvm.dll+0x6f9677]  (no source info available)
V  [jvm.dll+0x6f7775]  (no source info available)
V  [jvm.dll+0x1cbf3c]  (no source info available)
V  [jvm.dll+0x1ccabb]  (no source info available)
V  [jvm.dll+0x2f46fc]  (no source info available)
V  [jvm.dll+0x701ee6]  (no source info available)
V  [jvm.dll+0x6f9ff4]  (no source info available)
V  [jvm.dll+0x6f9677]  (no source info available)
V  [jvm.dll+0x6f7775]  (no source info available)
V  [jvm.dll+0x1cbf3c]  (no source info available)
V  [jvm.dll+0x1ccabb]  (no source info available)
V  [jvm.dll+0x2f46fc]  (no source info available)
V  [jvm.dll+0x701ee6]  (no source info available)
V  [jvm.dll+0x6f9ff4]  (no source info available)
V  [jvm.dll+0x6f9677]  (no source info available)
V  [jvm.dll+0x6f7775]  (no source info available)
V  [jvm.dll+0x1cbf3c]  (no source info available)
V  [jvm.dll+0x2f46fc]  (no source info available)
V  [jvm.dll+0x701ee6]  (no source info available)
V  [jvm.dll+0x6f9ff4]  (no source info available)
V  [jvm.dll+0x6f9677]  (no source info available)
V  [jvm.dll+0x6f7775]  (no source info available)
V  [jvm.dll+0x1cbf3c]  (no source info available)
V  [jvm.dll+0x2f46fc]  (no source info available)
V  [jvm.dll+0x701ee6]  (no source info available)
V  [jvm.dll+0x6f9ff4]  (no source info available)
V  [jvm.dll+0x6f9677]  (no source info available)
V  [jvm.dll+0x6f7775]  (no source info available)
V  [jvm.dll+0x1cbf3c]  (no source info available)
V  [jvm.dll+0x1ccabb]  (no source info available)
V  [jvm.dll+0x2f46fc]  (no source info available)
V  [jvm.dll+0x701ee6]  (no source info available)
V  [jvm.dll+0x6f9ff4]  (no source info available)
V  [jvm.dll+0x6f9677]  (no source info available)
V  [jvm.dll+0x6f7775]  (no source info available)
V  [jvm.dll+0x1cbf3c]  (no source info available)
V  [jvm.dll+0x2f46fc]  (no source info available)
V  [jvm.dll+0x701ee6]  (no source info available)
V  [jvm.dll+0x6f9ff4]  (no source info available)
V  [jvm.dll+0x6f9677]  (no source info available)
V  [jvm.dll+0x6f7775]  (no source info available)
V  [jvm.dll+0x1cbf3c]  (no source info available)
V  [jvm.dll+0x2f46fc]  (no source info available)
V  [jvm.dll+0x701ee6]  (no source info available)
V  [jvm.dll+0x6f9ff4]  (no source info available)
V  [jvm.dll+0x6f9677]  (no source info available)
V  [jvm.dll+0x6f7775]  (no source info available)
V  [jvm.dll+0x1cbf3c]  (no source info available)
V  [jvm.dll+0x249bfc]  (no source info available)
V  [jvm.dll+0x1c8ea0]  (no source info available)
V  [jvm.dll+0x25a13e]  (no source info available)
V  [jvm.dll+0x25840a]  (no source info available)
V  [jvm.dll+0x3f4706]  (no source info available)
V  [jvm.dll+0x88026b]  (no source info available)
V  [jvm.dll+0x6e7475]  (no source info available)
C  [ucrtbase.dll+0x26c0c]  (no source info available)
...<more frames>...

Lock stack of current Java thread (top to bottom):


---------------  P R O C E S S  ---------------

Threads class SMR info:
_java_thread_list=0x00000264641d5c60, length=13, elements={
0x00000264617091f0, 0x000002646170ae70, 0x000002646170e380, 0x000002646170f5f0,
0x0000026461710460, 0x00000264617163d0, 0x0000026461721180, 0x0000026461723850,
0x000002644514e6a0, 0x000002644514f520, 0x0000026463f3ec70, 0x0000026463f3c510,
0x0000026463f3be80
}

Java Threads: ( => current thread )
  0x00000264617091f0 JavaThread "Reference Handler"          daemon [_thread_blocked, id=22568, stack(0x000000ea9c100000,0x000000ea9c200000) (1024K)]
  0x000002646170ae70 JavaThread "Finalizer"                  daemon [_thread_blocked, id=22572, stack(0x000000ea9c200000,0x000000ea9c300000) (1024K)]
  0x000002646170e380 JavaThread "Signal Dispatcher"          daemon [_thread_blocked, id=22576, stack(0x000000ea9c300000,0x000000ea9c400000) (1024K)]
  0x000002646170f5f0 JavaThread "Attach Listener"            daemon [_thread_blocked, id=22580, stack(0x000000ea9c400000,0x000000ea9c500000) (1024K)]
  0x0000026461710460 JavaThread "Service Thread"             daemon [_thread_blocked, id=22584, stack(0x000000ea9c500000,0x000000ea9c600000) (1024K)]
  0x00000264617163d0 JavaThread "Monitor Deflation Thread"   daemon [_thread_blocked, id=22588, stack(0x000000ea9c600000,0x000000ea9c700000) (1024K)]
=>0x0000026461721180 JavaThread "C2 CompilerThread0"         daemon [_thread_in_native, id=22592, stack(0x000000ea9c700000,0x000000ea9c800000) (1024K)]
  0x0000026461723850 JavaThread "C1 CompilerThread0"         daemon [_thread_blocked, id=22596, stack(0x000000ea9c800000,0x000000ea9c900000) (1024K)]
  0x000002644514e6a0 JavaThread "Notification Thread"        daemon [_thread_blocked, id=22604, stack(0x000000ea9ca00000,0x000000ea9cb00000) (1024K)]
  0x000002644514f520 JavaThread "Common-Cleaner"             daemon [_thread_blocked, id=22608, stack(0x000000ea9cb00000,0x000000ea9cc00000) (1024K)]
  0x0000026463f3ec70 JavaThread "spring.cloud.inetutils"     daemon [_thread_blocked, id=22840, stack(0x000000ea9dd00000,0x000000ea9de00000) (1024K)]
  0x0000026463f3c510 JavaThread "DestroyJavaVM"                     [_thread_blocked, id=22532, stack(0x000000ea9b900000,0x000000ea9ba00000) (1024K)]
  0x0000026463f3be80 JavaThread "notification-events.anonymous.oWr-aM0OQru0MoDphCyAcA-2"        [_thread_blocked, id=53276, stack(0x000000ea9b600000,0x000000ea9b700000) (1024K)]
Total: 13

Other Threads:
  0x00000264616f28d0 VMThread "VM Thread"                           [id=22564, stack(0x000000ea9c000000,0x000000ea9c100000) (1024K)]
  0x00000264616df380 WatcherThread "VM Periodic Task Thread"        [id=22560, stack(0x000000ea9bf00000,0x000000ea9c000000) (1024K)]
  0x0000026449531d30 WorkerThread "GC Thread#0"                     [id=22536, stack(0x000000ea9ba00000,0x000000ea9bb00000) (1024K)]
  0x00000264625cfef0 WorkerThread "GC Thread#1"                     [id=22632, stack(0x000000ea9cf00000,0x000000ea9d000000) (1024K)]
  0x00000264626126d0 WorkerThread "GC Thread#2"                     [id=22636, stack(0x000000ea9d000000,0x000000ea9d100000) (1024K)]
  0x0000026462613640 WorkerThread "GC Thread#3"                     [id=22640, stack(0x000000ea9d100000,0x000000ea9d200000) (1024K)]
  0x0000026462669ac0 WorkerThread "GC Thread#4"                     [id=22644, stack(0x000000ea9d200000,0x000000ea9d300000) (1024K)]
  0x000002646266a680 WorkerThread "GC Thread#5"                     [id=22648, stack(0x000000ea9d300000,0x000000ea9d400000) (1024K)]
  0x000002646266aa30 WorkerThread "GC Thread#6"                     [id=22652, stack(0x000000ea9d400000,0x000000ea9d500000) (1024K)]
  0x000002646266b1e0 WorkerThread "GC Thread#7"                     [id=22656, stack(0x000000ea9d500000,0x000000ea9d600000) (1024K)]
  0x00000264625b72e0 WorkerThread "GC Thread#8"                     [id=22764, stack(0x000000ea9d700000,0x000000ea9d800000) (1024K)]
  0x0000026462aff0d0 WorkerThread "GC Thread#9"                     [id=22768, stack(0x000000ea9d800000,0x000000ea9d900000) (1024K)]
  0x0000026462aff480 WorkerThread "GC Thread#10"                    [id=22772, stack(0x000000ea9d900000,0x000000ea9da00000) (1024K)]
  0x0000026462afd350 WorkerThread "GC Thread#11"                    [id=22800, stack(0x000000ea9d600000,0x000000ea9d700000) (1024K)]
  0x0000026462afde60 WorkerThread "GC Thread#12"                    [id=22804, stack(0x000000ea9da00000,0x000000ea9db00000) (1024K)]
  0x0000026449546fc0 ConcurrentGCThread "G1 Main Marker"            [id=22540, stack(0x000000ea9bb00000,0x000000ea9bc00000) (1024K)]
  0x0000026449547ad0 WorkerThread "G1 Conc#0"                       [id=22544, stack(0x000000ea9bc00000,0x000000ea9bd00000) (1024K)]
  0x0000026462afd700 WorkerThread "G1 Conc#1"                       [id=22808, stack(0x000000ea9db00000,0x000000ea9dc00000) (1024K)]
  0x0000026462afdab0 WorkerThread "G1 Conc#2"                       [id=22812, stack(0x000000ea9dc00000,0x000000ea9dd00000) (1024K)]
  0x00000264615ac420 ConcurrentGCThread "G1 Refine#0"               [id=22548, stack(0x000000ea9bd00000,0x000000ea9be00000) (1024K)]
  0x00000264615afc70 ConcurrentGCThread "G1 Service"                [id=22552, stack(0x000000ea9be00000,0x000000ea9bf00000) (1024K)]
Total: 21

Threads with active compile tasks:
C2 CompilerThread0  855457404 6920       4       org.springframework.core.ResolvableType::resolveType (151 bytes)
Total: 1

VM state: not at safepoint (normal execution)

VM Mutex/Monitor currently owned by a thread: None

Heap address: 0x0000000083600000, size: 1994 MB, Compressed Oops mode: 32-bit

CDS archive(s) mapped at: [0x0000026400000000-0x0000026400d70000-0x0000026400d70000), size 14090240, SharedBaseAddress: 0x0000026400000000, ArchiveRelocationMode: 1.
Compressed class space mapped at: 0x0000026401000000-0x0000026441000000, reserved size: 1073741824
Narrow klass base: 0x0000026400000000, Narrow klass shift: 0, Narrow klass range: 0x41000000

GC Precious Log:
 CardTable entry size: 512
 Card Set container configuration: InlinePtr #cards 5 size 8 Array Of Cards #cards 10 size 36 Howl #buckets 4 coarsen threshold 1843 Howl Bitmap #cards 512 size 80 coarsen threshold 460 Card regions per heap region 1 cards per card region 2048
 CPUs: 16 total, 16 available
 Memory: 7968M
 Large Page Support: Disabled
 NUMA Support: Disabled
 Compressed Oops: Enabled (32-bit)
 Heap Region Size: 1M
 Heap Min Capacity: 8M
 Heap Initial Capacity: 126M
 Heap Max Capacity: 1994M
 Pre-touch: Disabled
 Parallel Workers: 13
 Concurrent Workers: 3
 Concurrent Refinement Workers: 13
 Periodic GC: Disabled

Heap:
 garbage-first heap   total reserved 2041856K, committed 74752K, used 27829K [0x0000000083600000, 0x0000000100000000)
  region size 1024K, 4 young (4096K), 2 survivors (2048K)
 Metaspace       used 43269K, committed 43840K, reserved 1114112K
  class space    used 5566K, committed 5824K, reserved 1048576K

Heap Regions: E=young(eden), S=young(survivor), O=old, HS=humongous(starts), HC=humongous(continues), CS=collection set, F=free, TAMS=top-at-mark-start, PB=parsable bottom
|   0|0x0000000083600000, 0x0000000083700000, 0x0000000083700000|100%| O|  |TAMS 0x0000000083600000| PB 0x0000000083600000| Untracked |  0
|   1|0x0000000083700000, 0x0000000083800000, 0x0000000083800000|100%| O|  |TAMS 0x0000000083700000| PB 0x0000000083700000| Untracked |  0
|   2|0x0000000083800000, 0x0000000083900000, 0x0000000083900000|100%| O|  |TAMS 0x0000000083800000| PB 0x0000000083800000| Untracked |  0
|   3|0x0000000083900000, 0x0000000083a00000, 0x0000000083a00000|100%| O|  |TAMS 0x0000000083900000| PB 0x0000000083900000| Untracked |  0
|   4|0x0000000083a00000, 0x0000000083b00000, 0x0000000083b00000|100%| O|  |TAMS 0x0000000083a00000| PB 0x0000000083a00000| Untracked |  0
|   5|0x0000000083b00000, 0x0000000083c00000, 0x0000000083c00000|100%| O|  |TAMS 0x0000000083b00000| PB 0x0000000083b00000| Untracked |  0
|   6|0x0000000083c00000, 0x0000000083d00000, 0x0000000083d00000|100%| O|  |TAMS 0x0000000083c00000| PB 0x0000000083c00000| Untracked |  0
|   7|0x0000000083d00000, 0x0000000083e00000, 0x0000000083e00000|100%| O|  |TAMS 0x0000000083d00000| PB 0x0000000083d00000| Untracked |  0
|   8|0x0000000083e00000, 0x0000000083f00000, 0x0000000083f00000|100%| O|  |TAMS 0x0000000083e00000| PB 0x0000000083e00000| Untracked |  0
|   9|0x0000000083f00000, 0x0000000084000000, 0x0000000084000000|100%| O|  |TAMS 0x0000000083f00000| PB 0x0000000083f00000| Untracked |  0
|  10|0x0000000084000000, 0x0000000084100000, 0x0000000084100000|100%| O|  |TAMS 0x0000000084000000| PB 0x0000000084000000| Untracked |  0
|  11|0x0000000084100000, 0x0000000084200000, 0x0000000084200000|100%| O|  |TAMS 0x0000000084100000| PB 0x0000000084100000| Untracked |  0
|  12|0x0000000084200000, 0x0000000084300000, 0x0000000084300000|100%| O|  |TAMS 0x0000000084200000| PB 0x0000000084200000| Untracked |  0
|  13|0x0000000084300000, 0x0000000084400000, 0x0000000084400000|100%| O|  |TAMS 0x0000000084300000| PB 0x0000000084300000| Untracked |  0
|  14|0x0000000084400000, 0x0000000084500000, 0x0000000084500000|100%| O|  |TAMS 0x0000000084400000| PB 0x0000000084400000| Untracked |  0
|  15|0x0000000084500000, 0x0000000084600000, 0x0000000084600000|100%| O|  |TAMS 0x0000000084500000| PB 0x0000000084500000| Untracked |  0
|  16|0x0000000084600000, 0x0000000084700000, 0x0000000084700000|100%| O|  |TAMS 0x0000000084600000| PB 0x0000000084600000| Untracked |  0
|  17|0x0000000084700000, 0x0000000084800000, 0x0000000084800000|100%| O|  |TAMS 0x0000000084700000| PB 0x0000000084700000| Untracked |  0
|  18|0x0000000084800000, 0x0000000084900000, 0x0000000084900000|100%| O|  |TAMS 0x0000000084800000| PB 0x0000000084800000| Untracked |  0
|  19|0x0000000084900000, 0x0000000084a00000, 0x0000000084a00000|100%| O|  |TAMS 0x0000000084900000| PB 0x0000000084900000| Untracked |  0
|  20|0x0000000084a00000, 0x0000000084b00000, 0x0000000084b00000|100%| O|  |TAMS 0x0000000084a00000| PB 0x0000000084a00000| Untracked |  0
|  21|0x0000000084b00000, 0x0000000084c00000, 0x0000000084c00000|100%| O|  |TAMS 0x0000000084b00000| PB 0x0000000084b00000| Untracked |  0
|  22|0x0000000084c00000, 0x0000000084cf2130, 0x0000000084d00000| 94%| O|  |TAMS 0x0000000084c00000| PB 0x0000000084c00000| Untracked |  0
|  23|0x0000000084d00000, 0x0000000084d00000, 0x0000000084e00000|  0%| F|  |TAMS 0x0000000084d00000| PB 0x0000000084d00000| Untracked |  0
|  24|0x0000000084e00000, 0x0000000084e00000, 0x0000000084f00000|  0%| F|  |TAMS 0x0000000084e00000| PB 0x0000000084e00000| Untracked |  0
|  25|0x0000000084f00000, 0x0000000084f00000, 0x0000000085000000|  0%| F|  |TAMS 0x0000000084f00000| PB 0x0000000084f00000| Untracked |  0
|  26|0x0000000085000000, 0x0000000085000000, 0x0000000085100000|  0%| F|  |TAMS 0x0000000085000000| PB 0x0000000085000000| Untracked |  0
|  27|0x0000000085100000, 0x0000000085100000, 0x0000000085200000|  0%| F|  |TAMS 0x0000000085100000| PB 0x0000000085100000| Untracked |  0
|  28|0x0000000085200000, 0x0000000085200000, 0x0000000085300000|  0%| F|  |TAMS 0x0000000085200000| PB 0x0000000085200000| Untracked |  0
|  29|0x0000000085300000, 0x0000000085300000, 0x0000000085400000|  0%| F|  |TAMS 0x0000000085300000| PB 0x0000000085300000| Untracked |  0
|  30|0x0000000085400000, 0x000000008543b460, 0x0000000085500000| 23%| S|CS|TAMS 0x0000000085400000| PB 0x0000000085400000| Complete |  0
|  31|0x0000000085500000, 0x0000000085600000, 0x0000000085600000|100%| S|CS|TAMS 0x0000000085500000| PB 0x0000000085500000| Complete |  0
|  32|0x0000000085600000, 0x0000000085600000, 0x0000000085700000|  0%| F|  |TAMS 0x0000000085600000| PB 0x0000000085600000| Untracked |  0
|  33|0x0000000085700000, 0x0000000085700000, 0x0000000085800000|  0%| F|  |TAMS 0x0000000085700000| PB 0x0000000085700000| Untracked |  0
|  34|0x0000000085800000, 0x0000000085800000, 0x0000000085900000|  0%| F|  |TAMS 0x0000000085800000| PB 0x0000000085800000| Untracked |  0
|  35|0x0000000085900000, 0x0000000085900000, 0x0000000085a00000|  0%| F|  |TAMS 0x0000000085900000| PB 0x0000000085900000| Untracked |  0
|  36|0x0000000085a00000, 0x0000000085a00000, 0x0000000085b00000|  0%| F|  |TAMS 0x0000000085a00000| PB 0x0000000085a00000| Untracked |  0
|  37|0x0000000085b00000, 0x0000000085b00000, 0x0000000085c00000|  0%| F|  |TAMS 0x0000000085b00000| PB 0x0000000085b00000| Untracked |  0
|  38|0x0000000085c00000, 0x0000000085c00000, 0x0000000085d00000|  0%| F|  |TAMS 0x0000000085c00000| PB 0x0000000085c00000| Untracked |  0
|  39|0x0000000085d00000, 0x0000000085d00000, 0x0000000085e00000|  0%| F|  |TAMS 0x0000000085d00000| PB 0x0000000085d00000| Untracked |  0
|  40|0x0000000085e00000, 0x0000000085e00000, 0x0000000085f00000|  0%| F|  |TAMS 0x0000000085e00000| PB 0x0000000085e00000| Untracked |  0
|  41|0x0000000085f00000, 0x0000000085f00000, 0x0000000086000000|  0%| F|  |TAMS 0x0000000085f00000| PB 0x0000000085f00000| Untracked |  0
|  42|0x0000000086000000, 0x0000000086000000, 0x0000000086100000|  0%| F|  |TAMS 0x0000000086000000| PB 0x0000000086000000| Untracked |  0
|  43|0x0000000086100000, 0x0000000086100000, 0x0000000086200000|  0%| F|  |TAMS 0x0000000086100000| PB 0x0000000086100000| Untracked |  0
|  44|0x0000000086200000, 0x0000000086200000, 0x0000000086300000|  0%| F|  |TAMS 0x0000000086200000| PB 0x0000000086200000| Untracked |  0
|  45|0x0000000086300000, 0x0000000086300000, 0x0000000086400000|  0%| F|  |TAMS 0x0000000086300000| PB 0x0000000086300000| Untracked |  0
|  46|0x0000000086400000, 0x0000000086400000, 0x0000000086500000|  0%| F|  |TAMS 0x0000000086400000| PB 0x0000000086400000| Untracked |  0
|  47|0x0000000086500000, 0x0000000086500000, 0x0000000086600000|  0%| F|  |TAMS 0x0000000086500000| PB 0x0000000086500000| Untracked |  0
|  48|0x0000000086600000, 0x0000000086600000, 0x0000000086700000|  0%| F|  |TAMS 0x0000000086600000| PB 0x0000000086600000| Untracked |  0
|  49|0x0000000086700000, 0x0000000086700000, 0x0000000086800000|  0%| F|  |TAMS 0x0000000086700000| PB 0x0000000086700000| Untracked |  0
|  50|0x0000000086800000, 0x0000000086800000, 0x0000000086900000|  0%| F|  |TAMS 0x0000000086800000| PB 0x0000000086800000| Untracked |  0
|  51|0x0000000086900000, 0x0000000086900000, 0x0000000086a00000|  0%| F|  |TAMS 0x0000000086900000| PB 0x0000000086900000| Untracked |  0
|  52|0x0000000086a00000, 0x0000000086a00000, 0x0000000086b00000|  0%| F|  |TAMS 0x0000000086a00000| PB 0x0000000086a00000| Untracked |  0
|  53|0x0000000086b00000, 0x0000000086b00000, 0x0000000086c00000|  0%| F|  |TAMS 0x0000000086b00000| PB 0x0000000086b00000| Untracked |  0
|  54|0x0000000086c00000, 0x0000000086c00000, 0x0000000086d00000|  0%| F|  |TAMS 0x0000000086c00000| PB 0x0000000086c00000| Untracked |  0
|  55|0x0000000086d00000, 0x0000000086d00000, 0x0000000086e00000|  0%| F|  |TAMS 0x0000000086d00000| PB 0x0000000086d00000| Untracked |  0
|  56|0x0000000086e00000, 0x0000000086e00000, 0x0000000086f00000|  0%| F|  |TAMS 0x0000000086e00000| PB 0x0000000086e00000| Untracked |  0
|  57|0x0000000086f00000, 0x0000000086f00000, 0x0000000087000000|  0%| F|  |TAMS 0x0000000086f00000| PB 0x0000000086f00000| Untracked |  0
|  58|0x0000000087000000, 0x0000000087000000, 0x0000000087100000|  0%| F|  |TAMS 0x0000000087000000| PB 0x0000000087000000| Untracked |  0
|  59|0x0000000087100000, 0x0000000087100000, 0x0000000087200000|  0%| F|  |TAMS 0x0000000087100000| PB 0x0000000087100000| Untracked |  0
|  60|0x0000000087200000, 0x0000000087200000, 0x0000000087300000|  0%| F|  |TAMS 0x0000000087200000| PB 0x0000000087200000| Untracked |  0
|  61|0x0000000087300000, 0x0000000087300000, 0x0000000087400000|  0%| F|  |TAMS 0x0000000087300000| PB 0x0000000087300000| Untracked |  0
|  62|0x0000000087400000, 0x0000000087400000, 0x0000000087500000|  0%| F|  |TAMS 0x0000000087400000| PB 0x0000000087400000| Untracked |  0
|  63|0x0000000087500000, 0x0000000087500000, 0x0000000087600000|  0%| F|  |TAMS 0x0000000087500000| PB 0x0000000087500000| Untracked |  0
|  64|0x0000000087600000, 0x0000000087600000, 0x0000000087700000|  0%| F|  |TAMS 0x0000000087600000| PB 0x0000000087600000| Untracked |  0
|  71|0x0000000087d00000, 0x0000000087d00000, 0x0000000087e00000|  0%| F|  |TAMS 0x0000000087d00000| PB 0x0000000087d00000| Untracked |  0
|  72|0x0000000087e00000, 0x0000000087e00000, 0x0000000087f00000|  0%| F|  |TAMS 0x0000000087e00000| PB 0x0000000087e00000| Untracked |  0
|  73|0x0000000087f00000, 0x0000000087f00000, 0x0000000088000000|  0%| F|  |TAMS 0x0000000087f00000| PB 0x0000000087f00000| Untracked |  0
|  74|0x0000000088000000, 0x0000000088000000, 0x0000000088100000|  0%| F|  |TAMS 0x0000000088000000| PB 0x0000000088000000| Untracked |  0
|  75|0x0000000088100000, 0x0000000088198210, 0x0000000088200000| 59%| E|  |TAMS 0x0000000088100000| PB 0x0000000088100000| Complete |  0
| 125|0x000000008b300000, 0x000000008b400000, 0x000000008b400000|100%| E|CS|TAMS 0x000000008b300000| PB 0x000000008b300000| Complete |  0
|1992|0x00000000ffe00000, 0x00000000fff00000, 0x00000000fff00000|100%| O|  |TAMS 0x00000000ffe00000| PB 0x00000000ffe00000| Untracked |  0
|1993|0x00000000fff00000, 0x0000000100000000, 0x0000000100000000|100%| O|  |TAMS 0x00000000fff00000| PB 0x00000000fff00000| Untracked |  0

Card table byte_map: [0x000002645cff0000,0x000002645d3e0000] _byte_map_base: 0x000002645cbd5000

Marking Bits: (CMBitMap*) 0x0000026449532440
 Bits: [0x000002645d3e0000, 0x000002645f308000)

Polling page: 0x00000264470a0000

Metaspace:

Usage:
  Non-class:     36.82 MB used.
      Class:      5.44 MB used.
       Both:     42.26 MB used.

Virtual space:
  Non-class space:       64.00 MB reserved,      37.12 MB ( 58%) committed,  1 nodes.
      Class space:        1.00 GB reserved,       5.69 MB ( <1%) committed,  1 nodes.
             Both:        1.06 GB reserved,      42.81 MB (  4%) committed. 

Chunk freelists:
   Non-Class:  10.23 MB
       Class:  10.29 MB
        Both:  20.52 MB

MaxMetaspaceSize: unlimited
CompressedClassSpaceSize: 1.00 GB
Initial GC threshold: 21.00 MB
Current GC threshold: 58.88 MB
CDS: on
 - commit_granule_bytes: 65536.
 - commit_granule_words: 8192.
 - virtual_space_node_default_size: 8388608.
 - enlarge_chunks_in_place: 1.
 - use_allocation_guard: 0.


Internal statistics:

num_allocs_failed_limit: 8.
num_arena_births: 780.
num_arena_deaths: 0.
num_vsnodes_births: 2.
num_vsnodes_deaths: 0.
num_space_committed: 685.
num_space_uncommitted: 0.
num_chunks_returned_to_freelist: 8.
num_chunks_taken_from_freelist: 2167.
num_chunk_merges: 3.
num_chunk_splits: 1521.
num_chunks_enlarged: 1166.
num_inconsistent_stats: 0.

CodeHeap 'non-profiled nmethods': size=119232Kb used=2732Kb max_used=2732Kb free=116499Kb
 bounds [0x0000026454f00000, 0x00000264551b0000, 0x000002645c370000]
CodeHeap 'profiled nmethods': size=119104Kb used=11296Kb max_used=11296Kb free=107807Kb
 bounds [0x000002644d370000, 0x000002644de80000, 0x00000264547c0000]
CodeHeap 'non-nmethods': size=7424Kb used=1545Kb max_used=3308Kb free=5878Kb
 bounds [0x00000264547c0000, 0x0000026454b10000, 0x0000026454f00000]
CodeCache: size=245760Kb, used=15573Kb, max_used=17336Kb, free=230184Kb
 total_blobs=7130, nmethods=6510, adapters=525, full_count=0
Compilation: enabled, stopped_count=0, restarted_count=0

Compilation events (20 events):
Event: 598489.683 Thread 0x0000026461721180 nmethod 6911% 0x00000264551a8088 code [0x00000264551a8220, 0x00000264551a8808]
Event: 687903.027 Thread 0x0000026461721180 6912       4       java.lang.ref.Reference::enqueueFromPending (19 bytes)
Event: 687903.095 Thread 0x0000026461721180 nmethod 6912 0x00000264551a8908 code [0x00000264551a8b20, 0x00000264551a9c08]
Event: 688280.810 Thread 0x0000026461723850 6913   !   3       java.util.concurrent.locks.AbstractQueuedSynchronizer::acquire (424 bytes)
Event: 688280.836 Thread 0x0000026461723850 nmethod 6913 0x000002644de75e08 code [0x000002644de76140, 0x000002644de77a30]
Event: 854508.950 Thread 0x0000026461723850 6914       3       java.util.concurrent.locks.AbstractQueuedSynchronizer$ConditionObject::canReacquire (38 bytes)
Event: 854508.961 Thread 0x0000026461723850 nmethod 6914 0x000002644de77b08 code [0x000002644de77c40, 0x000002644de77f78]
Event: 855452.394 Thread 0x0000026461721180 6915       4       java.util.concurrent.ThreadPoolExecutor$Worker::tryAcquire (20 bytes)
Event: 855452.439 Thread 0x0000026461721180 nmethod 6915 0x00000264551a9d08 code [0x00000264551a9e00, 0x00000264551a9f98]
Event: 855452.769 Thread 0x0000026461721180 6916       4       java.io.File::isInvalid (47 bytes)
Event: 855452.910 Thread 0x0000026461721180 nmethod 6916 0x00000264551aa008 code [0x00000264551aa120, 0x00000264551aa428]
Event: 855453.371 Thread 0x0000026461721180 6917       4       java.lang.ThreadLocal$ThreadLocalMap::getEntry (42 bytes)
Event: 855453.384 Thread 0x0000026461721180 nmethod 6917 0x00000264551aa488 code [0x00000264551aa5a0, 0x00000264551aa6d8]
Event: 855454.869 Thread 0x0000026461721180 6918       4       org.springframework.core.SerializableTypeWrapper::unwrap (34 bytes)
Event: 855454.943 Thread 0x0000026461721180 nmethod 6918 0x00000264551aa788 code [0x00000264551aa8e0, 0x00000264551aacd8]
Event: 855455.348 Thread 0x0000026461721180 6919       4       java.util.stream.StreamOpFlag::fromCharacteristics (37 bytes)
Event: 855455.356 Thread 0x0000026461721180 nmethod 6919 0x00000264551aad88 code [0x00000264551aae80, 0x00000264551aaf38]
Event: 855456.038 Thread 0x0000026461721180 6920       4       org.springframework.core.ResolvableType::resolveType (151 bytes)
Event: 855456.101 Thread 0x0000026461723850 6921       3       java.text.DontCareFieldPosition$1::formatted (1 bytes)
Event: 855456.105 Thread 0x0000026461723850 nmethod 6921 0x000002644de78008 code [0x000002644de78120, 0x000002644de78228]

GC Heap History (20 events):
Event: 0.994 GC heap before
{Heap before GC invocations=1 (full 0):
 garbage-first heap   total reserved 2041856K, committed 129024K, used 27610K [0x0000000083600000, 0x0000000100000000)
  region size 1024K, 24 young (24576K), 3 survivors (3072K)
 Metaspace       used 11919K, committed 12096K, reserved 1114112K
  class space    used 1524K, committed 1600K, reserved 1048576K
}
Event: 0.998 GC heap after
{Heap after GC invocations=2 (full 0):
 garbage-first heap   total reserved 2041856K, committed 129024K, used 9087K [0x0000000083600000, 0x0000000100000000)
  region size 1024K, 2 young (2048K), 2 survivors (2048K)
 Metaspace       used 11919K, committed 12096K, reserved 1114112K
  class space    used 1524K, committed 1600K, reserved 1048576K
}
Event: 1.387 GC heap before
{Heap before GC invocations=2 (full 0):
 garbage-first heap   total reserved 2041856K, committed 129024K, used 56191K [0x0000000083600000, 0x0000000100000000)
  region size 1024K, 50 young (51200K), 2 survivors (2048K)
 Metaspace       used 21295K, committed 21504K, reserved 1114112K
  class space    used 2628K, committed 2752K, reserved 1048576K
}
Event: 1.392 GC heap after
{Heap after GC invocations=3 (full 0):
 garbage-first heap   total reserved 2041856K, committed 129024K, used 12053K [0x0000000083600000, 0x0000000100000000)
  region size 1024K, 5 young (5120K), 5 survivors (5120K)
 Metaspace       used 21295K, committed 21504K, reserved 1114112K
  class space    used 2628K, committed 2752K, reserved 1048576K
}
Event: 1.826 GC heap before
{Heap before GC invocations=4 (full 0):
 garbage-first heap   total reserved 2041856K, committed 40960K, used 40725K [0x0000000083600000, 0x0000000100000000)
  region size 1024K, 33 young (33792K), 5 survivors (5120K)
 Metaspace       used 25221K, committed 25536K, reserved 1114112K
  class space    used 3182K, committed 3328K, reserved 1048576K
}
Event: 1.835 GC heap after
{Heap after GC invocations=5 (full 0):
 garbage-first heap   total reserved 2041856K, committed 49152K, used 14296K [0x0000000083600000, 0x0000000100000000)
  region size 1024K, 6 young (6144K), 6 survivors (6144K)
 Metaspace       used 25221K, committed 25536K, reserved 1114112K
  class space    used 3182K, committed 3328K, reserved 1048576K
}
Event: 2.160 GC heap before
{Heap before GC invocations=5 (full 0):
 garbage-first heap   total reserved 2041856K, committed 49152K, used 35800K [0x0000000083600000, 0x0000000100000000)
  region size 1024K, 27 young (27648K), 6 survivors (6144K)
 Metaspace       used 29330K, committed 29568K, reserved 1114112K
  class space    used 3744K, committed 3840K, reserved 1048576K
}
Event: 2.169 GC heap after
{Heap after GC invocations=6 (full 0):
 garbage-first heap   total reserved 2041856K, committed 49152K, used 16061K [0x0000000083600000, 0x0000000100000000)
  region size 1024K, 2 young (2048K), 2 survivors (2048K)
 Metaspace       used 29330K, committed 29568K, reserved 1114112K
  class space    used 3744K, committed 3840K, reserved 1048576K
}
Event: 2.415 GC heap before
{Heap before GC invocations=6 (full 0):
 garbage-first heap   total reserved 2041856K, committed 49152K, used 36541K [0x0000000083600000, 0x0000000100000000)
  region size 1024K, 23 young (23552K), 2 survivors (2048K)
 Metaspace       used 33930K, committed 34240K, reserved 1114112K
  class space    used 4275K, committed 4416K, reserved 1048576K
}
Event: 2.420 GC heap after
{Heap after GC invocations=7 (full 0):
 garbage-first heap   total reserved 2041856K, committed 59392K, used 18432K [0x0000000083600000, 0x0000000100000000)
  region size 1024K, 3 young (3072K), 3 survivors (3072K)
 Metaspace       used 33930K, committed 34240K, reserved 1114112K
  class space    used 4275K, committed 4416K, reserved 1048576K
}
Event: 2.641 GC heap before
{Heap before GC invocations=7 (full 0):
 garbage-first heap   total reserved 2041856K, committed 59392K, used 34816K [0x0000000083600000, 0x0000000100000000)
  region size 1024K, 20 young (20480K), 3 survivors (3072K)
 Metaspace       used 35779K, committed 36096K, reserved 1114112K
  class space    used 4545K, committed 4672K, reserved 1048576K
}
Event: 2.647 GC heap after
{Heap after GC invocations=8 (full 0):
 garbage-first heap   total reserved 2041856K, committed 59392K, used 20623K [0x0000000083600000, 0x0000000100000000)
  region size 1024K, 4 young (4096K), 4 survivors (4096K)
 Metaspace       used 35779K, committed 36096K, reserved 1114112K
  class space    used 4545K, committed 4672K, reserved 1048576K
}
Event: 2.900 GC heap before
{Heap before GC invocations=9 (full 0):
 garbage-first heap   total reserved 2041856K, committed 59392K, used 47247K [0x0000000083600000, 0x0000000100000000)
  region size 1024K, 30 young (30720K), 4 survivors (4096K)
 Metaspace       used 37664K, committed 38080K, reserved 1114112K
  class space    used 4794K, committed 4992K, reserved 1048576K
}
Event: 2.906 GC heap after
{Heap after GC invocations=10 (full 0):
 garbage-first heap   total reserved 2041856K, committed 59392K, used 22194K [0x0000000083600000, 0x0000000100000000)
  region size 1024K, 4 young (4096K), 4 survivors (4096K)
 Metaspace       used 37664K, committed 38080K, reserved 1114112K
  class space    used 4794K, committed 4992K, reserved 1048576K
}
Event: 3.163 GC heap before
{Heap before GC invocations=10 (full 0):
 garbage-first heap   total reserved 2041856K, committed 59392K, used 47794K [0x0000000083600000, 0x0000000100000000)
  region size 1024K, 29 young (29696K), 4 survivors (4096K)
 Metaspace       used 39211K, committed 39744K, reserved 1114112K
  class space    used 5002K, committed 5248K, reserved 1048576K
}
Event: 3.172 GC heap after
{Heap after GC invocations=11 (full 0):
 garbage-first heap   total reserved 2041856K, committed 59392K, used 23728K [0x0000000083600000, 0x0000000100000000)
  region size 1024K, 4 young (4096K), 4 survivors (4096K)
 Metaspace       used 39211K, committed 39744K, reserved 1114112K
  class space    used 5002K, committed 5248K, reserved 1048576K
}
Event: 3.423 GC heap before
{Heap before GC invocations=11 (full 0):
 garbage-first heap   total reserved 2041856K, committed 59392K, used 48304K [0x0000000083600000, 0x0000000100000000)
  region size 1024K, 29 young (29696K), 4 survivors (4096K)
 Metaspace       used 40606K, committed 41152K, reserved 1114112K
  class space    used 5179K, committed 5440K, reserved 1048576K
}
Event: 3.432 GC heap after
{Heap after GC invocations=12 (full 0):
 garbage-first heap   total reserved 2041856K, committed 59392K, used 25769K [0x0000000083600000, 0x0000000100000000)
  region size 1024K, 4 young (4096K), 4 survivors (4096K)
 Metaspace       used 40606K, committed 41152K, reserved 1114112K
  class space    used 5179K, committed 5440K, reserved 1048576K
}
Event: 687902.917 GC heap before
{Heap before GC invocations=12 (full 0):
 garbage-first heap   total reserved 2041856K, committed 59392K, used 50345K [0x0000000083600000, 0x0000000100000000)
  region size 1024K, 28 young (28672K), 4 survivors (4096K)
 Metaspace       used 43226K, committed 43776K, reserved 1114112K
  class space    used 5557K, committed 5824K, reserved 1048576K
}
Event: 687903.019 GC heap after
{Heap after GC invocations=13 (full 0):
 garbage-first heap   total reserved 2041856K, committed 74752K, used 26805K [0x0000000083600000, 0x0000000100000000)
  region size 1024K, 2 young (2048K), 2 survivors (2048K)
 Metaspace       used 43226K, committed 43776K, reserved 1114112K
  class space    used 5557K, committed 5824K, reserved 1048576K
}

Dll operation events (11 events):
Event: 0.016 Loaded shared library C:\Users\Abdella Hamch\.p2\pool\plugins\org.eclipse.justj.openjdk.hotspot.jre.full.win32.x86_64_23.0.0.v20240919-1706\jre\bin\java.dll
Event: 0.123 Loaded shared library C:\Users\Abdella Hamch\.p2\pool\plugins\org.eclipse.justj.openjdk.hotspot.jre.full.win32.x86_64_23.0.0.v20240919-1706\jre\bin\zip.dll
Event: 0.137 Loaded shared library C:\Users\Abdella Hamch\.p2\pool\plugins\org.eclipse.justj.openjdk.hotspot.jre.full.win32.x86_64_23.0.0.v20240919-1706\jre\bin\net.dll
Event: 0.142 Loaded shared library C:\Users\Abdella Hamch\.p2\pool\plugins\org.eclipse.justj.openjdk.hotspot.jre.full.win32.x86_64_23.0.0.v20240919-1706\jre\bin\nio.dll
Event: 0.146 Loaded shared library C:\Users\Abdella Hamch\.p2\pool\plugins\org.eclipse.justj.openjdk.hotspot.jre.full.win32.x86_64_23.0.0.v20240919-1706\jre\bin\zip.dll
Event: 0.262 Loaded shared library C:\Users\Abdella Hamch\.p2\pool\plugins\org.eclipse.justj.openjdk.hotspot.jre.full.win32.x86_64_23.0.0.v20240919-1706\jre\bin\verify.dll
Event: 0.266 Loaded shared library C:\Users\Abdella Hamch\.p2\pool\plugins\org.eclipse.justj.openjdk.hotspot.jre.full.win32.x86_64_23.0.0.v20240919-1706\jre\bin\jimage.dll
Event: 0.821 Loaded shared library C:\Users\Abdella Hamch\.p2\pool\plugins\org.eclipse.justj.openjdk.hotspot.jre.full.win32.x86_64_23.0.0.v20240919-1706\jre\bin\management.dll
Event: 0.827 Loaded shared library C:\Users\Abdella Hamch\.p2\pool\plugins\org.eclipse.justj.openjdk.hotspot.jre.full.win32.x86_64_23.0.0.v20240919-1706\jre\bin\management_ext.dll
Event: 2.288 Loaded shared library C:\Users\Abdella Hamch\.p2\pool\plugins\org.eclipse.justj.openjdk.hotspot.jre.full.win32.x86_64_23.0.0.v20240919-1706\jre\bin\sunmscapi.dll
Event: 2.546 Loaded shared library C:\Users\Abdella Hamch\.p2\pool\plugins\org.eclipse.justj.openjdk.hotspot.jre.full.win32.x86_64_23.0.0.v20240919-1706\jre\bin\extnet.dll

Deoptimization events (20 events):
Event: 855453.303 Thread 0x0000026463f3be80 Uncommon trap: trap_request=0xffffff45 fr.pc=0x000002645517d2dc relative=0x000000000000005c
Event: 855453.303 Thread 0x0000026463f3be80 Uncommon trap: reason=unstable_if action=reinterpret pc=0x000002645517d2dc method=java.util.concurrent.locks.AbstractQueuedSynchronizer.tryInitializeHead()Ljava/util/concurrent/locks/AbstractQueuedSynchronizer$Node; @ 8 c2
Event: 855453.303 Thread 0x0000026463f3be80 DEOPT PACKING pc=0x000002645517d2dc sp=0x000000ea9b6fee80
Event: 855453.303 Thread 0x0000026463f3be80 DEOPT UNPACKING pc=0x0000026454814402 sp=0x000000ea9b6fee00 mode 2
Event: 855454.059 Thread 0x0000026463f3d230 Uncommon trap: trap_request=0xffffff45 fr.pc=0x0000026455182b00 relative=0x0000000000000960
Event: 855454.061 Thread 0x0000026463f3d230 Uncommon trap: reason=unstable_if action=reinterpret pc=0x0000026455182b00 method=org.springframework.amqp.rabbit.listener.BlockingQueueConsumer.handle(Lorg/springframework/amqp/rabbit/support/Delivery;)Lorg/springframework/amqp/core/Message; @ 8 c2
Event: 855454.062 Thread 0x0000026463f3d230 DEOPT PACKING pc=0x0000026455182b00 sp=0x000000ea9e1ff320
Event: 855454.063 Thread 0x0000026463f3d230 DEOPT UNPACKING pc=0x0000026454814402 sp=0x000000ea9e1ff268 mode 2
Event: 855454.074 Thread 0x0000026463f3d230 Uncommon trap: trap_request=0xffffff9d fr.pc=0x00000264551a86a0 relative=0x0000000000000480
Event: 855454.074 Thread 0x0000026463f3d230 Uncommon trap: reason=unreached action=reinterpret pc=0x00000264551a86a0 method=org.springframework.amqp.rabbit.listener.SimpleMessageListenerContainer$AsyncMessageProcessingConsumer.run()V @ 562 c2
Event: 855454.074 Thread 0x0000026463f3d230 DEOPT PACKING pc=0x00000264551a86a0 sp=0x000000ea9e1ff3f0
Event: 855454.075 Thread 0x0000026463f3d230 DEOPT UNPACKING pc=0x0000026454814402 sp=0x000000ea9e1ff3b0 mode 2
Event: 855455.984 Thread 0x0000026463f3d230 Uncommon trap: trap_request=0xffffff45 fr.pc=0x0000026455186250 relative=0x0000000000000130
Event: 855455.984 Thread 0x0000026463f3d230 Uncommon trap: reason=unstable_if action=reinterpret pc=0x0000026455186250 method=java.io.BufferedOutputStream.implWrite([BII)V @ 5 c2
Event: 855455.984 Thread 0x0000026463f3d230 DEOPT PACKING pc=0x0000026455186250 sp=0x000000ea9e1feb00
Event: 855455.984 Thread 0x0000026463f3d230 DEOPT UNPACKING pc=0x0000026454814402 sp=0x000000ea9e1feac8 mode 2
Event: 855456.374 Thread 0x0000026463f3be80 Uncommon trap: trap_request=0xffffff45 fr.pc=0x0000026455188be4 relative=0x0000000000000064
Event: 855456.374 Thread 0x0000026463f3be80 Uncommon trap: reason=unstable_if action=reinterpret pc=0x0000026455188be4 method=sun.nio.ch.NioSocketImpl.configureNonBlockingIfNeeded(Ljava/io/FileDescriptor;Z)V @ 4 c2
Event: 855456.374 Thread 0x0000026463f3be80 DEOPT PACKING pc=0x0000026455188be4 sp=0x000000ea9b6fe9d0
Event: 855456.376 Thread 0x0000026463f3be80 DEOPT UNPACKING pc=0x0000026454814402 sp=0x000000ea9b6fe970 mode 2

Classes loaded (20 events):
Event: 3.542 Loading class jdk/internal/event/SocketReadEvent
Event: 3.542 Loading class jdk/internal/event/SocketReadEvent done
Event: 3.572 Loading class java/util/concurrent/ScheduledThreadPoolExecutor$ScheduledFutureTask
Event: 3.572 Loading class java/util/concurrent/ScheduledThreadPoolExecutor$ScheduledFutureTask done
Event: 3.572 Loading class java/util/concurrent/Executors$RunnableAdapter
Event: 3.572 Loading class java/util/concurrent/Executors$RunnableAdapter done
Event: 3.577 Loading class java/util/concurrent/Semaphore$NonfairSync
Event: 3.577 Loading class java/util/concurrent/Semaphore$Sync
Event: 3.577 Loading class java/util/concurrent/Semaphore$Sync done
Event: 3.577 Loading class java/util/concurrent/Semaphore$NonfairSync done
Event: 3.580 Loading class java/util/LinkedList$LLSpliterator
Event: 3.580 Loading class java/util/LinkedList$LLSpliterator done
Event: 3.584 Loading class java/util/Collections$SynchronizedSortedSet
Event: 3.584 Loading class java/util/Collections$SynchronizedSortedSet done
Event: 3.628 Loading class java/util/concurrent/locks/AbstractQueuedSynchronizer$SharedNode
Event: 3.628 Loading class java/util/concurrent/locks/AbstractQueuedSynchronizer$SharedNode done
Event: 855451.773 Loading class sun/net/ConnectionResetException
Event: 855451.828 Loading class sun/net/ConnectionResetException done
Event: 855455.270 Loading class java/util/concurrent/ConcurrentHashMap$ValueSpliterator
Event: 855455.333 Loading class java/util/concurrent/ConcurrentHashMap$ValueSpliterator done

Classes unloaded (0 events):
No events

Classes redefined (0 events):
No events

Internal exceptions (20 events):
Event: 3.461 Thread 0x00000264494d5850 Exception <a 'java/lang/ClassNotFoundException'{0x00000000881bc588}: org/springframework/cloud/stream/binder/ExtendedConsumerPropertiesCustomizer> (0x00000000881bc588) 
thrown [s\src\hotspot\share\classfile\systemDictionary.cpp, line 313]
Event: 3.462 Thread 0x00000264494d5850 Exception <a 'java/lang/ClassNotFoundException'{0x00000000881cd178}: java/lang/ObjectCustomizer> (0x00000000881cd178) 
thrown [s\src\hotspot\share\classfile\systemDictionary.cpp, line 313]
Event: 3.462 Thread 0x00000264494d5850 Exception <a 'java/lang/ClassNotFoundException'{0x00000000881d2750}: org/springframework/cloud/stream/binder/ConsumerPropertiesCustomizer> (0x00000000881d2750) 
thrown [s\src\hotspot\share\classfile\systemDictionary.cpp, line 313]
Event: 3.463 Thread 0x00000264494d5850 Exception <a 'java/lang/NoSuchMethodError'{0x00000000881f1d20}: 'double java.lang.invoke.DirectMethodHandle$Holder.invokeVirtual(java.lang.Object, java.lang.Object)'> (0x00000000881f1d20) 
thrown [s\src\hotspot\share\interpreter\linkResolver.cpp, line 796]
Event: 3.464 Thread 0x00000264494d5850 Exception <a 'java/lang/NoSuchMethodError'{0x00000000881fc9d8}: 'double java.lang.invoke.DelegatingMethodHandle$Holder.reinvoke_L(java.lang.Object, java.lang.Object)'> (0x00000000881fc9d8) 
thrown [s\src\hotspot\share\interpreter\linkResolver.cpp, line 796]
Event: 3.464 Thread 0x00000264494d5850 Exception <a 'java/lang/NoSuchMethodError'{0x0000000088007a90}: 'void java.lang.invoke.DirectMethodHandle$Holder.invokeVirtual(java.lang.Object, java.lang.Object, double)'> (0x0000000088007a90) 
thrown [s\src\hotspot\share\interpreter\linkResolver.cpp, line 796]
Event: 3.465 Thread 0x00000264494d5850 Exception <a 'java/lang/NoSuchMethodError'{0x0000000088012220}: 'double java.lang.invoke.DelegatingMethodHandle$Holder.reinvoke_L(java.lang.Object, java.lang.Object, int)'> (0x0000000088012220) 
thrown [s\src\hotspot\share\interpreter\linkResolver.cpp, line 796]
Event: 3.465 Thread 0x00000264494d5850 Exception <a 'java/lang/NoSuchMethodError'{0x000000008801bd88}: 'void java.lang.invoke.DelegatingMethodHandle$Holder.reinvoke_L(java.lang.Object, java.lang.Object, double)'> (0x000000008801bd88) 
thrown [s\src\hotspot\share\interpreter\linkResolver.cpp, line 796]
Event: 3.477 Thread 0x00000264494d5850 Exception <a 'java/lang/NoSuchMethodError'{0x00000000880c2490}: 'long java.lang.invoke.DirectMethodHandle$Holder.invokeInterface(java.lang.Object, java.lang.Object)'> (0x00000000880c2490) 
thrown [s\src\hotspot\share\interpreter\linkResolver.cpp, line 796]
Event: 3.477 Thread 0x00000264494d5850 Exception <a 'java/lang/NoSuchMethodError'{0x00000000880c6798}: 'long java.lang.invoke.DelegatingMethodHandle$Holder.reinvoke_L(java.lang.Object, java.lang.Object)'> (0x00000000880c6798) 
thrown [s\src\hotspot\share\interpreter\linkResolver.cpp, line 796]
Event: 3.596 Thread 0x00000264494d5850 Exception <a 'java/lang/NoSuchMethodError'{0x0000000086426fb8}: 'java.lang.Object java.lang.invoke.DelegatingMethodHandle$Holder.reinvoke_L(java.lang.Object, java.lang.Object, java.lang.Object, java.lang.Object, int, int, int, java.lang.Object)'> (0x0000000086426fb8) 
thrown [s\src\hotspot\share\interpreter\linkResolver.cpp, line 796]
Event: 3.600 Thread 0x00000264494d5850 Exception <a 'java/lang/NoSuchMethodError'{0x0000000086453088}: 'java.lang.Object java.lang.invoke.DirectMethodHandle$Holder.invokeInterface(java.lang.Object, java.lang.Object, java.lang.Object, int, int, int, java.lang.Object)'> (0x0000000086453088) 
thrown [s\src\hotspot\share\interpreter\linkResolver.cpp, line 796]
Event: 3.600 Thread 0x00000264494d5850 Exception <a 'java/lang/NoSuchMethodError'{0x0000000086457240}: 'java.lang.Object java.lang.invoke.DirectMethodHandle$Holder.invokeSpecial(java.lang.Object, java.lang.Object, java.lang.Object, java.lang.Object, int, int, int, java.lang.Object)'> (0x0000000086457240) 
thrown [s\src\hotspot\share\interpreter\linkResolver.cpp, line 796]
Event: 3.600 Thread 0x00000264494d5850 Exception <a 'java/lang/NoSuchMethodError'{0x000000008645ac20}: 'java.lang.Object java.lang.invoke.DelegatingMethodHandle$Holder.reinvoke_L(java.lang.Object, java.lang.Object, java.lang.Object, int, int, int, java.lang.Object)'> (0x000000008645ac20) 
thrown [s\src\hotspot\share\interpreter\linkResolver.cpp, line 796]
Event: 3.606 Thread 0x00000264494d5850 Exception <a 'java/lang/NoSuchMethodError'{0x0000000086486bd0}: 'java.lang.Object java.lang.invoke.DirectMethodHandle$Holder.invokeInterface(java.lang.Object, java.lang.Object, java.lang.Object, java.lang.Object, java.lang.Object, java.lang.Object)'> (0x0000000086486bd0) 
thrown [s\src\hotspot\share\interpreter\linkResolver.cpp, line 796]
Event: 3.633 Thread 0x0000026463f3d230 Exception <a 'java/lang/NoSuchMethodError'{0x000000008623e780}: 'void java.lang.invoke.DirectMethodHandle$Holder.invokeInterface(java.lang.Object, java.lang.Object, int)'> (0x000000008623e780) 
thrown [s\src\hotspot\share\interpreter\linkResolver.cpp, line 796]
Event: 3.635 Thread 0x0000026463f3d230 Exception <a 'java/lang/NoSuchMethodError'{0x00000000862524b8}: 'java.lang.Object java.lang.invoke.DelegatingMethodHandle$Holder.reinvoke_L(java.lang.Object, java.lang.Object, java.lang.Object, int, java.lang.Object, int, int, java.lang.Object, java.lang.Object)'> (0x00000000862524b8) 
thrown [s\src\hotspot\share\interpreter\linkResolver.cpp, line 796]
Event: 855451.855 Thread 0x0000026463f3b7f0 Exception <a 'sun/net/ConnectionResetException'{0x000000008b3d29b0}: Connection reset> (0x000000008b3d29b0) 
thrown [s\src\hotspot\share\prims\jni.cpp, line 539]
Event: 855453.119 Thread 0x0000026463f3b7f0 Exception <a 'java/lang/NullPointerException'{0x00000000881061e8}> (0x00000000881061e8) 
thrown [s\src\hotspot\share\interpreter\linkResolver.cpp, line 1473]
Event: 855456.380 Thread 0x0000026463f3be80 Exception <a 'java/net/ConnectException'{0x000000008817d8c8}: Connection refused: getsockopt> (0x000000008817d8c8) 
thrown [s\src\hotspot\share\prims\jni.cpp, line 539]

VM Operations (20 events):
Event: 855190.170 Executing VM operation: HandshakeAllThreads (HandshakeForDeflation)
Event: 855190.170 Executing VM operation: HandshakeAllThreads (HandshakeForDeflation) done
Event: 855190.170 Executing VM operation: RendezvousGCThreads
Event: 855190.170 Executing VM operation: RendezvousGCThreads done
Event: 855250.208 Executing VM operation: HandshakeAllThreads (HandshakeForDeflation)
Event: 855250.208 Executing VM operation: HandshakeAllThreads (HandshakeForDeflation) done
Event: 855250.208 Executing VM operation: RendezvousGCThreads
Event: 855250.208 Executing VM operation: RendezvousGCThreads done
Event: 855310.229 Executing VM operation: HandshakeAllThreads (HandshakeForDeflation)
Event: 855310.230 Executing VM operation: HandshakeAllThreads (HandshakeForDeflation) done
Event: 855310.230 Executing VM operation: RendezvousGCThreads
Event: 855310.230 Executing VM operation: RendezvousGCThreads done
Event: 855370.284 Executing VM operation: HandshakeAllThreads (HandshakeForDeflation)
Event: 855370.288 Executing VM operation: HandshakeAllThreads (HandshakeForDeflation) done
Event: 855370.288 Executing VM operation: RendezvousGCThreads
Event: 855370.288 Executing VM operation: RendezvousGCThreads done
Event: 855430.466 Executing VM operation: HandshakeAllThreads (HandshakeForDeflation)
Event: 855430.468 Executing VM operation: HandshakeAllThreads (HandshakeForDeflation) done
Event: 855430.468 Executing VM operation: RendezvousGCThreads
Event: 855430.468 Executing VM operation: RendezvousGCThreads done

Memory protections (0 events):
No events

Nmethod flushes (20 events):
Event: 2.661 Thread 0x00000264616f28d0 flushing  nmethod 0x000002644d5e0408
Event: 2.661 Thread 0x00000264616f28d0 flushing  nmethod 0x000002644d62be88
Event: 2.661 Thread 0x00000264616f28d0 flushing  nmethod 0x000002644d6b3688
Event: 2.661 Thread 0x00000264616f28d0 flushing osr nmethod 0x000002644d6cc908
Event: 2.661 Thread 0x00000264616f28d0 flushing  nmethod 0x000002644d70f988
Event: 2.661 Thread 0x00000264616f28d0 flushing  nmethod 0x000002644d70ff88
Event: 2.661 Thread 0x00000264616f28d0 flushing  nmethod 0x000002644d710688
Event: 2.661 Thread 0x00000264616f28d0 flushing  nmethod 0x000002644d710f88
Event: 2.661 Thread 0x00000264616f28d0 flushing  nmethod 0x000002644d712908
Event: 2.661 Thread 0x00000264616f28d0 flushing  nmethod 0x000002644d715388
Event: 2.661 Thread 0x00000264616f28d0 flushing  nmethod 0x000002644d71be08
Event: 2.661 Thread 0x00000264616f28d0 flushing  nmethod 0x000002644d730b08
Event: 2.661 Thread 0x00000264616f28d0 flushing osr nmethod 0x000002644d733a88
Event: 2.661 Thread 0x00000264616f28d0 flushing  nmethod 0x000002644d734a88
Event: 2.661 Thread 0x00000264616f28d0 flushing  nmethod 0x000002644d744e88
Event: 2.661 Thread 0x00000264616f28d0 flushing  nmethod 0x000002644d752388
Event: 2.661 Thread 0x00000264616f28d0 flushing  nmethod 0x000002644d766b88
Event: 2.661 Thread 0x00000264616f28d0 flushing  nmethod 0x000002644d77cc88
Event: 2.661 Thread 0x00000264616f28d0 flushing  nmethod 0x000002644d77d388
Event: 2.661 Thread 0x00000264616f28d0 flushing  nmethod 0x000002644d87d408

Events (20 events):
Event: 13.674 Thread 0x00000264450d0d60 Thread exited: 0x00000264450d0d60
Event: 9237.553 Thread 0x0000026461723850 Thread added: 0x000002646503eee0
Event: 9242.578 Thread 0x000002646503eee0 Thread exited: 0x000002646503eee0
Event: 11223.624 Thread 0x0000026461723850 Thread added: 0x0000026465040a20
Event: 11228.631 Thread 0x0000026465040a20 Thread exited: 0x0000026465040a20
Event: 83078.101 Thread 0x0000026461723850 Thread added: 0x000002646503f5b0
Event: 83083.176 Thread 0x000002646503f5b0 Thread exited: 0x000002646503f5b0
Event: 247318.358 Thread 0x0000026461721180 Thread added: 0x000002646503f5b0
Event: 247323.613 Thread 0x000002646503f5b0 Thread exited: 0x000002646503f5b0
Event: 257283.737 Thread 0x0000026461721180 Thread added: 0x00000264650410f0
Event: 257288.759 Thread 0x00000264650410f0 Thread exited: 0x00000264650410f0
Event: 855452.490 Thread 0x0000026463f3be80 Thread exited: 0x0000026463f3be80
Event: 855453.095 Thread 0x0000026463f3b7f0 Thread added: 0x0000026463f3be80
Event: 855453.235 Thread 0x0000026463f3b7f0 Thread added: 0x0000026463f3df50
Event: 855453.304 Thread 0x0000026463f3df50 Thread exited: 0x0000026463f3df50
Event: 855453.304 Thread 0x0000026463f3be80 Thread exited: 0x0000026463f3be80
Event: 855453.305 Thread 0x0000026463f3d8c0 Thread exited: 0x0000026463f3d8c0
Event: 855453.370 Thread 0x0000026463f3b7f0 Thread exited: 0x0000026463f3b7f0
Event: 855456.047 Thread 0x0000026463f3d230 Thread added: 0x0000026463f3be80
Event: 855456.047 Thread 0x0000026463f3d230 Thread exited: 0x0000026463f3d230


Dynamic libraries:
0x00007ff689e40000 - 0x00007ff689e4e000 	C:\Users\Abdella Hamch\.p2\pool\plugins\org.eclipse.justj.openjdk.hotspot.jre.full.win32.x86_64_23.0.0.v20240919-1706\jre\bin\javaw.exe
0x00007ffe29bc0000 - 0x00007ffe29dc9000 	C:\windows\SYSTEM32\ntdll.dll
0x00007ffe28260000 - 0x00007ffe2831e000 	C:\windows\System32\KERNEL32.DLL
0x00007ffe273b0000 - 0x00007ffe2772c000 	C:\windows\System32\KERNELBASE.dll
0x00007ffe26e60000 - 0x00007ffe26fac000 	C:\Windows\system32\hmpalert.dll
0x00007ffe27730000 - 0x00007ffe27841000 	C:\windows\System32\ucrtbase.dll
0x00007ffe16080000 - 0x00007ffe1609b000 	C:\Users\Abdella Hamch\.p2\pool\plugins\org.eclipse.justj.openjdk.hotspot.jre.full.win32.x86_64_23.0.0.v20240919-1706\jre\bin\VCRUNTIME140.dll
0x00007ffe16220000 - 0x00007ffe16237000 	C:\Users\Abdella Hamch\.p2\pool\plugins\org.eclipse.justj.openjdk.hotspot.jre.full.win32.x86_64_23.0.0.v20240919-1706\jre\bin\jli.dll
0x00007ffe27b50000 - 0x00007ffe27cfd000 	C:\windows\System32\USER32.dll
0x00007ffe27150000 - 0x00007ffe27176000 	C:\windows\System32\win32u.dll
0x00007ffe27f20000 - 0x00007ffe27f49000 	C:\windows\System32\GDI32.dll
0x00007ffe27290000 - 0x00007ffe273a8000 	C:\windows\System32\gdi32full.dll
0x00007ffe271f0000 - 0x00007ffe2728d000 	C:\windows\System32\msvcp_win.dll
0x00007ffe04e70000 - 0x00007ffe05115000 	C:\windows\WinSxS\amd64_microsoft.windows.common-controls_6595b64144ccf1df_6.0.22000.120_none_9d947278b86cc467\COMCTL32.dll
0x00007ffe28530000 - 0x00007ffe285d3000 	C:\windows\System32\msvcrt.dll
0x00007ffe285e0000 - 0x00007ffe28611000 	C:\windows\System32\IMM32.DLL
0x00007ffe164d0000 - 0x00007ffe164dc000 	C:\Users\Abdella Hamch\.p2\pool\plugins\org.eclipse.justj.openjdk.hotspot.jre.full.win32.x86_64_23.0.0.v20240919-1706\jre\bin\vcruntime140_1.dll
0x00007ffe14d00000 - 0x00007ffe14d8e000 	C:\Users\Abdella Hamch\.p2\pool\plugins\org.eclipse.justj.openjdk.hotspot.jre.full.win32.x86_64_23.0.0.v20240919-1706\jre\bin\msvcp140.dll
0x00007ffd8d2c0000 - 0x00007ffd8e08d000 	C:\Users\Abdella Hamch\.p2\pool\plugins\org.eclipse.justj.openjdk.hotspot.jre.full.win32.x86_64_23.0.0.v20240919-1706\jre\bin\server\jvm.dll
0x00007ffe299a0000 - 0x00007ffe29a4e000 	C:\windows\System32\ADVAPI32.dll
0x00007ffe28f90000 - 0x00007ffe2902e000 	C:\windows\System32\sechost.dll
0x00007ffe29a60000 - 0x00007ffe29b80000 	C:\windows\System32\RPCRT4.dll
0x00007ffe28650000 - 0x00007ffe286bf000 	C:\windows\System32\WS2_32.dll
0x00007ffe26e10000 - 0x00007ffe26e5d000 	C:\windows\SYSTEM32\POWRPROF.dll
0x00007ffe1a5c0000 - 0x00007ffe1a5f3000 	C:\windows\SYSTEM32\WINMM.dll
0x00007ffe22280000 - 0x00007ffe2228a000 	C:\windows\SYSTEM32\VERSION.dll
0x00007ffe26df0000 - 0x00007ffe26e03000 	C:\windows\SYSTEM32\UMPDC.dll
0x00007ffe25fc0000 - 0x00007ffe25fd8000 	C:\windows\SYSTEM32\kernel.appcore.dll
0x00007ffe238d0000 - 0x00007ffe238da000 	C:\Users\Abdella Hamch\.p2\pool\plugins\org.eclipse.justj.openjdk.hotspot.jre.full.win32.x86_64_23.0.0.v20240919-1706\jre\bin\jimage.dll
0x00007ffe219a0000 - 0x00007ffe21bc1000 	C:\windows\SYSTEM32\DBGHELP.DLL
0x00007ffe21910000 - 0x00007ffe21941000 	C:\windows\SYSTEM32\dbgcore.DLL
0x00007ffe279c0000 - 0x00007ffe27a3f000 	C:\windows\System32\bcryptPrimitives.dll
0x00007ffe1a040000 - 0x00007ffe1a05e000 	C:\Users\Abdella Hamch\.p2\pool\plugins\org.eclipse.justj.openjdk.hotspot.jre.full.win32.x86_64_23.0.0.v20240919-1706\jre\bin\java.dll
0x00007ffe27d80000 - 0x00007ffe27f1a000 	C:\windows\System32\ole32.dll
0x00007ffe28c10000 - 0x00007ffe28f86000 	C:\windows\System32\combase.dll
0x00007ffe29120000 - 0x00007ffe298e5000 	C:\windows\System32\SHELL32.dll
0x00007ffe25030000 - 0x00007ffe25895000 	C:\windows\SYSTEM32\windows.storage.dll
0x00007ffe24ec0000 - 0x00007ffe25026000 	C:\windows\SYSTEM32\wintypes.dll
0x00007ffe27a40000 - 0x00007ffe27b2a000 	C:\windows\System32\SHCORE.dll
0x00007ffe28bb0000 - 0x00007ffe28c0d000 	C:\windows\System32\shlwapi.dll
0x00007ffe26fc0000 - 0x00007ffe26fe1000 	C:\windows\SYSTEM32\profapi.dll
0x00007ffe16200000 - 0x00007ffe16217000 	C:\Users\Abdella Hamch\.p2\pool\plugins\org.eclipse.justj.openjdk.hotspot.jre.full.win32.x86_64_23.0.0.v20240919-1706\jre\bin\zip.dll
0x00007ffe16810000 - 0x00007ffe16820000 	C:\Users\Abdella Hamch\.p2\pool\plugins\org.eclipse.justj.openjdk.hotspot.jre.full.win32.x86_64_23.0.0.v20240919-1706\jre\bin\net.dll
0x00007ffe26460000 - 0x00007ffe264c7000 	C:\windows\system32\mswsock.dll
0x00007ffe160c0000 - 0x00007ffe160d6000 	C:\Users\Abdella Hamch\.p2\pool\plugins\org.eclipse.justj.openjdk.hotspot.jre.full.win32.x86_64_23.0.0.v20240919-1706\jre\bin\nio.dll
0x00007ffe166b0000 - 0x00007ffe166c0000 	C:\Users\Abdella Hamch\.p2\pool\plugins\org.eclipse.justj.openjdk.hotspot.jre.full.win32.x86_64_23.0.0.v20240919-1706\jre\bin\verify.dll
0x00007ffe25ae0000 - 0x00007ffe25b0d000 	C:\windows\SYSTEM32\IPHLPAPI.DLL
0x00007ffe28620000 - 0x00007ffe28629000 	C:\windows\System32\NSI.dll
0x00007ffe25b10000 - 0x00007ffe25bf8000 	C:\windows\SYSTEM32\DNSAPI.dll
0x00007ffe21900000 - 0x00007ffe2190a000 	C:\Windows\System32\rasadhlp.dll
0x00007ffde0dc0000 - 0x00007ffde0dca000 	C:\Users\Abdella Hamch\.p2\pool\plugins\org.eclipse.justj.openjdk.hotspot.jre.full.win32.x86_64_23.0.0.v20240919-1706\jre\bin\management.dll
0x00007ffdde390000 - 0x00007ffdde39b000 	C:\Users\Abdella Hamch\.p2\pool\plugins\org.eclipse.justj.openjdk.hotspot.jre.full.win32.x86_64_23.0.0.v20240919-1706\jre\bin\management_ext.dll
0x00007ffe29a50000 - 0x00007ffe29a58000 	C:\windows\System32\PSAPI.DLL
0x00007ffdf8510000 - 0x00007ffdf8527000 	C:\windows\system32\napinsp.dll
0x00007ffdf84f0000 - 0x00007ffdf850b000 	C:\windows\system32\pnrpnsp.dll
0x00007ffdf7eb0000 - 0x00007ffdf7ec2000 	C:\windows\System32\winrnr.dll
0x00007ffdf7e90000 - 0x00007ffdf7ea5000 	C:\windows\system32\wshbth.dll
0x00007ffdf7300000 - 0x00007ffdf731f000 	C:\windows\system32\nlansp_c.dll
0x00007ffe21ec0000 - 0x00007ffe21f41000 	C:\windows\System32\fwpuclnt.dll
0x00007ffe266a0000 - 0x00007ffe266b8000 	C:\windows\SYSTEM32\CRYPTSP.dll
0x00007ffe25f20000 - 0x00007ffe25f55000 	C:\windows\system32\rsaenh.dll
0x00007ffe26550000 - 0x00007ffe26579000 	C:\windows\SYSTEM32\USERENV.dll
0x00007ffe26830000 - 0x00007ffe26857000 	C:\windows\SYSTEM32\bcrypt.dll
0x00007ffe266c0000 - 0x00007ffe266cc000 	C:\windows\SYSTEM32\CRYPTBASE.dll
0x00007ffe16500000 - 0x00007ffe1650e000 	C:\Users\Abdella Hamch\.p2\pool\plugins\org.eclipse.justj.openjdk.hotspot.jre.full.win32.x86_64_23.0.0.v20240919-1706\jre\bin\sunmscapi.dll
0x00007ffe27850000 - 0x00007ffe279b2000 	C:\windows\System32\CRYPT32.dll
0x00007ffe26800000 - 0x00007ffe26828000 	C:\windows\SYSTEM32\ncrypt.dll
0x00007ffe267c0000 - 0x00007ffe267f7000 	C:\windows\SYSTEM32\NTASN1.dll
0x00007ffe161f0000 - 0x00007ffe161f9000 	C:\Users\Abdella Hamch\.p2\pool\plugins\org.eclipse.justj.openjdk.hotspot.jre.full.win32.x86_64_23.0.0.v20240919-1706\jre\bin\extnet.dll

dbghelp: loaded successfully - version: 4.0.5 - missing functions: none
symbol engine: initialized successfully - sym options: 0x614 - pdb path: .;C:\Users\Abdella Hamch\.p2\pool\plugins\org.eclipse.justj.openjdk.hotspot.jre.full.win32.x86_64_23.0.0.v20240919-1706\jre\bin;C:\windows\SYSTEM32;C:\windows\WinSxS\amd64_microsoft.windows.common-controls_6595b64144ccf1df_6.0.22000.120_none_9d947278b86cc467;C:\Users\Abdella Hamch\.p2\pool\plugins\org.eclipse.justj.openjdk.hotspot.jre.full.win32.x86_64_23.0.0.v20240919-1706\jre\bin\server

VM Arguments:
jvm_args: -Dfile.encoding=UTF-8 -Dstdout.encoding=UTF-8 -Dstderr.encoding=UTF-8 -XX:+ShowCodeDetailsInExceptionMessages 
java_command: com.programming.techie.notificationservice.NotificationServiceApplication
java_class_path (initial): B:\Java091024\myEcomm091024\notification-service\target\classes;C:\Users\Abdella Hamch\.m2\repository\org\springframework\cloud\spring-cloud-starter-netflix-eureka-client\3.0.1\spring-cloud-starter-netflix-eureka-client-3.0.1.jar;C:\Users\Abdella Hamch\.m2\repository\org\springframework\cloud\spring-cloud-starter\3.0.1\spring-cloud-starter-3.0.1.jar;C:\Users\Abdella Hamch\.m2\repository\org\springframework\cloud\spring-cloud-context\3.0.1\spring-cloud-context-3.0.1.jar;C:\Users\Abdella Hamch\.m2\repository\org\springframework\security\spring-security-rsa\1.0.9.RELEASE\spring-security-rsa-1.0.9.RELEASE.jar;C:\Users\Abdella Hamch\.m2\repository\org\bouncycastle\bcpkix-jdk15on\1.64\bcpkix-jdk15on-1.64.jar;C:\Users\Abdella Hamch\.m2\repository\org\bouncycastle\bcprov-jdk15on\1.64\bcprov-jdk15on-1.64.jar;C:\Users\Abdella Hamch\.m2\repository\org\springframework\cloud\spring-cloud-netflix-eureka-client\3.0.1\spring-cloud-netflix-eureka-client-3.0.1.jar;C:\Users\Abdella Hamch\.m2\repository\com\netflix\eureka\eureka-client\1.10.11\eureka-client-1.10.11.jar;C:\Users\Abdella Hamch\.m2\repository\com\netflix\netflix-commons\netflix-eventbus\0.3.0\netflix-eventbus-0.3.0.jar;C:\Users\Abdella Hamch\.m2\repository\com\netflix\netflix-commons\netflix-infix\0.3.0\netflix-infix-0.3.0.jar;C:\Users\Abdella Hamch\.m2\repository\commons-jxpath\commons-jxpath\1.3\commons-jxpath-1.3.jar;C:\Users\Abdella Hamch\.m2\repository\joda-time\joda-time\2.3\joda-time-2.3.jar;C:\Users\Abdella Hamch\.m2\repository\org\antlr\antlr-runtime\3.4\antlr-runtime-3.4.jar;C:\Users\Abdella Hamch\.m2\repository\org\antlr\stringtemplate\3.2.1\stringtemplate-3.2.1.jar;C:\Users\Abdella Hamch\.m2\repository\antlr\antlr\2.7.7\antlr-2.7.7.jar;C:\Users\Abdella Hamch\.m2\repository\com\google\code\gson\gson\2.8.6\gson-2.8.6.jar;C:\Users\Abdella Hamch\.m2\repository\org\apache\commons\commons-math\2.2\commons-math-2.2.jar;C:\Users\Abdella Hamch\.m2\repository\com\thoughtworks\xstream\xstream\1.4.14\xstream-1.4.14.jar;C:\Users\Abdella Hamch\.m2\repository\xmlpull\xmlpull\1.1.3.1\xmlpull-1.1.3.1.jar;C:\Users\Abdella Hamch\.m2\repository\xpp3\xpp3_min\1.1.4c\xpp3_min-1.1.4c.jar;C:\Users\Abdella Hamch\.m2\repository\javax\ws\rs\jsr311-api\1.1.1\jsr311-api-1.1.1.jar;C:\Users\Abdella Hamch\.m2\repository\com\netflix\servo\servo-core\0.12.21\servo-core-0.12.21.jar;C:\Users\Abdella Hamch\.m2\repository\com\google\guava\guava\19.0\guava-19.0.jar;C:\Users\Abdella Hamch\.m2\repository\commons-configuration\commons-configuration\1.10\commons-configuration-1.10.jar;C:\Users\Abdella Hamch\.m2\repository\commons-lang\commons-lang\2.6\commons-lang-2.6.jar;C:\Users\Abdella Hamch\.m2\repository\com\google\inject\guice\4.1.0\guice-4.1.0.jar;C:\Users\Abdella Hamch\.m2\repository\javax\inject\javax.inject\1\javax.inject-1.jar;C:\Users\Abdella Hamch\.m2\repository\aopalliance\aopalliance\1.0\aopalliance-1.0.jar;C:\Users\Abdella Hamch\.m2\repository\com\fasterxml\jackson\core\jackson-annotations\2.11.4\jackson-annotations-2.11.4.jar;C:\Users\Abdella Hamch\.m2\repository\com\fasterxml\jackson\core\jackson-core\2.11.4\jackson-core-2.11.4.jar;C:\Users\Abdella Hamch\.m2\repository\com\fasterxml\jackson\core\jackson-databind\2.11.4\jackson-databind-2.11.4.jar;C:\Users\Abdella Hamch\.m2\repository\org\codehaus\jettison\jettison\1.4.0\jettison-1.4.0.jar;C:\Users\Abdella Hamch\.m2\repository\com\netflix\eureka\eureka-core\1.10.11\eureka-core-1.10.11.jar;C:\Users\Abdella Hamch\.m2\repository\com\fasterxml\woodstox\woodstox-core\5.3.0\woodstox-core-5.3.0.jar;C:\Users\Abdella Hamch\.m2\repository\org\codehaus\woodstox\stax2-api\4.2\stax2-api-4.2.jar;C:\Users\Abdella Hamch\.m2\repository\org\springframework\cloud\spring-cloud-starter-loadbalancer\3.0.1\spring-cloud-starter-loadbalancer-3.0.1.jar;C:\Users\Abdella Hamch\.m2\repository\org\springframework\cloud\spring-cloud-loadbalancer\3.0.1\spring-cloud-loadbalancer-3.0.1.jar;C:\Users\Abdella Hamch\.m2\repository\io\projectreactor\addons\reactor-extra\3.4.2\reactor-extra-3.4.2.jar;C:\Users\Abdella Hamch\.m2\repository\org\springframework\boot\spring-boot-starter-cache\2.4.3\spring-boot-starter-cache-2.4.3.jar;C:\Users\Abdella Hamch\.m2\repository\org\springframework\spring-context-support\5.3.4\spring-context-support-5.3.4.jar;C:\Users\Abdella Hamch\.m2\repository\com\stoyanr\evictor\1.0.0\evictor-1.0.0.jar;C:\Users\Abdella Hamch\.m2\repository\org\springframework\cloud\spring-cloud-stream\3.1.1\spring-cloud-stream-3.1.1.jar;C:\Users\Abdella Hamch\.m2\repository\org\springframework\boot\spring-boot-starter-validation\2.4.3\spring-boot-starter-validation-2.4.3.jar;C:\Users\Abdella Hamch\.m2\repository\org\glassfish\jakarta.el\3.0.3\jakarta.el-3.0.3.jar;C:\Users\Abdella Hamch\.m2\repository\org\hibernate\validator\hibernate-validator\6.1.7.Final\hibernate-validator-6.1.7.Final.jar;C:\Users\Abdella Hamch\.m2\repository\jakarta\validation\jakarta.validation-api\2.0.2\jakarta.validation-api-2.0.2.jar;C:\Users\Abdella Hamch\.m2\repository\org\jboss\logging\jboss-logging\3.4.1.Final\jboss-logging-3.4.1.Final.jar;C:\Users\Abdella Hamch\.m2\repository\com\fasterxml\classmate\1.5.1\classmate-1.5.1.jar;C:\Users\Abdella Hamch\.m2\repository\org\springframework\spring-messaging\5.3.4\spring-messaging-5.3.4.jar;C:\Users\Abdella Hamch\.m2\repository\org\springframework\spring-beans\5.3.4\spring-beans-5.3.4.jar;C:\Users\Abdella Hamch\.m2\repository\org\springframework\integration\spring-integration-core\5.4.4\spring-integration-core-5.4.4.jar;C:\Users\Abdella Hamch\.m2\repository\org\springframework\spring-aop\5.3.4\spring-aop-5.3.4.jar;C:\Users\Abdella Hamch\.m2\repository\org\springframework\spring-context\5.3.4\spring-context-5.3.4.jar;C:\Users\Abdella Hamch\.m2\repository\org\springframework\spring-expression\5.3.4\spring-expression-5.3.4.jar;C:\Users\Abdella Hamch\.m2\repository\org\springframework\spring-tx\5.3.4\spring-tx-5.3.4.jar;C:\Users\Abdella Hamch\.m2\repository\io\projectreactor\reactor-core\3.4.3\reactor-core-3.4.3.jar;C:\Users\Abdella Hamch\.m2\repository\org\reactivestreams\reactive-streams\1.0.3\reactive-streams-1.0.3.jar;C:\Users\Abdella Hamch\.m2\repository\org\springframework\integration\spring-integration-jmx\5.4.4\spring-integration-jmx-5.4.4.jar;C:\Users\Abdella Hamch\.m2\repository\org\springframework\retry\spring-retry\1.3.1\spring-retry-1.3.1.jar;C:\Users\Abdella Hamch\.m2\repository\javax\annotation\javax.annotation-api\1.3.2\javax.annotation-api-1.3.2.jar;C:\Users\Abdella Hamch\.m2\repository\org\springframework\cloud\spring-cloud-function-context\3.1.1\spring-cloud-function-context-3.1.1.jar;C:\Users\Abdella Hamch\.m2\repository\net\jodah\typetools\0.6.2\typetools-0.6.2.jar;C:\Users\Abdella Hamch\.m2\repository\org\springframework\boot\spring-boot-autoconfigure\2.4.3\spring-boot-autoconfigure-2.4.3.jar;C:\Users\Abdella Hamch\.m2\repository\org\springframework\cloud\spring-cloud-function-core\3.1.1\spring-cloud-function-core-3.1.1.jar;C:\Users\Abdella Hamch\.m2\repository\org\springframework\cloud\spring-cloud-stream-binder-rabbit\3.1.1\spring-cloud-stream-binder-rabbit-3.1.1.jar;C:\Users\Abdella Hamch\.m2\repository\org\springframework\cloud\spring-cloud-stream-binder-rabbit-core\3.1.1\spring-cloud-stream-binder-rabbit-core-3.1.1.jar;C:\Users\Abdella Hamch\.m2\repository\org\springframework\integration\spring-integration-amqp\5.4.4\spring-integration-amqp-5.4.4.jar;C:\Users\Abdella Hamch\.m2\repository\com\rabbitmq\http-client\2.1.0.RELEASE\http-client-2.1.0.RELEASE.jar;C:\Users\Abdella Hamch\.m2\repository\org\springframework\boot\spring-boot-starter-amqp\2.4.3\spring-boot-starter-amqp-2.4.3.jar;C:\Users\Abdella Hamch\.m2\repository\org\springframework\amqp\spring-rabbit\2.3.5\spring-rabbit-2.3.5.jar;C:\Users\Abdella Hamch\.m2\repository\org\springframework\amqp\spring-amqp\2.3.5\spring-amqp-2.3.5.jar;C:\Users\Abdella Hamch\.m2\repository\com\rabbitmq\amqp-client\5.10.0\amqp-client-5.10.0.jar;C:\Users\Abdella Hamch\.m2\repository\org\apache\httpcomponents\httpclient\4.5.13\httpclient-4.5.13.jar;C:\Users\Abdella Hamch\.m2\repository\org\apache\httpcomponents\httpcore\4.4.14\httpcore-4.4.14.jar;C:\Users\Abdella Hamch\.m2\repository\commons-codec\commons-codec\1.15\commons-codec-1.15.jar;C:\Users\Abdella Hamch\.m2\repository\org\projectlombok\lombok\1.18.18\lombok-1.18.18.jar;C:\Users\Abdella Hamch\.m2\repository\org\springframework\boot\spring-boot-starter\2.4.3\spring-boot-starter-2.4.3.jar;C:\Users\Abdella Hamch\.m2\repository\org\springframework\boot\spring-boot\2.4.3\spring-boot-2.4.3.jar;C:\Users\Abdella Hamch\.m2\repository\org\springframework\boot\spring-boot-starter-logging\2.4.3\spring-boot-starter-logging-2.4.3.jar;C:\Users\Abdella Hamch\.m2\repository\ch\qos\logback\logback-classic\1.2.3\logback-classic-1.2.3.jar;C:\Users\Abdella Hamch\.m2\repository\ch\qos\logback\logback-core\1.2.3\logback-core-1.2.3.jar;C:\Users\Abdella Hamch\.m2\repository\org\apache\logging\log4j\log4j-to-slf4j\2.13.3\log4j-to-slf4j-2.13.3.jar;C:\Users\Abdella Hamch\.m2\repository\org\apache\logging\log4j\log4j-api\2.13.3\log4j-api-2.13.3.jar;C:\Users\Abdella Hamch\.m2\repository\org\slf4j\jul-to-slf4j\1.7.30\jul-to-slf4j-1.7.30.jar;C:\Users\Abdella Hamch\.m2\repository\jakarta\annotation\jakarta.annotation-api\1.3.5\jakarta.annotation-api-1.3.5.jar;C:\Users\Abdella Hamch\.m2\repository\org\yaml\snakeyaml\1.27\snakeyaml-1.27.jar;C:\Users\Abdella Hamch\.m2\repository\org\slf4j\slf4j-api\1.7.30\slf4j-api-1.7.30.jar;C:\Users\Abdella Hamch\.m2\repository\org\springframework\spring-core\5.3.4\spring-core-5.3.4.jar;C:\Users\Abdella Hamch\.m2\repository\org\springframework\spring-jcl\5.3.4\spring-jcl-5.3.4.jar;C:\Users\Abdella Hamch\.m2\repository\org\springframework\cloud\spring-cloud-starter-sleuth\3.0.1\spring-cloud-starter-sleuth-3.0.1.jar;C:\Users\Abdella Hamch\.m2\repository\org\springframework\boot\spring-boot-starter-aop\2.4.3\spring-boot-starter-aop-2.4.3.jar;C:\Users\Abdella Hamch\.m2\repository\org\aspectj\aspectjweaver\1.9.6\aspectjweaver-1.9.6.jar;C:\Users\Abdella Hamch\.m2\repository\org\springframework\cloud\spring-cloud-sleuth-autoconfigure\3.0.1\spring-cloud-sleuth-autoconfigure-3.0.1.jar;C:\Users\Abdella Hamch\.m2\repository\org\aspectj\aspectjrt\1.9.6\aspectjrt-1.9.6.jar;C:\Users\Abdella Hamch\.m2\repository\org\springframework\cloud\spring-cloud-sleuth-brave\3.0.1\spring-cloud-sleuth-brave-3.0.1.jar;C:\Users\Abdella Hamch\.m2\repository\io\zipkin\brave\brave\5.13.2\brave-5.13.2.jar;C:\Users\Abdella Hamch\.m2\repository\io\zipkin\brave\brave-context-slf4j\5.13.2\brave-context-slf4j-5.13.2.jar;C:\Users\Abdella Hamch\.m2\repository\io\zipkin\brave\brave-instrumentation-messaging\5.13.2\brave-instrumentation-messaging-5.13.2.jar;C:\Users\Abdella Hamch\.m2\repository\io\zipkin\brave\brave-instrumentation-rpc\5.13.2\brave-instrumentation-rpc-5.13.2.jar;C:\Users\Abdella Hamch\.m2\repository\io\zipkin\brave\brave-instrumentation-spring-rabbit\5.13.2\brave-instrumentation-spring-rabbit-5.13.2.jar;C:\Users\Abdella Hamch\.m2\repository\io\zipkin\brave\brave-instrumentation-kafka-clients\5.13.2\brave-instrumentation-kafka-clients-5.13.2.jar;C:\Users\Abdella Hamch\.m2\repository\io\zipkin\brave\brave-instrumentation-kafka-streams\5.13.2\brave-instrumentation-kafka-streams-5.13.2.jar;C:\Users\Abdella Hamch\.m2\repository\io\zipkin\brave\brave-instrumentation-httpclient\5.13.2\brave-instrumentation-httpclient-5.13.2.jar;C:\Users\Abdella Hamch\.m2\repository\io\zipkin\brave\brave-instrumentation-http\5.13.2\brave-instrumentation-http-5.13.2.jar;C:\Users\Abdella Hamch\.m2\repository\io\zipkin\brave\brave-instrumentation-httpasyncclient\5.13.2\brave-instrumentation-httpasyncclient-5.13.2.jar;C:\Users\Abdella Hamch\.m2\repository\io\zipkin\brave\brave-instrumentation-jms\5.13.2\brave-instrumentation-jms-5.13.2.jar;C:\Users\Abdella Hamch\.m2\repository\io\zipkin\brave\brave-instrumentation-mongodb\5.13.2\brave-instrumentation-mongodb-5.13.2.jar;C:\Users\Abdella Hamch\.m2\repository\io\zipkin\aws\brave-propagation-aws\0.21.3\brave-propagation-aws-0.21.3.jar;C:\Users\Abdella Hamch\.m2\repository\io\zipkin\reporter2\zipkin-reporter-metrics-micrometer\2.16.1\zipkin-reporter-metrics-micrometer-2.16.1.jar;C:\Users\Abdella Hamch\.m2\repository\org\springframework\cloud\spring-cloud-sleuth-zipkin\3.0.1\spring-cloud-sleuth-zipkin-3.0.1.jar;C:\Users\Abdella Hamch\.m2\repository\org\springframework\cloud\spring-cloud-sleuth-instrumentation\3.0.1\spring-cloud-sleuth-instrumentation-3.0.1.jar;C:\Users\Abdella Hamch\.m2\repository\org\springframework\cloud\spring-cloud-sleuth-api\3.0.1\spring-cloud-sleuth-api-3.0.1.jar;C:\Users\Abdella Hamch\.m2\repository\org\springframework\spring-web\5.3.4\spring-web-5.3.4.jar;C:\Users\Abdella Hamch\.m2\repository\org\springframework\cloud\spring-cloud-commons\3.0.1\spring-cloud-commons-3.0.1.jar;C:\Users\Abdella Hamch\.m2\repository\org\springframework\security\spring-security-crypto\5.4.5\spring-security-crypto-5.4.5.jar;C:\Users\Abdella Hamch\.m2\repository\io\zipkin\zipkin2\zipkin\2.23.0\zipkin-2.23.0.jar;C:\Users\Abdella Hamch\.m2\repository\io\zipkin\reporter2\zipkin-reporter\2.16.1\zipkin-reporter-2.16.1.jar;C:\Users\Abdella Hamch\.m2\repository\io\zipkin\reporter2\zipkin-reporter-brave\2.16.1\zipkin-reporter-brave-2.16.1.jar;C:\Users\Abdella Hamch\.m2\repository\io\zipkin\reporter2\zipkin-sender-kafka\2.16.1\zipkin-sender-kafka-2.16.1.jar;C:\Users\Abdella Hamch\.m2\repository\io\zipkin\reporter2\zipkin-sender-activemq-client\2.16.1\zipkin-sender-activemq-client-2.16.1.jar;C:\Users\Abdella Hamch\.m2\repository\io\zipkin\reporter2\zipkin-sender-amqp-client\2.16.1\zipkin-sender-amqp-client-2.16.1.jar
Launcher Type: SUN_STANDARD

[Global flags]
     intx CICompilerCount                          = 12                                        {product} {ergonomic}
     uint ConcGCThreads                            = 3                                         {product} {ergonomic}
     uint G1ConcRefinementThreads                  = 13                                        {product} {ergonomic}
   size_t G1HeapRegionSize                         = 1048576                                   {product} {ergonomic}
   size_t InitialHeapSize                          = 132120576                                 {product} {ergonomic}
   size_t MarkStackSize                            = 4194304                                   {product} {ergonomic}
   size_t MarkStackSizeMax                         = 536870912                                 {product} {ergonomic}
   size_t MaxHeapSize                              = 2090860544                                {product} {ergonomic}
   size_t MaxNewSize                               = 1254096896                                {product} {ergonomic}
   size_t MinHeapDeltaBytes                        = 1048576                                   {product} {ergonomic}
   size_t MinHeapSize                              = 8388608                                   {product} {ergonomic}
    uintx NonNMethodCodeHeapSize                   = 7602176                                {pd product} {ergonomic}
    uintx NonProfiledCodeHeapSize                  = 122093568                              {pd product} {ergonomic}
    uintx ProfiledCodeHeapSize                     = 121962496                              {pd product} {ergonomic}
    uintx ReservedCodeCacheSize                    = 251658240                              {pd product} {ergonomic}
     bool SegmentedCodeCache                       = true                                      {product} {ergonomic}
     bool ShowCodeDetailsInExceptionMessages       = true                                   {manageable} {command line}
   size_t SoftMaxHeapSize                          = 2090860544                             {manageable} {ergonomic}
     bool UseCompressedOops                        = true                           {product lp64_product} {ergonomic}
     bool UseG1GC                                  = true                                      {product} {ergonomic}
     bool UseLargePagesIndividualAllocation        = false                                  {pd product} {ergonomic}

Logging:
Log output configuration:
 #0: stdout all=warning uptime,level,tags foldmultilines=false
 #1: stderr all=off uptime,level,tags foldmultilines=false

Environment Variables:
JAVA_HOME=C:\Program Files\Java\jdk-23
PATH=C:/Users/Abdella Hamch/.p2/pool/plugins/org.eclipse.justj.openjdk.hotspot.jre.full.win32.x86_64_23.0.0.v20240919-1706/jre/bin/server;C:/Users/Abdella Hamch/.p2/pool/plugins/org.eclipse.justj.openjdk.hotspot.jre.full.win32.x86_64_23.0.0.v20240919-1706/jre/bin;C:\Program Files\Common Files\Oracle\Java\javapath;C:\Python312\Scripts\;C:\Python312\;C:\ProgramData\Oracle\Java\javapath;C:\Python311\Scripts\;C:\Python311\;C:\windows\system32;C:\windows;C:\windows\System32\Wbem;C:\windows\System32\WindowsPowerShell\v1.0\;C:\windows\System32\OpenSSH\;C:\Program Files (x86)\Microsoft SQL Server\160\DTS\Binn\;C:\Program Files\Azure Data Studio\bin;C:\Program Files\Git\cmd;C:\ProgramData\chocolatey\bin;C:\Program Files\Java\jdk-17\bin;C:\Program Files\PuTTY\;C:\Program Files\Microsoft SQL Server\Client SDK\ODBC\170\Tools\Binn\;C:\Program Files (x86)\Microsoft SQL Server\150\Tools\Binn\;C:\Program Files\Microsoft SQL Server\150\Tools\Binn\;C:\Program Files\Microsoft SQL Server\150\DTS\Binn\;C:\Program Files (x86)\Microsoft SQL Server\160\Tools\Binn\;C:\Program Files\Microsoft SQL Server\160\Tools\Binn\;C:\Program Files\Microsoft SQL Server\160\DTS\Binn\;C:\Program Files\Microsoft SQL Server\130\DTS\Binn\;C:\Program Files\Microsoft SQL Server\140\DTS\Binn\;C:\Program Files\nodejs\;C:\Users\Abdella Hamch\AppData\Local\Microsoft\WindowsApps;C:\Program Files\Azure Data Studio\bin;C:\Users\Abdella Hamch\AppData\Local\GitHubDesktop\bin;C:\Program Files\Java\jdk-17\bin;C:\Program Files\nodejs;C:\Users\Abdella Hamch\AppData\Roaming\npm\ng.ps1;C:\Users\Abdella Hamch\AppData\Local\JetBrains\Toolbox\scripts;C:\Users\Abdella Hamch\AppData\Roaming\npm;C:\Program Files\Java\jdk-17;C:\Program Files\Erlang OTP\bin;C:\Program Files\RabbitMQ Server\rabbitmq_server-4.0.2\sbin;;C:\windows\system32;
USERNAME=A.HAMCH
OS=Windows_NT
PROCESSOR_IDENTIFIER=Intel64 Family 6 Model 165 Stepping 5, GenuineIntel
TMP=C:\Users\ABDELL~1\AppData\Local\Temp
TEMP=C:\Users\ABDELL~1\AppData\Local\Temp




Periodic native trim disabled

---------------  S Y S T E M  ---------------

OS:
 Windows 11 , 64 bit Build 22000 (10.0.22000.1516)
OS uptime: 9 days 23:59 hours

CPU: total 16 (initial active 16) (8 cores per cpu, 2 threads per core) family 6 model 165 stepping 5 microcode 0xfa, cx8, cmov, fxsr, ht, mmx, 3dnowpref, sse, sse2, sse3, ssse3, sse4.1, sse4.2, popcnt, lzcnt, tsc, tscinvbit, avx, avx2, aes, erms, clmul, bmi1, bmi2, adx, fma, vzeroupper, clflush, clflushopt, rdtscp, f16c, pku
Processor Information for the first 16 processors :
  Max Mhz: 2904, Current Mhz: 2904, Mhz Limit: 2904

Memory: 4k page, system-wide physical 7968M (849M free)
TotalPageFile size 32544M (AvailPageFile size 134M)
current process WorkingSet (physical memory assigned to process): 49M, peak: 243M
current process commit charge ("private bytes"): 257M, peak: 289M

vm_info: OpenJDK 64-Bit Server VM (23+37) for windows-amd64 JRE (23+37), built on 2024-09-17T00:00:00Z with MS VC++ 17.7 (VS2022)

END.
